#
# There is insufficient memory for the Java Runtime Environment to continue.
# Native memory allocation (malloc) failed to allocate 1084176 bytes for Chunk::new
# Possible reasons:
#   The system is out of physical RAM or swap space
#   The process is running with CompressedOops enabled, and the Java Heap may be blocking the growth of the native heap
# Possible solutions:
#   Reduce memory load on the system
#   Increase physical memory or swap space
#   Check if swap backing store is full
#   Decrease Java heap size (-Xmx/-Xms)
#   Decrease number of Java threads
#   Decrease Java thread stack sizes (-Xss)
#   Set larger code cache with -XX:ReservedCodeCacheSize=
#   JVM is running with Unscaled Compressed Oops mode in which the Java heap is
#     placed in the first 4GB address space. The Java Heap base address is the
#     maximum limit for the native heap growth. Please use -XX:HeapBaseMinAddress
#     to set the Java Heap base and to place the Java Heap above 4GB virtual address.
# This output file may be truncated or incomplete.
#
#  Out of Memory Error (./src/hotspot/share/memory/arena.cpp:197), pid=8540, tid=16648
#
# JRE version: OpenJDK Runtime Environment (11.0.8+10) (build 11.0.8+10-b944.6842174)
# Java VM: OpenJDK 64-Bit Server VM (11.0.8+10-b944.6842174, mixed mode, tiered, compressed oops, g1 gc, windows-amd64)
# No core dump will be written. Minidumps are not enabled by default on client versions of Windows
#

---------------  S U M M A R Y ------------

Command Line: --add-opens=java.base/java.util=ALL-UNNAMED --add-opens=java.base/java.lang=ALL-UNNAMED --add-opens=java.base/java.lang.invoke=ALL-UNNAMED --add-opens=java.prefs/java.util.prefs=ALL-UNNAMED -Xmx1536m -Dfile.encoding=windows-31j -Duser.country=PH -Duser.language=en -Duser.variant org.gradle.launcher.daemon.bootstrap.GradleDaemon 5.4.1

Host: Intel(R) Core(TM) i7-10510U CPU @ 1.80GHz, 8 cores, 15G,  Windows 10 , 64 bit Build 19041 (10.0.19041.1202)
Time: Mon Oct  4 10:11:20 2021 Malay Peninsula Standard Time elapsed time: 91 seconds (0d 0h 1m 31s)

---------------  T H R E A D  ---------------

Current thread (0x00000257dfe3f800):  JavaThread "C2 CompilerThread1" daemon [_thread_in_native, id=16648, stack(0x000000f62cd00000,0x000000f62ce00000)]


Current CompileTask:
C2:  91949 6674       4       java.lang.invoke.MethodType::makeImpl (108 bytes)

Stack: [0x000000f62cd00000,0x000000f62ce00000]
Native frames: (J=compiled Java code, j=interpreted, Vv=VM code, C=native code)
V  [jvm.dll+0x5de50a]
V  [jvm.dll+0x7122f5]
V  [jvm.dll+0x71384d]
V  [jvm.dll+0x713f03]
V  [jvm.dll+0x23e728]
V  [jvm.dll+0xb899c]
V  [jvm.dll+0xb8e9c]
V  [jvm.dll+0x35020b]
V  [jvm.dll+0x193ebc]
V  [jvm.dll+0x1f780e]
V  [jvm.dll+0x1f68d4]
V  [jvm.dll+0x17f32c]
V  [jvm.dll+0x205047]
V  [jvm.dll+0x203891]
V  [jvm.dll+0x6dad3f]
V  [jvm.dll+0x6d3895]
V  [jvm.dll+0x5dd4a6]
C  [ucrtbase.dll+0x21bb2]
C  [KERNEL32.dll+0x17034]
C  [ntdll.dll+0x52651]


---------------  P R O C E S S  ---------------

Threads class SMR info:
_java_thread_list=0x00000257e3452770, length=47, elements={
0x00000257c571a800, 0x00000257def74800, 0x00000257def91800, 0x00000257deff1000,
0x00000257deff5000, 0x00000257deff9000, 0x00000257df003000, 0x00000257df036000,
0x00000257df187000, 0x00000257df1b8000, 0x00000257e0296800, 0x00000257dffa4800,
0x00000257e14e7800, 0x00000257e121f800, 0x00000257e057a800, 0x00000257e0417800,
0x00000257e069a000, 0x00000257e1213800, 0x00000257e055f800, 0x00000257e14bb800,
0x00000257e14b9000, 0x00000257e14bd000, 0x00000257e14b8800, 0x00000257e14be000,
0x00000257e14bc800, 0x00000257e0e66800, 0x00000257e0e67800, 0x00000257e0e69000,
0x00000257e0e66000, 0x00000257e0e64000, 0x00000257e0e63800, 0x00000257e0e68000,
0x00000257e0e6a000, 0x00000257e0e6a800, 0x00000257e0e65000, 0x00000257e0e6f000,
0x00000257e0e6c800, 0x00000257e0e6d000, 0x00000257dfe3f800, 0x00000257e328b000,
0x00000257e0e6b800, 0x00000257e0e70800, 0x00000257e0e71000, 0x00000257e0e72000,
0x00000257e3bd7800, 0x00000257e3bd6800, 0x00000257e3bda800
}

Java Threads: ( => current thread )
  0x00000257c571a800 JavaThread "main" [_thread_blocked, id=21428, stack(0x000000f62d000000,0x000000f62d100000)]
  0x00000257def74800 JavaThread "Reference Handler" daemon [_thread_blocked, id=4788, stack(0x000000f62d700000,0x000000f62d800000)]
  0x00000257def91800 JavaThread "Finalizer" daemon [_thread_blocked, id=11492, stack(0x000000f62d800000,0x000000f62d900000)]
  0x00000257deff1000 JavaThread "Signal Dispatcher" daemon [_thread_blocked, id=21268, stack(0x000000f62d900000,0x000000f62da00000)]
  0x00000257deff5000 JavaThread "Attach Listener" daemon [_thread_blocked, id=7064, stack(0x000000f62da00000,0x000000f62db00000)]
  0x00000257deff9000 JavaThread "C2 CompilerThread0" daemon [_thread_in_native, id=18640, stack(0x000000f62db00000,0x000000f62dc00000)]
  0x00000257df003000 JavaThread "C1 CompilerThread0" daemon [_thread_blocked, id=16740, stack(0x000000f62dc00000,0x000000f62dd00000)]
  0x00000257df036000 JavaThread "Sweeper thread" daemon [_thread_blocked, id=2508, stack(0x000000f62dd00000,0x000000f62de00000)]
  0x00000257df187000 JavaThread "Common-Cleaner" daemon [_thread_blocked, id=18388, stack(0x000000f62de00000,0x000000f62df00000)]
  0x00000257df1b8000 JavaThread "Service Thread" daemon [_thread_blocked, id=11424, stack(0x000000f62df00000,0x000000f62e000000)]
  0x00000257e0296800 JavaThread "Daemon health stats" [_thread_blocked, id=18624, stack(0x000000f62e700000,0x000000f62e800000)]
  0x00000257dffa4800 JavaThread "Incoming local TCP Connector on port 64490" [_thread_in_native, id=21752, stack(0x000000f62e100000,0x000000f62e200000)]
  0x00000257e14e7800 JavaThread "Daemon periodic checks" [_thread_blocked, id=20932, stack(0x000000f62e800000,0x000000f62e900000)]
  0x00000257e121f800 JavaThread "Daemon" [_thread_blocked, id=21688, stack(0x000000f62e900000,0x000000f62ea00000)]
  0x00000257e057a800 JavaThread "Handler for socket connection from /127.0.0.1:64490 to /127.0.0.1:64491" [_thread_in_native, id=18788, stack(0x000000f62ea00000,0x000000f62eb00000)]
  0x00000257e0417800 JavaThread "Cancel handler" [_thread_blocked, id=18684, stack(0x000000f62eb00000,0x000000f62ec00000)]
  0x00000257e069a000 JavaThread "Daemon worker" [_thread_blocked, id=14844, stack(0x000000f62ec00000,0x000000f62ed00000)]
  0x00000257e1213800 JavaThread "Asynchronous log dispatcher for DefaultDaemonConnection: socket connection from /127.0.0.1:64490 to /127.0.0.1:64491" [_thread_blocked, id=19028, stack(0x000000f62ed00000,0x000000f62ee00000)]
  0x00000257e055f800 JavaThread "Thread-8" [_thread_blocked, id=11780, stack(0x000000f62ef00000,0x000000f62f000000)]
  0x00000257e14bb800 JavaThread "Cache worker for file hash cache (C:\Users\justine\.gradle\caches\5.4.1\fileHashes)" [_thread_blocked, id=22416, stack(0x000000f62f000000,0x000000f62f100000)]
  0x00000257e14b9000 JavaThread "File lock request listener" [_thread_in_native, id=20952, stack(0x000000f62f100000,0x000000f62f200000)]
  0x00000257e14bd000 JavaThread "Cache worker for journal cache (C:\Users\justine\.gradle\caches\journal-1)" [_thread_blocked, id=22216, stack(0x000000f62f200000,0x000000f62f300000)]
  0x00000257e14b8800 JavaThread "Cache worker for file hash cache (C:\Users\justine\Desktop\IQCSYSTEM\.gradle\5.4.1\fileHashes)" [_thread_blocked, id=7876, stack(0x000000f62f800000,0x000000f62f900000)]
  0x00000257e14be000 JavaThread "Cache worker for cache directory md-supplier (C:\Users\justine\.gradle\caches\5.4.1\md-supplier)" [_thread_blocked, id=14160, stack(0x000000f62f900000,0x000000f62fa00000)]
  0x00000257e14bc800 JavaThread "Cache worker for cache directory md-rule (C:\Users\justine\.gradle\caches\5.4.1\md-rule)" [_thread_blocked, id=10376, stack(0x000000f62fa00000,0x000000f62fb00000)]
  0x00000257e0e66800 JavaThread "Cache worker for execution history cache (C:\Users\justine\.gradle\caches\5.4.1\executionHistory)" [_thread_in_native, id=15392, stack(0x000000f62fb00000,0x000000f62fc00000)]
  0x00000257e0e67800 JavaThread "Build operations" [_thread_blocked, id=20616, stack(0x000000f62f300000,0x000000f62f400000)]
  0x00000257e0e69000 JavaThread "Build operations Thread 2" [_thread_blocked, id=284, stack(0x000000f62fe00000,0x000000f62ff00000)]
  0x00000257e0e66000 JavaThread "Build operations Thread 3" [_thread_blocked, id=5540, stack(0x000000f62ff00000,0x000000f630000000)]
  0x00000257e0e64000 JavaThread "Build operations Thread 4" [_thread_blocked, id=18732, stack(0x000000f630000000,0x000000f630100000)]
  0x00000257e0e63800 JavaThread "Build operations Thread 5" [_thread_blocked, id=21328, stack(0x000000f630100000,0x000000f630200000)]
  0x00000257e0e68000 JavaThread "Build operations Thread 6" [_thread_blocked, id=6048, stack(0x000000f630200000,0x000000f630300000)]
  0x00000257e0e6a000 JavaThread "Build operations Thread 7" [_thread_blocked, id=16700, stack(0x000000f630300000,0x000000f630400000)]
  0x00000257e0e6a800 JavaThread "Build operations Thread 8" [_thread_blocked, id=9724, stack(0x000000f630400000,0x000000f630500000)]
  0x00000257e0e65000 JavaThread "Cache worker for Build Output Cleanup Cache (C:\Users\justine\Desktop\IQCSYSTEM\.gradle\buildOutputCleanup)" [_thread_blocked, id=22556, stack(0x000000f630500000,0x000000f630600000)]
  0x00000257e0e6f000 JavaThread "Memory manager" [_thread_blocked, id=23452, stack(0x000000f62ce00000,0x000000f62cf00000)]
  0x00000257e0e6c800 JavaThread "Cache worker for file content cache (C:\Users\justine\.gradle\caches\5.4.1\fileContent)" [_thread_blocked, id=23464, stack(0x000000f62cf00000,0x000000f62d000000)]
  0x00000257e0e6d000 JavaThread "Cache worker for file content cache (C:\Users\justine\Desktop\IQCSYSTEM\.gradle\5.4.1\fileContent)" [_thread_blocked, id=23468, stack(0x000000f62ee00000,0x000000f62ef00000)]
=>0x00000257dfe3f800 JavaThread "C2 CompilerThread1" daemon [_thread_in_native, id=16648, stack(0x000000f62cd00000,0x000000f62ce00000)]
  0x00000257e328b000 JavaThread "C2 CompilerThread2" daemon [_thread_in_native, id=16896, stack(0x000000f630600000,0x000000f630700000)]
  0x00000257e0e6b800 JavaThread "Execution worker for ':'" [_thread_in_Java, id=12020, stack(0x000000f630700000,0x000000f630800000)]
  0x00000257e0e70800 JavaThread "Execution worker for ':' Thread 2" [_thread_in_native, id=13872, stack(0x000000f630800000,0x000000f630900000)]
  0x00000257e0e71000 JavaThread "Execution worker for ':' Thread 3" [_thread_in_native, id=3204, stack(0x000000f630900000,0x000000f630a00000)]
  0x00000257e0e72000 JavaThread "Execution worker for ':' Thread 4" [_thread_in_native, id=16988, stack(0x000000f630a00000,0x000000f630b00000)]
  0x00000257e3bd7800 JavaThread "Execution worker for ':' Thread 5" [_thread_in_native, id=17568, stack(0x000000f630b00000,0x000000f630c00000)]
  0x00000257e3bd6800 JavaThread "Execution worker for ':' Thread 6" [_thread_blocked, id=1324, stack(0x000000f630c00000,0x000000f630d00000)]
  0x00000257e3bda800 JavaThread "Execution worker for ':' Thread 7" [_thread_in_Java, id=13592, stack(0x000000f630d00000,0x000000f630e00000)]

Other Threads:
  0x00000257def50800 VMThread "VM Thread" [stack: 0x000000f62d600000,0x000000f62d700000] [id=21580]
  0x00000257df1b8800 WatcherThread [stack: 0x000000f62e000000,0x000000f62e100000] [id=21532]
  0x00000257c5732800 GCTaskThread "GC Thread#0" [stack: 0x000000f62d100000,0x000000f62d200000] [id=2872]
  0x00000257df835000 GCTaskThread "GC Thread#1" [stack: 0x000000f62e200000,0x000000f62e300000] [id=11572]
  0x00000257dfae1000 GCTaskThread "GC Thread#2" [stack: 0x000000f62e300000,0x000000f62e400000] [id=17932]
  0x00000257dfae4000 GCTaskThread "GC Thread#3" [stack: 0x000000f62e400000,0x000000f62e500000] [id=11636]
  0x00000257dfae4800 GCTaskThread "GC Thread#4" [stack: 0x000000f62e500000,0x000000f62e600000] [id=16144]
  0x00000257dfae5800 GCTaskThread "GC Thread#5" [stack: 0x000000f62e600000,0x000000f62e700000] [id=13412]
  0x00000257df9c9000 GCTaskThread "GC Thread#6" [stack: 0x000000f62f400000,0x000000f62f500000] [id=20488]
  0x00000257e07f7000 GCTaskThread "GC Thread#7" [stack: 0x000000f62f500000,0x000000f62f600000] [id=22344]
  0x00000257c575a800 ConcurrentGCThread "G1 Main Marker" [stack: 0x000000f62d200000,0x000000f62d300000] [id=12460]
  0x00000257c575c800 ConcurrentGCThread "G1 Conc#0" [stack: 0x000000f62d300000,0x000000f62d400000] [id=4656]
  0x00000257dfaa7000 ConcurrentGCThread "G1 Conc#1" [stack: 0x000000f62f600000,0x000000f62f700000] [id=17048]
  0x00000257c57ce800 ConcurrentGCThread "G1 Refine#0" [stack: 0x000000f62d400000,0x000000f62d500000] [id=18528]
  0x00000257e07ed800 ConcurrentGCThread "G1 Refine#1" [stack: 0x000000f62f700000,0x000000f62f800000] [id=19192]
  0x00000257de5ba800 ConcurrentGCThread "G1 Young RemSet Sampling" [stack: 0x000000f62d500000,0x000000f62d600000] [id=21584]

Threads with active compile tasks:
C2 CompilerThread0  92246 7062       4       sun.security.provider.DigestBase::engineUpdate (189 bytes)
C1 CompilerThread0  92248 7096   !   3       org.gradle.internal.resources.DefaultResourceLockCoordinationService::withStateLock (264 bytes)
C2 CompilerThread1  92249 6674       4       java.lang.invoke.MethodType::makeImpl (108 bytes)
C2 CompilerThread2  92250 6457 %     4       org.gradle.internal.instantiation.AbstractClassGenerator::inspectType @ 207 (559 bytes)

VM state:not at safepoint (normal execution)

VM Mutex/Monitor currently owned by a thread: None

Heap address: 0x00000000a0000000, size: 1536 MB, Compressed Oops mode: 32-bit
Narrow klass base: 0x0000000000000000, Narrow klass shift: 3
Compressed class space size: 1073741824 Address: 0x0000000100000000

Heap:
 garbage-first heap   total 256000K, used 157193K [0x00000000a0000000, 0x0000000100000000)
  region size 1024K, 114 young (116736K), 10 survivors (10240K)
 Metaspace       used 68442K, capacity 70043K, committed 70144K, reserved 1110016K
  class space    used 8832K, capacity 9371K, committed 9472K, reserved 1048576K
Heap Regions: E=young(eden), S=young(survivor), O=old, HS=humongous(starts), HC=humongous(continues), CS=collection set, F=free, A=archive, TAMS=top-at-mark-start (previous, next)
|   0|0x00000000a0000000, 0x00000000a0100000, 0x00000000a0100000|100%| O|  |TAMS 0x00000000a0100000, 0x00000000a0000000| Untracked 
|   1|0x00000000a0100000, 0x00000000a0200000, 0x00000000a0200000|100%| O|  |TAMS 0x00000000a0200000, 0x00000000a0100000| Untracked 
|   2|0x00000000a0200000, 0x00000000a0300000, 0x00000000a0300000|100%|HS|  |TAMS 0x00000000a0300000, 0x00000000a0200000| Complete 
|   3|0x00000000a0300000, 0x00000000a0400000, 0x00000000a0400000|100%|HS|  |TAMS 0x00000000a0400000, 0x00000000a0300000| Complete 
|   4|0x00000000a0400000, 0x00000000a0500000, 0x00000000a0500000|100%|HC|  |TAMS 0x00000000a0500000, 0x00000000a0400000| Complete 
|   5|0x00000000a0500000, 0x00000000a0600000, 0x00000000a0600000|100%| O|  |TAMS 0x00000000a0600000, 0x00000000a0500000| Untracked 
|   6|0x00000000a0600000, 0x00000000a0700000, 0x00000000a0700000|100%| O|  |TAMS 0x00000000a0700000, 0x00000000a0600000| Untracked 
|   7|0x00000000a0700000, 0x00000000a0800000, 0x00000000a0800000|100%| O|  |TAMS 0x00000000a0800000, 0x00000000a0700000| Untracked 
|   8|0x00000000a0800000, 0x00000000a0900000, 0x00000000a0900000|100%| O|  |TAMS 0x00000000a0900000, 0x00000000a0800000| Untracked 
|   9|0x00000000a0900000, 0x00000000a0a00000, 0x00000000a0a00000|100%| O|  |TAMS 0x00000000a0a00000, 0x00000000a0900000| Untracked 
|  10|0x00000000a0a00000, 0x00000000a0b00000, 0x00000000a0b00000|100%| O|  |TAMS 0x00000000a0b00000, 0x00000000a0a00000| Untracked 
|  11|0x00000000a0b00000, 0x00000000a0c00000, 0x00000000a0c00000|100%| O|  |TAMS 0x00000000a0c00000, 0x00000000a0b00000| Untracked 
|  12|0x00000000a0c00000, 0x00000000a0d00000, 0x00000000a0d00000|100%| O|  |TAMS 0x00000000a0d00000, 0x00000000a0c00000| Untracked 
|  13|0x00000000a0d00000, 0x00000000a0e00000, 0x00000000a0e00000|100%| O|  |TAMS 0x00000000a0e00000, 0x00000000a0d00000| Untracked 
|  14|0x00000000a0e00000, 0x00000000a0f00000, 0x00000000a0f00000|100%| O|  |TAMS 0x00000000a0f00000, 0x00000000a0e00000| Untracked 
|  15|0x00000000a0f00000, 0x00000000a1000000, 0x00000000a1000000|100%|HS|  |TAMS 0x00000000a1000000, 0x00000000a0f00000| Complete 
|  16|0x00000000a1000000, 0x00000000a1100000, 0x00000000a1100000|100%|HC|  |TAMS 0x00000000a1100000, 0x00000000a1000000| Complete 
|  17|0x00000000a1100000, 0x00000000a1200000, 0x00000000a1200000|100%|HS|  |TAMS 0x00000000a1200000, 0x00000000a1100000| Complete 
|  18|0x00000000a1200000, 0x00000000a1300000, 0x00000000a1300000|100%|HC|  |TAMS 0x00000000a1300000, 0x00000000a1200000| Complete 
|  19|0x00000000a1300000, 0x00000000a1400000, 0x00000000a1400000|100%|HC|  |TAMS 0x00000000a1400000, 0x00000000a1300000| Complete 
|  20|0x00000000a1400000, 0x00000000a1500000, 0x00000000a1500000|100%|HS|  |TAMS 0x00000000a1500000, 0x00000000a1400000| Complete 
|  21|0x00000000a1500000, 0x00000000a1600000, 0x00000000a1600000|100%|HC|  |TAMS 0x00000000a1600000, 0x00000000a1500000| Complete 
|  22|0x00000000a1600000, 0x00000000a1700000, 0x00000000a1700000|100%|HC|  |TAMS 0x00000000a1700000, 0x00000000a1600000| Complete 
|  23|0x00000000a1700000, 0x00000000a1800000, 0x00000000a1800000|100%|HC|  |TAMS 0x00000000a1800000, 0x00000000a1700000| Complete 
|  24|0x00000000a1800000, 0x00000000a1900000, 0x00000000a1900000|100%|HS|  |TAMS 0x00000000a1900000, 0x00000000a1800000| Complete 
|  25|0x00000000a1900000, 0x00000000a1a00000, 0x00000000a1a00000|100%|HC|  |TAMS 0x00000000a1a00000, 0x00000000a1900000| Complete 
|  26|0x00000000a1a00000, 0x00000000a1b00000, 0x00000000a1b00000|100%| O|  |TAMS 0x00000000a1b00000, 0x00000000a1a00000| Untracked 
|  27|0x00000000a1b00000, 0x00000000a1c00000, 0x00000000a1c00000|100%| O|  |TAMS 0x00000000a1c00000, 0x00000000a1b00000| Untracked 
|  28|0x00000000a1c00000, 0x00000000a1d00000, 0x00000000a1d00000|100%| O|  |TAMS 0x00000000a1d00000, 0x00000000a1c00000| Untracked 
|  29|0x00000000a1d00000, 0x00000000a1e00000, 0x00000000a1e00000|100%| O|  |TAMS 0x00000000a1e00000, 0x00000000a1d00000| Untracked 
|  30|0x00000000a1e00000, 0x00000000a1f00000, 0x00000000a1f00000|100%| O|  |TAMS 0x00000000a1f00000, 0x00000000a1e00000| Untracked 
|  31|0x00000000a1f00000, 0x00000000a2000000, 0x00000000a2000000|100%| O|  |TAMS 0x00000000a2000000, 0x00000000a1f00000| Untracked 
|  32|0x00000000a2000000, 0x00000000a2100000, 0x00000000a2100000|100%| O|  |TAMS 0x00000000a2100000, 0x00000000a2000000| Untracked 
|  33|0x00000000a2100000, 0x00000000a2100000, 0x00000000a2200000|  0%| F|  |TAMS 0x00000000a2100000, 0x00000000a2100000| Untracked 
|  34|0x00000000a2200000, 0x00000000a2300000, 0x00000000a2300000|100%| O|  |TAMS 0x00000000a2300000, 0x00000000a2200000| Untracked 
|  35|0x00000000a2300000, 0x00000000a2400000, 0x00000000a2400000|100%| O|  |TAMS 0x00000000a2400000, 0x00000000a2300000| Untracked 
|  36|0x00000000a2400000, 0x00000000a2500000, 0x00000000a2500000|100%| O|  |TAMS 0x00000000a2500000, 0x00000000a2400000| Untracked 
|  37|0x00000000a2500000, 0x00000000a2600000, 0x00000000a2600000|100%| O|  |TAMS 0x00000000a2600000, 0x00000000a2500000| Untracked 
|  38|0x00000000a2600000, 0x00000000a2700000, 0x00000000a2700000|100%| O|  |TAMS 0x00000000a2700000, 0x00000000a2600000| Untracked 
|  39|0x00000000a2700000, 0x00000000a2800000, 0x00000000a2800000|100%| O|  |TAMS 0x00000000a2800000, 0x00000000a2700000| Untracked 
|  40|0x00000000a2800000, 0x00000000a2900000, 0x00000000a2900000|100%| O|  |TAMS 0x00000000a2900000, 0x00000000a2800000| Untracked 
|  41|0x00000000a2900000, 0x00000000a2a00000, 0x00000000a2a00000|100%| O|  |TAMS 0x00000000a2a00000, 0x00000000a2900000| Untracked 
|  42|0x00000000a2a00000, 0x00000000a2a00000, 0x00000000a2b00000|  0%| F|  |TAMS 0x00000000a2a00000, 0x00000000a2a00000| Untracked 
|  43|0x00000000a2b00000, 0x00000000a2b00000, 0x00000000a2c00000|  0%| F|  |TAMS 0x00000000a2b00000, 0x00000000a2b00000| Untracked 
|  44|0x00000000a2c00000, 0x00000000a2c00000, 0x00000000a2d00000|  0%| F|  |TAMS 0x00000000a2c00000, 0x00000000a2c00000| Untracked 
|  45|0x00000000a2d00000, 0x00000000a2d00000, 0x00000000a2e00000|  0%| F|  |TAMS 0x00000000a2d00000, 0x00000000a2d00000| Untracked 
|  46|0x00000000a2e00000, 0x00000000a2e00000, 0x00000000a2f00000|  0%| F|  |TAMS 0x00000000a2e00000, 0x00000000a2e00000| Untracked 
|  47|0x00000000a2f00000, 0x00000000a2f00000, 0x00000000a3000000|  0%| F|  |TAMS 0x00000000a2f00000, 0x00000000a2f00000| Untracked 
|  48|0x00000000a3000000, 0x00000000a3000000, 0x00000000a3100000|  0%| F|  |TAMS 0x00000000a3000000, 0x00000000a3000000| Untracked 
|  49|0x00000000a3100000, 0x00000000a3100000, 0x00000000a3200000|  0%| F|  |TAMS 0x00000000a3100000, 0x00000000a3100000| Untracked 
|  50|0x00000000a3200000, 0x00000000a3200000, 0x00000000a3300000|  0%| F|  |TAMS 0x00000000a3200000, 0x00000000a3200000| Untracked 
|  51|0x00000000a3300000, 0x00000000a3300000, 0x00000000a3400000|  0%| F|  |TAMS 0x00000000a3300000, 0x00000000a3300000| Untracked 
|  52|0x00000000a3400000, 0x00000000a3400000, 0x00000000a3500000|  0%| F|  |TAMS 0x00000000a3400000, 0x00000000a3400000| Untracked 
|  53|0x00000000a3500000, 0x00000000a3500000, 0x00000000a3600000|  0%| F|  |TAMS 0x00000000a3500000, 0x00000000a3500000| Untracked 
|  54|0x00000000a3600000, 0x00000000a3600000, 0x00000000a3700000|  0%| F|  |TAMS 0x00000000a3600000, 0x00000000a3600000| Untracked 
|  55|0x00000000a3700000, 0x00000000a3700000, 0x00000000a3800000|  0%| F|  |TAMS 0x00000000a3700000, 0x00000000a3700000| Untracked 
|  56|0x00000000a3800000, 0x00000000a3800000, 0x00000000a3900000|  0%| F|  |TAMS 0x00000000a3800000, 0x00000000a3800000| Untracked 
|  57|0x00000000a3900000, 0x00000000a3900000, 0x00000000a3a00000|  0%| F|  |TAMS 0x00000000a3900000, 0x00000000a3900000| Untracked 
|  58|0x00000000a3a00000, 0x00000000a3a00000, 0x00000000a3b00000|  0%| F|  |TAMS 0x00000000a3a00000, 0x00000000a3a00000| Untracked 
|  59|0x00000000a3b00000, 0x00000000a3b00000, 0x00000000a3c00000|  0%| F|  |TAMS 0x00000000a3b00000, 0x00000000a3b00000| Untracked 
|  60|0x00000000a3c00000, 0x00000000a3c00000, 0x00000000a3d00000|  0%| F|  |TAMS 0x00000000a3c00000, 0x00000000a3c00000| Untracked 
|  61|0x00000000a3d00000, 0x00000000a3d00000, 0x00000000a3e00000|  0%| F|  |TAMS 0x00000000a3d00000, 0x00000000a3d00000| Untracked 
|  62|0x00000000a3e00000, 0x00000000a3e00000, 0x00000000a3f00000|  0%| F|  |TAMS 0x00000000a3e00000, 0x00000000a3e00000| Untracked 
|  63|0x00000000a3f00000, 0x00000000a3f00000, 0x00000000a4000000|  0%| F|  |TAMS 0x00000000a3f00000, 0x00000000a3f00000| Untracked 
|  64|0x00000000a4000000, 0x00000000a4000000, 0x00000000a4100000|  0%| F|  |TAMS 0x00000000a4000000, 0x00000000a4000000| Untracked 
|  65|0x00000000a4100000, 0x00000000a4100000, 0x00000000a4200000|  0%| F|  |TAMS 0x00000000a4100000, 0x00000000a4100000| Untracked 
|  66|0x00000000a4200000, 0x00000000a4200000, 0x00000000a4300000|  0%| F|  |TAMS 0x00000000a4200000, 0x00000000a4200000| Untracked 
|  67|0x00000000a4300000, 0x00000000a4300000, 0x00000000a4400000|  0%| F|  |TAMS 0x00000000a4300000, 0x00000000a4300000| Untracked 
|  68|0x00000000a4400000, 0x00000000a4400000, 0x00000000a4500000|  0%| F|  |TAMS 0x00000000a4400000, 0x00000000a4400000| Untracked 
|  69|0x00000000a4500000, 0x00000000a4500000, 0x00000000a4600000|  0%| F|  |TAMS 0x00000000a4500000, 0x00000000a4500000| Untracked 
|  70|0x00000000a4600000, 0x00000000a4600000, 0x00000000a4700000|  0%| F|  |TAMS 0x00000000a4600000, 0x00000000a4600000| Untracked 
|  71|0x00000000a4700000, 0x00000000a4700000, 0x00000000a4800000|  0%| F|  |TAMS 0x00000000a4700000, 0x00000000a4700000| Untracked 
|  72|0x00000000a4800000, 0x00000000a4800000, 0x00000000a4900000|  0%| F|  |TAMS 0x00000000a4800000, 0x00000000a4800000| Untracked 
|  73|0x00000000a4900000, 0x00000000a4900000, 0x00000000a4a00000|  0%| F|  |TAMS 0x00000000a4900000, 0x00000000a4900000| Untracked 
|  74|0x00000000a4a00000, 0x00000000a4a00000, 0x00000000a4b00000|  0%| F|  |TAMS 0x00000000a4a00000, 0x00000000a4a00000| Untracked 
|  75|0x00000000a4b00000, 0x00000000a4b00000, 0x00000000a4c00000|  0%| F|  |TAMS 0x00000000a4b00000, 0x00000000a4b00000| Untracked 
|  76|0x00000000a4c00000, 0x00000000a4c00000, 0x00000000a4d00000|  0%| F|  |TAMS 0x00000000a4c00000, 0x00000000a4c00000| Untracked 
|  77|0x00000000a4d00000, 0x00000000a4d00000, 0x00000000a4e00000|  0%| F|  |TAMS 0x00000000a4d00000, 0x00000000a4d00000| Untracked 
|  78|0x00000000a4e00000, 0x00000000a4e00000, 0x00000000a4f00000|  0%| F|  |TAMS 0x00000000a4e00000, 0x00000000a4e00000| Untracked 
|  79|0x00000000a4f00000, 0x00000000a4f00000, 0x00000000a5000000|  0%| F|  |TAMS 0x00000000a4f00000, 0x00000000a4f00000| Untracked 
|  80|0x00000000a5000000, 0x00000000a5000000, 0x00000000a5100000|  0%| F|  |TAMS 0x00000000a5000000, 0x00000000a5000000| Untracked 
|  81|0x00000000a5100000, 0x00000000a5100000, 0x00000000a5200000|  0%| F|  |TAMS 0x00000000a5100000, 0x00000000a5100000| Untracked 
|  82|0x00000000a5200000, 0x00000000a5200000, 0x00000000a5300000|  0%| F|  |TAMS 0x00000000a5200000, 0x00000000a5200000| Untracked 
|  83|0x00000000a5300000, 0x00000000a5300000, 0x00000000a5400000|  0%| F|  |TAMS 0x00000000a5300000, 0x00000000a5300000| Untracked 
|  84|0x00000000a5400000, 0x00000000a5400000, 0x00000000a5500000|  0%| F|  |TAMS 0x00000000a5400000, 0x00000000a5400000| Untracked 
|  85|0x00000000a5500000, 0x00000000a5500000, 0x00000000a5600000|  0%| F|  |TAMS 0x00000000a5500000, 0x00000000a5500000| Untracked 
|  86|0x00000000a5600000, 0x00000000a5600000, 0x00000000a5700000|  0%| F|  |TAMS 0x00000000a5600000, 0x00000000a5600000| Untracked 
|  87|0x00000000a5700000, 0x00000000a5700000, 0x00000000a5800000|  0%| F|  |TAMS 0x00000000a5700000, 0x00000000a5700000| Untracked 
|  88|0x00000000a5800000, 0x00000000a5800000, 0x00000000a5900000|  0%| F|  |TAMS 0x00000000a5800000, 0x00000000a5800000| Untracked 
|  89|0x00000000a5900000, 0x00000000a5900000, 0x00000000a5a00000|  0%| F|  |TAMS 0x00000000a5900000, 0x00000000a5900000| Untracked 
|  90|0x00000000a5a00000, 0x00000000a5a00000, 0x00000000a5b00000|  0%| F|  |TAMS 0x00000000a5a00000, 0x00000000a5a00000| Untracked 
|  91|0x00000000a5b00000, 0x00000000a5b00000, 0x00000000a5c00000|  0%| F|  |TAMS 0x00000000a5b00000, 0x00000000a5b00000| Untracked 
|  92|0x00000000a5c00000, 0x00000000a5c00000, 0x00000000a5d00000|  0%| F|  |TAMS 0x00000000a5c00000, 0x00000000a5c00000| Untracked 
|  93|0x00000000a5d00000, 0x00000000a5d00000, 0x00000000a5e00000|  0%| F|  |TAMS 0x00000000a5d00000, 0x00000000a5d00000| Untracked 
|  94|0x00000000a5e00000, 0x00000000a5e00000, 0x00000000a5f00000|  0%| F|  |TAMS 0x00000000a5e00000, 0x00000000a5e00000| Untracked 
|  95|0x00000000a5f00000, 0x00000000a5f00000, 0x00000000a6000000|  0%| F|  |TAMS 0x00000000a5f00000, 0x00000000a5f00000| Untracked 
|  96|0x00000000a6000000, 0x00000000a6000000, 0x00000000a6100000|  0%| F|  |TAMS 0x00000000a6000000, 0x00000000a6000000| Untracked 
|  97|0x00000000a6100000, 0x00000000a6100000, 0x00000000a6200000|  0%| F|  |TAMS 0x00000000a6100000, 0x00000000a6100000| Untracked 
|  98|0x00000000a6200000, 0x00000000a6200000, 0x00000000a6300000|  0%| F|  |TAMS 0x00000000a6200000, 0x00000000a6200000| Untracked 
|  99|0x00000000a6300000, 0x00000000a6300000, 0x00000000a6400000|  0%| F|  |TAMS 0x00000000a6300000, 0x00000000a6300000| Untracked 
| 100|0x00000000a6400000, 0x00000000a6400000, 0x00000000a6500000|  0%| F|  |TAMS 0x00000000a6400000, 0x00000000a6400000| Untracked 
| 101|0x00000000a6500000, 0x00000000a6500000, 0x00000000a6600000|  0%| F|  |TAMS 0x00000000a6500000, 0x00000000a6500000| Untracked 
| 102|0x00000000a6600000, 0x00000000a6600000, 0x00000000a6700000|  0%| F|  |TAMS 0x00000000a6600000, 0x00000000a6600000| Untracked 
| 103|0x00000000a6700000, 0x00000000a6700000, 0x00000000a6800000|  0%| F|  |TAMS 0x00000000a6700000, 0x00000000a6700000| Untracked 
| 104|0x00000000a6800000, 0x00000000a6800000, 0x00000000a6900000|  0%| F|  |TAMS 0x00000000a6800000, 0x00000000a6800000| Untracked 
| 105|0x00000000a6900000, 0x00000000a6900000, 0x00000000a6a00000|  0%| F|  |TAMS 0x00000000a6900000, 0x00000000a6900000| Untracked 
| 106|0x00000000a6a00000, 0x00000000a6a00000, 0x00000000a6b00000|  0%| F|  |TAMS 0x00000000a6a00000, 0x00000000a6a00000| Untracked 
| 107|0x00000000a6b00000, 0x00000000a6b00000, 0x00000000a6c00000|  0%| F|  |TAMS 0x00000000a6b00000, 0x00000000a6b00000| Untracked 
| 108|0x00000000a6c00000, 0x00000000a6c00000, 0x00000000a6d00000|  0%| F|  |TAMS 0x00000000a6c00000, 0x00000000a6c00000| Untracked 
| 109|0x00000000a6d00000, 0x00000000a6d00000, 0x00000000a6e00000|  0%| F|  |TAMS 0x00000000a6d00000, 0x00000000a6d00000| Untracked 
| 110|0x00000000a6e00000, 0x00000000a6e00000, 0x00000000a6f00000|  0%| F|  |TAMS 0x00000000a6e00000, 0x00000000a6e00000| Untracked 
| 111|0x00000000a6f00000, 0x00000000a6f00000, 0x00000000a7000000|  0%| F|  |TAMS 0x00000000a6f00000, 0x00000000a6f00000| Untracked 
| 112|0x00000000a7000000, 0x00000000a7000000, 0x00000000a7100000|  0%| F|  |TAMS 0x00000000a7000000, 0x00000000a7000000| Untracked 
| 113|0x00000000a7100000, 0x00000000a7100000, 0x00000000a7200000|  0%| F|  |TAMS 0x00000000a7100000, 0x00000000a7100000| Untracked 
| 114|0x00000000a7200000, 0x00000000a7200000, 0x00000000a7300000|  0%| F|  |TAMS 0x00000000a7200000, 0x00000000a7200000| Untracked 
| 115|0x00000000a7300000, 0x00000000a7300000, 0x00000000a7400000|  0%| F|  |TAMS 0x00000000a7300000, 0x00000000a7300000| Untracked 
| 116|0x00000000a7400000, 0x00000000a7400000, 0x00000000a7500000|  0%| F|  |TAMS 0x00000000a7400000, 0x00000000a7400000| Untracked 
| 117|0x00000000a7500000, 0x00000000a7500000, 0x00000000a7600000|  0%| F|  |TAMS 0x00000000a7500000, 0x00000000a7500000| Untracked 
| 118|0x00000000a7600000, 0x00000000a7600000, 0x00000000a7700000|  0%| F|  |TAMS 0x00000000a7600000, 0x00000000a7600000| Untracked 
| 119|0x00000000a7700000, 0x00000000a7700000, 0x00000000a7800000|  0%| F|  |TAMS 0x00000000a7700000, 0x00000000a7700000| Untracked 
| 120|0x00000000a7800000, 0x00000000a7800000, 0x00000000a7900000|  0%| F|  |TAMS 0x00000000a7800000, 0x00000000a7800000| Untracked 
| 121|0x00000000a7900000, 0x00000000a7900000, 0x00000000a7a00000|  0%| F|  |TAMS 0x00000000a7900000, 0x00000000a7900000| Untracked 
| 122|0x00000000a7a00000, 0x00000000a7a00000, 0x00000000a7b00000|  0%| F|  |TAMS 0x00000000a7a00000, 0x00000000a7a00000| Untracked 
| 123|0x00000000a7b00000, 0x00000000a7b00000, 0x00000000a7c00000|  0%| F|  |TAMS 0x00000000a7b00000, 0x00000000a7b00000| Untracked 
| 124|0x00000000a7c00000, 0x00000000a7c00000, 0x00000000a7d00000|  0%| F|  |TAMS 0x00000000a7c00000, 0x00000000a7c00000| Untracked 
| 125|0x00000000a7d00000, 0x00000000a7d00000, 0x00000000a7e00000|  0%| F|  |TAMS 0x00000000a7d00000, 0x00000000a7d00000| Untracked 
| 126|0x00000000a7e00000, 0x00000000a7e00000, 0x00000000a7f00000|  0%| F|  |TAMS 0x00000000a7e00000, 0x00000000a7e00000| Untracked 
| 127|0x00000000a7f00000, 0x00000000a7f00000, 0x00000000a8000000|  0%| F|  |TAMS 0x00000000a7f00000, 0x00000000a7f00000| Untracked 
| 128|0x00000000a8000000, 0x00000000a8000000, 0x00000000a8100000|  0%| F|  |TAMS 0x00000000a8000000, 0x00000000a8000000| Untracked 
| 129|0x00000000a8100000, 0x00000000a8100000, 0x00000000a8200000|  0%| F|  |TAMS 0x00000000a8100000, 0x00000000a8100000| Untracked 
| 130|0x00000000a8200000, 0x00000000a8200000, 0x00000000a8300000|  0%| F|  |TAMS 0x00000000a8200000, 0x00000000a8200000| Untracked 
| 131|0x00000000a8300000, 0x00000000a8300000, 0x00000000a8400000|  0%| F|  |TAMS 0x00000000a8300000, 0x00000000a8300000| Untracked 
| 132|0x00000000a8400000, 0x00000000a8400000, 0x00000000a8500000|  0%| F|  |TAMS 0x00000000a8400000, 0x00000000a8400000| Untracked 
| 133|0x00000000a8500000, 0x00000000a8500000, 0x00000000a8600000|  0%| F|  |TAMS 0x00000000a8500000, 0x00000000a8500000| Untracked 
| 134|0x00000000a8600000, 0x00000000a8600000, 0x00000000a8700000|  0%| F|  |TAMS 0x00000000a8600000, 0x00000000a8600000| Untracked 
| 135|0x00000000a8700000, 0x00000000a87209e8, 0x00000000a8800000| 12%| E|  |TAMS 0x00000000a8700000, 0x00000000a8700000| Complete 
| 136|0x00000000a8800000, 0x00000000a8900000, 0x00000000a8900000|100%| E|CS|TAMS 0x00000000a8800000, 0x00000000a8800000| Complete 
| 137|0x00000000a8900000, 0x00000000a8a00000, 0x00000000a8a00000|100%| E|CS|TAMS 0x00000000a8900000, 0x00000000a8900000| Complete 
| 138|0x00000000a8a00000, 0x00000000a8b00000, 0x00000000a8b00000|100%| E|CS|TAMS 0x00000000a8a00000, 0x00000000a8a00000| Complete 
| 139|0x00000000a8b00000, 0x00000000a8c00000, 0x00000000a8c00000|100%| E|CS|TAMS 0x00000000a8b00000, 0x00000000a8b00000| Complete 
| 140|0x00000000a8c00000, 0x00000000a8d00000, 0x00000000a8d00000|100%| E|CS|TAMS 0x00000000a8c00000, 0x00000000a8c00000| Complete 
| 141|0x00000000a8d00000, 0x00000000a8e00000, 0x00000000a8e00000|100%| E|CS|TAMS 0x00000000a8d00000, 0x00000000a8d00000| Complete 
| 142|0x00000000a8e00000, 0x00000000a8f00000, 0x00000000a8f00000|100%| E|CS|TAMS 0x00000000a8e00000, 0x00000000a8e00000| Complete 
| 143|0x00000000a8f00000, 0x00000000a9000000, 0x00000000a9000000|100%| E|CS|TAMS 0x00000000a8f00000, 0x00000000a8f00000| Complete 
| 144|0x00000000a9000000, 0x00000000a9100000, 0x00000000a9100000|100%| E|CS|TAMS 0x00000000a9000000, 0x00000000a9000000| Complete 
| 145|0x00000000a9100000, 0x00000000a9200000, 0x00000000a9200000|100%| E|CS|TAMS 0x00000000a9100000, 0x00000000a9100000| Complete 
| 146|0x00000000a9200000, 0x00000000a9300000, 0x00000000a9300000|100%| E|CS|TAMS 0x00000000a9200000, 0x00000000a9200000| Complete 
| 147|0x00000000a9300000, 0x00000000a9400000, 0x00000000a9400000|100%| E|CS|TAMS 0x00000000a9300000, 0x00000000a9300000| Complete 
| 148|0x00000000a9400000, 0x00000000a9500000, 0x00000000a9500000|100%| E|CS|TAMS 0x00000000a9400000, 0x00000000a9400000| Complete 
| 149|0x00000000a9500000, 0x00000000a9600000, 0x00000000a9600000|100%| E|CS|TAMS 0x00000000a9500000, 0x00000000a9500000| Complete 
| 150|0x00000000a9600000, 0x00000000a9700000, 0x00000000a9700000|100%| E|CS|TAMS 0x00000000a9600000, 0x00000000a9600000| Complete 
| 151|0x00000000a9700000, 0x00000000a9800000, 0x00000000a9800000|100%| E|CS|TAMS 0x00000000a9700000, 0x00000000a9700000| Complete 
| 152|0x00000000a9800000, 0x00000000a9900000, 0x00000000a9900000|100%| E|CS|TAMS 0x00000000a9800000, 0x00000000a9800000| Complete 
| 153|0x00000000a9900000, 0x00000000a9a00000, 0x00000000a9a00000|100%| E|CS|TAMS 0x00000000a9900000, 0x00000000a9900000| Complete 
| 154|0x00000000a9a00000, 0x00000000a9b00000, 0x00000000a9b00000|100%| E|CS|TAMS 0x00000000a9a00000, 0x00000000a9a00000| Complete 
| 155|0x00000000a9b00000, 0x00000000a9c00000, 0x00000000a9c00000|100%| E|CS|TAMS 0x00000000a9b00000, 0x00000000a9b00000| Complete 
| 156|0x00000000a9c00000, 0x00000000a9d00000, 0x00000000a9d00000|100%| E|CS|TAMS 0x00000000a9c00000, 0x00000000a9c00000| Complete 
| 157|0x00000000a9d00000, 0x00000000a9e00000, 0x00000000a9e00000|100%| E|CS|TAMS 0x00000000a9d00000, 0x00000000a9d00000| Complete 
| 158|0x00000000a9e00000, 0x00000000a9f00000, 0x00000000a9f00000|100%| E|CS|TAMS 0x00000000a9e00000, 0x00000000a9e00000| Complete 
| 159|0x00000000a9f00000, 0x00000000aa000000, 0x00000000aa000000|100%| E|CS|TAMS 0x00000000a9f00000, 0x00000000a9f00000| Complete 
| 160|0x00000000aa000000, 0x00000000aa100000, 0x00000000aa100000|100%| E|CS|TAMS 0x00000000aa000000, 0x00000000aa000000| Complete 
| 161|0x00000000aa100000, 0x00000000aa200000, 0x00000000aa200000|100%| E|CS|TAMS 0x00000000aa100000, 0x00000000aa100000| Complete 
| 162|0x00000000aa200000, 0x00000000aa300000, 0x00000000aa300000|100%| E|CS|TAMS 0x00000000aa200000, 0x00000000aa200000| Complete 
| 163|0x00000000aa300000, 0x00000000aa400000, 0x00000000aa400000|100%| E|CS|TAMS 0x00000000aa300000, 0x00000000aa300000| Complete 
| 164|0x00000000aa400000, 0x00000000aa500000, 0x00000000aa500000|100%| E|CS|TAMS 0x00000000aa400000, 0x00000000aa400000| Complete 
| 165|0x00000000aa500000, 0x00000000aa600000, 0x00000000aa600000|100%| E|CS|TAMS 0x00000000aa500000, 0x00000000aa500000| Complete 
| 166|0x00000000aa600000, 0x00000000aa700000, 0x00000000aa700000|100%| E|CS|TAMS 0x00000000aa600000, 0x00000000aa600000| Complete 
| 167|0x00000000aa700000, 0x00000000aa800000, 0x00000000aa800000|100%| E|CS|TAMS 0x00000000aa700000, 0x00000000aa700000| Complete 
| 168|0x00000000aa800000, 0x00000000aa900000, 0x00000000aa900000|100%| E|CS|TAMS 0x00000000aa800000, 0x00000000aa800000| Complete 
| 169|0x00000000aa900000, 0x00000000aaa00000, 0x00000000aaa00000|100%| E|CS|TAMS 0x00000000aa900000, 0x00000000aa900000| Complete 
| 170|0x00000000aaa00000, 0x00000000aab00000, 0x00000000aab00000|100%| E|CS|TAMS 0x00000000aaa00000, 0x00000000aaa00000| Complete 
| 171|0x00000000aab00000, 0x00000000aac00000, 0x00000000aac00000|100%| E|CS|TAMS 0x00000000aab00000, 0x00000000aab00000| Complete 
| 172|0x00000000aac00000, 0x00000000aad00000, 0x00000000aad00000|100%| E|CS|TAMS 0x00000000aac00000, 0x00000000aac00000| Complete 
| 173|0x00000000aad00000, 0x00000000aae00000, 0x00000000aae00000|100%| E|CS|TAMS 0x00000000aad00000, 0x00000000aad00000| Complete 
| 174|0x00000000aae00000, 0x00000000aaf00000, 0x00000000aaf00000|100%| E|CS|TAMS 0x00000000aae00000, 0x00000000aae00000| Complete 
| 175|0x00000000aaf00000, 0x00000000ab000000, 0x00000000ab000000|100%| E|CS|TAMS 0x00000000aaf00000, 0x00000000aaf00000| Complete 
| 176|0x00000000ab000000, 0x00000000ab100000, 0x00000000ab100000|100%| E|CS|TAMS 0x00000000ab000000, 0x00000000ab000000| Complete 
| 177|0x00000000ab100000, 0x00000000ab200000, 0x00000000ab200000|100%| E|CS|TAMS 0x00000000ab100000, 0x00000000ab100000| Complete 
| 178|0x00000000ab200000, 0x00000000ab300000, 0x00000000ab300000|100%| E|CS|TAMS 0x00000000ab200000, 0x00000000ab200000| Complete 
| 179|0x00000000ab300000, 0x00000000ab400000, 0x00000000ab400000|100%| E|CS|TAMS 0x00000000ab300000, 0x00000000ab300000| Complete 
| 180|0x00000000ab400000, 0x00000000ab500000, 0x00000000ab500000|100%| E|CS|TAMS 0x00000000ab400000, 0x00000000ab400000| Complete 
| 181|0x00000000ab500000, 0x00000000ab600000, 0x00000000ab600000|100%| E|CS|TAMS 0x00000000ab500000, 0x00000000ab500000| Complete 
| 182|0x00000000ab600000, 0x00000000ab700000, 0x00000000ab700000|100%| E|CS|TAMS 0x00000000ab600000, 0x00000000ab600000| Complete 
| 183|0x00000000ab700000, 0x00000000ab800000, 0x00000000ab800000|100%| E|CS|TAMS 0x00000000ab700000, 0x00000000ab700000| Complete 
| 184|0x00000000ab800000, 0x00000000ab900000, 0x00000000ab900000|100%| E|CS|TAMS 0x00000000ab800000, 0x00000000ab800000| Complete 
| 185|0x00000000ab900000, 0x00000000aba00000, 0x00000000aba00000|100%| E|CS|TAMS 0x00000000ab900000, 0x00000000ab900000| Complete 
| 186|0x00000000aba00000, 0x00000000abb00000, 0x00000000abb00000|100%| E|CS|TAMS 0x00000000aba00000, 0x00000000aba00000| Complete 
| 187|0x00000000abb00000, 0x00000000abc00000, 0x00000000abc00000|100%| E|CS|TAMS 0x00000000abb00000, 0x00000000abb00000| Complete 
| 188|0x00000000abc00000, 0x00000000abd00000, 0x00000000abd00000|100%| E|CS|TAMS 0x00000000abc00000, 0x00000000abc00000| Complete 
| 189|0x00000000abd00000, 0x00000000abe00000, 0x00000000abe00000|100%| E|CS|TAMS 0x00000000abd00000, 0x00000000abd00000| Complete 
| 190|0x00000000abe00000, 0x00000000abf00000, 0x00000000abf00000|100%| E|CS|TAMS 0x00000000abe00000, 0x00000000abe00000| Complete 
| 191|0x00000000abf00000, 0x00000000ac000000, 0x00000000ac000000|100%| E|CS|TAMS 0x00000000abf00000, 0x00000000abf00000| Complete 
| 192|0x00000000ac000000, 0x00000000ac100000, 0x00000000ac100000|100%| E|CS|TAMS 0x00000000ac000000, 0x00000000ac000000| Complete 
| 193|0x00000000ac100000, 0x00000000ac200000, 0x00000000ac200000|100%| E|CS|TAMS 0x00000000ac100000, 0x00000000ac100000| Complete 
| 194|0x00000000ac200000, 0x00000000ac300000, 0x00000000ac300000|100%| E|CS|TAMS 0x00000000ac200000, 0x00000000ac200000| Complete 
| 195|0x00000000ac300000, 0x00000000ac400000, 0x00000000ac400000|100%| E|CS|TAMS 0x00000000ac300000, 0x00000000ac300000| Complete 
| 196|0x00000000ac400000, 0x00000000ac500000, 0x00000000ac500000|100%| E|CS|TAMS 0x00000000ac400000, 0x00000000ac400000| Complete 
| 197|0x00000000ac500000, 0x00000000ac600000, 0x00000000ac600000|100%| E|CS|TAMS 0x00000000ac500000, 0x00000000ac500000| Complete 
| 198|0x00000000ac600000, 0x00000000ac700000, 0x00000000ac700000|100%| E|CS|TAMS 0x00000000ac600000, 0x00000000ac600000| Complete 
| 199|0x00000000ac700000, 0x00000000ac800000, 0x00000000ac800000|100%| E|CS|TAMS 0x00000000ac700000, 0x00000000ac700000| Complete 
| 200|0x00000000ac800000, 0x00000000ac900000, 0x00000000ac900000|100%| E|CS|TAMS 0x00000000ac800000, 0x00000000ac800000| Complete 
| 201|0x00000000ac900000, 0x00000000aca00000, 0x00000000aca00000|100%| E|CS|TAMS 0x00000000ac900000, 0x00000000ac900000| Complete 
| 202|0x00000000aca00000, 0x00000000acb00000, 0x00000000acb00000|100%| E|CS|TAMS 0x00000000aca00000, 0x00000000aca00000| Complete 
| 203|0x00000000acb00000, 0x00000000acc00000, 0x00000000acc00000|100%| E|CS|TAMS 0x00000000acb00000, 0x00000000acb00000| Complete 
| 204|0x00000000acc00000, 0x00000000acd00000, 0x00000000acd00000|100%| E|CS|TAMS 0x00000000acc00000, 0x00000000acc00000| Complete 
| 205|0x00000000acd00000, 0x00000000ace00000, 0x00000000ace00000|100%| E|CS|TAMS 0x00000000acd00000, 0x00000000acd00000| Complete 
| 206|0x00000000ace00000, 0x00000000acf00000, 0x00000000acf00000|100%| E|CS|TAMS 0x00000000ace00000, 0x00000000ace00000| Complete 
| 207|0x00000000acf00000, 0x00000000ad000000, 0x00000000ad000000|100%| E|CS|TAMS 0x00000000acf00000, 0x00000000acf00000| Complete 
| 208|0x00000000ad000000, 0x00000000ad100000, 0x00000000ad100000|100%| E|CS|TAMS 0x00000000ad000000, 0x00000000ad000000| Complete 
| 209|0x00000000ad100000, 0x00000000ad200000, 0x00000000ad200000|100%| E|CS|TAMS 0x00000000ad100000, 0x00000000ad100000| Complete 
| 210|0x00000000ad200000, 0x00000000ad300000, 0x00000000ad300000|100%| E|CS|TAMS 0x00000000ad200000, 0x00000000ad200000| Complete 
| 211|0x00000000ad300000, 0x00000000ad400000, 0x00000000ad400000|100%| E|CS|TAMS 0x00000000ad300000, 0x00000000ad300000| Complete 
| 212|0x00000000ad400000, 0x00000000ad482578, 0x00000000ad500000| 50%| S|CS|TAMS 0x00000000ad400000, 0x00000000ad400000| Complete 
| 213|0x00000000ad500000, 0x00000000ad600000, 0x00000000ad600000|100%| S|CS|TAMS 0x00000000ad500000, 0x00000000ad500000| Complete 
| 214|0x00000000ad600000, 0x00000000ad700000, 0x00000000ad700000|100%| S|CS|TAMS 0x00000000ad600000, 0x00000000ad600000| Complete 
| 215|0x00000000ad700000, 0x00000000ad800000, 0x00000000ad800000|100%| S|CS|TAMS 0x00000000ad700000, 0x00000000ad700000| Complete 
| 216|0x00000000ad800000, 0x00000000ad900000, 0x00000000ad900000|100%| S|CS|TAMS 0x00000000ad800000, 0x00000000ad800000| Complete 
| 217|0x00000000ad900000, 0x00000000ada00000, 0x00000000ada00000|100%| S|CS|TAMS 0x00000000ad900000, 0x00000000ad900000| Complete 
| 218|0x00000000ada00000, 0x00000000adb00000, 0x00000000adb00000|100%| S|CS|TAMS 0x00000000ada00000, 0x00000000ada00000| Complete 
| 219|0x00000000adb00000, 0x00000000adc00000, 0x00000000adc00000|100%| S|CS|TAMS 0x00000000adb00000, 0x00000000adb00000| Complete 
| 220|0x00000000adc00000, 0x00000000add00000, 0x00000000add00000|100%| S|CS|TAMS 0x00000000adc00000, 0x00000000adc00000| Complete 
| 221|0x00000000add00000, 0x00000000ade00000, 0x00000000ade00000|100%| S|CS|TAMS 0x00000000add00000, 0x00000000add00000| Complete 
| 222|0x00000000ade00000, 0x00000000adf00000, 0x00000000adf00000|100%| E|CS|TAMS 0x00000000ade00000, 0x00000000ade00000| Complete 
| 223|0x00000000adf00000, 0x00000000ae000000, 0x00000000ae000000|100%| E|CS|TAMS 0x00000000adf00000, 0x00000000adf00000| Complete 
| 224|0x00000000ae000000, 0x00000000ae100000, 0x00000000ae100000|100%| E|CS|TAMS 0x00000000ae000000, 0x00000000ae000000| Complete 
| 225|0x00000000ae100000, 0x00000000ae200000, 0x00000000ae200000|100%| E|CS|TAMS 0x00000000ae100000, 0x00000000ae100000| Complete 
| 226|0x00000000ae200000, 0x00000000ae300000, 0x00000000ae300000|100%| E|CS|TAMS 0x00000000ae200000, 0x00000000ae200000| Complete 
| 227|0x00000000ae300000, 0x00000000ae400000, 0x00000000ae400000|100%| E|CS|TAMS 0x00000000ae300000, 0x00000000ae300000| Complete 
| 228|0x00000000ae400000, 0x00000000ae500000, 0x00000000ae500000|100%| E|CS|TAMS 0x00000000ae400000, 0x00000000ae400000| Complete 
| 229|0x00000000ae500000, 0x00000000ae600000, 0x00000000ae600000|100%| E|CS|TAMS 0x00000000ae500000, 0x00000000ae500000| Complete 
| 230|0x00000000ae600000, 0x00000000ae700000, 0x00000000ae700000|100%| E|CS|TAMS 0x00000000ae600000, 0x00000000ae600000| Complete 
| 231|0x00000000ae700000, 0x00000000ae800000, 0x00000000ae800000|100%| E|CS|TAMS 0x00000000ae700000, 0x00000000ae700000| Complete 
| 232|0x00000000ae800000, 0x00000000ae900000, 0x00000000ae900000|100%| E|CS|TAMS 0x00000000ae800000, 0x00000000ae800000| Complete 
| 233|0x00000000ae900000, 0x00000000aea00000, 0x00000000aea00000|100%| E|CS|TAMS 0x00000000ae900000, 0x00000000ae900000| Complete 
| 234|0x00000000aea00000, 0x00000000aeb00000, 0x00000000aeb00000|100%| E|CS|TAMS 0x00000000aea00000, 0x00000000aea00000| Complete 
| 235|0x00000000aeb00000, 0x00000000aec00000, 0x00000000aec00000|100%| E|CS|TAMS 0x00000000aeb00000, 0x00000000aeb00000| Complete 
| 236|0x00000000aec00000, 0x00000000aed00000, 0x00000000aed00000|100%| E|CS|TAMS 0x00000000aec00000, 0x00000000aec00000| Complete 
| 237|0x00000000aed00000, 0x00000000aee00000, 0x00000000aee00000|100%| E|CS|TAMS 0x00000000aed00000, 0x00000000aed00000| Complete 
| 238|0x00000000aee00000, 0x00000000aef00000, 0x00000000aef00000|100%| E|CS|TAMS 0x00000000aee00000, 0x00000000aee00000| Complete 
| 239|0x00000000aef00000, 0x00000000af000000, 0x00000000af000000|100%| E|CS|TAMS 0x00000000aef00000, 0x00000000aef00000| Complete 
| 240|0x00000000af000000, 0x00000000af100000, 0x00000000af100000|100%| E|CS|TAMS 0x00000000af000000, 0x00000000af000000| Complete 
| 241|0x00000000af100000, 0x00000000af200000, 0x00000000af200000|100%| E|CS|TAMS 0x00000000af100000, 0x00000000af100000| Complete 
| 242|0x00000000af200000, 0x00000000af300000, 0x00000000af300000|100%| E|CS|TAMS 0x00000000af200000, 0x00000000af200000| Complete 
| 243|0x00000000af300000, 0x00000000af400000, 0x00000000af400000|100%| E|CS|TAMS 0x00000000af300000, 0x00000000af300000| Complete 
| 244|0x00000000af400000, 0x00000000af500000, 0x00000000af500000|100%| E|CS|TAMS 0x00000000af400000, 0x00000000af400000| Complete 
| 245|0x00000000af500000, 0x00000000af600000, 0x00000000af600000|100%| E|CS|TAMS 0x00000000af500000, 0x00000000af500000| Complete 
| 246|0x00000000af600000, 0x00000000af700000, 0x00000000af700000|100%| E|CS|TAMS 0x00000000af600000, 0x00000000af600000| Complete 
| 247|0x00000000af700000, 0x00000000af800000, 0x00000000af800000|100%| E|CS|TAMS 0x00000000af700000, 0x00000000af700000| Complete 
| 248|0x00000000af800000, 0x00000000af900000, 0x00000000af900000|100%| E|CS|TAMS 0x00000000af800000, 0x00000000af800000| Complete 
| 249|0x00000000af900000, 0x00000000afa00000, 0x00000000afa00000|100%| E|CS|TAMS 0x00000000af900000, 0x00000000af900000| Complete 

Card table byte_map: [0x00000257d86a0000,0x00000257d89a0000] _byte_map_base: 0x00000257d81a0000

Marking Bits (Prev, Next): (CMBitMap*) 0x00000257c5753a50, (CMBitMap*) 0x00000257c5753a18
 Prev Bits: [0x00000257da4a0000, 0x00000257dbca0000)
 Next Bits: [0x00000257d8ca0000, 0x00000257da4a0000)

Polling page: 0x00000257c3630000

Metaspace:

Usage:
  Non-class:     59.25 MB capacity,    58.24 MB ( 98%) used,   889.36 KB (  1%) free+waste,   144.19 KB ( <1%) overhead. 
      Class:      9.15 MB capacity,     8.63 MB ( 94%) used,   472.23 KB (  5%) free+waste,    66.63 KB ( <1%) overhead. 
       Both:     68.40 MB capacity,    66.87 MB ( 98%) used,     1.33 MB (  2%) free+waste,   210.81 KB ( <1%) overhead. 

Virtual space:
  Non-class space:       60.00 MB reserved,      59.25 MB ( 99%) committed 
      Class space:        1.00 GB reserved,       9.25 MB ( <1%) committed 
             Both:        1.06 GB reserved,      68.50 MB (  6%) committed 

Chunk freelists:
   Non-Class:  0 bytes
       Class:  5.00 KB
        Both:  5.00 KB

MaxMetaspaceSize: 17179869184.00 GB
CompressedClassSpaceSize: 1.00 GB

CodeHeap 'non-profiled nmethods': size=120000Kb used=3814Kb max_used=3814Kb free=116185Kb
 bounds [0x00000257d0b40000, 0x00000257d0f00000, 0x00000257d8070000]
CodeHeap 'profiled nmethods': size=120000Kb used=14613Kb max_used=14613Kb free=105387Kb
 bounds [0x00000257c9610000, 0x00000257ca460000, 0x00000257d0b40000]
CodeHeap 'non-nmethods': size=5760Kb used=2248Kb max_used=2291Kb free=3511Kb
 bounds [0x00000257c9070000, 0x00000257c92e0000, 0x00000257c9610000]
 total_blobs=7673 nmethods=6837 adapters=747
 compilation: enabled
              stopped_count=0, restarted_count=0
 full_count=0

Compilation events (20 events):
Event: 91.873 Thread 0x00000257df003000 nmethod 7008 0x00000257ca40c410 code [0x00000257ca40c660, 0x00000257ca40d028]
Event: 91.873 Thread 0x00000257df003000 7006       3       com.google.common.collect.ImmutableListMultimap::<init> (7 bytes)
Event: 91.874 Thread 0x00000257df003000 nmethod 7006 0x00000257ca40d310 code [0x00000257ca40d4e0, 0x00000257ca40d7b8]
Event: 91.875 Thread 0x00000257df003000 7004       3       org.gradle.internal.MutableBoolean::<init> (10 bytes)
Event: 91.875 Thread 0x00000257df003000 nmethod 7004 0x00000257ca40d910 code [0x00000257ca40dac0, 0x00000257ca40dc18]
Event: 91.876 Thread 0x00000257df003000 6997       3       org.gradle.internal.fingerprint.impl.DefaultCurrentFileCollectionFingerprint$1::<init> (15 bytes)
Event: 91.877 Thread 0x00000257df003000 nmethod 6997 0x00000257ca40dd10 code [0x00000257ca40dec0, 0x00000257ca40e0d8]
Event: 91.877 Thread 0x00000257df003000 7009       3       com.google.common.collect.RegularImmutableList::copyIntoArray (21 bytes)
Event: 91.878 Thread 0x00000257df003000 nmethod 7009 0x00000257ca40e190 code [0x00000257ca40e360, 0x00000257ca40e608]
Event: 91.878 Thread 0x00000257df003000 7010       3       org.gradle.internal.serialize.InterningStringSerializer::write (10 bytes)
Event: 91.879 Thread 0x00000257df003000 nmethod 7010 0x00000257ca40e690 code [0x00000257ca40e860, 0x00000257ca40eb88]
Event: 91.879 Thread 0x00000257df003000 7011       1       org.gradle.api.internal.artifacts.ivyservice.ivyresolve.CachingModuleComponentRepository::access$1200 (5 bytes)
Event: 91.880 Thread 0x00000257df003000 nmethod 7011 0x00000257d0ef0690 code [0x00000257d0ef0840, 0x00000257d0ef08d8]
Event: 91.880 Thread 0x00000257df003000 7019       3       com.google.common.collect.ImmutableMultimap$EntryCollection::size (8 bytes)
Event: 91.881 Thread 0x00000257df003000 nmethod 7019 0x00000257ca40ec90 code [0x00000257ca40ee40, 0x00000257ca40efd8]
Event: 91.881 Thread 0x00000257df003000 7012       1       org.gradle.api.internal.artifacts.ivyservice.modulecache.artifacts.ArtifactAtRepositoryKey::getRepositoryId (5 bytes)
Event: 91.881 Thread 0x00000257df003000 nmethod 7012 0x00000257d0ef0990 code [0x00000257d0ef0b40, 0x00000257d0ef0bf8]
Event: 91.882 Thread 0x00000257df003000 7013       1       org.gradle.api.internal.artifacts.ivyservice.modulecache.artifacts.ArtifactAtRepositoryKey::getArtifactId (5 bytes)
Event: 91.882 Thread 0x00000257df003000 nmethod 7013 0x00000257d0ef0c90 code [0x00000257d0ef0e40, 0x00000257d0ef0ef8]
Event: 91.882 Thread 0x00000257df003000 7014       1       org.gradle.api.internal.artifacts.ivyservice.ivyresolve.CachingModuleComponentRepository::access$1300 (5 bytes)

GC Heap History (14 events):
Event: 5.822 GC heap before
{Heap before GC invocations=0 (full 0):
 garbage-first heap   total 256000K, used 29696K [0x00000000a0000000, 0x0000000100000000)
  region size 1024K, 24 young (24576K), 0 survivors (0K)
 Metaspace       used 10732K, capacity 10935K, committed 11264K, reserved 1058816K
  class space    used 1132K, capacity 1194K, committed 1280K, reserved 1048576K
}
Event: 5.895 GC heap after
{Heap after GC invocations=1 (full 0):
 garbage-first heap   total 256000K, used 7778K [0x00000000a0000000, 0x0000000100000000)
  region size 1024K, 3 young (3072K), 3 survivors (3072K)
 Metaspace       used 10732K, capacity 10935K, committed 11264K, reserved 1058816K
  class space    used 1132K, capacity 1194K, committed 1280K, reserved 1048576K
}
Event: 21.503 GC heap before
{Heap before GC invocations=1 (full 0):
 garbage-first heap   total 256000K, used 79458K [0x00000000a0000000, 0x0000000100000000)
  region size 1024K, 75 young (76800K), 3 survivors (3072K)
 Metaspace       used 20769K, capacity 21149K, committed 21248K, reserved 1067008K
  class space    used 2613K, capacity 2754K, committed 2816K, reserved 1048576K
}
Event: 21.571 GC heap after
{Heap after GC invocations=2 (full 0):
 garbage-first heap   total 256000K, used 15031K [0x00000000a0000000, 0x0000000100000000)
  region size 1024K, 11 young (11264K), 11 survivors (11264K)
 Metaspace       used 20769K, capacity 21149K, committed 21248K, reserved 1067008K
  class space    used 2613K, capacity 2754K, committed 2816K, reserved 1048576K
}
Event: 23.085 GC heap before
{Heap before GC invocations=3 (full 0):
 garbage-first heap   total 256000K, used 24247K [0x00000000a0000000, 0x0000000100000000)
  region size 1024K, 20 young (20480K), 11 survivors (11264K)
 Metaspace       used 21991K, capacity 22409K, committed 22528K, reserved 1069056K
  class space    used 2808K, capacity 2982K, committed 3072K, reserved 1048576K
}
Event: 23.126 GC heap after
{Heap after GC invocations=4 (full 0):
 garbage-first heap   total 256000K, used 15687K [0x00000000a0000000, 0x0000000100000000)
  region size 1024K, 1 young (1024K), 1 survivors (1024K)
 Metaspace       used 21991K, capacity 22409K, committed 22528K, reserved 1069056K
  class space    used 2808K, capacity 2982K, committed 3072K, reserved 1048576K
}
Event: 37.195 GC heap before
{Heap before GC invocations=4 (full 0):
 garbage-first heap   total 256000K, used 102727K [0x00000000a0000000, 0x0000000100000000)
  region size 1024K, 76 young (77824K), 1 survivors (1024K)
 Metaspace       used 35138K, capacity 35751K, committed 35840K, reserved 1081344K
  class space    used 4386K, capacity 4599K, committed 4608K, reserved 1048576K
}
Event: 37.268 GC heap after
{Heap after GC invocations=5 (full 0):
 garbage-first heap   total 256000K, used 31144K [0x00000000a0000000, 0x0000000100000000)
  region size 1024K, 7 young (7168K), 7 survivors (7168K)
 Metaspace       used 35138K, capacity 35751K, committed 35840K, reserved 1081344K
  class space    used 4386K, capacity 4599K, committed 4608K, reserved 1048576K
}
Event: 54.089 GC heap before
{Heap before GC invocations=6 (full 0):
 garbage-first heap   total 256000K, used 123304K [0x00000000a0000000, 0x0000000100000000)
  region size 1024K, 96 young (98304K), 7 survivors (7168K)
 Metaspace       used 41946K, capacity 42905K, committed 43136K, reserved 1087488K
  class space    used 5376K, capacity 5659K, committed 5760K, reserved 1048576K
}
Event: 54.173 GC heap after
{Heap after GC invocations=7 (full 0):
 garbage-first heap   total 256000K, used 42416K [0x00000000a0000000, 0x0000000100000000)
  region size 1024K, 10 young (10240K), 10 survivors (10240K)
 Metaspace       used 41946K, capacity 42905K, committed 43136K, reserved 1087488K
  class space    used 5376K, capacity 5659K, committed 5760K, reserved 1048576K
}
Event: 68.232 GC heap before
{Heap before GC invocations=7 (full 0):
 garbage-first heap   total 256000K, used 143792K [0x00000000a0000000, 0x0000000100000000)
  region size 1024K, 109 young (111616K), 10 survivors (10240K)
 Metaspace       used 54252K, capacity 55461K, committed 55680K, reserved 1097728K
  class space    used 6888K, capacity 7258K, committed 7296K, reserved 1048576K
}
Event: 68.328 GC heap after
{Heap after GC invocations=8 (full 0):
 garbage-first heap   total 256000K, used 50067K [0x00000000a0000000, 0x0000000100000000)
  region size 1024K, 8 young (8192K), 8 survivors (8192K)
 Metaspace       used 54252K, capacity 55461K, committed 55680K, reserved 1097728K
  class space    used 6888K, capacity 7258K, committed 7296K, reserved 1048576K
}
Event: 74.614 GC heap before
{Heap before GC invocations=8 (full 0):
 garbage-first heap   total 256000K, used 77715K [0x00000000a0000000, 0x0000000100000000)
  region size 1024K, 36 young (36864K), 8 survivors (8192K)
 Metaspace       used 58529K, capacity 59760K, committed 59904K, reserved 1101824K
  class space    used 7449K, capacity 7827K, committed 7936K, reserved 1048576K
}
Event: 74.725 GC heap after
{Heap after GC invocations=9 (full 0):
 garbage-first heap   total 256000K, used 51721K [0x00000000a0000000, 0x0000000100000000)
  region size 1024K, 10 young (10240K), 10 survivors (10240K)
 Metaspace       used 58529K, capacity 59760K, committed 59904K, reserved 1101824K
  class space    used 7449K, capacity 7827K, committed 7936K, reserved 1048576K
}

Deoptimization events (20 events):
Event: 90.467 Thread 0x00000257e3bd6800 DEOPT PACKING pc=0x00000257d0bb6828 sp=0x000000f630cfe410
Event: 90.467 Thread 0x00000257e3bd6800 DEOPT UNPACKING pc=0x00000257c90974af sp=0x000000f630cfe370 mode 2
Event: 90.469 Thread 0x00000257e3bd7800 Uncommon trap: trap_request=0xffffffc6 fr.pc=0x00000257d0c68400 relative=0x0000000000000420
Event: 90.469 Thread 0x00000257e3bd7800 Uncommon trap: reason=bimorphic_or_optimized_type_check action=maybe_recompile pc=0x00000257d0c68400 method=java.util.Collections$SetFromMap.remove(Ljava/lang/Object;)Z @ 5 c2
Event: 90.470 Thread 0x00000257e3bd7800 DEOPT PACKING pc=0x00000257d0c68400 sp=0x000000f630bfebd0
Event: 90.470 Thread 0x00000257e3bd7800 DEOPT UNPACKING pc=0x00000257c90974af sp=0x000000f630bfebc8 mode 2
Event: 90.471 Thread 0x00000257e0e70800 Uncommon trap: trap_request=0xffffffc6 fr.pc=0x00000257d0c68400 relative=0x0000000000000420
Event: 90.471 Thread 0x00000257e0e70800 Uncommon trap: reason=bimorphic_or_optimized_type_check action=maybe_recompile pc=0x00000257d0c68400 method=java.util.Collections$SetFromMap.remove(Ljava/lang/Object;)Z @ 5 c2
Event: 90.471 Thread 0x00000257e0e70800 DEOPT PACKING pc=0x00000257d0c68400 sp=0x000000f6308fe960
Event: 90.471 Thread 0x00000257e0e70800 DEOPT UNPACKING pc=0x00000257c90974af sp=0x000000f6308fe958 mode 2
Event: 90.472 Thread 0x00000257e0e71000 Uncommon trap: trap_request=0xffffffc6 fr.pc=0x00000257d0c68400 relative=0x0000000000000420
Event: 90.472 Thread 0x00000257e0e71000 Uncommon trap: reason=bimorphic_or_optimized_type_check action=maybe_recompile pc=0x00000257d0c68400 method=java.util.Collections$SetFromMap.remove(Ljava/lang/Object;)Z @ 5 c2
Event: 90.472 Thread 0x00000257e0e71000 DEOPT PACKING pc=0x00000257d0c68400 sp=0x000000f6309fef30
Event: 90.472 Thread 0x00000257e0e71000 DEOPT UNPACKING pc=0x00000257c90974af sp=0x000000f6309fef28 mode 2
Event: 90.473 Thread 0x00000257e3bda800 Uncommon trap: trap_request=0xffffffc6 fr.pc=0x00000257d0c68400 relative=0x0000000000000420
Event: 90.473 Thread 0x00000257e3bda800 Uncommon trap: reason=bimorphic_or_optimized_type_check action=maybe_recompile pc=0x00000257d0c68400 method=java.util.Collections$SetFromMap.remove(Ljava/lang/Object;)Z @ 5 c2
Event: 90.473 Thread 0x00000257e3bda800 DEOPT PACKING pc=0x00000257d0c68400 sp=0x000000f630dfed60
Event: 90.473 Thread 0x00000257e3bda800 DEOPT UNPACKING pc=0x00000257c90974af sp=0x000000f630dfed58 mode 2
Event: 90.749 Thread 0x00000257e14bb800 DEOPT PACKING pc=0x00000257c98fb3fa sp=0x000000f62f0fe470
Event: 90.749 Thread 0x00000257e14bb800 DEOPT UNPACKING pc=0x00000257c90972ce sp=0x000000f62f0fd8a8 mode 0

Classes redefined (0 events):
No events

Internal exceptions (20 events):
Event: 71.374 Thread 0x00000257e069a000 Exception <a 'java/lang/NoSuchMethodError'{0x00000000af158740}: 'java.lang.Object java.lang.invoke.DirectMethodHandle$Holder.invokeSpecial(java.lang.Object, java.lang.Object, java.lang.Object, java.lang.Object, int)'> (0x00000000af158740) thrown at [./src/hotspot/share/interpreter/linkResolver.cpp, line 773]
Event: 71.381 Thread 0x00000257e069a000 Exception <a 'java/lang/NoSuchMethodError'{0x00000000af15c248}: 'java.lang.Object java.lang.invoke.Invokers$Holder.linkToTargetMethod(java.lang.Object, java.lang.Object, int, java.lang.Object)'> (0x00000000af15c248) thrown at [./src/hotspot/share/interpreter/linkResolver.cpp, line 773]
Event: 77.526 Thread 0x00000257e069a000 Exception <a 'java/lang/ClassNotFoundException'{0x00000000aebf00a8}: com/android/build/gradle/internal/api/ApkVariantOutputImpl_DecoratedBeanInfo> (0x00000000aebf00a8) thrown at [./src/hotspot/share/classfile/systemDictionary.cpp, line 231]
Event: 77.529 Thread 0x00000257e069a000 Exception <a 'java/lang/ClassNotFoundException'{0x00000000aea01208}: com/android/build/gradle/internal/api/ApkVariantOutputImplBeanInfo> (0x00000000aea01208) thrown at [./src/hotspot/share/classfile/systemDictionary.cpp, line 231]
Event: 77.533 Thread 0x00000257e069a000 Exception <a 'java/lang/ClassNotFoundException'{0x00000000aea12330}: com/android/build/gradle/internal/api/BaseVariantOutputImplBeanInfo> (0x00000000aea12330) thrown at [./src/hotspot/share/classfile/systemDictionary.cpp, line 231]
Event: 77.540 Thread 0x00000257e069a000 Exception <a 'java/lang/ClassNotFoundException'{0x00000000aea23430}: com/android/build/gradle/internal/api/BaseVariantOutputImplCustomizer> (0x00000000aea23430) thrown at [./src/hotspot/share/classfile/systemDictionary.cpp, line 231]
Event: 77.549 Thread 0x00000257e069a000 Exception <a 'java/lang/ClassNotFoundException'{0x00000000aea46c58}: com/android/build/gradle/internal/api/ApkVariantOutputImplCustomizer> (0x00000000aea46c58) thrown at [./src/hotspot/share/classfile/systemDictionary.cpp, line 231]
Event: 77.555 Thread 0x00000257e069a000 Exception <a 'java/lang/ClassNotFoundException'{0x00000000aea65ed8}: com/android/build/gradle/internal/api/ApkVariantOutputImpl_DecoratedCustomizer> (0x00000000aea65ed8) thrown at [./src/hotspot/share/classfile/systemDictionary.cpp, line 231]
Event: 78.968 Thread 0x00000257e069a000 Exception <a 'java/lang/NoSuchMethodError'{0x00000000adfadfd8}: 'int java.lang.invoke.DirectMethodHandle$Holder.invokeStaticInit(java.lang.Object, java.lang.Object, java.lang.Object)'> (0x00000000adfadfd8) thrown at [./src/hotspot/share/interpreter/linkResolver.cpp, line 773]
Event: 81.578 Thread 0x00000257e069a000 Exception <a 'java/lang/NullPointerException'{0x00000000acbf7040}> (0x00000000acbf7040) thrown at [./src/hotspot/share/interpreter/linkResolver.cpp, line 1440]
Event: 83.687 Thread 0x00000257e069a000 Implicit null exception at 0x00000257d0e6128b to 0x00000257d0e613d0
Event: 84.413 Thread 0x00000257e069a000 Exception <a 'java/lang/NoSuchMethodError'{0x00000000aba11120}: 'int java.lang.invoke.DirectMethodHandle$Holder.invokeStatic(java.lang.Object, java.lang.Object, int, java.lang.Object)'> (0x00000000aba11120) thrown at [./src/hotspot/share/interpreter/linkResolver.cpp, line 773]
Event: 90.071 Thread 0x00000257e3bda800 Exception <a 'java/lang/NoSuchMethodError'{0x00000000a9bedf88}: 'java.lang.Object java.lang.invoke.DirectMethodHandle$Holder.invokeSpecial(java.lang.Object, java.lang.Object, java.lang.Object, java.lang.Object, java.lang.Object, java.lang.Object, java.lang.Object, java.lang.Object, java.lang.Object, java.lang.Object, java.lang.Object, java.lang.Object, java.lang.Object)'> (0x00000000a9bedf88) thrown at [./src/hotspot/share/interpreter/linkResolver.cpp, line 773]
Event: 90.071 Thread 0x00000257e3bd6800 Exception <a 'java/lang/NoSuchMethodError'{0x00000000a9b8cf88}: 'java.lang.Object java.lang.invoke.DirectMethodHandle$Holder.invokeSpecial(java.lang.Object, java.lang.Object, java.lang.Object, java.lang.Object, java.lang.Object, java.lang.Object, java.lang.Object, java.lang.Object, java.lang.Object, java.lang.Object, java.lang.Object, java.lang.Object, java.lang.Object)'> (0x00000000a9b8cf88) thrown at [./src/hotspot/share/interpreter/linkResolver.cpp, line 773]
Event: 90.081 Thread 0x00000257e3bd6800 Exception <a 'java/lang/NoSuchMethodError'{0x00000000a9a99970}: 'java.lang.Object java.lang.invoke.Invokers$Holder.linkToTargetMethod(java.lang.Object, java.lang.Object, java.lang.Object, java.lang.Object, java.lang.Object, java.lang.Object, java.lang.Object, java.lang.Object, java.lang.Object, java.lang.Object, java.lang.Object)'> (0x00000000a9a99970) thrown at [./src/hotspot/share/interpreter/linkResolver.cpp, line 773]
Event: 90.081 Thread 0x00000257e0e71000 Exception <a 'java/lang/NoSuchMethodError'{0x00000000a9adf3a8}: 'java.lang.Object java.lang.invoke.Invokers$Holder.linkToTargetMethod(java.lang.Object, java.lang.Object, java.lang.Object, java.lang.Object, java.lang.Object, java.lang.Object, java.lang.Object, java.lang.Object, java.lang.Object, java.lang.Object, java.lang.Object)'> (0x00000000a9adf3a8) thrown at [./src/hotspot/share/interpreter/linkResolver.cpp, line 773]
Event: 90.085 Thread 0x00000257e0e70800 Exception <a 'java/lang/NoSuchMethodError'{0x00000000a9cde660}: 'java.lang.Object java.lang.invoke.Invokers$Holder.linkToTargetMethod(java.lang.Object, java.lang.Object, java.lang.Object, java.lang.Object, java.lang.Object, java.lang.Object, java.lang.Object, java.lang.Object, java.lang.Object, java.lang.Object, java.lang.Object)'> (0x00000000a9cde660) thrown at [./src/hotspot/share/interpreter/linkResolver.cpp, line 773]
Event: 90.125 Thread 0x00000257e3bd6800 Exception <a 'java/lang/NoSuchMethodError'{0x00000000a9aa9c08}: 'java.lang.Object java.lang.invoke.Invokers$Holder.linkToTargetMethod(java.lang.Object, java.lang.Object, java.lang.Object, java.lang.Object, java.lang.Object, java.lang.Object, java.lang.Object, java.lang.Object, java.lang.Object, java.lang.Object, java.lang.Object, java.lang.Object)'> (0x00000000a9aa9c08) thrown at [./src/hotspot/share/interpreter/linkResolver.cpp, line 773]
Event: 90.125 Thread 0x00000257e3bda800 Exception <a 'java/lang/NoSuchMethodError'{0x00000000a9903c78}: 'java.lang.Object java.lang.invoke.Invokers$Holder.linkToTargetMethod(java.lang.Object, java.lang.Object, java.lang.Object, java.lang.Object, java.lang.Object, java.lang.Object, java.lang.Object, java.lang.Object, java.lang.Object, java.lang.Object, java.lang.Object, java.lang.Object)'> (0x00000000a9903c78) thrown at [./src/hotspot/share/interpreter/linkResolver.cpp, line 773]
Event: 90.126 Thread 0x00000257e069a000 Exception <a 'java/lang/NoSuchMethodError'{0x00000000a9c3b7c0}: 'java.lang.Object java.lang.invoke.Invokers$Holder.linkToTargetMethod(java.lang.Object, java.lang.Object, java.lang.Object, java.lang.Object, java.lang.Object, java.lang.Object, java.lang.Object, java.lang.Object, java.lang.Object, java.lang.Object, java.lang.Object, java.lang.Object)'> (0x00000000a9c3b7c0) thrown at [./src/hotspot/share/interpreter/linkResolver.cpp, line 773]

Events (20 events):
Event: 90.506 Executing VM operation: RevokeBias
Event: 90.508 Executing VM operation: RevokeBias done
Event: 90.508 loading class org/gradle/internal/fingerprint/FileCollectionFingerprinterRegistry
Event: 90.508 loading class org/gradle/internal/fingerprint/FileCollectionFingerprinterRegistry done
Event: 90.509 loading class org/gradle/api/internal/project/DefaultProjectStateRegistry$SafeExclusiveLockImpl$1
Event: 90.509 loading class org/gradle/api/internal/project/DefaultProjectStateRegistry$SafeExclusiveLockImpl$1 done
Event: 90.510 loading class org/gradle/internal/instantiation/ManagedTypeFactory
Event: 90.510 loading class org/gradle/internal/instantiation/ManagedTypeFactory done
Event: 90.512 loading class org/gradle/api/internal/artifacts/transform/DefaultTransformer$2
Event: 90.512 loading class org/gradle/api/internal/artifacts/transform/DefaultTransformer$2 done
Event: 90.515 loading class org/gradle/internal/fingerprint/FileCollectionFingerprinterRegistry
Event: 90.515 loading class org/gradle/internal/fingerprint/FileCollectionFingerprinterRegistry done
Event: 90.516 loading class org/gradle/api/internal/tasks/properties/InputParameterUtils
Event: 90.516 loading class org/gradle/api/internal/tasks/properties/InputParameterUtils done
Event: 90.517 loading class org/gradle/internal/fingerprint/FileCollectionFingerprinterRegistry
Event: 90.517 loading class org/gradle/internal/fingerprint/FileCollectionFingerprinterRegistry done
Event: 90.519 loading class org/gradle/api/internal/artifacts/transform/DefaultTransformer$IsolatedParameters
Event: 90.519 loading class org/gradle/api/internal/artifacts/transform/DefaultTransformer$IsolatedParameters done
Event: 90.536 loading class org/gradle/internal/fingerprint/impl/NameOnlyFingerprintingStrategy$1
Event: 90.536 loading class org/gradle/internal/fingerprint/impl/NameOnlyFingerprintingStrategy$1 done


Dynamic libraries:
0x00007ff7e2770000 - 0x00007ff7e277a000 	C:\Program Files\Android\Android Studio\jre\bin\java.exe
0x00007ffc3c450000 - 0x00007ffc3c645000 	C:\WINDOWS\SYSTEM32\ntdll.dll
0x00007ffc3c320000 - 0x00007ffc3c3de000 	C:\WINDOWS\System32\KERNEL32.dll
0x00007ffc39800000 - 0x00007ffc39919000 	C:\Windows\system32\hmpalert.dll
0x00007ffc39c70000 - 0x00007ffc39f39000 	C:\WINDOWS\System32\KERNELBASE.dll
0x00007ffc39b70000 - 0x00007ffc39c70000 	C:\WINDOWS\System32\ucrtbase.dll
0x00007ffc04e00000 - 0x00007ffc04e19000 	C:\Program Files\Android\Android Studio\jre\bin\jli.dll
0x00007ffc02f50000 - 0x00007ffc02f67000 	C:\Program Files\Android\Android Studio\jre\bin\VCRUNTIME140.dll
0x00007ffc3b350000 - 0x00007ffc3b4f1000 	C:\WINDOWS\System32\USER32.dll
0x00007ffc3a470000 - 0x00007ffc3a492000 	C:\WINDOWS\System32\win32u.dll
0x00007ffc3c3e0000 - 0x00007ffc3c40b000 	C:\WINDOWS\System32\GDI32.dll
0x00007ffc3a1c0000 - 0x00007ffc3a2cb000 	C:\WINDOWS\System32\gdi32full.dll
0x00007ffc278b0000 - 0x00007ffc27b4a000 	C:\WINDOWS\WinSxS\amd64_microsoft.windows.common-controls_6595b64144ccf1df_6.0.19041.1110_none_60b5254171f9507e\COMCTL32.dll
0x00007ffc39f40000 - 0x00007ffc39fdd000 	C:\WINDOWS\System32\msvcp_win.dll
0x00007ffc3bb40000 - 0x00007ffc3bbde000 	C:\WINDOWS\System32\msvcrt.dll
0x00007ffc3bbe0000 - 0x00007ffc3bc10000 	C:\WINDOWS\System32\IMM32.DLL
0x00007ffbde180000 - 0x00007ffbde21d000 	C:\Program Files\Android\Android Studio\jre\bin\msvcp140.dll
0x00007ffbdcbf0000 - 0x00007ffbdd6ac000 	C:\Program Files\Android\Android Studio\jre\bin\server\jvm.dll
0x00007ffc3a6c0000 - 0x00007ffc3a76c000 	C:\WINDOWS\System32\ADVAPI32.dll
0x00007ffc3afe0000 - 0x00007ffc3b07b000 	C:\WINDOWS\System32\sechost.dll
0x00007ffc3c1f0000 - 0x00007ffc3c31a000 	C:\WINDOWS\System32\RPCRT4.dll
0x00007ffc3b510000 - 0x00007ffc3b518000 	C:\WINDOWS\System32\PSAPI.DLL
0x00007ffc24440000 - 0x00007ffc24449000 	C:\WINDOWS\SYSTEM32\WSOCK32.dll
0x00007ffc32eb0000 - 0x00007ffc32eba000 	C:\WINDOWS\SYSTEM32\VERSION.dll
0x00007ffc36e10000 - 0x00007ffc36e37000 	C:\WINDOWS\SYSTEM32\WINMM.dll
0x00007ffc3bc10000 - 0x00007ffc3bc7b000 	C:\WINDOWS\System32\WS2_32.dll
0x00007ffc38300000 - 0x00007ffc38312000 	C:\WINDOWS\SYSTEM32\kernel.appcore.dll
0x00007ffc36360000 - 0x00007ffc36371000 	C:\Program Files\Android\Android Studio\jre\bin\verify.dll
0x00007ffc37fe0000 - 0x00007ffc381c4000 	C:\WINDOWS\SYSTEM32\DBGHELP.DLL
0x00007ffc36de0000 - 0x00007ffc36e0c000 	C:\WINDOWS\SYSTEM32\dbgcore.DLL
0x00007ffc3a2d0000 - 0x00007ffc3a353000 	C:\WINDOWS\System32\bcryptPrimitives.dll
0x00007ffc11360000 - 0x00007ffc11389000 	C:\Program Files\Android\Android Studio\jre\bin\java.dll
0x00007ffc363d0000 - 0x00007ffc363db000 	C:\Program Files\Android\Android Studio\jre\bin\jimage.dll
0x00007ffc288b0000 - 0x00007ffc288c8000 	C:\Program Files\Android\Android Studio\jre\bin\zip.dll
0x00007ffc3a7d0000 - 0x00007ffc3af0f000 	C:\WINDOWS\System32\SHELL32.dll
0x00007ffc37850000 - 0x00007ffc37fe0000 	C:\WINDOWS\SYSTEM32\windows.storage.dll
0x00007ffc3b520000 - 0x00007ffc3b875000 	C:\WINDOWS\System32\combase.dll
0x00007ffc394a0000 - 0x00007ffc394cc000 	C:\WINDOWS\SYSTEM32\Wldp.dll
0x00007ffc3af10000 - 0x00007ffc3afbe000 	C:\WINDOWS\System32\SHCORE.dll
0x00007ffc3a770000 - 0x00007ffc3a7c5000 	C:\WINDOWS\System32\shlwapi.dll
0x00007ffc39ab0000 - 0x00007ffc39acf000 	C:\WINDOWS\SYSTEM32\profapi.dll
0x00007ffc27240000 - 0x00007ffc2725a000 	C:\Program Files\Android\Android Studio\jre\bin\net.dll
0x00007ffc36550000 - 0x00007ffc36658000 	C:\WINDOWS\SYSTEM32\WINHTTP.dll
0x00007ffc39200000 - 0x00007ffc3926a000 	C:\WINDOWS\system32\mswsock.dll
0x00007ffc11ae0000 - 0x00007ffc11af4000 	C:\Program Files\Android\Android Studio\jre\bin\nio.dll
0x00007ffc05a90000 - 0x00007ffc05ab6000 	C:\Users\justine\.gradle\native\29\windows-amd64\native-platform.dll
0x00007ffc2a720000 - 0x00007ffc2a72a000 	C:\Program Files\Android\Android Studio\jre\bin\management.dll
0x00007ffc2a6e0000 - 0x00007ffc2a6ec000 	C:\Program Files\Android\Android Studio\jre\bin\management_ext.dll
0x00007ffc393f0000 - 0x00007ffc39408000 	C:\WINDOWS\SYSTEM32\CRYPTSP.dll
0x00007ffc38b10000 - 0x00007ffc38b44000 	C:\WINDOWS\system32\rsaenh.dll
0x00007ffc3a030000 - 0x00007ffc3a057000 	C:\WINDOWS\System32\bcrypt.dll
0x00007ffc39a70000 - 0x00007ffc39a9e000 	C:\WINDOWS\SYSTEM32\USERENV.dll
0x00007ffc39410000 - 0x00007ffc3941c000 	C:\WINDOWS\SYSTEM32\CRYPTBASE.dll
0x00007ffc38ea0000 - 0x00007ffc38edb000 	C:\WINDOWS\SYSTEM32\IPHLPAPI.DLL
0x00007ffc3c1e0000 - 0x00007ffc3c1e8000 	C:\WINDOWS\System32\NSI.dll
0x00007ffc319c0000 - 0x00007ffc319d7000 	C:\WINDOWS\SYSTEM32\dhcpcsvc6.DLL
0x00007ffc31de0000 - 0x00007ffc31dfd000 	C:\WINDOWS\SYSTEM32\dhcpcsvc.DLL
0x00007ffc38ef0000 - 0x00007ffc38fbc000 	C:\WINDOWS\SYSTEM32\DNSAPI.dll

dbghelp: loaded successfully - version: 4.0.5 - missing functions: none
symbol engine: initialized successfully - sym options: 0x614 - pdb path: .;C:\Program Files\Android\Android Studio\jre\bin;C:\WINDOWS\SYSTEM32;C:\WINDOWS\WinSxS\amd64_microsoft.windows.common-controls_6595b64144ccf1df_6.0.19041.1110_none_60b5254171f9507e;C:\Program Files\Android\Android Studio\jre\bin\server;C:\Users\justine\.gradle\native\29\windows-amd64

VM Arguments:
jvm_args: --add-opens=java.base/java.util=ALL-UNNAMED --add-opens=java.base/java.lang=ALL-UNNAMED --add-opens=java.base/java.lang.invoke=ALL-UNNAMED --add-opens=java.prefs/java.util.prefs=ALL-UNNAMED -Xmx1536m -Dfile.encoding=windows-31j -Duser.country=PH -Duser.language=en -Duser.variant 
java_command: org.gradle.launcher.daemon.bootstrap.GradleDaemon 5.4.1
java_class_path (initial): C:\Users\justine\.gradle\wrapper\dists\gradle-5.4.1-all\3221gyojl5jsh0helicew7rwx\gradle-5.4.1\lib\gradle-launcher-5.4.1.jar
Launcher Type: SUN_STANDARD

[Global flags]
     intx CICompilerCount                          = 4                                         {product} {ergonomic}
     uint ConcGCThreads                            = 2                                         {product} {ergonomic}
     uint G1ConcRefinementThreads                  = 8                                         {product} {ergonomic}
   size_t G1HeapRegionSize                         = 1048576                                   {product} {ergonomic}
    uintx GCDrainStackTargetSize                   = 64                                        {product} {ergonomic}
   size_t InitialHeapSize                          = 262144000                                 {product} {ergonomic}
   size_t MarkStackSize                            = 4194304                                   {product} {ergonomic}
   size_t MaxHeapSize                              = 1610612736                                {product} {command line}
   size_t MaxNewSize                               = 965738496                                 {product} {ergonomic}
   size_t MinHeapDeltaBytes                        = 1048576                                   {product} {ergonomic}
    uintx NonNMethodCodeHeapSize                   = 5836300                                {pd product} {ergonomic}
    uintx NonProfiledCodeHeapSize                  = 122910970                              {pd product} {ergonomic}
    uintx ProfiledCodeHeapSize                     = 122910970                              {pd product} {ergonomic}
    uintx ReservedCodeCacheSize                    = 251658240                              {pd product} {ergonomic}
     bool SegmentedCodeCache                       = true                                      {product} {ergonomic}
     bool UseCompressedClassPointers               = true                                 {lp64_product} {ergonomic}
     bool UseCompressedOops                        = true                                 {lp64_product} {ergonomic}
     bool UseG1GC                                  = true                                      {product} {ergonomic}
     bool UseLargePagesIndividualAllocation        = false                                  {pd product} {ergonomic}

Logging:
Log output configuration:
 #0: stdout all=warning uptime,level,tags
 #1: stderr all=off uptime,level,tags

Environment Variables:
PATH=C:\Program Files\Microsoft MPI\Bin\;C:\Program Files\Common Files\Oracle\Java\javapath;C:\WINDOWS\system32;C:\WINDOWS;C:\WINDOWS\System32\Wbem;C:\WINDOWS\System32\WindowsPowerShell\v1.0\;C:\WINDOWS\System32\OpenSSH\;C:\Program Files\Java\jdk-16\bin;C:\Program Files\Microsoft SQL Server\Client SDK\ODBC\170\Tools\Binn\;C:\Program Files (x86)\Microsoft SQL Server\150\Tools\Binn\;C:\Program Files\Microsoft SQL Server\150\Tools\Binn\;C:\Program Files\Microsoft SQL Server\150\DTS\Binn\;C:\Program Files (x86)\Microsoft SQL Server\150\DTS\Binn\;C:\Program Files\TortoiseSVN\bin;C:\Users\justine\AppData\Local\Microsoft\WindowsApps;;C:\Program Files\JetBrains\IntelliJ IDEA Community Edition 2021.2.1\bin;
USERNAME=justine
OS=Windows_NT
PROCESSOR_IDENTIFIER=Intel64 Family 6 Model 142 Stepping 12, GenuineIntel



---------------  S Y S T E M  ---------------

OS: Windows 10 , 64 bit Build 19041 (10.0.19041.1202)
OS uptime: 1 days 17:00 hours

CPU:total 8 (initial active 8) (4 cores per cpu, 2 threads per core) family 6 model 142 stepping 12, cmov, cx8, fxsr, mmx, sse, sse2, sse3, ssse3, sse4.1, sse4.2, popcnt, avx, avx2, aes, clmul, erms, 3dnowpref, lzcnt, ht, tsc, tscinvbit, bmi1, bmi2, adx, fma

Memory: 4k page, system-wide physical 15977M (1739M free)
TotalPageFile size 20977M (AvailPageFile size 7M)
current process WorkingSet (physical memory assigned to process): 378M, peak: 378M
current process commit charge ("private bytes"): 494M, peak: 496M

vm_info: OpenJDK 64-Bit Server VM (11.0.8+10-b944.6842174) for windows-amd64 JRE (11.0.8+10-b944.6842174), built on Sep 19 2020 01:11:42 by "builder" with MS VC++ 14.0 (VS2015)

END.
