#
# There is insufficient memory for the Java Runtime Environment to continue.
# Native memory allocation (malloc) failed to allocate 1568976 bytes for Chunk::new
# Possible reasons:
#   The system is out of physical RAM or swap space
#   The process is running with CompressedOops enabled, and the Java Heap may be blocking the growth of the native heap
# Possible solutions:
#   Reduce memory load on the system
#   Increase physical memory or swap space
#   Check if swap backing store is full
#   Decrease Java heap size (-Xmx/-Xms)
#   Decrease number of Java threads
#   Decrease Java thread stack sizes (-Xss)
#   Set larger code cache with -XX:ReservedCodeCacheSize=
#   JVM is running with Unscaled Compressed Oops mode in which the Java heap is
#     placed in the first 4GB address space. The Java Heap base address is the
#     maximum limit for the native heap growth. Please use -XX:HeapBaseMinAddress
#     to set the Java Heap base and to place the Java Heap above 4GB virtual address.
# This output file may be truncated or incomplete.
#
#  Out of Memory Error (./src/hotspot/share/memory/arena.cpp:197), pid=8660, tid=2520
#
# JRE version: OpenJDK Runtime Environment (11.0.11+9) (build 11.0.11+9-b60-7590822)
# Java VM: OpenJDK 64-Bit Server VM (11.0.11+9-b60-7590822, mixed mode, tiered, compressed oops, g1 gc, windows-amd64)
# No core dump will be written. Minidumps are not enabled by default on client versions of Windows
#

---------------  S U M M A R Y ------------

Command Line: --add-opens=java.base/java.util=ALL-UNNAMED --add-opens=java.base/java.lang=ALL-UNNAMED --add-opens=java.base/java.lang.invoke=ALL-UNNAMED --add-opens=java.prefs/java.util.prefs=ALL-UNNAMED -Xmx2048m -Dfile.encoding=UTF-8 -Duser.country=PH -Duser.language=en -Duser.variant org.gradle.launcher.daemon.bootstrap.GradleDaemon 6.7.1

Host: Intel(R) Core(TM) i7-10510U CPU @ 1.80GHz, 8 cores, 15G,  Windows 10 , 64 bit Build 19041 (10.0.19041.1706)
Time: Mon Jun 13 12:18:51 2022 Malay Peninsula Standard Time elapsed time: 10.665713 seconds (0d 0h 0m 10s)

---------------  T H R E A D  ---------------

Current thread (0x000001ad28a1e000):  JavaThread "C2 CompilerThread0" daemon [_thread_in_native, id=2520, stack(0x000000464a600000,0x000000464a700000)]


Current CompileTask:
C2:  10665 5197       4       org.objectweb.asm.SymbolTable::addConstantMemberReference (147 bytes)

Stack: [0x000000464a600000,0x000000464a700000]
Native frames: (J=compiled Java code, j=interpreted, Vv=VM code, C=native code)
V  [jvm.dll+0x5f214a]
V  [jvm.dll+0x726fb5]
V  [jvm.dll+0x7285cd]
V  [jvm.dll+0x728c83]
V  [jvm.dll+0x243278]
V  [jvm.dll+0xbc53c]
V  [jvm.dll+0xbca3c]
V  [jvm.dll+0x353e3b]
V  [jvm.dll+0x19875c]
V  [jvm.dll+0x1fc2ee]
V  [jvm.dll+0x1fb3d4]
V  [jvm.dll+0x183d6c]
V  [jvm.dll+0x209a57]
V  [jvm.dll+0x2082a1]
V  [jvm.dll+0x6ef58f]
V  [jvm.dll+0x6e80b5]
V  [jvm.dll+0x5f1036]
C  [ucrtbase.dll+0x21bb2]
C  [KERNEL32.dll+0x17034]
C  [ntdll.dll+0x52651]


---------------  P R O C E S S  ---------------

Threads class SMR info:
_java_thread_list=0x000001ad30355250, length=137, elements={
0x000001ad0dc8f000, 0x000001ad289a5800, 0x000001ad289af800, 0x000001ad28a15800,
0x000001ad28a16800, 0x000001ad28a1a800, 0x000001ad28a1e000, 0x000001ad28a1f800,
0x000001ad28a21000, 0x000001ad28b85000, 0x000001ad2aaae800, 0x000001ad28e72000,
0x000001ad29bdf800, 0x000001ad2a091800, 0x000001ad2ac23800, 0x000001ad2a156000,
0x000001ad2a5ee800, 0x000001ad29d2e000, 0x000001ad2ac9b800, 0x000001ad2ac96000,
0x000001ad2ac97800, 0x000001ad2ac96800, 0x000001ad2ac98800, 0x000001ad2ac99000,
0x000001ad2ac9c800, 0x000001ad2ac9a000, 0x000001ad2ac9a800, 0x000001ad2b4e8800,
0x000001ad2b4e9800, 0x000001ad2b4ea800, 0x000001ad2b4eb000, 0x000001ad2b4e8000,
0x000001ad2b4f0000, 0x000001ad2b4ed800, 0x000001ad2b4f1800, 0x000001ad2b4f1000,
0x000001ad2b4ec000, 0x000001ad2b4f2800, 0x000001ad2b4ed000, 0x000001ad2b4f3800,
0x000001ad2b4f4000, 0x000001ad2b4ee800, 0x000001ad2b4f5000, 0x000001ad2b4ef800,
0x000001ad2b4f6000, 0x000001ad2b4f6800, 0x000001ad2d6db800, 0x000001ad2d6dc800,
0x000001ad2d6da000, 0x000001ad2d6dd000, 0x000001ad2d6da800, 0x000001ad2d6d8000,
0x000001ad2d6de000, 0x000001ad2d6df000, 0x000001ad2d6d9000, 0x000001ad2d6e1000,
0x000001ad2d6df800, 0x000001ad2d6e2000, 0x000001ad2d6e6000, 0x000001ad2d6e3000,
0x000001ad2d6e0800, 0x000001ad2d6e7000, 0x000001ad2d2c3800, 0x000001ad2d2c5000,
0x000001ad2d2c6000, 0x000001ad2d2c6800, 0x000001ad2d2c7800, 0x000001ad2d2c2000,
0x000001ad2d2c8800, 0x000001ad2d2c2800, 0x000001ad2d2c9000, 0x000001ad2d2c4800,
0x000001ad2d2cf000, 0x000001ad2d2cb800, 0x000001ad2d2cf800, 0x000001ad2d2cd800,
0x000001ad2d2ca000, 0x000001ad2d2ce000, 0x000001ad2d2d0800, 0x000001ad2d2cb000,
0x000001ad2d2cc800, 0x000001ad2d5e8000, 0x000001ad2d5e3000, 0x000001ad2d5e6800,
0x000001ad2d5e2000, 0x000001ad2d5e7000, 0x000001ad2d5e9000, 0x000001ad2d5e5800,
0x000001ad2d5e4000, 0x000001ad2d5e9800, 0x000001ad2d5ea800, 0x000001ad2d5e4800,
0x000001ad2d5f0000, 0x000001ad2d5ec000, 0x000001ad2d5ef800, 0x000001ad2d5ed800,
0x000001ad2d5f1000, 0x000001ad2d5ee800, 0x000001ad2d5eb000, 0x000001ad2d5ed000,
0x000001ad2a408000, 0x000001ad2a405000, 0x000001ad2a409000, 0x000001ad2a405800,
0x000001ad2a403000, 0x000001ad2a409800, 0x000001ad2a406800, 0x000001ad2a407000,
0x000001ad2a404000, 0x000001ad2a40c000, 0x000001ad2a40f800, 0x000001ad2a410000,
0x000001ad2a40e000, 0x000001ad2a40a800, 0x000001ad2a40d000, 0x000001ad2a40e800,
0x000001ad2a411000, 0x000001ad2a40b800, 0x000001ad2a412000, 0x000001ad2e2e8800,
0x000001ad2e2ee800, 0x000001ad2e2ed800, 0x000001ad2e2e9800, 0x000001ad2e2ea800,
0x000001ad2e2ef800, 0x000001ad2e2f0000, 0x000001ad2e2f1000, 0x000001ad2e2ec000,
0x000001ad2e2eb000, 0x000001ad2e2f1800, 0x000001ad2e2f2800, 0x000001ad2e2ed000,
0x000001ad2e2f6000, 0x000001ad2e2f7800, 0x000001ad2e2f6800, 0x000001ad2aa09000,
0x000001ad2a4f2000
}

Java Threads: ( => current thread )
  0x000001ad0dc8f000 JavaThread "main" [_thread_blocked, id=13640, stack(0x0000004649a00000,0x0000004649b00000)]
  0x000001ad289a5800 JavaThread "Reference Handler" daemon [_thread_blocked, id=7480, stack(0x000000464a100000,0x000000464a200000)]
  0x000001ad289af800 JavaThread "Finalizer" daemon [_thread_blocked, id=10700, stack(0x000000464a200000,0x000000464a300000)]
  0x000001ad28a15800 JavaThread "Signal Dispatcher" daemon [_thread_blocked, id=15780, stack(0x000000464a300000,0x000000464a400000)]
  0x000001ad28a16800 JavaThread "Attach Listener" daemon [_thread_blocked, id=1688, stack(0x000000464a400000,0x000000464a500000)]
  0x000001ad28a1a800 JavaThread "Service Thread" daemon [_thread_blocked, id=2620, stack(0x000000464a500000,0x000000464a600000)]
=>0x000001ad28a1e000 JavaThread "C2 CompilerThread0" daemon [_thread_in_native, id=2520, stack(0x000000464a600000,0x000000464a700000)]
  0x000001ad28a1f800 JavaThread "C1 CompilerThread0" daemon [_thread_in_native, id=20520, stack(0x000000464a700000,0x000000464a800000)]
  0x000001ad28a21000 JavaThread "Sweeper thread" daemon [_thread_blocked, id=2168, stack(0x000000464a800000,0x000000464a900000)]
  0x000001ad28b85000 JavaThread "Common-Cleaner" daemon [_thread_blocked, id=6376, stack(0x000000464a900000,0x000000464aa00000)]
  0x000001ad2aaae800 JavaThread "Daemon health stats" [_thread_blocked, id=6636, stack(0x000000464b200000,0x000000464b300000)]
  0x000001ad28e72000 JavaThread "Incoming local TCP Connector on port 63931" [_thread_in_native, id=22232, stack(0x000000464b300000,0x000000464b400000)]
  0x000001ad29bdf800 JavaThread "Daemon periodic checks" [_thread_blocked, id=11028, stack(0x000000464b500000,0x000000464b600000)]
  0x000001ad2a091800 JavaThread "Daemon" [_thread_blocked, id=13356, stack(0x000000464b600000,0x000000464b700000)]
  0x000001ad2ac23800 JavaThread "Handler for socket connection from /127.0.0.1:63931 to /127.0.0.1:63932" [_thread_in_native, id=5444, stack(0x000000464b700000,0x000000464b800000)]
  0x000001ad2a156000 JavaThread "Cancel handler" [_thread_blocked, id=11736, stack(0x000000464b800000,0x000000464b900000)]
  0x000001ad2a5ee800 JavaThread "Daemon worker" [_thread_in_vm_trans, id=3312, stack(0x000000464b900000,0x000000464ba00000)]
  0x000001ad29d2e000 JavaThread "Asynchronous log dispatcher for DefaultDaemonConnection: socket connection from /127.0.0.1:63931 to /127.0.0.1:63932" [_thread_blocked, id=7592, stack(0x000000464ba00000,0x000000464bb00000)]
  0x000001ad2ac9b800 JavaThread "Stdin handler" [_thread_blocked, id=16856, stack(0x000000464bb00000,0x000000464bc00000)]
  0x000001ad2ac96000 JavaThread "Thread-8" [_thread_blocked, id=10712, stack(0x000000464bc00000,0x000000464bd00000)]
  0x000001ad2ac97800 JavaThread "Cache worker for file hash cache (C:\Users\justine\.gradle\caches\6.7.1\fileHashes)" [_thread_blocked, id=21880, stack(0x000000464bd00000,0x000000464be00000)]
  0x000001ad2ac96800 JavaThread "File lock request listener" [_thread_in_native, id=19516, stack(0x000000464be00000,0x000000464bf00000)]
  0x000001ad2ac98800 JavaThread "Cache worker for journal cache (C:\Users\justine\.gradle\caches\journal-1)" [_thread_blocked, id=7180, stack(0x000000464b400000,0x000000464b500000)]
  0x000001ad2ac99000 JavaThread "Cache worker for file hash cache (C:\Users\justine\AndroidStudioProjects\IQCAPPLICATION\.gradle\6.7.1\fileHashes)" [_thread_blocked, id=6852, stack(0x000000464c400000,0x000000464c500000)]
  0x000001ad2ac9c800 JavaThread "jar transforms" [_thread_blocked, id=10576, stack(0x000000464c500000,0x000000464c600000)]
  0x000001ad2ac9a000 JavaThread "jar transforms Thread 2" [_thread_blocked, id=5280, stack(0x000000464c600000,0x000000464c700000)]
  0x000001ad2ac9a800 JavaThread "jar transforms Thread 3" [_thread_blocked, id=8672, stack(0x000000464c700000,0x000000464c800000)]
  0x000001ad2b4e8800 JavaThread "jar transforms Thread 4" [_thread_blocked, id=15052, stack(0x000000464c800000,0x000000464c900000)]
  0x000001ad2b4e9800 JavaThread "jar transforms Thread 5" [_thread_blocked, id=20156, stack(0x000000464c900000,0x000000464ca00000)]
  0x000001ad2b4ea800 JavaThread "jar transforms Thread 6" [_thread_blocked, id=11572, stack(0x000000464ca00000,0x000000464cb00000)]
  0x000001ad2b4eb000 JavaThread "jar transforms Thread 7" [_thread_blocked, id=11104, stack(0x000000464cb00000,0x000000464cc00000)]
  0x000001ad2b4e8000 JavaThread "jar transforms Thread 8" [_thread_blocked, id=13592, stack(0x000000464cc00000,0x000000464cd00000)]
  0x000001ad2b4f0000 JavaThread "jar transforms Thread 9" [_thread_blocked, id=17220, stack(0x000000464cd00000,0x000000464ce00000)]
  0x000001ad2b4ed800 JavaThread "jar transforms Thread 10" [_thread_blocked, id=18612, stack(0x000000464ce00000,0x000000464cf00000)]
  0x000001ad2b4f1800 JavaThread "jar transforms Thread 11" [_thread_blocked, id=6976, stack(0x000000464cf00000,0x000000464d000000)]
  0x000001ad2b4f1000 JavaThread "jar transforms Thread 12" [_thread_blocked, id=22308, stack(0x000000464d000000,0x000000464d100000)]
  0x000001ad2b4ec000 JavaThread "jar transforms Thread 13" [_thread_blocked, id=7620, stack(0x000000464d100000,0x000000464d200000)]
  0x000001ad2b4f2800 JavaThread "jar transforms Thread 14" [_thread_blocked, id=12364, stack(0x000000464d200000,0x000000464d300000)]
  0x000001ad2b4ed000 JavaThread "jar transforms Thread 15" [_thread_blocked, id=16236, stack(0x000000464d300000,0x000000464d400000)]
  0x000001ad2b4f3800 JavaThread "jar transforms Thread 16" [_thread_blocked, id=14064, stack(0x000000464d400000,0x000000464d500000)]
  0x000001ad2b4f4000 JavaThread "jar transforms Thread 17" [_thread_blocked, id=10348, stack(0x000000464d500000,0x000000464d600000)]
  0x000001ad2b4ee800 JavaThread "jar transforms Thread 18" [_thread_blocked, id=3684, stack(0x000000464d600000,0x000000464d700000)]
  0x000001ad2b4f5000 JavaThread "jar transforms Thread 19" [_thread_blocked, id=13560, stack(0x000000464d700000,0x000000464d800000)]
  0x000001ad2b4ef800 JavaThread "jar transforms Thread 20" [_thread_blocked, id=10920, stack(0x000000464d800000,0x000000464d900000)]
  0x000001ad2b4f6000 JavaThread "jar transforms Thread 21" [_thread_blocked, id=2512, stack(0x000000464d900000,0x000000464da00000)]
  0x000001ad2b4f6800 JavaThread "jar transforms Thread 22" [_thread_blocked, id=12240, stack(0x000000464da00000,0x000000464db00000)]
  0x000001ad2d6db800 JavaThread "jar transforms Thread 23" [_thread_blocked, id=19620, stack(0x000000464db00000,0x000000464dc00000)]
  0x000001ad2d6dc800 JavaThread "jar transforms Thread 24" [_thread_blocked, id=9320, stack(0x000000464dc00000,0x000000464dd00000)]
  0x000001ad2d6da000 JavaThread "jar transforms Thread 25" [_thread_blocked, id=16352, stack(0x000000464dd00000,0x000000464de00000)]
  0x000001ad2d6dd000 JavaThread "jar transforms Thread 26" [_thread_blocked, id=17560, stack(0x000000464de00000,0x000000464df00000)]
  0x000001ad2d6da800 JavaThread "Cache worker for checksums cache (C:\Users\justine\AndroidStudioProjects\IQCAPPLICATION\.gradle\checksums)" [_thread_blocked, id=1368, stack(0x000000464c300000,0x000000464c400000)]
  0x000001ad2d6d8000 JavaThread "Cache worker for cache directory md-supplier (C:\Users\justine\.gradle\caches\6.7.1\md-supplier)" [_thread_blocked, id=2868, stack(0x000000464df00000,0x000000464e000000)]
  0x000001ad2d6de000 JavaThread "Cache worker for cache directory md-rule (C:\Users\justine\.gradle\caches\6.7.1\md-rule)" [_thread_blocked, id=13836, stack(0x000000464e000000,0x000000464e100000)]
  0x000001ad2d6df000 JavaThread "Cache worker for execution history cache (C:\Users\justine\.gradle\caches\6.7.1\executionHistory)" [_thread_blocked, id=12808, stack(0x000000464e100000,0x000000464e200000)]
  0x000001ad2d6d9000 JavaThread "Cache worker for file content cache (C:\Users\justine\.gradle\caches\6.7.1\fileContent)" [_thread_blocked, id=22080, stack(0x000000464e200000,0x000000464e300000)]
  0x000001ad2d6e1000 JavaThread "Cache worker for Build Output Cleanup Cache (C:\Users\justine\AndroidStudioProjects\IQCAPPLICATION\.gradle\buildOutputCleanup)" [_thread_blocked, id=8576, stack(0x000000464e300000,0x000000464e400000)]
  0x000001ad2d6df800 JavaThread "Build operations" [_thread_blocked, id=18276, stack(0x000000464e500000,0x000000464e600000)]
  0x000001ad2d6e2000 JavaThread "Build operations Thread 2" [_thread_blocked, id=18048, stack(0x000000464e600000,0x000000464e700000)]
  0x000001ad2d6e6000 JavaThread "Build operations Thread 3" [_thread_blocked, id=532, stack(0x000000464e700000,0x000000464e800000)]
  0x000001ad2d6e3000 JavaThread "Build operations Thread 4" [_thread_blocked, id=22164, stack(0x000000464e800000,0x000000464e900000)]
  0x000001ad2d6e0800 JavaThread "Build operations Thread 5" [_thread_blocked, id=7820, stack(0x000000464e900000,0x000000464ea00000)]
  0x000001ad2d6e7000 JavaThread "Build operations Thread 6" [_thread_blocked, id=22204, stack(0x000000464ea00000,0x000000464eb00000)]
  0x000001ad2d2c3800 JavaThread "Build operations Thread 7" [_thread_blocked, id=2984, stack(0x000000464eb00000,0x000000464ec00000)]
  0x000001ad2d2c5000 JavaThread "Build operations Thread 8" [_thread_blocked, id=17292, stack(0x000000464ec00000,0x000000464ed00000)]
  0x000001ad2d2c6000 JavaThread "jar transforms Thread 27" [_thread_blocked, id=21348, stack(0x000000464c200000,0x000000464c300000)]
  0x000001ad2d2c6800 JavaThread "jar transforms Thread 28" [_thread_blocked, id=3352, stack(0x000000464ed00000,0x000000464ee00000)]
  0x000001ad2d2c7800 JavaThread "jar transforms Thread 29" [_thread_blocked, id=12852, stack(0x000000464ee00000,0x000000464ef00000)]
  0x000001ad2d2c2000 JavaThread "jar transforms Thread 30" [_thread_blocked, id=16268, stack(0x000000464ef00000,0x000000464f000000)]
  0x000001ad2d2c8800 JavaThread "jar transforms Thread 31" [_thread_blocked, id=3688, stack(0x000000464f000000,0x000000464f100000)]
  0x000001ad2d2c2800 JavaThread "jar transforms Thread 32" [_thread_blocked, id=21616, stack(0x000000464f100000,0x000000464f200000)]
  0x000001ad2d2c9000 JavaThread "jar transforms Thread 33" [_thread_blocked, id=10252, stack(0x000000464f200000,0x000000464f300000)]
  0x000001ad2d2c4800 JavaThread "jar transforms Thread 34" [_thread_blocked, id=4924, stack(0x000000464f300000,0x000000464f400000)]
  0x000001ad2d2cf000 JavaThread "jar transforms Thread 35" [_thread_blocked, id=20604, stack(0x000000464f400000,0x000000464f500000)]
  0x000001ad2d2cb800 JavaThread "jar transforms Thread 36" [_thread_blocked, id=21228, stack(0x000000464f500000,0x000000464f600000)]
  0x000001ad2d2cf800 JavaThread "jar transforms Thread 37" [_thread_blocked, id=11556, stack(0x000000464f600000,0x000000464f700000)]
  0x000001ad2d2cd800 JavaThread "jar transforms Thread 38" [_thread_blocked, id=10760, stack(0x000000464f700000,0x000000464f800000)]
  0x000001ad2d2ca000 JavaThread "jar transforms Thread 39" [_thread_blocked, id=22404, stack(0x000000464f800000,0x000000464f900000)]
  0x000001ad2d2ce000 JavaThread "jar transforms Thread 40" [_thread_blocked, id=21720, stack(0x000000464f900000,0x000000464fa00000)]
  0x000001ad2d2d0800 JavaThread "jar transforms Thread 41" [_thread_blocked, id=13460, stack(0x000000464fa00000,0x000000464fb00000)]
  0x000001ad2d2cb000 JavaThread "jar transforms Thread 42" [_thread_blocked, id=2644, stack(0x000000464fb00000,0x000000464fc00000)]
  0x000001ad2d2cc800 JavaThread "jar transforms Thread 43" [_thread_blocked, id=6532, stack(0x000000464fc00000,0x000000464fd00000)]
  0x000001ad2d5e8000 JavaThread "jar transforms Thread 44" [_thread_blocked, id=1956, stack(0x000000464fd00000,0x000000464fe00000)]
  0x000001ad2d5e3000 JavaThread "jar transforms Thread 45" [_thread_blocked, id=11700, stack(0x000000464fe00000,0x000000464ff00000)]
  0x000001ad2d5e6800 JavaThread "jar transforms Thread 46" [_thread_blocked, id=148, stack(0x000000464ff00000,0x0000004650000000)]
  0x000001ad2d5e2000 JavaThread "jar transforms Thread 47" [_thread_blocked, id=15832, stack(0x0000004650000000,0x0000004650100000)]
  0x000001ad2d5e7000 JavaThread "jar transforms Thread 48" [_thread_blocked, id=16696, stack(0x0000004650100000,0x0000004650200000)]
  0x000001ad2d5e9000 JavaThread "jar transforms Thread 49" [_thread_blocked, id=13780, stack(0x0000004650200000,0x0000004650300000)]
  0x000001ad2d5e5800 JavaThread "jar transforms Thread 50" [_thread_blocked, id=22312, stack(0x0000004650300000,0x0000004650400000)]
  0x000001ad2d5e4000 JavaThread "jar transforms Thread 51" [_thread_blocked, id=20496, stack(0x0000004650400000,0x0000004650500000)]
  0x000001ad2d5e9800 JavaThread "jar transforms Thread 52" [_thread_blocked, id=20112, stack(0x0000004650500000,0x0000004650600000)]
  0x000001ad2d5ea800 JavaThread "jar transforms Thread 53" [_thread_blocked, id=11052, stack(0x0000004650600000,0x0000004650700000)]
  0x000001ad2d5e4800 JavaThread "jar transforms Thread 54" [_thread_blocked, id=16548, stack(0x0000004650700000,0x0000004650800000)]
  0x000001ad2d5f0000 JavaThread "jar transforms Thread 55" [_thread_blocked, id=12236, stack(0x0000004650800000,0x0000004650900000)]
  0x000001ad2d5ec000 JavaThread "jar transforms Thread 56" [_thread_blocked, id=8532, stack(0x0000004650900000,0x0000004650a00000)]
  0x000001ad2d5ef800 JavaThread "jar transforms Thread 57" [_thread_blocked, id=17172, stack(0x0000004650a00000,0x0000004650b00000)]
  0x000001ad2d5ed800 JavaThread "jar transforms Thread 58" [_thread_blocked, id=13668, stack(0x0000004650b00000,0x0000004650c00000)]
  0x000001ad2d5f1000 JavaThread "jar transforms Thread 59" [_thread_blocked, id=15572, stack(0x0000004650c00000,0x0000004650d00000)]
  0x000001ad2d5ee800 JavaThread "jar transforms Thread 60" [_thread_blocked, id=10780, stack(0x0000004650d00000,0x0000004650e00000)]
  0x000001ad2d5eb000 JavaThread "jar transforms Thread 61" [_thread_blocked, id=3344, stack(0x0000004650e00000,0x0000004650f00000)]
  0x000001ad2d5ed000 JavaThread "jar transforms Thread 62" [_thread_blocked, id=16160, stack(0x0000004650f00000,0x0000004651000000)]
  0x000001ad2a408000 JavaThread "jar transforms Thread 63" [_thread_blocked, id=20372, stack(0x0000004651000000,0x0000004651100000)]
  0x000001ad2a405000 JavaThread "jar transforms Thread 64" [_thread_blocked, id=17876, stack(0x0000004651100000,0x0000004651200000)]
  0x000001ad2a409000 JavaThread "jar transforms Thread 65" [_thread_blocked, id=19432, stack(0x0000004651200000,0x0000004651300000)]
  0x000001ad2a405800 JavaThread "jar transforms Thread 66" [_thread_blocked, id=16552, stack(0x0000004651300000,0x0000004651400000)]
  0x000001ad2a403000 JavaThread "jar transforms Thread 67" [_thread_blocked, id=5900, stack(0x0000004651400000,0x0000004651500000)]
  0x000001ad2a409800 JavaThread "jar transforms Thread 68" [_thread_blocked, id=9384, stack(0x0000004651500000,0x0000004651600000)]
  0x000001ad2a406800 JavaThread "jar transforms Thread 69" [_thread_blocked, id=13512, stack(0x0000004651600000,0x0000004651700000)]
  0x000001ad2a407000 JavaThread "jar transforms Thread 70" [_thread_blocked, id=6704, stack(0x0000004651700000,0x0000004651800000)]
  0x000001ad2a404000 JavaThread "jar transforms Thread 71" [_thread_blocked, id=8648, stack(0x0000004651800000,0x0000004651900000)]
  0x000001ad2a40c000 JavaThread "jar transforms Thread 72" [_thread_blocked, id=6520, stack(0x0000004651900000,0x0000004651a00000)]
  0x000001ad2a40f800 JavaThread "jar transforms Thread 73" [_thread_blocked, id=10752, stack(0x0000004651a00000,0x0000004651b00000)]
  0x000001ad2a410000 JavaThread "jar transforms Thread 74" [_thread_blocked, id=19884, stack(0x0000004651b00000,0x0000004651c00000)]
  0x000001ad2a40e000 JavaThread "jar transforms Thread 75" [_thread_blocked, id=14492, stack(0x0000004651c00000,0x0000004651d00000)]
  0x000001ad2a40a800 JavaThread "jar transforms Thread 76" [_thread_blocked, id=12156, stack(0x0000004651d00000,0x0000004651e00000)]
  0x000001ad2a40d000 JavaThread "jar transforms Thread 77" [_thread_blocked, id=11620, stack(0x0000004651e00000,0x0000004651f00000)]
  0x000001ad2a40e800 JavaThread "jar transforms Thread 78" [_thread_blocked, id=12136, stack(0x0000004651f00000,0x0000004652000000)]
  0x000001ad2a411000 JavaThread "jar transforms Thread 79" [_thread_blocked, id=17716, stack(0x0000004652000000,0x0000004652100000)]
  0x000001ad2a40b800 JavaThread "jar transforms Thread 80" [_thread_blocked, id=332, stack(0x0000004652100000,0x0000004652200000)]
  0x000001ad2a412000 JavaThread "jar transforms Thread 81" [_thread_blocked, id=15264, stack(0x0000004652200000,0x0000004652300000)]
  0x000001ad2e2e8800 JavaThread "jar transforms Thread 82" [_thread_blocked, id=14180, stack(0x0000004652300000,0x0000004652400000)]
  0x000001ad2e2ee800 JavaThread "jar transforms Thread 83" [_thread_blocked, id=17580, stack(0x0000004652400000,0x0000004652500000)]
  0x000001ad2e2ed800 JavaThread "jar transforms Thread 84" [_thread_blocked, id=13636, stack(0x0000004652500000,0x0000004652600000)]
  0x000001ad2e2e9800 JavaThread "jar transforms Thread 85" [_thread_blocked, id=16896, stack(0x0000004652600000,0x0000004652700000)]
  0x000001ad2e2ea800 JavaThread "jar transforms Thread 86" [_thread_blocked, id=18328, stack(0x0000004652700000,0x0000004652800000)]
  0x000001ad2e2ef800 JavaThread "jar transforms Thread 87" [_thread_blocked, id=20280, stack(0x0000004652800000,0x0000004652900000)]
  0x000001ad2e2f0000 JavaThread "jar transforms Thread 88" [_thread_blocked, id=17912, stack(0x0000004652900000,0x0000004652a00000)]
  0x000001ad2e2f1000 JavaThread "jar transforms Thread 89" [_thread_blocked, id=10880, stack(0x0000004652a00000,0x0000004652b00000)]
  0x000001ad2e2ec000 JavaThread "jar transforms Thread 90" [_thread_blocked, id=21776, stack(0x0000004652b00000,0x0000004652c00000)]
  0x000001ad2e2eb000 JavaThread "jar transforms Thread 91" [_thread_blocked, id=21332, stack(0x0000004652c00000,0x0000004652d00000)]
  0x000001ad2e2f1800 JavaThread "jar transforms Thread 92" [_thread_blocked, id=18752, stack(0x0000004652d00000,0x0000004652e00000)]
  0x000001ad2e2f2800 JavaThread "jar transforms Thread 93" [_thread_blocked, id=6040, stack(0x0000004652e00000,0x0000004652f00000)]
  0x000001ad2e2ed000 JavaThread "jar transforms Thread 94" [_thread_blocked, id=8896, stack(0x0000004652f00000,0x0000004653000000)]
  0x000001ad2e2f6000 JavaThread "jar transforms Thread 95" [_thread_blocked, id=16752, stack(0x0000004653000000,0x0000004653100000)]
  0x000001ad2e2f7800 JavaThread "jar transforms Thread 96" [_thread_blocked, id=15800, stack(0x0000004653100000,0x0000004653200000)]
  0x000001ad2e2f6800 JavaThread "jar transforms Thread 97" [_thread_blocked, id=19764, stack(0x0000004653200000,0x0000004653300000)]
  0x000001ad2aa09000 JavaThread "C2 CompilerThread1" daemon [_thread_in_native, id=13040, stack(0x0000004653300000,0x0000004653400000)]
  0x000001ad2a4f2000 JavaThread "C2 CompilerThread2" daemon [_thread_in_native, id=12032, stack(0x0000004653600000,0x0000004653700000)]

Other Threads:
  0x000001ad289a0800 VMThread "VM Thread" [stack: 0x000000464a000000,0x000000464a100000] [id=21740]
  0x000001ad28baa800 WatcherThread [stack: 0x000000464aa00000,0x000000464ab00000] [id=8056]
  0x000001ad0dca7000 GCTaskThread "GC Thread#0" [stack: 0x0000004649b00000,0x0000004649c00000] [id=11244]
  0x000001ad298f8800 GCTaskThread "GC Thread#1" [stack: 0x000000464ac00000,0x000000464ad00000] [id=15088]
  0x000001ad29817000 GCTaskThread "GC Thread#2" [stack: 0x000000464ad00000,0x000000464ae00000] [id=21260]
  0x000001ad2976a000 GCTaskThread "GC Thread#3" [stack: 0x000000464ae00000,0x000000464af00000] [id=7428]
  0x000001ad2976b000 GCTaskThread "GC Thread#4" [stack: 0x000000464af00000,0x000000464b000000] [id=17372]
  0x000001ad298e1000 GCTaskThread "GC Thread#5" [stack: 0x000000464b000000,0x000000464b100000] [id=21864]
  0x000001ad2ac94800 GCTaskThread "GC Thread#6" [stack: 0x000000464bf00000,0x000000464c000000] [id=5796]
  0x000001ad2aa8d800 GCTaskThread "GC Thread#7" [stack: 0x000000464c000000,0x000000464c100000] [id=17272]
  0x000001ad0dcdc000 ConcurrentGCThread "G1 Main Marker" [stack: 0x0000004649c00000,0x0000004649d00000] [id=17200]
  0x000001ad0dcdf000 ConcurrentGCThread "G1 Conc#0" [stack: 0x0000004649d00000,0x0000004649e00000] [id=8584]
  0x000001ad2a35a800 ConcurrentGCThread "G1 Conc#1" [stack: 0x000000464c100000,0x000000464c200000] [id=9724]
  0x000001ad27fed800 ConcurrentGCThread "G1 Refine#0" [stack: 0x0000004649e00000,0x0000004649f00000] [id=21820]
  0x000001ad2a374000 ConcurrentGCThread "G1 Refine#1" [stack: 0x000000464e400000,0x000000464e500000] [id=17952]
  0x000001ad2aa2f800 ConcurrentGCThread "G1 Refine#2" [stack: 0x0000004653400000,0x0000004653500000] [id=12252]
  0x000001ad30cf7000 ConcurrentGCThread "G1 Refine#3" [stack: 0x0000004653500000,0x0000004653600000] [id=7256]
  0x000001ad27ff2800 ConcurrentGCThread "G1 Young RemSet Sampling" [stack: 0x0000004649f00000,0x000000464a000000] [id=19712]

Threads with active compile tasks:
C2 CompilerThread0  10706 5197       4       org.objectweb.asm.SymbolTable::addConstantMemberReference (147 bytes)
C1 CompilerThread0  10707 5434       3       java.util.TreeMap$KeySet::iterator (32 bytes)
C2 CompilerThread1  10707 5305   !   4       com.google.common.reflect.TypeVisitor::visit (225 bytes)
C2 CompilerThread2  10707 5370       4       org.objectweb.asm.SymbolTable::addConstantUtf8 (98 bytes)

VM state:not at safepoint (normal execution)

VM Mutex/Monitor currently owned by a thread: None

Heap address: 0x0000000080000000, size: 2048 MB, Compressed Oops mode: 32-bit
Narrow klass base: 0x0000000000000000, Narrow klass shift: 3
Compressed class space size: 1073741824 Address: 0x0000000100000000

Heap:
 garbage-first heap   total 256000K, used 99216K [0x0000000080000000, 0x0000000100000000)
  region size 1024K, 52 young (53248K), 16 survivors (16384K)
 Metaspace       used 56611K, capacity 58221K, committed 58364K, reserved 1099776K
  class space    used 7218K, capacity 7749K, committed 7808K, reserved 1048576K
Heap Regions: E=young(eden), S=young(survivor), O=old, HS=humongous(starts), HC=humongous(continues), CS=collection set, F=free, A=archive, TAMS=top-at-mark-start (previous, next)
|   0|0x0000000080000000, 0x0000000080100000, 0x0000000080100000|100%| O|  |TAMS 0x0000000080100000, 0x0000000080000000| Untracked 
|   1|0x0000000080100000, 0x0000000080200000, 0x0000000080200000|100%| O|  |TAMS 0x0000000080200000, 0x0000000080100000| Untracked 
|   2|0x0000000080200000, 0x0000000080300000, 0x0000000080300000|100%| O|  |TAMS 0x0000000080300000, 0x0000000080200000| Untracked 
|   3|0x0000000080300000, 0x0000000080400000, 0x0000000080400000|100%|HS|  |TAMS 0x0000000080400000, 0x0000000080300000| Complete 
|   4|0x0000000080400000, 0x0000000080500000, 0x0000000080500000|100%|HC|  |TAMS 0x0000000080500000, 0x0000000080400000| Complete 
|   5|0x0000000080500000, 0x0000000080600000, 0x0000000080600000|100%|HC|  |TAMS 0x0000000080600000, 0x0000000080500000| Complete 
|   6|0x0000000080600000, 0x0000000080700000, 0x0000000080700000|100%| O|  |TAMS 0x0000000080700000, 0x0000000080600000| Untracked 
|   7|0x0000000080700000, 0x0000000080800000, 0x0000000080800000|100%| O|  |TAMS 0x0000000080800000, 0x0000000080700000| Untracked 
|   8|0x0000000080800000, 0x0000000080900000, 0x0000000080900000|100%| O|  |TAMS 0x0000000080900000, 0x0000000080800000| Untracked 
|   9|0x0000000080900000, 0x0000000080a00000, 0x0000000080a00000|100%| O|  |TAMS 0x0000000080a00000, 0x0000000080900000| Untracked 
|  10|0x0000000080a00000, 0x0000000080b00000, 0x0000000080b00000|100%| O|  |TAMS 0x0000000080b00000, 0x0000000080a00000| Untracked 
|  11|0x0000000080b00000, 0x0000000080c00000, 0x0000000080c00000|100%| O|  |TAMS 0x0000000080c00000, 0x0000000080b00000| Untracked 
|  12|0x0000000080c00000, 0x0000000080d00000, 0x0000000080d00000|100%| O|  |TAMS 0x0000000080d00000, 0x0000000080c00000| Untracked 
|  13|0x0000000080d00000, 0x0000000080e00000, 0x0000000080e00000|100%| O|  |TAMS 0x0000000080e00000, 0x0000000080d00000| Untracked 
|  14|0x0000000080e00000, 0x0000000080f00000, 0x0000000080f00000|100%| O|  |TAMS 0x0000000080f00000, 0x0000000080e00000| Untracked 
|  15|0x0000000080f00000, 0x0000000081000000, 0x0000000081000000|100%| O|  |TAMS 0x0000000081000000, 0x0000000080f00000| Untracked 
|  16|0x0000000081000000, 0x0000000081100000, 0x0000000081100000|100%| O|  |TAMS 0x000000008100ca00, 0x0000000081000000| Untracked 
|  17|0x0000000081100000, 0x0000000081200000, 0x0000000081200000|100%|HS|  |TAMS 0x0000000081200000, 0x0000000081100000| Complete 
|  18|0x0000000081200000, 0x0000000081300000, 0x0000000081300000|100%|HC|  |TAMS 0x0000000081300000, 0x0000000081200000| Complete 
|  19|0x0000000081300000, 0x0000000081400000, 0x0000000081400000|100%|HS|  |TAMS 0x0000000081400000, 0x0000000081300000| Complete 
|  20|0x0000000081400000, 0x0000000081500000, 0x0000000081500000|100%|HC|  |TAMS 0x0000000081500000, 0x0000000081400000| Complete 
|  21|0x0000000081500000, 0x0000000081600000, 0x0000000081600000|100%|HC|  |TAMS 0x0000000081600000, 0x0000000081500000| Complete 
|  22|0x0000000081600000, 0x0000000081700000, 0x0000000081700000|100%|HS|  |TAMS 0x0000000081700000, 0x0000000081600000| Complete 
|  23|0x0000000081700000, 0x0000000081800000, 0x0000000081800000|100%|HC|  |TAMS 0x0000000081800000, 0x0000000081700000| Complete 
|  24|0x0000000081800000, 0x0000000081900000, 0x0000000081900000|100%|HC|  |TAMS 0x0000000081900000, 0x0000000081800000| Complete 
|  25|0x0000000081900000, 0x0000000081a00000, 0x0000000081a00000|100%|HC|  |TAMS 0x0000000081a00000, 0x0000000081900000| Complete 
|  26|0x0000000081a00000, 0x0000000081b00000, 0x0000000081b00000|100%|HS|  |TAMS 0x0000000081a00000, 0x0000000081a00000| Complete 
|  27|0x0000000081b00000, 0x0000000081c00000, 0x0000000081c00000|100%|HS|  |TAMS 0x0000000081b00000, 0x0000000081b00000| Complete 
|  28|0x0000000081c00000, 0x0000000081d00000, 0x0000000081d00000|100%|HC|  |TAMS 0x0000000081c00000, 0x0000000081c00000| Complete 
|  29|0x0000000081d00000, 0x0000000081e00000, 0x0000000081e00000|100%|HS|  |TAMS 0x0000000081d00000, 0x0000000081d00000| Complete 
|  30|0x0000000081e00000, 0x0000000081f00000, 0x0000000081f00000|100%|HC|  |TAMS 0x0000000081e00000, 0x0000000081e00000| Complete 
|  31|0x0000000081f00000, 0x0000000082000000, 0x0000000082000000|100%|HC|  |TAMS 0x0000000081f00000, 0x0000000081f00000| Complete 
|  32|0x0000000082000000, 0x0000000082100000, 0x0000000082100000|100%| O|  |TAMS 0x0000000082000000, 0x0000000082000000| Untracked 
|  33|0x0000000082100000, 0x0000000082200000, 0x0000000082200000|100%|HS|  |TAMS 0x0000000082100000, 0x0000000082100000| Complete 
|  34|0x0000000082200000, 0x0000000082300000, 0x0000000082300000|100%|HC|  |TAMS 0x0000000082200000, 0x0000000082200000| Complete 
|  35|0x0000000082300000, 0x0000000082400000, 0x0000000082400000|100%|HC|  |TAMS 0x0000000082300000, 0x0000000082300000| Complete 
|  36|0x0000000082400000, 0x0000000082500000, 0x0000000082500000|100%|HC|  |TAMS 0x0000000082400000, 0x0000000082400000| Complete 
|  37|0x0000000082500000, 0x0000000082600000, 0x0000000082600000|100%| O|  |TAMS 0x0000000082500000, 0x0000000082500000| Untracked 
|  38|0x0000000082600000, 0x0000000082700000, 0x0000000082700000|100%| O|  |TAMS 0x0000000082600000, 0x0000000082600000| Untracked 
|  39|0x0000000082700000, 0x0000000082800000, 0x0000000082800000|100%| O|  |TAMS 0x0000000082700000, 0x0000000082700000| Untracked 
|  40|0x0000000082800000, 0x0000000082900000, 0x0000000082900000|100%| O|  |TAMS 0x0000000082800000, 0x0000000082800000| Untracked 
|  41|0x0000000082900000, 0x0000000082a00000, 0x0000000082a00000|100%| O|  |TAMS 0x0000000082900000, 0x0000000082900000| Untracked 
|  42|0x0000000082a00000, 0x0000000082b00000, 0x0000000082b00000|100%| O|  |TAMS 0x0000000082a00000, 0x0000000082a00000| Untracked 
|  43|0x0000000082b00000, 0x0000000082c00000, 0x0000000082c00000|100%| O|  |TAMS 0x0000000082b00000, 0x0000000082b00000| Untracked 
|  44|0x0000000082c00000, 0x0000000082d00000, 0x0000000082d00000|100%| O|  |TAMS 0x0000000082c00000, 0x0000000082c00000| Untracked 
|  45|0x0000000082d00000, 0x0000000082de4200, 0x0000000082e00000| 89%| O|  |TAMS 0x0000000082d00000, 0x0000000082d00000| Untracked 
|  46|0x0000000082e00000, 0x0000000082e00000, 0x0000000082f00000|  0%| F|  |TAMS 0x0000000082e00000, 0x0000000082e00000| Untracked 
|  47|0x0000000082f00000, 0x0000000082f00000, 0x0000000083000000|  0%| F|  |TAMS 0x0000000082f00000, 0x0000000082f00000| Untracked 
|  48|0x0000000083000000, 0x0000000083000000, 0x0000000083100000|  0%| F|  |TAMS 0x0000000083000000, 0x0000000083000000| Untracked 
|  49|0x0000000083100000, 0x0000000083100000, 0x0000000083200000|  0%| F|  |TAMS 0x0000000083100000, 0x0000000083100000| Untracked 
|  50|0x0000000083200000, 0x0000000083200000, 0x0000000083300000|  0%| F|  |TAMS 0x0000000083200000, 0x0000000083200000| Untracked 
|  51|0x0000000083300000, 0x0000000083300000, 0x0000000083400000|  0%| F|  |TAMS 0x0000000083300000, 0x0000000083300000| Untracked 
|  52|0x0000000083400000, 0x0000000083400000, 0x0000000083500000|  0%| F|  |TAMS 0x0000000083400000, 0x0000000083400000| Untracked 
|  53|0x0000000083500000, 0x0000000083500000, 0x0000000083600000|  0%| F|  |TAMS 0x0000000083500000, 0x0000000083500000| Untracked 
|  54|0x0000000083600000, 0x0000000083600000, 0x0000000083700000|  0%| F|  |TAMS 0x0000000083600000, 0x0000000083600000| Untracked 
|  55|0x0000000083700000, 0x0000000083700000, 0x0000000083800000|  0%| F|  |TAMS 0x0000000083700000, 0x0000000083700000| Untracked 
|  56|0x0000000083800000, 0x0000000083800000, 0x0000000083900000|  0%| F|  |TAMS 0x0000000083800000, 0x0000000083800000| Untracked 
|  57|0x0000000083900000, 0x0000000083900000, 0x0000000083a00000|  0%| F|  |TAMS 0x0000000083900000, 0x0000000083900000| Untracked 
|  58|0x0000000083a00000, 0x0000000083a00000, 0x0000000083b00000|  0%| F|  |TAMS 0x0000000083a00000, 0x0000000083a00000| Untracked 
|  59|0x0000000083b00000, 0x0000000083b00000, 0x0000000083c00000|  0%| F|  |TAMS 0x0000000083b00000, 0x0000000083b00000| Untracked 
|  60|0x0000000083c00000, 0x0000000083c00000, 0x0000000083d00000|  0%| F|  |TAMS 0x0000000083c00000, 0x0000000083c00000| Untracked 
|  61|0x0000000083d00000, 0x0000000083d00000, 0x0000000083e00000|  0%| F|  |TAMS 0x0000000083d00000, 0x0000000083d00000| Untracked 
|  62|0x0000000083e00000, 0x0000000083e00000, 0x0000000083f00000|  0%| F|  |TAMS 0x0000000083e00000, 0x0000000083e00000| Untracked 
|  63|0x0000000083f00000, 0x0000000083f00000, 0x0000000084000000|  0%| F|  |TAMS 0x0000000083f00000, 0x0000000083f00000| Untracked 
|  64|0x0000000084000000, 0x0000000084000000, 0x0000000084100000|  0%| F|  |TAMS 0x0000000084000000, 0x0000000084000000| Untracked 
|  65|0x0000000084100000, 0x0000000084100000, 0x0000000084200000|  0%| F|  |TAMS 0x0000000084100000, 0x0000000084100000| Untracked 
|  66|0x0000000084200000, 0x0000000084200000, 0x0000000084300000|  0%| F|  |TAMS 0x0000000084200000, 0x0000000084200000| Untracked 
|  67|0x0000000084300000, 0x0000000084300000, 0x0000000084400000|  0%| F|  |TAMS 0x0000000084300000, 0x0000000084300000| Untracked 
|  68|0x0000000084400000, 0x0000000084400000, 0x0000000084500000|  0%| F|  |TAMS 0x0000000084400000, 0x0000000084400000| Untracked 
|  69|0x0000000084500000, 0x0000000084500000, 0x0000000084600000|  0%| F|  |TAMS 0x0000000084500000, 0x0000000084500000| Untracked 
|  70|0x0000000084600000, 0x0000000084600000, 0x0000000084700000|  0%| F|  |TAMS 0x0000000084600000, 0x0000000084600000| Untracked 
|  71|0x0000000084700000, 0x0000000084700000, 0x0000000084800000|  0%| F|  |TAMS 0x0000000084700000, 0x0000000084700000| Untracked 
|  72|0x0000000084800000, 0x0000000084800000, 0x0000000084900000|  0%| F|  |TAMS 0x0000000084800000, 0x0000000084800000| Untracked 
|  73|0x0000000084900000, 0x0000000084900000, 0x0000000084a00000|  0%| F|  |TAMS 0x0000000084900000, 0x0000000084900000| Untracked 
|  74|0x0000000084a00000, 0x0000000084a00000, 0x0000000084b00000|  0%| F|  |TAMS 0x0000000084a00000, 0x0000000084a00000| Untracked 
|  75|0x0000000084b00000, 0x0000000084b00000, 0x0000000084c00000|  0%| F|  |TAMS 0x0000000084b00000, 0x0000000084b00000| Untracked 
|  76|0x0000000084c00000, 0x0000000084c00000, 0x0000000084d00000|  0%| F|  |TAMS 0x0000000084c00000, 0x0000000084c00000| Untracked 
|  77|0x0000000084d00000, 0x0000000084d00000, 0x0000000084e00000|  0%| F|  |TAMS 0x0000000084d00000, 0x0000000084d00000| Untracked 
|  78|0x0000000084e00000, 0x0000000084e00000, 0x0000000084f00000|  0%| F|  |TAMS 0x0000000084e00000, 0x0000000084e00000| Untracked 
|  79|0x0000000084f00000, 0x0000000084f00000, 0x0000000085000000|  0%| F|  |TAMS 0x0000000084f00000, 0x0000000084f00000| Untracked 
|  80|0x0000000085000000, 0x0000000085000000, 0x0000000085100000|  0%| F|  |TAMS 0x0000000085000000, 0x0000000085000000| Untracked 
|  81|0x0000000085100000, 0x0000000085100000, 0x0000000085200000|  0%| F|  |TAMS 0x0000000085100000, 0x0000000085100000| Untracked 
|  82|0x0000000085200000, 0x0000000085200000, 0x0000000085300000|  0%| F|  |TAMS 0x0000000085200000, 0x0000000085200000| Untracked 
|  83|0x0000000085300000, 0x0000000085300000, 0x0000000085400000|  0%| F|  |TAMS 0x0000000085300000, 0x0000000085300000| Untracked 
|  84|0x0000000085400000, 0x0000000085400000, 0x0000000085500000|  0%| F|  |TAMS 0x0000000085400000, 0x0000000085400000| Untracked 
|  85|0x0000000085500000, 0x0000000085500000, 0x0000000085600000|  0%| F|  |TAMS 0x0000000085500000, 0x0000000085500000| Untracked 
|  86|0x0000000085600000, 0x0000000085600000, 0x0000000085700000|  0%| F|  |TAMS 0x0000000085600000, 0x0000000085600000| Untracked 
|  87|0x0000000085700000, 0x0000000085700000, 0x0000000085800000|  0%| F|  |TAMS 0x0000000085700000, 0x0000000085700000| Untracked 
|  88|0x0000000085800000, 0x0000000085800000, 0x0000000085900000|  0%| F|  |TAMS 0x0000000085800000, 0x0000000085800000| Untracked 
|  89|0x0000000085900000, 0x0000000085900000, 0x0000000085a00000|  0%| F|  |TAMS 0x0000000085900000, 0x0000000085900000| Untracked 
|  90|0x0000000085a00000, 0x0000000085a00000, 0x0000000085b00000|  0%| F|  |TAMS 0x0000000085a00000, 0x0000000085a00000| Untracked 
|  91|0x0000000085b00000, 0x0000000085b00000, 0x0000000085c00000|  0%| F|  |TAMS 0x0000000085b00000, 0x0000000085b00000| Untracked 
|  92|0x0000000085c00000, 0x0000000085c00000, 0x0000000085d00000|  0%| F|  |TAMS 0x0000000085c00000, 0x0000000085c00000| Untracked 
|  93|0x0000000085d00000, 0x0000000085d00000, 0x0000000085e00000|  0%| F|  |TAMS 0x0000000085d00000, 0x0000000085d00000| Untracked 
|  94|0x0000000085e00000, 0x0000000085e00000, 0x0000000085f00000|  0%| F|  |TAMS 0x0000000085e00000, 0x0000000085e00000| Untracked 
|  95|0x0000000085f00000, 0x0000000085f00000, 0x0000000086000000|  0%| F|  |TAMS 0x0000000085f00000, 0x0000000085f00000| Untracked 
|  96|0x0000000086000000, 0x0000000086000000, 0x0000000086100000|  0%| F|  |TAMS 0x0000000086000000, 0x0000000086000000| Untracked 
|  97|0x0000000086100000, 0x0000000086100000, 0x0000000086200000|  0%| F|  |TAMS 0x0000000086100000, 0x0000000086100000| Untracked 
|  98|0x0000000086200000, 0x0000000086200000, 0x0000000086300000|  0%| F|  |TAMS 0x0000000086200000, 0x0000000086200000| Untracked 
|  99|0x0000000086300000, 0x0000000086300000, 0x0000000086400000|  0%| F|  |TAMS 0x0000000086300000, 0x0000000086300000| Untracked 
| 100|0x0000000086400000, 0x0000000086400000, 0x0000000086500000|  0%| F|  |TAMS 0x0000000086400000, 0x0000000086400000| Untracked 
| 101|0x0000000086500000, 0x0000000086500000, 0x0000000086600000|  0%| F|  |TAMS 0x0000000086500000, 0x0000000086500000| Untracked 
| 102|0x0000000086600000, 0x0000000086600000, 0x0000000086700000|  0%| F|  |TAMS 0x0000000086600000, 0x0000000086600000| Untracked 
| 103|0x0000000086700000, 0x0000000086700000, 0x0000000086800000|  0%| F|  |TAMS 0x0000000086700000, 0x0000000086700000| Untracked 
| 104|0x0000000086800000, 0x0000000086800000, 0x0000000086900000|  0%| F|  |TAMS 0x0000000086800000, 0x0000000086800000| Untracked 
| 105|0x0000000086900000, 0x0000000086900000, 0x0000000086a00000|  0%| F|  |TAMS 0x0000000086900000, 0x0000000086900000| Untracked 
| 106|0x0000000086a00000, 0x0000000086a00000, 0x0000000086b00000|  0%| F|  |TAMS 0x0000000086a00000, 0x0000000086a00000| Untracked 
| 107|0x0000000086b00000, 0x0000000086b00000, 0x0000000086c00000|  0%| F|  |TAMS 0x0000000086b00000, 0x0000000086b00000| Untracked 
| 108|0x0000000086c00000, 0x0000000086c00000, 0x0000000086d00000|  0%| F|  |TAMS 0x0000000086c00000, 0x0000000086c00000| Untracked 
| 109|0x0000000086d00000, 0x0000000086d00000, 0x0000000086e00000|  0%| F|  |TAMS 0x0000000086d00000, 0x0000000086d00000| Untracked 
| 110|0x0000000086e00000, 0x0000000086e00000, 0x0000000086f00000|  0%| F|  |TAMS 0x0000000086e00000, 0x0000000086e00000| Untracked 
| 111|0x0000000086f00000, 0x0000000086f00000, 0x0000000087000000|  0%| F|  |TAMS 0x0000000086f00000, 0x0000000086f00000| Untracked 
| 112|0x0000000087000000, 0x0000000087100000, 0x0000000087100000|100%| S|CS|TAMS 0x0000000087000000, 0x0000000087000000| Complete 
| 113|0x0000000087100000, 0x0000000087200000, 0x0000000087200000|100%| S|CS|TAMS 0x0000000087100000, 0x0000000087100000| Complete 
| 114|0x0000000087200000, 0x0000000087300000, 0x0000000087300000|100%| S|CS|TAMS 0x0000000087200000, 0x0000000087200000| Complete 
| 115|0x0000000087300000, 0x0000000087400000, 0x0000000087400000|100%| S|CS|TAMS 0x0000000087300000, 0x0000000087300000| Complete 
| 116|0x0000000087400000, 0x0000000087500000, 0x0000000087500000|100%| S|CS|TAMS 0x0000000087400000, 0x0000000087400000| Complete 
| 117|0x0000000087500000, 0x0000000087600000, 0x0000000087600000|100%| S|CS|TAMS 0x0000000087500000, 0x0000000087500000| Complete 
| 118|0x0000000087600000, 0x0000000087700000, 0x0000000087700000|100%| S|CS|TAMS 0x0000000087600000, 0x0000000087600000| Complete 
| 119|0x0000000087700000, 0x0000000087800000, 0x0000000087800000|100%| S|CS|TAMS 0x0000000087700000, 0x0000000087700000| Complete 
| 120|0x0000000087800000, 0x0000000087900000, 0x0000000087900000|100%| S|CS|TAMS 0x0000000087800000, 0x0000000087800000| Complete 
| 121|0x0000000087900000, 0x0000000087a00000, 0x0000000087a00000|100%| S|CS|TAMS 0x0000000087900000, 0x0000000087900000| Complete 
| 122|0x0000000087a00000, 0x0000000087b00000, 0x0000000087b00000|100%| S|CS|TAMS 0x0000000087a00000, 0x0000000087a00000| Complete 
| 123|0x0000000087b00000, 0x0000000087c00000, 0x0000000087c00000|100%| S|CS|TAMS 0x0000000087b00000, 0x0000000087b00000| Complete 
| 124|0x0000000087c00000, 0x0000000087d00000, 0x0000000087d00000|100%| S|CS|TAMS 0x0000000087c00000, 0x0000000087c00000| Complete 
| 125|0x0000000087d00000, 0x0000000087e00000, 0x0000000087e00000|100%| S|CS|TAMS 0x0000000087d00000, 0x0000000087d00000| Complete 
| 126|0x0000000087e00000, 0x0000000087f00000, 0x0000000087f00000|100%| S|CS|TAMS 0x0000000087e00000, 0x0000000087e00000| Complete 
| 127|0x0000000087f00000, 0x0000000088000000, 0x0000000088000000|100%| S|CS|TAMS 0x0000000087f00000, 0x0000000087f00000| Complete 
| 128|0x0000000088000000, 0x0000000088000000, 0x0000000088100000|  0%| F|  |TAMS 0x0000000088000000, 0x0000000088000000| Untracked 
| 129|0x0000000088100000, 0x0000000088100000, 0x0000000088200000|  0%| F|  |TAMS 0x0000000088100000, 0x0000000088100000| Untracked 
| 130|0x0000000088200000, 0x0000000088200000, 0x0000000088300000|  0%| F|  |TAMS 0x0000000088200000, 0x0000000088200000| Untracked 
| 131|0x0000000088300000, 0x0000000088300000, 0x0000000088400000|  0%| F|  |TAMS 0x0000000088300000, 0x0000000088300000| Untracked 
| 132|0x0000000088400000, 0x0000000088400000, 0x0000000088500000|  0%| F|  |TAMS 0x0000000088400000, 0x0000000088400000| Untracked 
| 133|0x0000000088500000, 0x0000000088500000, 0x0000000088600000|  0%| F|  |TAMS 0x0000000088500000, 0x0000000088500000| Untracked 
| 134|0x0000000088600000, 0x0000000088600000, 0x0000000088700000|  0%| F|  |TAMS 0x0000000088600000, 0x0000000088600000| Untracked 
| 135|0x0000000088700000, 0x0000000088700000, 0x0000000088800000|  0%| F|  |TAMS 0x0000000088700000, 0x0000000088700000| Untracked 
| 136|0x0000000088800000, 0x0000000088800000, 0x0000000088900000|  0%| F|  |TAMS 0x0000000088800000, 0x0000000088800000| Untracked 
| 137|0x0000000088900000, 0x0000000088900000, 0x0000000088a00000|  0%| F|  |TAMS 0x0000000088900000, 0x0000000088900000| Untracked 
| 138|0x0000000088a00000, 0x0000000088a00000, 0x0000000088b00000|  0%| F|  |TAMS 0x0000000088a00000, 0x0000000088a00000| Untracked 
| 139|0x0000000088b00000, 0x0000000088b00000, 0x0000000088c00000|  0%| F|  |TAMS 0x0000000088b00000, 0x0000000088b00000| Untracked 
| 140|0x0000000088c00000, 0x0000000088c00000, 0x0000000088d00000|  0%| F|  |TAMS 0x0000000088c00000, 0x0000000088c00000| Untracked 
| 141|0x0000000088d00000, 0x0000000088d00000, 0x0000000088e00000|  0%| F|  |TAMS 0x0000000088d00000, 0x0000000088d00000| Untracked 
| 142|0x0000000088e00000, 0x0000000088e00000, 0x0000000088f00000|  0%| F|  |TAMS 0x0000000088e00000, 0x0000000088e00000| Untracked 
| 143|0x0000000088f00000, 0x0000000088f00000, 0x0000000089000000|  0%| F|  |TAMS 0x0000000088f00000, 0x0000000088f00000| Untracked 
| 144|0x0000000089000000, 0x0000000089000000, 0x0000000089100000|  0%| F|  |TAMS 0x0000000089000000, 0x0000000089000000| Untracked 
| 145|0x0000000089100000, 0x0000000089100000, 0x0000000089200000|  0%| F|  |TAMS 0x0000000089100000, 0x0000000089100000| Untracked 
| 146|0x0000000089200000, 0x0000000089200000, 0x0000000089300000|  0%| F|  |TAMS 0x0000000089200000, 0x0000000089200000| Untracked 
| 147|0x0000000089300000, 0x0000000089300000, 0x0000000089400000|  0%| F|  |TAMS 0x0000000089300000, 0x0000000089300000| Untracked 
| 148|0x0000000089400000, 0x0000000089400000, 0x0000000089500000|  0%| F|  |TAMS 0x0000000089400000, 0x0000000089400000| Untracked 
| 149|0x0000000089500000, 0x0000000089500000, 0x0000000089600000|  0%| F|  |TAMS 0x0000000089500000, 0x0000000089500000| Untracked 
| 150|0x0000000089600000, 0x0000000089600000, 0x0000000089700000|  0%| F|  |TAMS 0x0000000089600000, 0x0000000089600000| Untracked 
| 151|0x0000000089700000, 0x0000000089700000, 0x0000000089800000|  0%| F|  |TAMS 0x0000000089700000, 0x0000000089700000| Untracked 
| 152|0x0000000089800000, 0x0000000089800000, 0x0000000089900000|  0%| F|  |TAMS 0x0000000089800000, 0x0000000089800000| Untracked 
| 153|0x0000000089900000, 0x0000000089900000, 0x0000000089a00000|  0%| F|  |TAMS 0x0000000089900000, 0x0000000089900000| Untracked 
| 154|0x0000000089a00000, 0x0000000089a00000, 0x0000000089b00000|  0%| F|  |TAMS 0x0000000089a00000, 0x0000000089a00000| Untracked 
| 155|0x0000000089b00000, 0x0000000089b00000, 0x0000000089c00000|  0%| F|  |TAMS 0x0000000089b00000, 0x0000000089b00000| Untracked 
| 156|0x0000000089c00000, 0x0000000089c00000, 0x0000000089d00000|  0%| F|  |TAMS 0x0000000089c00000, 0x0000000089c00000| Untracked 
| 157|0x0000000089d00000, 0x0000000089d00000, 0x0000000089e00000|  0%| F|  |TAMS 0x0000000089d00000, 0x0000000089d00000| Untracked 
| 158|0x0000000089e00000, 0x0000000089e00000, 0x0000000089f00000|  0%| F|  |TAMS 0x0000000089e00000, 0x0000000089e00000| Untracked 
| 159|0x0000000089f00000, 0x0000000089f00000, 0x000000008a000000|  0%| F|  |TAMS 0x0000000089f00000, 0x0000000089f00000| Untracked 
| 160|0x000000008a000000, 0x000000008a000000, 0x000000008a100000|  0%| F|  |TAMS 0x000000008a000000, 0x000000008a000000| Untracked 
| 161|0x000000008a100000, 0x000000008a100000, 0x000000008a200000|  0%| F|  |TAMS 0x000000008a100000, 0x000000008a100000| Untracked 
| 162|0x000000008a200000, 0x000000008a200000, 0x000000008a300000|  0%| F|  |TAMS 0x000000008a200000, 0x000000008a200000| Untracked 
| 163|0x000000008a300000, 0x000000008a300000, 0x000000008a400000|  0%| F|  |TAMS 0x000000008a300000, 0x000000008a300000| Untracked 
| 164|0x000000008a400000, 0x000000008a400000, 0x000000008a500000|  0%| F|  |TAMS 0x000000008a400000, 0x000000008a400000| Untracked 
| 165|0x000000008a500000, 0x000000008a500000, 0x000000008a600000|  0%| F|  |TAMS 0x000000008a500000, 0x000000008a500000| Untracked 
| 166|0x000000008a600000, 0x000000008a600000, 0x000000008a700000|  0%| F|  |TAMS 0x000000008a600000, 0x000000008a600000| Untracked 
| 167|0x000000008a700000, 0x000000008a700000, 0x000000008a800000|  0%| F|  |TAMS 0x000000008a700000, 0x000000008a700000| Untracked 
| 168|0x000000008a800000, 0x000000008a800000, 0x000000008a900000|  0%| F|  |TAMS 0x000000008a800000, 0x000000008a800000| Untracked 
| 169|0x000000008a900000, 0x000000008a900000, 0x000000008aa00000|  0%| F|  |TAMS 0x000000008a900000, 0x000000008a900000| Untracked 
| 170|0x000000008aa00000, 0x000000008aa00000, 0x000000008ab00000|  0%| F|  |TAMS 0x000000008aa00000, 0x000000008aa00000| Untracked 
| 171|0x000000008ab00000, 0x000000008ab00000, 0x000000008ac00000|  0%| F|  |TAMS 0x000000008ab00000, 0x000000008ab00000| Untracked 
| 172|0x000000008ac00000, 0x000000008ac00000, 0x000000008ad00000|  0%| F|  |TAMS 0x000000008ac00000, 0x000000008ac00000| Untracked 
| 173|0x000000008ad00000, 0x000000008ad00000, 0x000000008ae00000|  0%| F|  |TAMS 0x000000008ad00000, 0x000000008ad00000| Untracked 
| 174|0x000000008ae00000, 0x000000008ae00000, 0x000000008af00000|  0%| F|  |TAMS 0x000000008ae00000, 0x000000008ae00000| Untracked 
| 175|0x000000008af00000, 0x000000008af00000, 0x000000008b000000|  0%| F|  |TAMS 0x000000008af00000, 0x000000008af00000| Untracked 
| 176|0x000000008b000000, 0x000000008b000000, 0x000000008b100000|  0%| F|  |TAMS 0x000000008b000000, 0x000000008b000000| Untracked 
| 177|0x000000008b100000, 0x000000008b100000, 0x000000008b200000|  0%| F|  |TAMS 0x000000008b100000, 0x000000008b100000| Untracked 
| 178|0x000000008b200000, 0x000000008b200000, 0x000000008b300000|  0%| F|  |TAMS 0x000000008b200000, 0x000000008b200000| Untracked 
| 179|0x000000008b300000, 0x000000008b300000, 0x000000008b400000|  0%| F|  |TAMS 0x000000008b300000, 0x000000008b300000| Untracked 
| 180|0x000000008b400000, 0x000000008b400000, 0x000000008b500000|  0%| F|  |TAMS 0x000000008b400000, 0x000000008b400000| Untracked 
| 181|0x000000008b500000, 0x000000008b500000, 0x000000008b600000|  0%| F|  |TAMS 0x000000008b500000, 0x000000008b500000| Untracked 
| 182|0x000000008b600000, 0x000000008b600000, 0x000000008b700000|  0%| F|  |TAMS 0x000000008b600000, 0x000000008b600000| Untracked 
| 183|0x000000008b700000, 0x000000008b700000, 0x000000008b800000|  0%| F|  |TAMS 0x000000008b700000, 0x000000008b700000| Untracked 
| 184|0x000000008b800000, 0x000000008b800000, 0x000000008b900000|  0%| F|  |TAMS 0x000000008b800000, 0x000000008b800000| Untracked 
| 185|0x000000008b900000, 0x000000008b900000, 0x000000008ba00000|  0%| F|  |TAMS 0x000000008b900000, 0x000000008b900000| Untracked 
| 186|0x000000008ba00000, 0x000000008ba00000, 0x000000008bb00000|  0%| F|  |TAMS 0x000000008ba00000, 0x000000008ba00000| Untracked 
| 187|0x000000008bb00000, 0x000000008bb00000, 0x000000008bc00000|  0%| F|  |TAMS 0x000000008bb00000, 0x000000008bb00000| Untracked 
| 188|0x000000008bc00000, 0x000000008bc00000, 0x000000008bd00000|  0%| F|  |TAMS 0x000000008bc00000, 0x000000008bc00000| Untracked 
| 189|0x000000008bd00000, 0x000000008bd00000, 0x000000008be00000|  0%| F|  |TAMS 0x000000008bd00000, 0x000000008bd00000| Untracked 
| 190|0x000000008be00000, 0x000000008be00000, 0x000000008bf00000|  0%| F|  |TAMS 0x000000008be00000, 0x000000008be00000| Untracked 
| 191|0x000000008bf00000, 0x000000008bf00000, 0x000000008c000000|  0%| F|  |TAMS 0x000000008bf00000, 0x000000008bf00000| Untracked 
| 192|0x000000008c000000, 0x000000008c000000, 0x000000008c100000|  0%| F|  |TAMS 0x000000008c000000, 0x000000008c000000| Untracked 
| 193|0x000000008c100000, 0x000000008c100000, 0x000000008c200000|  0%| F|  |TAMS 0x000000008c100000, 0x000000008c100000| Untracked 
| 194|0x000000008c200000, 0x000000008c200000, 0x000000008c300000|  0%| F|  |TAMS 0x000000008c200000, 0x000000008c200000| Untracked 
| 195|0x000000008c300000, 0x000000008c300000, 0x000000008c400000|  0%| F|  |TAMS 0x000000008c300000, 0x000000008c300000| Untracked 
| 196|0x000000008c400000, 0x000000008c400000, 0x000000008c500000|  0%| F|  |TAMS 0x000000008c400000, 0x000000008c400000| Untracked 
| 197|0x000000008c500000, 0x000000008c500000, 0x000000008c600000|  0%| F|  |TAMS 0x000000008c500000, 0x000000008c500000| Untracked 
| 198|0x000000008c600000, 0x000000008c600000, 0x000000008c700000|  0%| F|  |TAMS 0x000000008c600000, 0x000000008c600000| Untracked 
| 199|0x000000008c700000, 0x000000008c700000, 0x000000008c800000|  0%| F|  |TAMS 0x000000008c700000, 0x000000008c700000| Untracked 
| 200|0x000000008c800000, 0x000000008c800000, 0x000000008c900000|  0%| F|  |TAMS 0x000000008c800000, 0x000000008c800000| Untracked 
| 201|0x000000008c900000, 0x000000008c900000, 0x000000008ca00000|  0%| F|  |TAMS 0x000000008c900000, 0x000000008c900000| Untracked 
| 202|0x000000008ca00000, 0x000000008ca00000, 0x000000008cb00000|  0%| F|  |TAMS 0x000000008ca00000, 0x000000008ca00000| Untracked 
| 203|0x000000008cb00000, 0x000000008cb00000, 0x000000008cc00000|  0%| F|  |TAMS 0x000000008cb00000, 0x000000008cb00000| Untracked 
| 204|0x000000008cc00000, 0x000000008cc00000, 0x000000008cd00000|  0%| F|  |TAMS 0x000000008cc00000, 0x000000008cc00000| Untracked 
| 205|0x000000008cd00000, 0x000000008cd00000, 0x000000008ce00000|  0%| F|  |TAMS 0x000000008cd00000, 0x000000008cd00000| Untracked 
| 206|0x000000008ce00000, 0x000000008ce00000, 0x000000008cf00000|  0%| F|  |TAMS 0x000000008ce00000, 0x000000008ce00000| Untracked 
| 207|0x000000008cf00000, 0x000000008cf00000, 0x000000008d000000|  0%| F|  |TAMS 0x000000008cf00000, 0x000000008cf00000| Untracked 
| 208|0x000000008d000000, 0x000000008d000000, 0x000000008d100000|  0%| F|  |TAMS 0x000000008d000000, 0x000000008d000000| Untracked 
| 209|0x000000008d100000, 0x000000008d100000, 0x000000008d200000|  0%| F|  |TAMS 0x000000008d100000, 0x000000008d100000| Untracked 
| 210|0x000000008d200000, 0x000000008d200000, 0x000000008d300000|  0%| F|  |TAMS 0x000000008d200000, 0x000000008d200000| Untracked 
| 211|0x000000008d300000, 0x000000008d300000, 0x000000008d400000|  0%| F|  |TAMS 0x000000008d300000, 0x000000008d300000| Untracked 
| 212|0x000000008d400000, 0x000000008d400000, 0x000000008d500000|  0%| F|  |TAMS 0x000000008d400000, 0x000000008d400000| Untracked 
| 213|0x000000008d500000, 0x000000008d500000, 0x000000008d600000|  0%| F|  |TAMS 0x000000008d500000, 0x000000008d500000| Untracked 
| 214|0x000000008d600000, 0x000000008d700000, 0x000000008d700000|100%| E|  |TAMS 0x000000008d600000, 0x000000008d600000| Complete 
| 215|0x000000008d700000, 0x000000008d800000, 0x000000008d800000|100%| E|CS|TAMS 0x000000008d700000, 0x000000008d700000| Complete 
| 216|0x000000008d800000, 0x000000008d900000, 0x000000008d900000|100%| E|CS|TAMS 0x000000008d800000, 0x000000008d800000| Complete 
| 217|0x000000008d900000, 0x000000008da00000, 0x000000008da00000|100%| E|CS|TAMS 0x000000008d900000, 0x000000008d900000| Complete 
| 218|0x000000008da00000, 0x000000008db00000, 0x000000008db00000|100%| E|CS|TAMS 0x000000008da00000, 0x000000008da00000| Complete 
| 219|0x000000008db00000, 0x000000008dc00000, 0x000000008dc00000|100%| E|CS|TAMS 0x000000008db00000, 0x000000008db00000| Complete 
| 220|0x000000008dc00000, 0x000000008dd00000, 0x000000008dd00000|100%| E|CS|TAMS 0x000000008dc00000, 0x000000008dc00000| Complete 
| 221|0x000000008dd00000, 0x000000008de00000, 0x000000008de00000|100%| E|CS|TAMS 0x000000008dd00000, 0x000000008dd00000| Complete 
| 222|0x000000008de00000, 0x000000008df00000, 0x000000008df00000|100%| E|CS|TAMS 0x000000008de00000, 0x000000008de00000| Complete 
| 223|0x000000008df00000, 0x000000008e000000, 0x000000008e000000|100%| E|CS|TAMS 0x000000008df00000, 0x000000008df00000| Complete 
| 224|0x000000008e000000, 0x000000008e100000, 0x000000008e100000|100%| E|CS|TAMS 0x000000008e000000, 0x000000008e000000| Complete 
| 225|0x000000008e100000, 0x000000008e200000, 0x000000008e200000|100%| E|CS|TAMS 0x000000008e100000, 0x000000008e100000| Complete 
| 226|0x000000008e200000, 0x000000008e300000, 0x000000008e300000|100%| E|CS|TAMS 0x000000008e200000, 0x000000008e200000| Complete 
| 227|0x000000008e300000, 0x000000008e400000, 0x000000008e400000|100%| E|CS|TAMS 0x000000008e300000, 0x000000008e300000| Complete 
| 228|0x000000008e400000, 0x000000008e500000, 0x000000008e500000|100%| E|CS|TAMS 0x000000008e400000, 0x000000008e400000| Complete 
| 229|0x000000008e500000, 0x000000008e600000, 0x000000008e600000|100%| E|CS|TAMS 0x000000008e500000, 0x000000008e500000| Complete 
| 230|0x000000008e600000, 0x000000008e700000, 0x000000008e700000|100%| E|CS|TAMS 0x000000008e600000, 0x000000008e600000| Complete 
| 231|0x000000008e700000, 0x000000008e800000, 0x000000008e800000|100%| E|CS|TAMS 0x000000008e700000, 0x000000008e700000| Complete 
| 232|0x000000008e800000, 0x000000008e900000, 0x000000008e900000|100%| E|CS|TAMS 0x000000008e800000, 0x000000008e800000| Complete 
| 233|0x000000008e900000, 0x000000008ea00000, 0x000000008ea00000|100%| E|CS|TAMS 0x000000008e900000, 0x000000008e900000| Complete 
| 234|0x000000008ea00000, 0x000000008eb00000, 0x000000008eb00000|100%| E|CS|TAMS 0x000000008ea00000, 0x000000008ea00000| Complete 
| 235|0x000000008eb00000, 0x000000008ec00000, 0x000000008ec00000|100%| E|CS|TAMS 0x000000008eb00000, 0x000000008eb00000| Complete 
| 236|0x000000008ec00000, 0x000000008ed00000, 0x000000008ed00000|100%| E|CS|TAMS 0x000000008ec00000, 0x000000008ec00000| Complete 
| 237|0x000000008ed00000, 0x000000008ee00000, 0x000000008ee00000|100%| E|CS|TAMS 0x000000008ed00000, 0x000000008ed00000| Complete 
| 238|0x000000008ee00000, 0x000000008ef00000, 0x000000008ef00000|100%| E|CS|TAMS 0x000000008ee00000, 0x000000008ee00000| Complete 
| 239|0x000000008ef00000, 0x000000008f000000, 0x000000008f000000|100%| E|CS|TAMS 0x000000008ef00000, 0x000000008ef00000| Complete 
| 240|0x000000008f000000, 0x000000008f100000, 0x000000008f100000|100%| E|CS|TAMS 0x000000008f000000, 0x000000008f000000| Complete 
| 241|0x000000008f100000, 0x000000008f200000, 0x000000008f200000|100%| E|CS|TAMS 0x000000008f100000, 0x000000008f100000| Complete 
| 242|0x000000008f200000, 0x000000008f300000, 0x000000008f300000|100%| E|CS|TAMS 0x000000008f200000, 0x000000008f200000| Complete 
| 243|0x000000008f300000, 0x000000008f400000, 0x000000008f400000|100%| E|CS|TAMS 0x000000008f300000, 0x000000008f300000| Complete 
| 244|0x000000008f400000, 0x000000008f500000, 0x000000008f500000|100%| E|CS|TAMS 0x000000008f400000, 0x000000008f400000| Complete 
| 245|0x000000008f500000, 0x000000008f600000, 0x000000008f600000|100%| E|CS|TAMS 0x000000008f500000, 0x000000008f500000| Complete 
| 246|0x000000008f600000, 0x000000008f700000, 0x000000008f700000|100%| E|CS|TAMS 0x000000008f600000, 0x000000008f600000| Complete 
| 247|0x000000008f700000, 0x000000008f800000, 0x000000008f800000|100%| E|CS|TAMS 0x000000008f700000, 0x000000008f700000| Complete 
| 248|0x000000008f800000, 0x000000008f900000, 0x000000008f900000|100%| E|CS|TAMS 0x000000008f800000, 0x000000008f800000| Complete 
| 249|0x000000008f900000, 0x000000008fa00000, 0x000000008fa00000|100%| E|CS|TAMS 0x000000008f900000, 0x000000008f900000| Complete 

Card table byte_map: [0x000001ad20ec0000,0x000001ad212c0000] _byte_map_base: 0x000001ad20ac0000

Marking Bits (Prev, Next): (CMBitMap*) 0x000001ad0dcd2fd8, (CMBitMap*) 0x000001ad0dcd3010
 Prev Bits: [0x000001ad216c0000, 0x000001ad236c0000)
 Next Bits: [0x000001ad236c0000, 0x000001ad256c0000)

Polling page: 0x000001ad0bc20000

Metaspace:

Usage:
  Non-class:     49.43 MB capacity,    48.40 MB ( 98%) used,   917.63 KB (  2%) free+waste,   133.69 KB ( <1%) overhead. 
      Class:      7.60 MB capacity,     7.07 MB ( 93%) used,   479.80 KB (  6%) free+waste,    64.56 KB ( <1%) overhead. 
       Both:     57.03 MB capacity,    55.47 MB ( 97%) used,     1.36 MB (  2%) free+waste,   198.25 KB ( <1%) overhead. 

Virtual space:
  Non-class space:       50.00 MB reserved,      49.62 MB (>99%) committed 
      Class space:        1.00 GB reserved,       7.63 MB ( <1%) committed 
             Both:        1.05 GB reserved,      57.25 MB (  5%) committed 

Chunk freelists:
   Non-Class:  7.00 KB
       Class:  22.00 KB
        Both:  29.00 KB

MaxMetaspaceSize: 17179869184.00 GB
CompressedClassSpaceSize: 1.00 GB

CodeHeap 'non-profiled nmethods': size=120000Kb used=3141Kb max_used=3141Kb free=116858Kb
 bounds [0x000001ad19260000, 0x000001ad19580000, 0x000001ad20790000]
CodeHeap 'profiled nmethods': size=120000Kb used=11699Kb max_used=11699Kb free=108300Kb
 bounds [0x000001ad11d30000, 0x000001ad128a0000, 0x000001ad19260000]
CodeHeap 'non-nmethods': size=5760Kb used=2231Kb max_used=2275Kb free=3528Kb
 bounds [0x000001ad11790000, 0x000001ad11a00000, 0x000001ad11d30000]
 total_blobs=6249 nmethods=5440 adapters=720
 compilation: enabled
              stopped_count=0, restarted_count=0
 full_count=0

Compilation events (20 events):
Event: 10.645 Thread 0x000001ad28a1f800 5381       3       org.gradle.api.internal.provider.AbstractMinimalProvider::asSupplier (96 bytes)
Event: 10.646 Thread 0x000001ad28a1f800 nmethod 5381 0x000001ad12870310 code [0x000001ad128706a0, 0x000001ad12872088]
Event: 10.646 Thread 0x000001ad28a1f800 5382       3       org.gradle.api.internal.collections.AbstractIterationOrderRetainingElementSource$Element::getValues (16 bytes)
Event: 10.646 Thread 0x000001ad28a1f800 nmethod 5382 0x000001ad12872810 code [0x000001ad128729c0, 0x000001ad12872b48]
Event: 10.653 Thread 0x000001ad28a1f800 5383       3       java.lang.invoke.MemberName::equals (69 bytes)
Event: 10.654 Thread 0x000001ad28a1f800 nmethod 5383 0x000001ad12872c10 code [0x000001ad12872ec0, 0x000001ad12873bb8]
Event: 10.656 Thread 0x000001ad28a1f800 5384       3       org.gradle.api.internal.provider.DefaultProperty::set (42 bytes)
Event: 10.657 Thread 0x000001ad28a1f800 nmethod 5384 0x000001ad12873f10 code [0x000001ad12874160, 0x000001ad12874cf8]
Event: 10.657 Thread 0x000001ad28a1f800 5386       3       com.google.common.reflect.Types::access$300 (5 bytes)
Event: 10.657 Thread 0x000001ad28a1f800 nmethod 5386 0x000001ad12875010 code [0x000001ad12875200, 0x000001ad12875658]
Event: 10.657 Thread 0x000001ad28a1f800 5387       3       com.google.common.reflect.Types::toArray (19 bytes)
Event: 10.657 Thread 0x000001ad28a1f800 nmethod 5387 0x000001ad12875790 code [0x000001ad12875960, 0x000001ad12875d58]
Event: 10.657 Thread 0x000001ad28a1f800 5388       3       com.google.common.collect.RegularImmutableList::copyIntoArray (21 bytes)
Event: 10.657 Thread 0x000001ad28a1f800 nmethod 5388 0x000001ad12875e90 code [0x000001ad12876060, 0x000001ad12876308]
Event: 10.658 Thread 0x000001ad28a1f800 5389       3       com.google.common.reflect.Types$ParameterizedTypeImpl::getActualTypeArguments (8 bytes)
Event: 10.658 Thread 0x000001ad28a1f800 nmethod 5389 0x000001ad12876390 code [0x000001ad12876580, 0x000001ad12876a58]
Event: 10.658 Thread 0x000001ad28a1f800 5390       3       org.gradle.api.internal.provider.Providers::of (21 bytes)
Event: 10.659 Thread 0x000001ad28a1f800 nmethod 5390 0x000001ad12876c10 code [0x000001ad12876e00, 0x000001ad12877208]
Event: 10.659 Thread 0x000001ad28a1f800 5391       3       org.gradle.api.internal.model.DefaultObjectFactory::property (172 bytes)
Event: 10.661 Thread 0x000001ad28a1f800 nmethod 5391 0x000001ad12877390 code [0x000001ad12877a60, 0x000001ad1287a858]

GC Heap History (12 events):
Event: 0.529 GC heap before
{Heap before GC invocations=0 (full 0):
 garbage-first heap   total 256000K, used 29696K [0x0000000080000000, 0x0000000100000000)
  region size 1024K, 24 young (24576K), 0 survivors (0K)
 Metaspace       used 10442K, capacity 10667K, committed 11008K, reserved 1058816K
  class space    used 1097K, capacity 1193K, committed 1280K, reserved 1048576K
}
Event: 0.532 GC heap after
{Heap after GC invocations=1 (full 0):
 garbage-first heap   total 256000K, used 9008K [0x0000000080000000, 0x0000000100000000)
  region size 1024K, 3 young (3072K), 3 survivors (3072K)
 Metaspace       used 10442K, capacity 10667K, committed 11008K, reserved 1058816K
  class space    used 1097K, capacity 1193K, committed 1280K, reserved 1048576K
}
Event: 1.938 GC heap before
{Heap before GC invocations=1 (full 0):
 garbage-first heap   total 256000K, used 92976K [0x0000000080000000, 0x0000000100000000)
  region size 1024K, 87 young (89088K), 3 survivors (3072K)
 Metaspace       used 20557K, capacity 21135K, committed 21296K, reserved 1069056K
  class space    used 2511K, capacity 2688K, committed 2688K, reserved 1048576K
}
Event: 1.944 GC heap after
{Heap after GC invocations=2 (full 0):
 garbage-first heap   total 256000K, used 16644K [0x0000000080000000, 0x0000000100000000)
  region size 1024K, 11 young (11264K), 11 survivors (11264K)
 Metaspace       used 20557K, capacity 21135K, committed 21296K, reserved 1069056K
  class space    used 2511K, capacity 2688K, committed 2688K, reserved 1048576K
}
Event: 2.217 GC heap before
{Heap before GC invocations=3 (full 0):
 garbage-first heap   total 256000K, used 48388K [0x0000000080000000, 0x0000000100000000)
  region size 1024K, 42 young (43008K), 11 survivors (11264K)
 Metaspace       used 24246K, capacity 24835K, committed 25008K, reserved 1071104K
  class space    used 3088K, capacity 3308K, committed 3328K, reserved 1048576K
}
Event: 2.222 GC heap after
{Heap after GC invocations=4 (full 0):
 garbage-first heap   total 256000K, used 18280K [0x0000000080000000, 0x0000000100000000)
  region size 1024K, 2 young (2048K), 2 survivors (2048K)
 Metaspace       used 24246K, capacity 24835K, committed 25008K, reserved 1071104K
  class space    used 3088K, capacity 3308K, committed 3328K, reserved 1048576K
}
Event: 3.330 GC heap before
{Heap before GC invocations=4 (full 0):
 garbage-first heap   total 256000K, used 104296K [0x0000000080000000, 0x0000000100000000)
  region size 1024K, 79 young (80896K), 2 survivors (2048K)
 Metaspace       used 34827K, capacity 35634K, committed 35708K, reserved 1081344K
  class space    used 4535K, capacity 4842K, committed 4864K, reserved 1048576K
}
Event: 3.337 GC heap after
{Heap after GC invocations=5 (full 0):
 garbage-first heap   total 256000K, used 33593K [0x0000000080000000, 0x0000000100000000)
  region size 1024K, 8 young (8192K), 8 survivors (8192K)
 Metaspace       used 34827K, capacity 35634K, committed 35708K, reserved 1081344K
  class space    used 4535K, capacity 4842K, committed 4864K, reserved 1048576K
}
Event: 5.798 GC heap before
{Heap before GC invocations=6 (full 0):
 garbage-first heap   total 256000K, used 143161K [0x0000000080000000, 0x0000000100000000)
  region size 1024K, 105 young (107520K), 8 survivors (8192K)
 Metaspace       used 43828K, capacity 44962K, committed 45052K, reserved 1089536K
  class space    used 5570K, capacity 5935K, committed 6016K, reserved 1048576K
}
Event: 5.810 GC heap after
{Heap after GC invocations=7 (full 0):
 garbage-first heap   total 256000K, used 49768K [0x0000000080000000, 0x0000000100000000)
  region size 1024K, 14 young (14336K), 14 survivors (14336K)
 Metaspace       used 43828K, capacity 44962K, committed 45052K, reserved 1089536K
  class space    used 5570K, capacity 5935K, committed 6016K, reserved 1048576K
}
Event: 10.303 GC heap before
{Heap before GC invocations=7 (full 0):
 garbage-first heap   total 256000K, used 162408K [0x0000000080000000, 0x0000000100000000)
  region size 1024K, 122 young (124928K), 14 survivors (14336K)
 Metaspace       used 51316K, capacity 52809K, committed 52988K, reserved 1095680K
  class space    used 6528K, capacity 6992K, committed 7040K, reserved 1048576K
}
Event: 10.316 GC heap after
{Heap after GC invocations=8 (full 0):
 garbage-first heap   total 256000K, used 63376K [0x0000000080000000, 0x0000000100000000)
  region size 1024K, 16 young (16384K), 16 survivors (16384K)
 Metaspace       used 51316K, capacity 52809K, committed 52988K, reserved 1095680K
  class space    used 6528K, capacity 6992K, committed 7040K, reserved 1048576K
}

Deoptimization events (20 events):
Event: 10.446 Thread 0x000001ad2a5ee800 DEOPT PACKING pc=0x000001ad11fae817 sp=0x000000464b9f6a00
Event: 10.446 Thread 0x000001ad2a5ee800 DEOPT UNPACKING pc=0x000001ad117b6dde sp=0x000000464b9f5f88 mode 0
Event: 10.447 Thread 0x000001ad2a5ee800 DEOPT PACKING pc=0x000001ad11fae817 sp=0x000000464b9f6b00
Event: 10.447 Thread 0x000001ad2a5ee800 DEOPT UNPACKING pc=0x000001ad117b6dde sp=0x000000464b9f6088 mode 0
Event: 10.504 Thread 0x000001ad2a5ee800 Uncommon trap: trap_request=0xffffffc6 fr.pc=0x000001ad193d71bc relative=0x0000000000003a1c
Event: 10.504 Thread 0x000001ad2a5ee800 Uncommon trap: reason=bimorphic_or_optimized_type_check action=maybe_recompile pc=0x000001ad193d71bc method=java.util.AbstractCollection.addAll(Ljava/util/Collection;)Z @ 29 c2
Event: 10.504 Thread 0x000001ad2a5ee800 DEOPT PACKING pc=0x000001ad193d71bc sp=0x000000464b9f8a40
Event: 10.504 Thread 0x000001ad2a5ee800 DEOPT UNPACKING pc=0x000001ad117b662f sp=0x000000464b9f8a40 mode 2
Event: 10.571 Thread 0x000001ad2a5ee800 Uncommon trap: trap_request=0xffffffde fr.pc=0x000001ad19413088 relative=0x00000000000014e8
Event: 10.571 Thread 0x000001ad2a5ee800 Uncommon trap: reason=class_check action=maybe_recompile pc=0x000001ad19413088 method=jdk.internal.loader.BuiltinClassLoader.loadClassOrNull(Ljava/lang/String;Z)Ljava/lang/Class; @ 86 c2
Event: 10.571 Thread 0x000001ad2a5ee800 DEOPT PACKING pc=0x000001ad19413088 sp=0x000000464b9f6370
Event: 10.571 Thread 0x000001ad2a5ee800 DEOPT UNPACKING pc=0x000001ad117b662f sp=0x000000464b9f62d8 mode 2
Event: 10.593 Thread 0x000001ad2a5ee800 Uncommon trap: trap_request=0xffffffde fr.pc=0x000001ad194639ec relative=0x000000000000022c
Event: 10.593 Thread 0x000001ad2a5ee800 Uncommon trap: reason=class_check action=maybe_recompile pc=0x000001ad194639ec method=java.util.HashSet.contains(Ljava/lang/Object;)Z @ 5 c2
Event: 10.593 Thread 0x000001ad2a5ee800 DEOPT PACKING pc=0x000001ad194639ec sp=0x000000464b9f8730
Event: 10.593 Thread 0x000001ad2a5ee800 DEOPT UNPACKING pc=0x000001ad117b662f sp=0x000000464b9f86d8 mode 2
Event: 10.593 Thread 0x000001ad2a5ee800 Uncommon trap: trap_request=0xffffffde fr.pc=0x000001ad194639ec relative=0x000000000000022c
Event: 10.593 Thread 0x000001ad2a5ee800 Uncommon trap: reason=class_check action=maybe_recompile pc=0x000001ad194639ec method=java.util.HashSet.contains(Ljava/lang/Object;)Z @ 5 c2
Event: 10.593 Thread 0x000001ad2a5ee800 DEOPT PACKING pc=0x000001ad194639ec sp=0x000000464b9f8730
Event: 10.593 Thread 0x000001ad2a5ee800 DEOPT UNPACKING pc=0x000001ad117b662f sp=0x000000464b9f86d8 mode 2

Classes redefined (0 events):
No events

Internal exceptions (20 events):
Event: 10.036 Thread 0x000001ad2a5ee800 Exception <a 'java/lang/ClassNotFoundException'{0x000000008abc0df0}: org/gradle/api/internal/ConventionTaskBeanInfo> (0x000000008abc0df0) thrown at [./src/hotspot/share/classfile/systemDictionary.cpp, line 231]
Event: 10.036 Thread 0x000001ad2a5ee800 Exception <a 'java/lang/ClassNotFoundException'{0x000000008abe3590}: org/gradle/api/DefaultTaskBeanInfo> (0x000000008abe3590) thrown at [./src/hotspot/share/classfile/systemDictionary.cpp, line 231]
Event: 10.037 Thread 0x000001ad2a5ee800 Exception <a 'java/lang/ClassNotFoundException'{0x000000008aa09768}: org/gradle/api/internal/AbstractTaskBeanInfo> (0x000000008aa09768) thrown at [./src/hotspot/share/classfile/systemDictionary.cpp, line 231]
Event: 10.037 Thread 0x000001ad2a5ee800 Exception <a 'java/lang/ClassNotFoundException'{0x000000008aa2f100}: org/gradle/api/internal/AbstractTaskCustomizer> (0x000000008aa2f100) thrown at [./src/hotspot/share/classfile/systemDictionary.cpp, line 231]
Event: 10.038 Thread 0x000001ad2a5ee800 Exception <a 'java/lang/ClassNotFoundException'{0x000000008aa94128}: org/gradle/api/DefaultTaskCustomizer> (0x000000008aa94128) thrown at [./src/hotspot/share/classfile/systemDictionary.cpp, line 231]
Event: 10.040 Thread 0x000001ad2a5ee800 Exception <a 'java/lang/ClassNotFoundException'{0x000000008a90e548}: org/gradle/api/internal/ConventionTaskCustomizer> (0x000000008a90e548) thrown at [./src/hotspot/share/classfile/systemDictionary.cpp, line 231]
Event: 10.040 Thread 0x000001ad2a5ee800 Exception <a 'java/lang/ClassNotFoundException'{0x000000008a93fc90}: org/gradle/api/tasks/DeleteCustomizer> (0x000000008a93fc90) thrown at [./src/hotspot/share/classfile/systemDictionary.cpp, line 231]
Event: 10.041 Thread 0x000001ad2a5ee800 Exception <a 'java/lang/ClassNotFoundException'{0x000000008a977cf0}: org/gradle/api/tasks/Delete_DecoratedCustomizer> (0x000000008a977cf0) thrown at [./src/hotspot/share/classfile/systemDictionary.cpp, line 231]
Event: 10.073 Thread 0x000001ad2a5ee800 Exception <a 'java/lang/ClassNotFoundException'{0x000000008a888ea8}: build_4jqnwcbybvutk2q673h4lyyquBeanInfo> (0x000000008a888ea8) thrown at [./src/hotspot/share/classfile/systemDictionary.cpp, line 231]
Event: 10.074 Thread 0x000001ad2a5ee800 Exception <a 'java/lang/ClassNotFoundException'{0x000000008a891cb0}: build_4jqnwcbybvutk2q673h4lyyquCustomizer> (0x000000008a891cb0) thrown at [./src/hotspot/share/classfile/systemDictionary.cpp, line 231]
Event: 10.078 Thread 0x000001ad2a5ee800 Exception <a 'java/lang/ClassNotFoundException'{0x000000008a7021e0}: org/gradle/plugin/use/internal/PluginRequestCollector$PluginDependenciesSpecImplBeanInfo> (0x000000008a7021e0) thrown at [./src/hotspot/share/classfile/systemDictionary.cpp, line 231]
Event: 10.078 Thread 0x000001ad2a5ee800 Exception <a 'java/lang/ClassNotFoundException'{0x000000008a727f50}: org/gradle/plugin/use/internal/PluginRequestCollector$PluginDependenciesSpecImplCustomizer> (0x000000008a727f50) thrown at [./src/hotspot/share/classfile/systemDictionary.cpp, line 231]
Event: 10.082 Thread 0x000001ad2a5ee800 Exception <a 'java/lang/NoSuchMethodError'{0x000000008a79c1a0}: 'void java.lang.invoke.DirectMethodHandle$Holder.invokeInterface(java.lang.Object, java.lang.Object)'> (0x000000008a79c1a0) thrown at [./src/hotspot/share/interpreter/linkResolver.cpp, line 773]
Event: 10.161 Thread 0x000001ad2a5ee800 Exception <a 'java/lang/NoSuchMethodError'{0x0000000089da3e90}: 'java.lang.Object java.lang.invoke.DirectMethodHandle$Holder.invokeStatic(java.lang.Object, java.lang.Object, java.lang.Object, java.lang.Object, int)'> (0x0000000089da3e90) thrown at [./src/hotspot/share/interpreter/linkResolver.cpp, line 773]
Event: 10.161 Thread 0x000001ad2a5ee800 Exception <a 'java/lang/NoSuchMethodError'{0x0000000089da8888}: 'java.lang.Object java.lang.invoke.DirectMethodHandle$Holder.invokeSpecial(java.lang.Object, java.lang.Object, java.lang.Object, java.lang.Object, java.lang.Object, int)'> (0x0000000089da8888) thrown at [./src/hotspot/share/interpreter/linkResolver.cpp, line 773]
Event: 10.161 Thread 0x000001ad2a5ee800 Exception <a 'java/lang/NoSuchMethodError'{0x0000000089dacec8}: 'java.lang.Object java.lang.invoke.Invokers$Holder.linkToTargetMethod(java.lang.Object, java.lang.Object, java.lang.Object, int, java.lang.Object)'> (0x0000000089dacec8) thrown at [./src/hotspot/share/interpreter/linkResolver.cpp, line 773]
Event: 10.353 Thread 0x000001ad2a5ee800 Exception <a 'java/lang/NoSuchMethodError'{0x000000008f5e4f98}: 'java.lang.Object java.lang.invoke.DirectMethodHandle$Holder.invokeSpecial(java.lang.Object, java.lang.Object, int, int, java.lang.Object, java.lang.Object, java.lang.Object)'> (0x000000008f5e4f98) thrown at [./src/hotspot/share/interpreter/linkResolver.cpp, line 773]
Event: 10.353 Thread 0x000001ad2a5ee800 Exception <a 'java/lang/NoSuchMethodError'{0x000000008f5e9518}: 'java.lang.Object java.lang.invoke.DelegatingMethodHandle$Holder.reinvoke_L(java.lang.Object, int, int, java.lang.Object, java.lang.Object, java.lang.Object)'> (0x000000008f5e9518) thrown at [./src/hotspot/share/interpreter/linkResolver.cpp, line 773]
Event: 10.488 Thread 0x000001ad2a5ee800 Exception <a 'java/lang/NoSuchMethodError'{0x000000008e8630e8}: 'int java.lang.invoke.DirectMethodHandle$Holder.invokeInterface(java.lang.Object, java.lang.Object, java.lang.Object, java.lang.Object)'> (0x000000008e8630e8) thrown at [./src/hotspot/share/interpreter/linkResolver.cpp, line 773]
Event: 10.592 Thread 0x000001ad2a5ee800 Exception <a 'java/lang/NoSuchMethodError'{0x000000008dfd74a0}: 'void java.lang.invoke.DirectMethodHandle$Holder.invokeInterface(java.lang.Object, java.lang.Object, java.lang.Object, java.lang.Object)'> (0x000000008dfd74a0) thrown at [./src/hotspot/share/interpreter/linkResolver.cpp, line 773]

Events (20 events):
Event: 10.659 loading class org/gradle/jvm/toolchain/internal/SharedJavaInstallationRegistry
Event: 10.659 loading class org/gradle/jvm/toolchain/internal/SharedJavaInstallationRegistry done
Event: 10.660 loading class org/gradle/internal/remote/internal/hub/MessageHubBackedServer
Event: 10.660 loading class org/gradle/internal/remote/internal/hub/MessageHubBackedServer done
Event: 10.661 loading class org/gradle/internal/jvm/inspection/CachingJvmVersionDetector
Event: 10.661 loading class org/gradle/internal/jvm/inspection/CachingJvmVersionDetector done
Event: 10.661 loading class org/gradle/internal/jvm/inspection/DefaultJvmVersionDetector
Event: 10.661 loading class org/gradle/internal/jvm/inspection/DefaultJvmVersionDetector done
Event: 10.662 loading class org/gradle/process/internal/health/memory/DefaultOsMemoryInfo
Event: 10.662 loading class org/gradle/process/internal/health/memory/DefaultOsMemoryInfo done
Event: 10.662 loading class org/gradle/process/internal/health/memory/MBeanOsMemoryInfo
Event: 10.662 loading class org/gradle/process/internal/health/memory/MBeanOsMemoryInfo done
Event: 10.663 loading class org/gradle/process/internal/health/memory/OsMemoryStatus
Event: 10.663 loading class org/gradle/process/internal/health/memory/OsMemoryStatus done
Event: 10.663 loading class org/gradle/process/internal/health/memory/DefaultJvmMemoryInfo
Event: 10.663 loading class org/gradle/process/internal/health/memory/DefaultJvmMemoryInfo done
Event: 10.663 loading class org/gradle/process/internal/health/memory/JvmMemoryStatus
Event: 10.663 loading class org/gradle/process/internal/health/memory/JvmMemoryStatus done
Event: 10.663 loading class org/gradle/process/internal/health/memory/DefaultMemoryManager
Event: 10.663 loading class org/gradle/process/internal/health/memory/DefaultMemoryManager done


Dynamic libraries:
0x00007ff74d3b0000 - 0x00007ff74d3ba000 	C:\Program Files\Android\Android Studio\jre\bin\java.exe
0x00007ffef6790000 - 0x00007ffef6985000 	C:\WINDOWS\SYSTEM32\ntdll.dll
0x00007ffef5da0000 - 0x00007ffef5e5d000 	C:\WINDOWS\System32\KERNEL32.dll
0x00007ffef3b30000 - 0x00007ffef3c4f000 	C:\WINDOWS\system32\hmpalert.dll
0x00007ffef4370000 - 0x00007ffef463d000 	C:\WINDOWS\System32\KERNELBASE.dll
0x00007ffef4640000 - 0x00007ffef4740000 	C:\WINDOWS\System32\ucrtbase.dll
0x00007ffee4a70000 - 0x00007ffee4a89000 	C:\Program Files\Android\Android Studio\jre\bin\jli.dll
0x00007ffed4060000 - 0x00007ffed4077000 	C:\Program Files\Android\Android Studio\jre\bin\VCRUNTIME140.dll
0x00007ffef5b60000 - 0x00007ffef5d00000 	C:\WINDOWS\System32\USER32.dll
0x00007ffef3ea0000 - 0x00007ffef3ec2000 	C:\WINDOWS\System32\win32u.dll
0x00007ffef53e0000 - 0x00007ffef540a000 	C:\WINDOWS\System32\GDI32.dll
0x00007ffef3f80000 - 0x00007ffef408b000 	C:\WINDOWS\System32\gdi32full.dll
0x00007ffef42d0000 - 0x00007ffef436d000 	C:\WINDOWS\System32\msvcp_win.dll
0x00007ffec59a0000 - 0x00007ffec5c3a000 	C:\WINDOWS\WinSxS\amd64_microsoft.windows.common-controls_6595b64144ccf1df_6.0.19041.1110_none_60b5254171f9507e\COMCTL32.dll
0x00007ffef5340000 - 0x00007ffef53de000 	C:\WINDOWS\System32\msvcrt.dll
0x00007ffef5310000 - 0x00007ffef5340000 	C:\WINDOWS\System32\IMM32.DLL
0x00007ffebf920000 - 0x00007ffebf9bd000 	C:\Program Files\Android\Android Studio\jre\bin\msvcp140.dll
0x00007ffea58f0000 - 0x00007ffea63c5000 	C:\Program Files\Android\Android Studio\jre\bin\server\jvm.dll
0x00007ffef4a50000 - 0x00007ffef4afe000 	C:\WINDOWS\System32\ADVAPI32.dll
0x00007ffef5d00000 - 0x00007ffef5d9c000 	C:\WINDOWS\System32\sechost.dll
0x00007ffef4c80000 - 0x00007ffef4da5000 	C:\WINDOWS\System32\RPCRT4.dll
0x00007ffef5e60000 - 0x00007ffef5e68000 	C:\WINDOWS\System32\PSAPI.DLL
0x00007ffecbd40000 - 0x00007ffecbd49000 	C:\WINDOWS\SYSTEM32\WSOCK32.dll
0x00007ffeeeb00000 - 0x00007ffeeeb0a000 	C:\WINDOWS\SYSTEM32\VERSION.dll
0x00007ffef6430000 - 0x00007ffef649b000 	C:\WINDOWS\System32\WS2_32.dll
0x00007ffef1140000 - 0x00007ffef1167000 	C:\WINDOWS\SYSTEM32\WINMM.dll
0x00007ffef2610000 - 0x00007ffef2622000 	C:\WINDOWS\SYSTEM32\kernel.appcore.dll
0x00007ffeec3c0000 - 0x00007ffeec3d1000 	C:\Program Files\Android\Android Studio\jre\bin\verify.dll
0x00007ffef2320000 - 0x00007ffef2504000 	C:\WINDOWS\SYSTEM32\DBGHELP.DLL
0x00007ffef1110000 - 0x00007ffef113c000 	C:\WINDOWS\SYSTEM32\dbgcore.DLL
0x00007ffef4090000 - 0x00007ffef4112000 	C:\WINDOWS\System32\bcryptPrimitives.dll
0x00007ffed9570000 - 0x00007ffed9599000 	C:\Program Files\Android\Android Studio\jre\bin\java.dll
0x00007ffee19e0000 - 0x00007ffee19eb000 	C:\Program Files\Android\Android Studio\jre\bin\jimage.dll
0x00007ffed5850000 - 0x00007ffed5868000 	C:\Program Files\Android\Android Studio\jre\bin\zip.dll
0x00007ffef5410000 - 0x00007ffef5b54000 	C:\WINDOWS\System32\SHELL32.dll
0x00007ffef1b80000 - 0x00007ffef2314000 	C:\WINDOWS\SYSTEM32\windows.storage.dll
0x00007ffef5e70000 - 0x00007ffef61c4000 	C:\WINDOWS\System32\combase.dll
0x00007ffef37e0000 - 0x00007ffef380c000 	C:\WINDOWS\SYSTEM32\Wldp.dll
0x00007ffef64a0000 - 0x00007ffef654d000 	C:\WINDOWS\System32\SHCORE.dll
0x00007ffef5230000 - 0x00007ffef5285000 	C:\WINDOWS\System32\shlwapi.dll
0x00007ffef3de0000 - 0x00007ffef3dff000 	C:\WINDOWS\SYSTEM32\profapi.dll
0x00007ffed57f0000 - 0x00007ffed580a000 	C:\Program Files\Android\Android Studio\jre\bin\net.dll
0x00007ffef0d00000 - 0x00007ffef0e0a000 	C:\WINDOWS\SYSTEM32\WINHTTP.dll
0x00007ffef3540000 - 0x00007ffef35aa000 	C:\WINDOWS\system32\mswsock.dll
0x00007ffed3fd0000 - 0x00007ffed3fe4000 	C:\Program Files\Android\Android Studio\jre\bin\nio.dll
0x00007ffed57c0000 - 0x00007ffed57e7000 	C:\Users\justine\.gradle\native\fdc75f09e3144964f2cf3f50f0aa648679c211496f362492102eb8c894070792\windows-amd64\native-platform.dll
0x00007ffed36d0000 - 0x00007ffed3866000 	C:\Users\justine\.gradle\native\12488b8bf47d2d4c9fbf2f6322a914ad602e24e48041cd04a747c6da556b65c4\windows-amd64\native-platform-file-events.dll
0x00007ffeef5a0000 - 0x00007ffeef5aa000 	C:\Program Files\Android\Android Studio\jre\bin\management.dll
0x00007ffeef590000 - 0x00007ffeef59d000 	C:\Program Files\Android\Android Studio\jre\bin\management_ext.dll
0x00007ffef3730000 - 0x00007ffef3748000 	C:\WINDOWS\SYSTEM32\CRYPTSP.dll
0x00007ffef2e50000 - 0x00007ffef2e84000 	C:\WINDOWS\system32\rsaenh.dll
0x00007ffef4740000 - 0x00007ffef4767000 	C:\WINDOWS\System32\bcrypt.dll
0x00007ffef3da0000 - 0x00007ffef3dce000 	C:\WINDOWS\SYSTEM32\USERENV.dll
0x00007ffef3750000 - 0x00007ffef375c000 	C:\WINDOWS\SYSTEM32\CRYPTBASE.dll
0x00007ffef31e0000 - 0x00007ffef321b000 	C:\WINDOWS\SYSTEM32\IPHLPAPI.DLL
0x00007ffef6740000 - 0x00007ffef6748000 	C:\WINDOWS\System32\NSI.dll
0x00007ffeee6c0000 - 0x00007ffeee6d7000 	C:\WINDOWS\SYSTEM32\dhcpcsvc6.DLL
0x00007ffeee2f0000 - 0x00007ffeee30d000 	C:\WINDOWS\SYSTEM32\dhcpcsvc.DLL
0x00007ffef3230000 - 0x00007ffef32fb000 	C:\WINDOWS\SYSTEM32\DNSAPI.dll
0x00007ffeeebc0000 - 0x00007ffeeebcb000 	C:\WINDOWS\SYSTEM32\WINNSI.DLL

dbghelp: loaded successfully - version: 4.0.5 - missing functions: none
symbol engine: initialized successfully - sym options: 0x614 - pdb path: .;C:\Program Files\Android\Android Studio\jre\bin;C:\WINDOWS\SYSTEM32;C:\WINDOWS\WinSxS\amd64_microsoft.windows.common-controls_6595b64144ccf1df_6.0.19041.1110_none_60b5254171f9507e;C:\Program Files\Android\Android Studio\jre\bin\server;C:\Users\justine\.gradle\native\fdc75f09e3144964f2cf3f50f0aa648679c211496f362492102eb8c894070792\windows-amd64;C:\Users\justine\.gradle\native\12488b8bf47d2d4c9fbf2f6322a914ad602e24e48041cd04a747c6da556b65c4\windows-amd64

VM Arguments:
jvm_args: --add-opens=java.base/java.util=ALL-UNNAMED --add-opens=java.base/java.lang=ALL-UNNAMED --add-opens=java.base/java.lang.invoke=ALL-UNNAMED --add-opens=java.prefs/java.util.prefs=ALL-UNNAMED -Xmx2048m -Dfile.encoding=UTF-8 -Duser.country=PH -Duser.language=en -Duser.variant 
java_command: org.gradle.launcher.daemon.bootstrap.GradleDaemon 6.7.1
java_class_path (initial): C:\Users\justine\.gradle\wrapper\dists\gradle-6.7.1-bin\bwlcbys1h7rz3272sye1xwiv6\gradle-6.7.1\lib\gradle-launcher-6.7.1.jar
Launcher Type: SUN_STANDARD

[Global flags]
     intx CICompilerCount                          = 4                                         {product} {ergonomic}
     uint ConcGCThreads                            = 2                                         {product} {ergonomic}
     uint G1ConcRefinementThreads                  = 8                                         {product} {ergonomic}
   size_t G1HeapRegionSize                         = 1048576                                   {product} {ergonomic}
    uintx GCDrainStackTargetSize                   = 64                                        {product} {ergonomic}
   size_t InitialHeapSize                          = 262144000                                 {product} {ergonomic}
   size_t MarkStackSize                            = 4194304                                   {product} {ergonomic}
   size_t MaxHeapSize                              = 2147483648                                {product} {command line}
   size_t MaxNewSize                               = 1287651328                                {product} {ergonomic}
   size_t MinHeapDeltaBytes                        = 1048576                                   {product} {ergonomic}
    uintx NonNMethodCodeHeapSize                   = 5836300                                {pd product} {ergonomic}
    uintx NonProfiledCodeHeapSize                  = 122910970                              {pd product} {ergonomic}
    uintx ProfiledCodeHeapSize                     = 122910970                              {pd product} {ergonomic}
    uintx ReservedCodeCacheSize                    = 251658240                              {pd product} {ergonomic}
     bool SegmentedCodeCache                       = true                                      {product} {ergonomic}
     bool UseCompressedClassPointers               = true                                 {lp64_product} {ergonomic}
     bool UseCompressedOops                        = true                                 {lp64_product} {ergonomic}
     bool UseG1GC                                  = true                                      {product} {ergonomic}
     bool UseLargePagesIndividualAllocation        = false                                  {pd product} {ergonomic}

Logging:
Log output configuration:
 #0: stdout all=warning uptime,level,tags
 #1: stderr all=off uptime,level,tags

Environment Variables:
PATH=C:\Program Files\Microsoft MPI\Bin\;C:\Program Files\Common Files\Oracle\Java\javapath;C:\WINDOWS\system32;C:\WINDOWS;C:\WINDOWS\System32\Wbem;C:\WINDOWS\System32\WindowsPowerShell\v1.0\;C:\WINDOWS\System32\OpenSSH\;C:\Program Files\Java\jdk-16\bin;C:\Program Files\Microsoft SQL Server\Client SDK\ODBC\170\Tools\Binn\;C:\Program Files (x86)\Microsoft SQL Server\150\Tools\Binn\;C:\Program Files\Microsoft SQL Server\150\Tools\Binn\;C:\Program Files\Microsoft SQL Server\150\DTS\Binn\;C:\Program Files (x86)\Microsoft SQL Server\150\DTS\Binn\;C:\Program Files\Git\cmd;C:\Users\justine\AppData\Local\Microsoft\WindowsApps;;C:\Program Files\JetBrains\IntelliJ IDEA Community Edition 2021.2.1\bin;;C:\Program Files (x86)\Sophos\Sophos SSL VPN Client\bin
USERNAME=justine
OS=Windows_NT
PROCESSOR_IDENTIFIER=Intel64 Family 6 Model 142 Stepping 12, GenuineIntel



---------------  S Y S T E M  ---------------

OS: Windows 10 , 64 bit Build 19041 (10.0.19041.1706)
OS uptime: 0 days 0:56 hours

CPU:total 8 (initial active 8) (4 cores per cpu, 2 threads per core) family 6 model 142 stepping 12 microcode 0xea, cmov, cx8, fxsr, mmx, sse, sse2, sse3, ssse3, sse4.1, sse4.2, popcnt, avx, avx2, aes, clmul, erms, 3dnowpref, lzcnt, ht, tsc, tscinvbit, bmi1, bmi2, adx, fma

Memory: 4k page, system-wide physical 15977M (2637M free)
TotalPageFile size 20977M (AvailPageFile size 10M)
current process WorkingSet (physical memory assigned to process): 403M, peak: 404M
current process commit charge ("private bytes"): 514M, peak: 517M

vm_info: OpenJDK 64-Bit Server VM (11.0.11+9-b60-7590822) for windows-amd64 JRE (11.0.11+9-b60-7590822), built on Jul 29 2021 21:43:44 by "builder" with MS VC++ 14.0 (VS2015)

END.
