#
# There is insufficient memory for the Java Runtime Environment to continue.
# Native memory allocation (malloc) failed to allocate 2141296 bytes for Chunk::new
# Possible reasons:
#   The system is out of physical RAM or swap space
#   The process is running with CompressedOops enabled, and the Java Heap may be blocking the growth of the native heap
# Possible solutions:
#   Reduce memory load on the system
#   Increase physical memory or swap space
#   Check if swap backing store is full
#   Decrease Java heap size (-Xmx/-Xms)
#   Decrease number of Java threads
#   Decrease Java thread stack sizes (-Xss)
#   Set larger code cache with -XX:ReservedCodeCacheSize=
#   JVM is running with Unscaled Compressed Oops mode in which the Java heap is
#     placed in the first 4GB address space. The Java Heap base address is the
#     maximum limit for the native heap growth. Please use -XX:HeapBaseMinAddress
#     to set the Java Heap base and to place the Java Heap above 4GB virtual address.
# This output file may be truncated or incomplete.
#
#  Out of Memory Error (./src/hotspot/share/memory/arena.cpp:197), pid=19676, tid=12148
#
# JRE version: OpenJDK Runtime Environment (11.0.11+9) (build 11.0.11+9-b60-7590822)
# Java VM: OpenJDK 64-Bit Server VM (11.0.11+9-b60-7590822, mixed mode, tiered, compressed oops, g1 gc, windows-amd64)
# No core dump will be written. Minidumps are not enabled by default on client versions of Windows
#

---------------  S U M M A R Y ------------

Command Line: --add-opens=java.base/java.util=ALL-UNNAMED --add-opens=java.base/java.lang=ALL-UNNAMED --add-opens=java.base/java.lang.invoke=ALL-UNNAMED --add-opens=java.prefs/java.util.prefs=ALL-UNNAMED -Xmx2048m -Dfile.encoding=UTF-8 -Duser.country=PH -Duser.language=en -Duser.variant org.gradle.launcher.daemon.bootstrap.GradleDaemon 6.7.1

Host: Intel(R) Core(TM) i7-10510U CPU @ 1.80GHz, 8 cores, 15G,  Windows 10 , 64 bit Build 19041 (10.0.19041.1889)
Time: Thu Nov 10 09:43:26 2022 Malay Peninsula Standard Time elapsed time: 2014.193584 seconds (0d 0h 33m 34s)

---------------  T H R E A D  ---------------

Current thread (0x000001ad3ace3800):  JavaThread "C2 CompilerThread1" daemon [_thread_in_native, id=12148, stack(0x0000007fd3000000,0x0000007fd3100000)]


Current CompileTask:
C2:2014194 14334   !   4       java.io.ObjectOutputStream::writeObject0 (619 bytes)

Stack: [0x0000007fd3000000,0x0000007fd3100000]
Native frames: (J=compiled Java code, j=interpreted, Vv=VM code, C=native code)
V  [jvm.dll+0x5f214a]
V  [jvm.dll+0x726fb5]
V  [jvm.dll+0x7285cd]
V  [jvm.dll+0x728c83]
V  [jvm.dll+0x243278]
V  [jvm.dll+0xbc53c]
V  [jvm.dll+0xbca3c]
V  [jvm.dll+0x353e3b]
V  [jvm.dll+0x321893]
V  [jvm.dll+0x320d8a]
V  [jvm.dll+0x1fc1e2]
V  [jvm.dll+0x1fb3d4]
V  [jvm.dll+0x183d6c]
V  [jvm.dll+0x209a57]
V  [jvm.dll+0x2082a1]
V  [jvm.dll+0x6ef58f]
V  [jvm.dll+0x6e80b5]
V  [jvm.dll+0x5f1036]
C  [ucrtbase.dll+0x21bb2]
C  [KERNEL32.dll+0x17034]
C  [ntdll.dll+0x526a1]


---------------  P R O C E S S  ---------------

Threads class SMR info:
_java_thread_list=0x000001ad3567a1d0, length=149, elements={
0x000001ad12da4800, 0x000001ad2f901800, 0x000001ad2f903000, 0x000001ad2f974800,
0x000001ad2f977000, 0x000001ad2f979000, 0x000001ad2f97c000, 0x000001ad2f980800,
0x000001ad2f989800, 0x000001ad2faf0000, 0x000001ad31ca5800, 0x000001ad2fe79000,
0x000001ad31ea5800, 0x000001ad31520800, 0x000001ad31521800, 0x000001ad3151d800,
0x000001ad31520000, 0x000001ad33e92800, 0x000001ad3721d000, 0x000001ad38d81800,
0x000001ad37214000, 0x000001ad37212000, 0x000001ad3720e000, 0x000001ad37214800,
0x000001ad37211800, 0x000001ad37213000, 0x000001ad3720f000, 0x000001ad37210000,
0x000001ad3ace3800, 0x000001ad37215800, 0x000001ad37210800, 0x000001ad37216800,
0x000001ad37219000, 0x000001ad37218000, 0x000001ad37219800, 0x000001ad3721a800,
0x000001ad3721c000, 0x000001ad3721b000, 0x000001ad38d82800, 0x000001ad38d81000,
0x000001ad38d86000, 0x000001ad38d83800, 0x000001ad38d84000, 0x000001ad38d85000,
0x000001ad38d80000, 0x000001ad38d89000, 0x000001ad38d8a000, 0x000001ad38d8a800,
0x000001ad38d8b800, 0x000001ad38d8c800, 0x000001ad38d86800, 0x000001ad38d8d000,
0x000001ad38d87800, 0x000001ad38d8e000, 0x000001ad38d8f000, 0x000001ad33e91000,
0x000001ad33e92000, 0x000001ad33e94800, 0x000001ad33e8e800, 0x000001ad33e8f800,
0x000001ad33e90000, 0x000001ad33e9a000, 0x000001ad33e96800, 0x000001ad33e97800,
0x000001ad33e9b800, 0x000001ad33e98800, 0x000001ad33e96000, 0x000001ad33e9d000,
0x000001ad33e99000, 0x000001ad33e9b000, 0x000001ad33e9c800, 0x000001ad31a05000,
0x000001ad31a07800, 0x000001ad31a08000, 0x000001ad31a0b800, 0x000001ad31a0a000,
0x000001ad31a06000, 0x000001ad31a06800, 0x000001ad31a0a800, 0x000001ad3151f000,
0x000001ad31524000, 0x000001ad3151e800, 0x000001ad31522800, 0x000001ad31523000,
0x000001ad3adf6800, 0x000001ad3adf4000, 0x000001ad3adf3800, 0x000001ad3adf8000,
0x000001ad3adf6000, 0x000001ad3adf7800, 0x000001ad3adf5000, 0x000001ad3adf2800,
0x000001ad3adfe000, 0x000001ad3adfb800, 0x000001ad3adfc800, 0x000001ad3adfd000,
0x000001ad3adff000, 0x000001ad3adf9000, 0x000001ad3adff800, 0x000001ad3adfa000,
0x000001ad3ae00800, 0x000001ad3adfa800, 0x000001ad3ae01000, 0x000001ad354c9000,
0x000001ad354ca000, 0x000001ad354c4800, 0x000001ad354cb000, 0x000001ad354c5000,
0x000001ad354c7800, 0x000001ad354c8800, 0x000001ad354c6000, 0x000001ad354c6800,
0x000001ad31dbd800, 0x000001ad31dc0800, 0x000001ad31dc0000, 0x000001ad31dc3000,
0x000001ad31dbe000, 0x000001ad31dbf000, 0x000001ad31dc6800, 0x000001ad31dc4000,
0x000001ad31dc1800, 0x000001ad31dc4800, 0x000001ad31dc7000, 0x000001ad31dc5800,
0x000001ad31dc8000, 0x000001ad31dc2800, 0x000001ad31dc9000, 0x000001ad31dc9800,
0x000001ad31dca800, 0x000001ad31dcb000, 0x000001ad31dcc000, 0x000001ad353ec800,
0x000001ad353ed800, 0x000001ad353ee000, 0x000001ad353ea000, 0x000001ad353ef000,
0x000001ad353eb000, 0x000001ad353e9000, 0x000001ad3adf1800, 0x000001ad353f0800,
0x000001ad353ef800, 0x000001ad353f1800, 0x000001ad353eb800, 0x000001ad353f2000,
0x000001ad353f3000, 0x000001ad353f6800, 0x000001ad353f8000, 0x000001ad353f4000,
0x000001ad353f4800
}

Java Threads: ( => current thread )
  0x000001ad12da4800 JavaThread "main" [_thread_blocked, id=9888, stack(0x0000007fd1100000,0x0000007fd1200000)]
  0x000001ad2f901800 JavaThread "Reference Handler" daemon [_thread_blocked, id=5748, stack(0x0000007fd1800000,0x0000007fd1900000)]
  0x000001ad2f903000 JavaThread "Finalizer" daemon [_thread_blocked, id=6916, stack(0x0000007fd1900000,0x0000007fd1a00000)]
  0x000001ad2f974800 JavaThread "Signal Dispatcher" daemon [_thread_blocked, id=24996, stack(0x0000007fd1a00000,0x0000007fd1b00000)]
  0x000001ad2f977000 JavaThread "Attach Listener" daemon [_thread_blocked, id=620, stack(0x0000007fd1b00000,0x0000007fd1c00000)]
  0x000001ad2f979000 JavaThread "Service Thread" daemon [_thread_blocked, id=24196, stack(0x0000007fd1c00000,0x0000007fd1d00000)]
  0x000001ad2f97c000 JavaThread "C2 CompilerThread0" daemon [_thread_in_native, id=19700, stack(0x0000007fd1d00000,0x0000007fd1e00000)]
  0x000001ad2f980800 JavaThread "C1 CompilerThread0" daemon [_thread_blocked, id=21072, stack(0x0000007fd1e00000,0x0000007fd1f00000)]
  0x000001ad2f989800 JavaThread "Sweeper thread" daemon [_thread_blocked, id=16924, stack(0x0000007fd1f00000,0x0000007fd2000000)]
  0x000001ad2faf0000 JavaThread "Common-Cleaner" daemon [_thread_blocked, id=9292, stack(0x0000007fd2000000,0x0000007fd2100000)]
  0x000001ad31ca5800 JavaThread "Daemon health stats" [_thread_blocked, id=15244, stack(0x0000007fd2900000,0x0000007fd2a00000)]
  0x000001ad2fe79000 JavaThread "Incoming local TCP Connector on port 49374" [_thread_in_native, id=19004, stack(0x0000007fd2a00000,0x0000007fd2b00000)]
  0x000001ad31ea5800 JavaThread "Daemon periodic checks" [_thread_blocked, id=9012, stack(0x0000007fd2b00000,0x0000007fd2c00000)]
  0x000001ad31520800 JavaThread "Cache worker for file hash cache (C:\Users\justine\.gradle\caches\6.7.1\fileHashes)" [_thread_blocked, id=1460, stack(0x0000007fd3300000,0x0000007fd3400000)]
  0x000001ad31521800 JavaThread "File lock request listener" [_thread_in_native, id=15292, stack(0x0000007fd3400000,0x0000007fd3500000)]
  0x000001ad3151d800 JavaThread "Cache worker for journal cache (C:\Users\justine\.gradle\caches\journal-1)" [_thread_blocked, id=19284, stack(0x0000007fd3800000,0x0000007fd3900000)]
  0x000001ad31520000 JavaThread "Cache worker for execution history cache (C:\Users\justine\.gradle\caches\6.7.1\executionHistory)" [_thread_blocked, id=23972, stack(0x0000007fd3f00000,0x0000007fd4000000)]
  0x000001ad33e92800 JavaThread "Cache worker for file content cache (C:\Users\justine\.gradle\caches\6.7.1\fileContent)" [_thread_blocked, id=17216, stack(0x0000007fd4100000,0x0000007fd4200000)]
  0x000001ad3721d000 JavaThread "Memory manager" [_thread_blocked, id=11840, stack(0x0000007fdab00000,0x0000007fdac00000)]
  0x000001ad38d81800 JavaThread "Cache worker for Java compile cache (C:\Users\justine\.gradle\caches\6.7.1\javaCompile)" [_thread_blocked, id=17932, stack(0x0000007fdaa00000,0x0000007fdab00000)]
  0x000001ad37214000 JavaThread "Daemon Thread 3" [_thread_blocked, id=13132, stack(0x0000007fd0f00000,0x0000007fd1000000)]
  0x000001ad37212000 JavaThread "Handler for socket connection from /127.0.0.1:49374 to /127.0.0.1:50315" [_thread_in_native, id=20752, stack(0x0000007fd1000000,0x0000007fd1100000)]
  0x000001ad3720e000 JavaThread "Cancel handler" [_thread_blocked, id=19916, stack(0x0000007fd2200000,0x0000007fd2300000)]
  0x000001ad37214800 JavaThread "Daemon worker Thread 3" [_thread_blocked, id=10476, stack(0x0000007fd2800000,0x0000007fd2900000)]
  0x000001ad37211800 JavaThread "Asynchronous log dispatcher for DefaultDaemonConnection: socket connection from /127.0.0.1:49374 to /127.0.0.1:50315" [_thread_blocked, id=6596, stack(0x0000007fd2c00000,0x0000007fd2d00000)]
  0x000001ad37213000 JavaThread "Stdin handler" [_thread_blocked, id=16092, stack(0x0000007fd2d00000,0x0000007fd2e00000)]
  0x000001ad3720f000 JavaThread "Thread-258" [_thread_in_Java, id=13624, stack(0x0000007fd2e00000,0x0000007fd2f00000)]
  0x000001ad37210000 JavaThread "Cache worker for file hash cache (C:\Users\justine\AndroidStudioProjects\IQCAPPLICATION\.gradle\6.7.1\fileHashes)" [_thread_blocked, id=14476, stack(0x0000007fd2f00000,0x0000007fd3000000)]
=>0x000001ad3ace3800 JavaThread "C2 CompilerThread1" daemon [_thread_in_native, id=12148, stack(0x0000007fd3000000,0x0000007fd3100000)]
  0x000001ad37215800 JavaThread "Cache worker for checksums cache (C:\Users\justine\AndroidStudioProjects\IQCAPPLICATION\.gradle\checksums)" [_thread_blocked, id=18396, stack(0x0000007fd3100000,0x0000007fd3200000)]
  0x000001ad37210800 JavaThread "Cache worker for cache directory md-supplier (C:\Users\justine\.gradle\caches\6.7.1\md-supplier)" [_thread_blocked, id=7692, stack(0x0000007fd3200000,0x0000007fd3300000)]
  0x000001ad37216800 JavaThread "Cache worker for cache directory md-rule (C:\Users\justine\.gradle\caches\6.7.1\md-rule)" [_thread_blocked, id=7416, stack(0x0000007fd3900000,0x0000007fd3a00000)]
  0x000001ad37219000 JavaThread "Cache worker for Build Output Cleanup Cache (C:\Users\justine\AndroidStudioProjects\IQCAPPLICATION\.gradle\buildOutputCleanup)" [_thread_blocked, id=20996, stack(0x0000007fd3a00000,0x0000007fd3b00000)]
  0x000001ad37218000 JavaThread "Build operations" [_thread_blocked, id=13176, stack(0x0000007fd3b00000,0x0000007fd3c00000)]
  0x000001ad37219800 JavaThread "Build operations Thread 2" [_thread_blocked, id=22148, stack(0x0000007fd3c00000,0x0000007fd3d00000)]
  0x000001ad3721a800 JavaThread "Build operations Thread 3" [_thread_in_native, id=7024, stack(0x0000007fd3d00000,0x0000007fd3e00000)]
  0x000001ad3721c000 JavaThread "Build operations Thread 4" [_thread_in_native, id=18636, stack(0x0000007fd3e00000,0x0000007fd3f00000)]
  0x000001ad3721b000 JavaThread "Build operations Thread 5" [_thread_in_native, id=14112, stack(0x0000007fd4000000,0x0000007fd4100000)]
  0x000001ad38d82800 JavaThread "Build operations Thread 6" [_thread_blocked, id=12660, stack(0x0000007fd4200000,0x0000007fd4300000)]
  0x000001ad38d81000 JavaThread "Build operations Thread 7" [_thread_in_native, id=16012, stack(0x0000007fd4300000,0x0000007fd4400000)]
  0x000001ad38d86000 JavaThread "Build operations Thread 8" [_thread_blocked, id=10368, stack(0x0000007fd4400000,0x0000007fd4500000)]
  0x000001ad38d83800 JavaThread "jar transforms Thread 195" [_thread_blocked, id=10712, stack(0x0000007fd4500000,0x0000007fd4600000)]
  0x000001ad38d84000 JavaThread "jar transforms Thread 196" [_thread_blocked, id=19784, stack(0x0000007fd4600000,0x0000007fd4700000)]
  0x000001ad38d85000 JavaThread "jar transforms Thread 197" [_thread_blocked, id=4484, stack(0x0000007fd4700000,0x0000007fd4800000)]
  0x000001ad38d80000 JavaThread "jar transforms Thread 198" [_thread_blocked, id=14720, stack(0x0000007fd4800000,0x0000007fd4900000)]
  0x000001ad38d89000 JavaThread "jar transforms Thread 199" [_thread_blocked, id=6104, stack(0x0000007fd4900000,0x0000007fd4a00000)]
  0x000001ad38d8a000 JavaThread "jar transforms Thread 200" [_thread_blocked, id=15136, stack(0x0000007fd4a00000,0x0000007fd4b00000)]
  0x000001ad38d8a800 JavaThread "jar transforms Thread 201" [_thread_blocked, id=11788, stack(0x0000007fd4b00000,0x0000007fd4c00000)]
  0x000001ad38d8b800 JavaThread "jar transforms Thread 202" [_thread_blocked, id=3284, stack(0x0000007fd4c00000,0x0000007fd4d00000)]
  0x000001ad38d8c800 JavaThread "jar transforms Thread 203" [_thread_blocked, id=12876, stack(0x0000007fd4d00000,0x0000007fd4e00000)]
  0x000001ad38d86800 JavaThread "jar transforms Thread 204" [_thread_blocked, id=13988, stack(0x0000007fd4e00000,0x0000007fd4f00000)]
  0x000001ad38d8d000 JavaThread "jar transforms Thread 205" [_thread_blocked, id=13340, stack(0x0000007fd4f00000,0x0000007fd5000000)]
  0x000001ad38d87800 JavaThread "jar transforms Thread 206" [_thread_blocked, id=5028, stack(0x0000007fd5000000,0x0000007fd5100000)]
  0x000001ad38d8e000 JavaThread "jar transforms Thread 207" [_thread_blocked, id=18184, stack(0x0000007fd5100000,0x0000007fd5200000)]
  0x000001ad38d8f000 JavaThread "jar transforms Thread 208" [_thread_blocked, id=22092, stack(0x0000007fd5200000,0x0000007fd5300000)]
  0x000001ad33e91000 JavaThread "jar transforms Thread 209" [_thread_blocked, id=21276, stack(0x0000007fd5300000,0x0000007fd5400000)]
  0x000001ad33e92000 JavaThread "jar transforms Thread 210" [_thread_blocked, id=11636, stack(0x0000007fd5400000,0x0000007fd5500000)]
  0x000001ad33e94800 JavaThread "jar transforms Thread 211" [_thread_blocked, id=25172, stack(0x0000007fd5500000,0x0000007fd5600000)]
  0x000001ad33e8e800 JavaThread "jar transforms Thread 212" [_thread_blocked, id=3728, stack(0x0000007fd5600000,0x0000007fd5700000)]
  0x000001ad33e8f800 JavaThread "jar transforms Thread 213" [_thread_blocked, id=1360, stack(0x0000007fd5700000,0x0000007fd5800000)]
  0x000001ad33e90000 JavaThread "jar transforms Thread 214" [_thread_blocked, id=20116, stack(0x0000007fd5800000,0x0000007fd5900000)]
  0x000001ad33e9a000 JavaThread "jar transforms Thread 215" [_thread_blocked, id=24332, stack(0x0000007fd5900000,0x0000007fd5a00000)]
  0x000001ad33e96800 JavaThread "jar transforms Thread 216" [_thread_blocked, id=24084, stack(0x0000007fd5a00000,0x0000007fd5b00000)]
  0x000001ad33e97800 JavaThread "jar transforms Thread 217" [_thread_blocked, id=21064, stack(0x0000007fd5b00000,0x0000007fd5c00000)]
  0x000001ad33e9b800 JavaThread "jar transforms Thread 218" [_thread_blocked, id=15540, stack(0x0000007fd5c00000,0x0000007fd5d00000)]
  0x000001ad33e98800 JavaThread "jar transforms Thread 219" [_thread_blocked, id=22180, stack(0x0000007fd5d00000,0x0000007fd5e00000)]
  0x000001ad33e96000 JavaThread "jar transforms Thread 220" [_thread_blocked, id=15700, stack(0x0000007fd5e00000,0x0000007fd5f00000)]
  0x000001ad33e9d000 JavaThread "jar transforms Thread 221" [_thread_blocked, id=4944, stack(0x0000007fd5f00000,0x0000007fd6000000)]
  0x000001ad33e99000 JavaThread "jar transforms Thread 222" [_thread_blocked, id=9228, stack(0x0000007fd6000000,0x0000007fd6100000)]
  0x000001ad33e9b000 JavaThread "jar transforms Thread 223" [_thread_blocked, id=12536, stack(0x0000007fd6100000,0x0000007fd6200000)]
  0x000001ad33e9c800 JavaThread "jar transforms Thread 224" [_thread_blocked, id=9380, stack(0x0000007fd6200000,0x0000007fd6300000)]
  0x000001ad31a05000 JavaThread "jar transforms Thread 225" [_thread_blocked, id=18032, stack(0x0000007fd6300000,0x0000007fd6400000)]
  0x000001ad31a07800 JavaThread "jar transforms Thread 226" [_thread_blocked, id=17944, stack(0x0000007fd6400000,0x0000007fd6500000)]
  0x000001ad31a08000 JavaThread "jar transforms Thread 227" [_thread_blocked, id=13324, stack(0x0000007fd6500000,0x0000007fd6600000)]
  0x000001ad31a0b800 JavaThread "jar transforms Thread 228" [_thread_blocked, id=19076, stack(0x0000007fd6600000,0x0000007fd6700000)]
  0x000001ad31a0a000 JavaThread "jar transforms Thread 229" [_thread_blocked, id=15968, stack(0x0000007fd6700000,0x0000007fd6800000)]
  0x000001ad31a06000 JavaThread "jar transforms Thread 230" [_thread_blocked, id=23012, stack(0x0000007fd6800000,0x0000007fd6900000)]
  0x000001ad31a06800 JavaThread "jar transforms Thread 231" [_thread_blocked, id=11412, stack(0x0000007fd6900000,0x0000007fd6a00000)]
  0x000001ad31a0a800 JavaThread "jar transforms Thread 232" [_thread_blocked, id=23660, stack(0x0000007fd6a00000,0x0000007fd6b00000)]
  0x000001ad3151f000 JavaThread "jar transforms Thread 233" [_thread_blocked, id=21184, stack(0x0000007fd6b00000,0x0000007fd6c00000)]
  0x000001ad31524000 JavaThread "jar transforms Thread 234" [_thread_blocked, id=9592, stack(0x0000007fd6c00000,0x0000007fd6d00000)]
  0x000001ad3151e800 JavaThread "jar transforms Thread 235" [_thread_blocked, id=15488, stack(0x0000007fd6d00000,0x0000007fd6e00000)]
  0x000001ad31522800 JavaThread "jar transforms Thread 236" [_thread_blocked, id=4892, stack(0x0000007fd6e00000,0x0000007fd6f00000)]
  0x000001ad31523000 JavaThread "jar transforms Thread 237" [_thread_blocked, id=19428, stack(0x0000007fd6f00000,0x0000007fd7000000)]
  0x000001ad3adf6800 JavaThread "jar transforms Thread 238" [_thread_blocked, id=23824, stack(0x0000007fd7000000,0x0000007fd7100000)]
  0x000001ad3adf4000 JavaThread "jar transforms Thread 239" [_thread_blocked, id=16000, stack(0x0000007fd7100000,0x0000007fd7200000)]
  0x000001ad3adf3800 JavaThread "jar transforms Thread 240" [_thread_blocked, id=8092, stack(0x0000007fd7200000,0x0000007fd7300000)]
  0x000001ad3adf8000 JavaThread "jar transforms Thread 241" [_thread_blocked, id=24140, stack(0x0000007fd7300000,0x0000007fd7400000)]
  0x000001ad3adf6000 JavaThread "jar transforms Thread 242" [_thread_blocked, id=22836, stack(0x0000007fd7400000,0x0000007fd7500000)]
  0x000001ad3adf7800 JavaThread "jar transforms Thread 243" [_thread_blocked, id=8972, stack(0x0000007fd7500000,0x0000007fd7600000)]
  0x000001ad3adf5000 JavaThread "jar transforms Thread 244" [_thread_blocked, id=22844, stack(0x0000007fd7600000,0x0000007fd7700000)]
  0x000001ad3adf2800 JavaThread "jar transforms Thread 245" [_thread_blocked, id=19432, stack(0x0000007fd7700000,0x0000007fd7800000)]
  0x000001ad3adfe000 JavaThread "jar transforms Thread 246" [_thread_blocked, id=17468, stack(0x0000007fd7800000,0x0000007fd7900000)]
  0x000001ad3adfb800 JavaThread "jar transforms Thread 247" [_thread_blocked, id=1040, stack(0x0000007fd7900000,0x0000007fd7a00000)]
  0x000001ad3adfc800 JavaThread "jar transforms Thread 248" [_thread_blocked, id=23068, stack(0x0000007fd7a00000,0x0000007fd7b00000)]
  0x000001ad3adfd000 JavaThread "jar transforms Thread 249" [_thread_blocked, id=20268, stack(0x0000007fd7b00000,0x0000007fd7c00000)]
  0x000001ad3adff000 JavaThread "jar transforms Thread 250" [_thread_blocked, id=1144, stack(0x0000007fd7c00000,0x0000007fd7d00000)]
  0x000001ad3adf9000 JavaThread "jar transforms Thread 251" [_thread_blocked, id=14132, stack(0x0000007fd7d00000,0x0000007fd7e00000)]
  0x000001ad3adff800 JavaThread "jar transforms Thread 252" [_thread_blocked, id=13344, stack(0x0000007fd7e00000,0x0000007fd7f00000)]
  0x000001ad3adfa000 JavaThread "jar transforms Thread 253" [_thread_blocked, id=19108, stack(0x0000007fd7f00000,0x0000007fd8000000)]
  0x000001ad3ae00800 JavaThread "jar transforms Thread 254" [_thread_blocked, id=24520, stack(0x0000007fd8000000,0x0000007fd8100000)]
  0x000001ad3adfa800 JavaThread "jar transforms Thread 255" [_thread_blocked, id=13896, stack(0x0000007fd8100000,0x0000007fd8200000)]
  0x000001ad3ae01000 JavaThread "jar transforms Thread 256" [_thread_blocked, id=5692, stack(0x0000007fd8200000,0x0000007fd8300000)]
  0x000001ad354c9000 JavaThread "jar transforms Thread 257" [_thread_blocked, id=22308, stack(0x0000007fd8300000,0x0000007fd8400000)]
  0x000001ad354ca000 JavaThread "jar transforms Thread 258" [_thread_blocked, id=24532, stack(0x0000007fd8400000,0x0000007fd8500000)]
  0x000001ad354c4800 JavaThread "jar transforms Thread 259" [_thread_blocked, id=24852, stack(0x0000007fd8500000,0x0000007fd8600000)]
  0x000001ad354cb000 JavaThread "jar transforms Thread 260" [_thread_blocked, id=24656, stack(0x0000007fd8600000,0x0000007fd8700000)]
  0x000001ad354c5000 JavaThread "jar transforms Thread 261" [_thread_blocked, id=15564, stack(0x0000007fd8700000,0x0000007fd8800000)]
  0x000001ad354c7800 JavaThread "jar transforms Thread 262" [_thread_blocked, id=24992, stack(0x0000007fd8800000,0x0000007fd8900000)]
  0x000001ad354c8800 JavaThread "jar transforms Thread 263" [_thread_blocked, id=15788, stack(0x0000007fd8900000,0x0000007fd8a00000)]
  0x000001ad354c6000 JavaThread "jar transforms Thread 264" [_thread_blocked, id=24988, stack(0x0000007fd8a00000,0x0000007fd8b00000)]
  0x000001ad354c6800 JavaThread "jar transforms Thread 265" [_thread_blocked, id=10280, stack(0x0000007fd8b00000,0x0000007fd8c00000)]
  0x000001ad31dbd800 JavaThread "jar transforms Thread 266" [_thread_blocked, id=25452, stack(0x0000007fd8c00000,0x0000007fd8d00000)]
  0x000001ad31dc0800 JavaThread "jar transforms Thread 267" [_thread_blocked, id=16088, stack(0x0000007fd8d00000,0x0000007fd8e00000)]
  0x000001ad31dc0000 JavaThread "jar transforms Thread 268" [_thread_blocked, id=14728, stack(0x0000007fd8e00000,0x0000007fd8f00000)]
  0x000001ad31dc3000 JavaThread "jar transforms Thread 269" [_thread_blocked, id=17780, stack(0x0000007fd8f00000,0x0000007fd9000000)]
  0x000001ad31dbe000 JavaThread "jar transforms Thread 270" [_thread_blocked, id=21012, stack(0x0000007fd9000000,0x0000007fd9100000)]
  0x000001ad31dbf000 JavaThread "jar transforms Thread 271" [_thread_blocked, id=22048, stack(0x0000007fd9100000,0x0000007fd9200000)]
  0x000001ad31dc6800 JavaThread "jar transforms Thread 272" [_thread_blocked, id=15936, stack(0x0000007fd9200000,0x0000007fd9300000)]
  0x000001ad31dc4000 JavaThread "jar transforms Thread 273" [_thread_blocked, id=16432, stack(0x0000007fd9300000,0x0000007fd9400000)]
  0x000001ad31dc1800 JavaThread "jar transforms Thread 274" [_thread_blocked, id=16420, stack(0x0000007fd9400000,0x0000007fd9500000)]
  0x000001ad31dc4800 JavaThread "jar transforms Thread 275" [_thread_blocked, id=14640, stack(0x0000007fd9500000,0x0000007fd9600000)]
  0x000001ad31dc7000 JavaThread "jar transforms Thread 276" [_thread_blocked, id=12756, stack(0x0000007fd9600000,0x0000007fd9700000)]
  0x000001ad31dc5800 JavaThread "jar transforms Thread 277" [_thread_blocked, id=8116, stack(0x0000007fd9700000,0x0000007fd9800000)]
  0x000001ad31dc8000 JavaThread "jar transforms Thread 278" [_thread_blocked, id=692, stack(0x0000007fd9800000,0x0000007fd9900000)]
  0x000001ad31dc2800 JavaThread "jar transforms Thread 279" [_thread_blocked, id=22624, stack(0x0000007fd9900000,0x0000007fd9a00000)]
  0x000001ad31dc9000 JavaThread "jar transforms Thread 280" [_thread_blocked, id=16836, stack(0x0000007fd9a00000,0x0000007fd9b00000)]
  0x000001ad31dc9800 JavaThread "jar transforms Thread 281" [_thread_blocked, id=19612, stack(0x0000007fd9b00000,0x0000007fd9c00000)]
  0x000001ad31dca800 JavaThread "jar transforms Thread 282" [_thread_blocked, id=10676, stack(0x0000007fd9c00000,0x0000007fd9d00000)]
  0x000001ad31dcb000 JavaThread "jar transforms Thread 283" [_thread_blocked, id=16592, stack(0x0000007fd9d00000,0x0000007fd9e00000)]
  0x000001ad31dcc000 JavaThread "jar transforms Thread 284" [_thread_blocked, id=4640, stack(0x0000007fd9e00000,0x0000007fd9f00000)]
  0x000001ad353ec800 JavaThread "jar transforms Thread 285" [_thread_blocked, id=12452, stack(0x0000007fd9f00000,0x0000007fda000000)]
  0x000001ad353ed800 JavaThread "jar transforms Thread 286" [_thread_blocked, id=16516, stack(0x0000007fda000000,0x0000007fda100000)]
  0x000001ad353ee000 JavaThread "jar transforms Thread 287" [_thread_blocked, id=7060, stack(0x0000007fda100000,0x0000007fda200000)]
  0x000001ad353ea000 JavaThread "jar transforms Thread 288" [_thread_blocked, id=4048, stack(0x0000007fda200000,0x0000007fda300000)]
  0x000001ad353ef000 JavaThread "jar transforms Thread 289" [_thread_blocked, id=10520, stack(0x0000007fda300000,0x0000007fda400000)]
  0x000001ad353eb000 JavaThread "jar transforms Thread 290" [_thread_blocked, id=11764, stack(0x0000007fda400000,0x0000007fda500000)]
  0x000001ad353e9000 JavaThread "jar transforms Thread 291" [_thread_blocked, id=18096, stack(0x0000007fda500000,0x0000007fda600000)]
  0x000001ad3adf1800 JavaThread "C2 CompilerThread2" daemon [_thread_in_native, id=24848, stack(0x0000007fda600000,0x0000007fda700000)]
  0x000001ad353f0800 JavaThread "build event listener" [_thread_blocked, id=7776, stack(0x0000007fda700000,0x0000007fda800000)]
  0x000001ad353ef800 JavaThread "build event listener" [_thread_blocked, id=17624, stack(0x0000007fda800000,0x0000007fda900000)]
  0x000001ad353f1800 JavaThread "Execution worker for ':'" [_thread_blocked, id=20864, stack(0x0000007fda900000,0x0000007fdaa00000)]
  0x000001ad353eb800 JavaThread "Execution worker for ':' Thread 2" [_thread_blocked, id=956, stack(0x0000007fdae00000,0x0000007fdaf00000)]
  0x000001ad353f2000 JavaThread "Execution worker for ':' Thread 3" [_thread_blocked, id=24368, stack(0x0000007fdaf00000,0x0000007fdb000000)]
  0x000001ad353f3000 JavaThread "Execution worker for ':' Thread 4" [_thread_blocked, id=18168, stack(0x0000007fdb000000,0x0000007fdb100000)]
  0x000001ad353f6800 JavaThread "Execution worker for ':' Thread 5" [_thread_blocked, id=19308, stack(0x0000007fdb100000,0x0000007fdb200000)]
  0x000001ad353f8000 JavaThread "Execution worker for ':' Thread 6" [_thread_blocked, id=5860, stack(0x0000007fdb200000,0x0000007fdb300000)]
  0x000001ad353f4000 JavaThread "Execution worker for ':' Thread 7" [_thread_blocked, id=16884, stack(0x0000007fdb300000,0x0000007fdb400000)]
  0x000001ad353f4800 JavaThread "Cache worker for execution history cache (C:\Users\justine\AndroidStudioProjects\IQCAPPLICATION\.gradle\6.7.1\executionHistory)" [_thread_blocked, id=10072, stack(0x0000007fdb400000,0x0000007fdb500000)]

Other Threads:
  0x000001ad2f8ff800 VMThread "VM Thread" [stack: 0x0000007fd1700000,0x0000007fd1800000] [id=23708]
  0x000001ad2fb16800 WatcherThread [stack: 0x0000007fd2100000,0x0000007fd2200000] [id=16972]
  0x000001ad12db7000 GCTaskThread "GC Thread#0" [stack: 0x0000007fd1200000,0x0000007fd1300000] [id=16056]
  0x000001ad307f1000 GCTaskThread "GC Thread#1" [stack: 0x0000007fd2300000,0x0000007fd2400000] [id=9460]
  0x000001ad305f0000 GCTaskThread "GC Thread#2" [stack: 0x0000007fd2400000,0x0000007fd2500000] [id=23208]
  0x000001ad307cb800 GCTaskThread "GC Thread#3" [stack: 0x0000007fd2500000,0x0000007fd2600000] [id=23936]
  0x000001ad30856800 GCTaskThread "GC Thread#4" [stack: 0x0000007fd2600000,0x0000007fd2700000] [id=24540]
  0x000001ad3085b800 GCTaskThread "GC Thread#5" [stack: 0x0000007fd2700000,0x0000007fd2800000] [id=13632]
  0x000001ad30fb0000 GCTaskThread "GC Thread#6" [stack: 0x0000007fd3500000,0x0000007fd3600000] [id=11496]
  0x000001ad31d79000 GCTaskThread "GC Thread#7" [stack: 0x0000007fd3600000,0x0000007fd3700000] [id=5736]
  0x000001ad12dea000 ConcurrentGCThread "G1 Main Marker" [stack: 0x0000007fd1300000,0x0000007fd1400000] [id=12508]
  0x000001ad12ded800 ConcurrentGCThread "G1 Conc#0" [stack: 0x0000007fd1400000,0x0000007fd1500000] [id=16264]
  0x000001ad31a81000 ConcurrentGCThread "G1 Conc#1" [stack: 0x0000007fd3700000,0x0000007fd3800000] [id=12740]
  0x000001ad2ef46800 ConcurrentGCThread "G1 Refine#0" [stack: 0x0000007fd1500000,0x0000007fd1600000] [id=10192]
  0x000001ad38f95800 ConcurrentGCThread "G1 Refine#1" [stack: 0x0000007fdac00000,0x0000007fdad00000] [id=24536]
  0x000001ad31e64800 ConcurrentGCThread "G1 Refine#2" [stack: 0x0000007fdad00000,0x0000007fdae00000] [id=15460]
  0x000001ad3afb4800 ConcurrentGCThread "G1 Refine#3" [stack: 0x0000007fdba00000,0x0000007fdbb00000] [id=21696]
  0x000001ad3791b800 ConcurrentGCThread "G1 Refine#4" [stack: 0x0000007fdbb00000,0x0000007fdbc00000] [id=19752]
  0x000001ad30a10000 ConcurrentGCThread "G1 Refine#5" [stack: 0x0000007fdbc00000,0x0000007fdbd00000] [id=17164]
  0x000001ad3b4c2800 ConcurrentGCThread "G1 Refine#6" [stack: 0x0000007fd0e00000,0x0000007fd0f00000] [id=18124]
  0x000001ad2ef4b800 ConcurrentGCThread "G1 Young RemSet Sampling" [stack: 0x0000007fd1600000,0x0000007fd1700000] [id=15320]

Threads with active compile tasks:
C2 CompilerThread02014479 14322       4       org.gradle.internal.operations.DefaultBuildOperationRunner::execute (140 bytes)
C2 CompilerThread12014480 14334   !   4       java.io.ObjectOutputStream::writeObject0 (619 bytes)
C2 CompilerThread22014480 14406   !   4       org.gradle.internal.remote.internal.inet.SocketConnection::dispatch (134 bytes)

VM state:not at safepoint (normal execution)

VM Mutex/Monitor currently owned by a thread: None

Heap address: 0x0000000080000000, size: 2048 MB, Compressed Oops mode: 32-bit
Narrow klass base: 0x0000000000000000, Narrow klass shift: 3
Compressed class space size: 1073741824 Address: 0x0000000100000000

Heap:
 garbage-first heap   total 256000K, used 184787K [0x0000000080000000, 0x0000000100000000)
  region size 1024K, 96 young (98304K), 9 survivors (9216K)
 Metaspace       used 93322K, capacity 95650K, committed 95948K, reserved 1132544K
  class space    used 11545K, capacity 12393K, committed 12492K, reserved 1048576K
Heap Regions: E=young(eden), S=young(survivor), O=old, HS=humongous(starts), HC=humongous(continues), CS=collection set, F=free, A=archive, TAMS=top-at-mark-start (previous, next)
|   0|0x0000000080000000, 0x0000000080100000, 0x0000000080100000|100%| O|  |TAMS 0x0000000080100000, 0x0000000080000000| Untracked 
|   1|0x0000000080100000, 0x0000000080200000, 0x0000000080200000|100%| O|  |TAMS 0x0000000080200000, 0x0000000080100000| Untracked 
|   2|0x0000000080200000, 0x0000000080300000, 0x0000000080300000|100%| O|  |TAMS 0x0000000080300000, 0x0000000080200000| Untracked 
|   3|0x0000000080300000, 0x0000000080400000, 0x0000000080400000|100%|HS|  |TAMS 0x0000000080400000, 0x0000000080300000| Complete 
|   4|0x0000000080400000, 0x0000000080500000, 0x0000000080500000|100%|HC|  |TAMS 0x0000000080500000, 0x0000000080400000| Complete 
|   5|0x0000000080500000, 0x0000000080600000, 0x0000000080600000|100%|HC|  |TAMS 0x0000000080600000, 0x0000000080500000| Complete 
|   6|0x0000000080600000, 0x0000000080700000, 0x0000000080700000|100%| O|  |TAMS 0x0000000080700000, 0x0000000080600000| Untracked 
|   7|0x0000000080700000, 0x0000000080800000, 0x0000000080800000|100%| O|  |TAMS 0x0000000080800000, 0x0000000080700000| Untracked 
|   8|0x0000000080800000, 0x0000000080900000, 0x0000000080900000|100%| O|  |TAMS 0x0000000080900000, 0x0000000080800000| Untracked 
|   9|0x0000000080900000, 0x0000000080a00000, 0x0000000080a00000|100%| O|  |TAMS 0x0000000080a00000, 0x0000000080900000| Untracked 
|  10|0x0000000080a00000, 0x0000000080b00000, 0x0000000080b00000|100%| O|  |TAMS 0x0000000080b00000, 0x0000000080a00000| Untracked 
|  11|0x0000000080b00000, 0x0000000080c00000, 0x0000000080c00000|100%| O|  |TAMS 0x0000000080c00000, 0x0000000080b00000| Untracked 
|  12|0x0000000080c00000, 0x0000000080d00000, 0x0000000080d00000|100%| O|  |TAMS 0x0000000080d00000, 0x0000000080c00000| Untracked 
|  13|0x0000000080d00000, 0x0000000080e00000, 0x0000000080e00000|100%| O|  |TAMS 0x0000000080e00000, 0x0000000080d00000| Untracked 
|  14|0x0000000080e00000, 0x0000000080f00000, 0x0000000080f00000|100%| O|  |TAMS 0x0000000080f00000, 0x0000000080e00000| Untracked 
|  15|0x0000000080f00000, 0x0000000081000000, 0x0000000081000000|100%| O|  |TAMS 0x0000000081000000, 0x0000000080f00000| Untracked 
|  16|0x0000000081000000, 0x0000000081100000, 0x0000000081100000|100%|HS|  |TAMS 0x0000000081100000, 0x0000000081000000| Complete 
|  17|0x0000000081100000, 0x0000000081200000, 0x0000000081200000|100%|HS|  |TAMS 0x0000000081200000, 0x0000000081100000| Complete 
|  18|0x0000000081200000, 0x0000000081300000, 0x0000000081300000|100%|HC|  |TAMS 0x0000000081300000, 0x0000000081200000| Complete 
|  19|0x0000000081300000, 0x0000000081400000, 0x0000000081400000|100%| O|  |TAMS 0x0000000081400000, 0x0000000081300000| Untracked 
|  20|0x0000000081400000, 0x0000000081500000, 0x0000000081500000|100%| O|  |TAMS 0x0000000081500000, 0x0000000081400000| Untracked 
|  21|0x0000000081500000, 0x0000000081600000, 0x0000000081600000|100%| O|  |TAMS 0x0000000081600000, 0x0000000081500000| Untracked 
|  22|0x0000000081600000, 0x0000000081700000, 0x0000000081700000|100%| O|  |TAMS 0x0000000081700000, 0x0000000081600000| Untracked 
|  23|0x0000000081700000, 0x0000000081800000, 0x0000000081800000|100%| O|  |TAMS 0x0000000081700000, 0x0000000081700000| Untracked 
|  24|0x0000000081800000, 0x0000000081900000, 0x0000000081900000|100%| O|  |TAMS 0x0000000081900000, 0x0000000081800000| Untracked 
|  25|0x0000000081900000, 0x0000000081a00000, 0x0000000081a00000|100%| O|  |TAMS 0x0000000081a00000, 0x0000000081900000| Untracked 
|  26|0x0000000081a00000, 0x0000000081b00000, 0x0000000081b00000|100%| O|  |TAMS 0x0000000081b00000, 0x0000000081a00000| Untracked 
|  27|0x0000000081b00000, 0x0000000081c00000, 0x0000000081c00000|100%| O|  |TAMS 0x0000000081c00000, 0x0000000081b00000| Untracked 
|  28|0x0000000081c00000, 0x0000000081d00000, 0x0000000081d00000|100%| O|  |TAMS 0x0000000081d00000, 0x0000000081c00000| Untracked 
|  29|0x0000000081d00000, 0x0000000081e00000, 0x0000000081e00000|100%| O|  |TAMS 0x0000000081e00000, 0x0000000081d00000| Untracked 
|  30|0x0000000081e00000, 0x0000000081f00000, 0x0000000081f00000|100%| O|  |TAMS 0x0000000081f00000, 0x0000000081e00000| Untracked 
|  31|0x0000000081f00000, 0x0000000082000000, 0x0000000082000000|100%| O|  |TAMS 0x0000000082000000, 0x0000000081f00000| Untracked 
|  32|0x0000000082000000, 0x0000000082100000, 0x0000000082100000|100%| O|  |TAMS 0x0000000082100000, 0x0000000082000000| Untracked 
|  33|0x0000000082100000, 0x0000000082200000, 0x0000000082200000|100%| O|  |TAMS 0x0000000082200000, 0x0000000082100000| Untracked 
|  34|0x0000000082200000, 0x0000000082300000, 0x0000000082300000|100%| O|  |TAMS 0x0000000082300000, 0x0000000082200000| Untracked 
|  35|0x0000000082300000, 0x0000000082400000, 0x0000000082400000|100%| O|  |TAMS 0x0000000082400000, 0x0000000082300000| Untracked 
|  36|0x0000000082400000, 0x0000000082500000, 0x0000000082500000|100%| O|  |TAMS 0x0000000082500000, 0x0000000082400000| Untracked 
|  37|0x0000000082500000, 0x0000000082600000, 0x0000000082600000|100%| O|  |TAMS 0x0000000082600000, 0x0000000082500000| Untracked 
|  38|0x0000000082600000, 0x0000000082700000, 0x0000000082700000|100%| O|  |TAMS 0x0000000082700000, 0x0000000082600000| Untracked 
|  39|0x0000000082700000, 0x0000000082800000, 0x0000000082800000|100%| O|  |TAMS 0x0000000082800000, 0x0000000082700000| Untracked 
|  40|0x0000000082800000, 0x0000000082900000, 0x0000000082900000|100%| O|  |TAMS 0x0000000082900000, 0x0000000082800000| Untracked 
|  41|0x0000000082900000, 0x0000000082a00000, 0x0000000082a00000|100%| O|  |TAMS 0x00000000829e2400, 0x0000000082900000| Untracked 
|  42|0x0000000082a00000, 0x0000000082b00000, 0x0000000082b00000|100%| O|  |TAMS 0x0000000082a00000, 0x0000000082a00000| Untracked 
|  43|0x0000000082b00000, 0x0000000082c00000, 0x0000000082c00000|100%| O|  |TAMS 0x0000000082b00000, 0x0000000082b00000| Untracked 
|  44|0x0000000082c00000, 0x0000000082d00000, 0x0000000082d00000|100%| O|  |TAMS 0x0000000082c00000, 0x0000000082c00000| Untracked 
|  45|0x0000000082d00000, 0x0000000082e00000, 0x0000000082e00000|100%| O|  |TAMS 0x0000000082d00000, 0x0000000082d00000| Untracked 
|  46|0x0000000082e00000, 0x0000000082f00000, 0x0000000082f00000|100%| O|  |TAMS 0x0000000082e00000, 0x0000000082e00000| Untracked 
|  47|0x0000000082f00000, 0x0000000083000000, 0x0000000083000000|100%| O|  |TAMS 0x0000000082f00000, 0x0000000082f00000| Untracked 
|  48|0x0000000083000000, 0x0000000083100000, 0x0000000083100000|100%| O|  |TAMS 0x0000000083000000, 0x0000000083000000| Untracked 
|  49|0x0000000083100000, 0x0000000083200000, 0x0000000083200000|100%|HS|  |TAMS 0x0000000083100000, 0x0000000083100000| Complete 
|  50|0x0000000083200000, 0x0000000083300000, 0x0000000083300000|100%|HC|  |TAMS 0x0000000083200000, 0x0000000083200000| Complete 
|  51|0x0000000083300000, 0x0000000083400000, 0x0000000083400000|100%| O|  |TAMS 0x0000000083300000, 0x0000000083300000| Untracked 
|  52|0x0000000083400000, 0x0000000083500000, 0x0000000083500000|100%| O|  |TAMS 0x0000000083400000, 0x0000000083400000| Untracked 
|  53|0x0000000083500000, 0x0000000083600000, 0x0000000083600000|100%| O|  |TAMS 0x0000000083500000, 0x0000000083500000| Untracked 
|  54|0x0000000083600000, 0x0000000083700000, 0x0000000083700000|100%| O|  |TAMS 0x0000000083600000, 0x0000000083600000| Untracked 
|  55|0x0000000083700000, 0x0000000083800000, 0x0000000083800000|100%| O|  |TAMS 0x0000000083700000, 0x0000000083700000| Untracked 
|  56|0x0000000083800000, 0x0000000083900000, 0x0000000083900000|100%| O|  |TAMS 0x0000000083800000, 0x0000000083800000| Untracked 
|  57|0x0000000083900000, 0x0000000083a00000, 0x0000000083a00000|100%| O|  |TAMS 0x0000000083900000, 0x0000000083900000| Untracked 
|  58|0x0000000083a00000, 0x0000000083b00000, 0x0000000083b00000|100%| O|  |TAMS 0x0000000083a00000, 0x0000000083a00000| Untracked 
|  59|0x0000000083b00000, 0x0000000083c00000, 0x0000000083c00000|100%| O|  |TAMS 0x0000000083b00000, 0x0000000083b00000| Untracked 
|  60|0x0000000083c00000, 0x0000000083d00000, 0x0000000083d00000|100%| O|  |TAMS 0x0000000083c00000, 0x0000000083c00000| Untracked 
|  61|0x0000000083d00000, 0x0000000083e00000, 0x0000000083e00000|100%| O|  |TAMS 0x0000000083d00000, 0x0000000083d00000| Untracked 
|  62|0x0000000083e00000, 0x0000000083f00000, 0x0000000083f00000|100%| O|  |TAMS 0x0000000083e00000, 0x0000000083e00000| Untracked 
|  63|0x0000000083f00000, 0x0000000084000000, 0x0000000084000000|100%| O|  |TAMS 0x0000000083f00000, 0x0000000083f00000| Untracked 
|  64|0x0000000084000000, 0x0000000084100000, 0x0000000084100000|100%| O|  |TAMS 0x0000000084000000, 0x0000000084000000| Untracked 
|  65|0x0000000084100000, 0x0000000084200000, 0x0000000084200000|100%| O|  |TAMS 0x0000000084100000, 0x0000000084100000| Untracked 
|  66|0x0000000084200000, 0x0000000084300000, 0x0000000084300000|100%| O|  |TAMS 0x0000000084200000, 0x0000000084200000| Untracked 
|  67|0x0000000084300000, 0x0000000084400000, 0x0000000084400000|100%| O|  |TAMS 0x0000000084300000, 0x0000000084300000| Untracked 
|  68|0x0000000084400000, 0x0000000084500000, 0x0000000084500000|100%| O|  |TAMS 0x0000000084400000, 0x0000000084400000| Untracked 
|  69|0x0000000084500000, 0x0000000084600000, 0x0000000084600000|100%| O|  |TAMS 0x0000000084500000, 0x0000000084500000| Untracked 
|  70|0x0000000084600000, 0x0000000084700000, 0x0000000084700000|100%| O|  |TAMS 0x0000000084600000, 0x0000000084600000| Untracked 
|  71|0x0000000084700000, 0x0000000084800000, 0x0000000084800000|100%| O|  |TAMS 0x0000000084700000, 0x0000000084700000| Untracked 
|  72|0x0000000084800000, 0x0000000084900000, 0x0000000084900000|100%| O|  |TAMS 0x0000000084800000, 0x0000000084800000| Untracked 
|  73|0x0000000084900000, 0x0000000084a00000, 0x0000000084a00000|100%| O|  |TAMS 0x0000000084900000, 0x0000000084900000| Untracked 
|  74|0x0000000084a00000, 0x0000000084b00000, 0x0000000084b00000|100%| O|  |TAMS 0x0000000084a00000, 0x0000000084a00000| Untracked 
|  75|0x0000000084b00000, 0x0000000084c00000, 0x0000000084c00000|100%| O|  |TAMS 0x0000000084b00000, 0x0000000084b00000| Untracked 
|  76|0x0000000084c00000, 0x0000000084d00000, 0x0000000084d00000|100%| O|  |TAMS 0x0000000084c00000, 0x0000000084c00000| Untracked 
|  77|0x0000000084d00000, 0x0000000084e00000, 0x0000000084e00000|100%| O|  |TAMS 0x0000000084d00000, 0x0000000084d00000| Untracked 
|  78|0x0000000084e00000, 0x0000000084f00000, 0x0000000084f00000|100%| O|  |TAMS 0x0000000084e00000, 0x0000000084e00000| Untracked 
|  79|0x0000000084f00000, 0x0000000085000000, 0x0000000085000000|100%| O|  |TAMS 0x0000000084f00000, 0x0000000084f00000| Untracked 
|  80|0x0000000085000000, 0x0000000085100000, 0x0000000085100000|100%| O|  |TAMS 0x0000000085000000, 0x0000000085000000| Untracked 
|  81|0x0000000085100000, 0x0000000085193200, 0x0000000085200000| 57%| O|  |TAMS 0x0000000085100000, 0x0000000085100000| Untracked 
|  82|0x0000000085200000, 0x0000000085300000, 0x0000000085300000|100%|HS|  |TAMS 0x0000000085200000, 0x0000000085200000| Complete 
|  83|0x0000000085300000, 0x0000000085400000, 0x0000000085400000|100%|HC|  |TAMS 0x0000000085300000, 0x0000000085300000| Complete 
|  84|0x0000000085400000, 0x0000000085500000, 0x0000000085500000|100%|HS|  |TAMS 0x0000000085400000, 0x0000000085400000| Complete 
|  85|0x0000000085500000, 0x0000000085600000, 0x0000000085600000|100%|HC|  |TAMS 0x0000000085500000, 0x0000000085500000| Complete 
|  86|0x0000000085600000, 0x0000000085700000, 0x0000000085700000|100%|HC|  |TAMS 0x0000000085600000, 0x0000000085600000| Complete 
|  87|0x0000000085700000, 0x0000000085700000, 0x0000000085800000|  0%| F|  |TAMS 0x0000000085700000, 0x0000000085700000| Untracked 
|  88|0x0000000085800000, 0x0000000085800000, 0x0000000085900000|  0%| F|  |TAMS 0x0000000085800000, 0x0000000085800000| Untracked 
|  89|0x0000000085900000, 0x0000000085900000, 0x0000000085a00000|  0%| F|  |TAMS 0x0000000085900000, 0x0000000085900000| Untracked 
|  90|0x0000000085a00000, 0x0000000085a00000, 0x0000000085b00000|  0%| F|  |TAMS 0x0000000085a00000, 0x0000000085a00000| Untracked 
|  91|0x0000000085b00000, 0x0000000085b00000, 0x0000000085c00000|  0%| F|  |TAMS 0x0000000085b00000, 0x0000000085b00000| Untracked 
|  92|0x0000000085c00000, 0x0000000085c00000, 0x0000000085d00000|  0%| F|  |TAMS 0x0000000085c00000, 0x0000000085c00000| Untracked 
|  93|0x0000000085d00000, 0x0000000085d00000, 0x0000000085e00000|  0%| F|  |TAMS 0x0000000085d00000, 0x0000000085d00000| Untracked 
|  94|0x0000000085e00000, 0x0000000085e00000, 0x0000000085f00000|  0%| F|  |TAMS 0x0000000085e00000, 0x0000000085e00000| Untracked 
|  95|0x0000000085f00000, 0x0000000085f00000, 0x0000000086000000|  0%| F|  |TAMS 0x0000000085f00000, 0x0000000085f00000| Untracked 
|  96|0x0000000086000000, 0x0000000086000000, 0x0000000086100000|  0%| F|  |TAMS 0x0000000086000000, 0x0000000086000000| Untracked 
|  97|0x0000000086100000, 0x0000000086100000, 0x0000000086200000|  0%| F|  |TAMS 0x0000000086100000, 0x0000000086100000| Untracked 
|  98|0x0000000086200000, 0x0000000086200000, 0x0000000086300000|  0%| F|  |TAMS 0x0000000086200000, 0x0000000086200000| Untracked 
|  99|0x0000000086300000, 0x0000000086300000, 0x0000000086400000|  0%| F|  |TAMS 0x0000000086300000, 0x0000000086300000| Untracked 
| 100|0x0000000086400000, 0x0000000086400000, 0x0000000086500000|  0%| F|  |TAMS 0x0000000086400000, 0x0000000086400000| Untracked 
| 101|0x0000000086500000, 0x0000000086500000, 0x0000000086600000|  0%| F|  |TAMS 0x0000000086500000, 0x0000000086500000| Untracked 
| 102|0x0000000086600000, 0x0000000086600000, 0x0000000086700000|  0%| F|  |TAMS 0x0000000086600000, 0x0000000086600000| Untracked 
| 103|0x0000000086700000, 0x0000000086700000, 0x0000000086800000|  0%| F|  |TAMS 0x0000000086700000, 0x0000000086700000| Untracked 
| 104|0x0000000086800000, 0x0000000086800000, 0x0000000086900000|  0%| F|  |TAMS 0x0000000086800000, 0x0000000086800000| Untracked 
| 105|0x0000000086900000, 0x0000000086900000, 0x0000000086a00000|  0%| F|  |TAMS 0x0000000086900000, 0x0000000086900000| Untracked 
| 106|0x0000000086a00000, 0x0000000086a00000, 0x0000000086b00000|  0%| F|  |TAMS 0x0000000086a00000, 0x0000000086a00000| Untracked 
| 107|0x0000000086b00000, 0x0000000086b00000, 0x0000000086c00000|  0%| F|  |TAMS 0x0000000086b00000, 0x0000000086b00000| Untracked 
| 108|0x0000000086c00000, 0x0000000086c00000, 0x0000000086d00000|  0%| F|  |TAMS 0x0000000086c00000, 0x0000000086c00000| Untracked 
| 109|0x0000000086d00000, 0x0000000086d00000, 0x0000000086e00000|  0%| F|  |TAMS 0x0000000086d00000, 0x0000000086d00000| Untracked 
| 110|0x0000000086e00000, 0x0000000086e00000, 0x0000000086f00000|  0%| F|  |TAMS 0x0000000086e00000, 0x0000000086e00000| Untracked 
| 111|0x0000000086f00000, 0x0000000086f00000, 0x0000000087000000|  0%| F|  |TAMS 0x0000000086f00000, 0x0000000086f00000| Untracked 
| 112|0x0000000087000000, 0x0000000087000000, 0x0000000087100000|  0%| F|  |TAMS 0x0000000087000000, 0x0000000087000000| Untracked 
| 113|0x0000000087100000, 0x0000000087100000, 0x0000000087200000|  0%| F|  |TAMS 0x0000000087100000, 0x0000000087100000| Untracked 
| 114|0x0000000087200000, 0x0000000087200000, 0x0000000087300000|  0%| F|  |TAMS 0x0000000087200000, 0x0000000087200000| Untracked 
| 115|0x0000000087300000, 0x0000000087300000, 0x0000000087400000|  0%| F|  |TAMS 0x0000000087300000, 0x0000000087300000| Untracked 
| 116|0x0000000087400000, 0x0000000087400000, 0x0000000087500000|  0%| F|  |TAMS 0x0000000087400000, 0x0000000087400000| Untracked 
| 117|0x0000000087500000, 0x0000000087500000, 0x0000000087600000|  0%| F|  |TAMS 0x0000000087500000, 0x0000000087500000| Untracked 
| 118|0x0000000087600000, 0x0000000087600000, 0x0000000087700000|  0%| F|  |TAMS 0x0000000087600000, 0x0000000087600000| Untracked 
| 119|0x0000000087700000, 0x0000000087700000, 0x0000000087800000|  0%| F|  |TAMS 0x0000000087700000, 0x0000000087700000| Untracked 
| 120|0x0000000087800000, 0x0000000087800000, 0x0000000087900000|  0%| F|  |TAMS 0x0000000087800000, 0x0000000087800000| Untracked 
| 121|0x0000000087900000, 0x0000000087900000, 0x0000000087a00000|  0%| F|  |TAMS 0x0000000087900000, 0x0000000087900000| Untracked 
| 122|0x0000000087a00000, 0x0000000087a00000, 0x0000000087b00000|  0%| F|  |TAMS 0x0000000087a00000, 0x0000000087a00000| Untracked 
| 123|0x0000000087b00000, 0x0000000087b00000, 0x0000000087c00000|  0%| F|  |TAMS 0x0000000087b00000, 0x0000000087b00000| Untracked 
| 124|0x0000000087c00000, 0x0000000087c00000, 0x0000000087d00000|  0%| F|  |TAMS 0x0000000087c00000, 0x0000000087c00000| Untracked 
| 125|0x0000000087d00000, 0x0000000087d00000, 0x0000000087e00000|  0%| F|  |TAMS 0x0000000087d00000, 0x0000000087d00000| Untracked 
| 126|0x0000000087e00000, 0x0000000087e00000, 0x0000000087f00000|  0%| F|  |TAMS 0x0000000087e00000, 0x0000000087e00000| Untracked 
| 127|0x0000000087f00000, 0x0000000087f00000, 0x0000000088000000|  0%| F|  |TAMS 0x0000000087f00000, 0x0000000087f00000| Untracked 
| 128|0x0000000088000000, 0x0000000088000000, 0x0000000088100000|  0%| F|  |TAMS 0x0000000088000000, 0x0000000088000000| Untracked 
| 129|0x0000000088100000, 0x0000000088100000, 0x0000000088200000|  0%| F|  |TAMS 0x0000000088100000, 0x0000000088100000| Untracked 
| 130|0x0000000088200000, 0x0000000088200000, 0x0000000088300000|  0%| F|  |TAMS 0x0000000088200000, 0x0000000088200000| Untracked 
| 131|0x0000000088300000, 0x0000000088300000, 0x0000000088400000|  0%| F|  |TAMS 0x0000000088300000, 0x0000000088300000| Untracked 
| 132|0x0000000088400000, 0x0000000088400000, 0x0000000088500000|  0%| F|  |TAMS 0x0000000088400000, 0x0000000088400000| Untracked 
| 133|0x0000000088500000, 0x0000000088500000, 0x0000000088600000|  0%| F|  |TAMS 0x0000000088500000, 0x0000000088500000| Untracked 
| 134|0x0000000088600000, 0x0000000088600000, 0x0000000088700000|  0%| F|  |TAMS 0x0000000088600000, 0x0000000088600000| Untracked 
| 135|0x0000000088700000, 0x0000000088700000, 0x0000000088800000|  0%| F|  |TAMS 0x0000000088700000, 0x0000000088700000| Untracked 
| 136|0x0000000088800000, 0x0000000088800000, 0x0000000088900000|  0%| F|  |TAMS 0x0000000088800000, 0x0000000088800000| Untracked 
| 137|0x0000000088900000, 0x0000000088900000, 0x0000000088a00000|  0%| F|  |TAMS 0x0000000088900000, 0x0000000088900000| Untracked 
| 138|0x0000000088a00000, 0x0000000088ae1a78, 0x0000000088b00000| 88%| S|CS|TAMS 0x0000000088a00000, 0x0000000088a00000| Complete 
| 139|0x0000000088b00000, 0x0000000088c00000, 0x0000000088c00000|100%| S|CS|TAMS 0x0000000088b00000, 0x0000000088b00000| Complete 
| 140|0x0000000088c00000, 0x0000000088d00000, 0x0000000088d00000|100%| S|CS|TAMS 0x0000000088c00000, 0x0000000088c00000| Complete 
| 141|0x0000000088d00000, 0x0000000088e00000, 0x0000000088e00000|100%| S|CS|TAMS 0x0000000088d00000, 0x0000000088d00000| Complete 
| 142|0x0000000088e00000, 0x0000000088f00000, 0x0000000088f00000|100%| S|CS|TAMS 0x0000000088e00000, 0x0000000088e00000| Complete 
| 143|0x0000000088f00000, 0x0000000089000000, 0x0000000089000000|100%| S|CS|TAMS 0x0000000088f00000, 0x0000000088f00000| Complete 
| 144|0x0000000089000000, 0x0000000089100000, 0x0000000089100000|100%| S|CS|TAMS 0x0000000089000000, 0x0000000089000000| Complete 
| 145|0x0000000089100000, 0x0000000089200000, 0x0000000089200000|100%| S|CS|TAMS 0x0000000089100000, 0x0000000089100000| Complete 
| 146|0x0000000089200000, 0x0000000089200000, 0x0000000089300000|  0%| F|  |TAMS 0x0000000089200000, 0x0000000089200000| Untracked 
| 147|0x0000000089300000, 0x0000000089300000, 0x0000000089400000|  0%| F|  |TAMS 0x0000000089300000, 0x0000000089300000| Untracked 
| 148|0x0000000089400000, 0x0000000089400000, 0x0000000089500000|  0%| F|  |TAMS 0x0000000089400000, 0x0000000089400000| Untracked 
| 149|0x0000000089500000, 0x0000000089500000, 0x0000000089600000|  0%| F|  |TAMS 0x0000000089500000, 0x0000000089500000| Untracked 
| 150|0x0000000089600000, 0x0000000089600000, 0x0000000089700000|  0%| F|  |TAMS 0x0000000089600000, 0x0000000089600000| Untracked 
| 151|0x0000000089700000, 0x0000000089700000, 0x0000000089800000|  0%| F|  |TAMS 0x0000000089700000, 0x0000000089700000| Untracked 
| 152|0x0000000089800000, 0x0000000089900000, 0x0000000089900000|100%| S|CS|TAMS 0x0000000089800000, 0x0000000089800000| Complete 
| 153|0x0000000089900000, 0x0000000089900000, 0x0000000089a00000|  0%| F|  |TAMS 0x0000000089900000, 0x0000000089900000| Untracked 
| 154|0x0000000089a00000, 0x0000000089a00000, 0x0000000089b00000|  0%| F|  |TAMS 0x0000000089a00000, 0x0000000089a00000| Untracked 
| 155|0x0000000089b00000, 0x0000000089b00000, 0x0000000089c00000|  0%| F|  |TAMS 0x0000000089b00000, 0x0000000089b00000| Untracked 
| 156|0x0000000089c00000, 0x0000000089c00000, 0x0000000089d00000|  0%| F|  |TAMS 0x0000000089c00000, 0x0000000089c00000| Untracked 
| 157|0x0000000089d00000, 0x0000000089d00000, 0x0000000089e00000|  0%| F|  |TAMS 0x0000000089d00000, 0x0000000089d00000| Untracked 
| 158|0x0000000089e00000, 0x0000000089e00000, 0x0000000089f00000|  0%| F|  |TAMS 0x0000000089e00000, 0x0000000089e00000| Untracked 
| 159|0x0000000089f00000, 0x0000000089f00000, 0x000000008a000000|  0%| F|  |TAMS 0x0000000089f00000, 0x0000000089f00000| Untracked 
| 160|0x000000008a000000, 0x000000008a000000, 0x000000008a100000|  0%| F|  |TAMS 0x000000008a000000, 0x000000008a000000| Untracked 
| 161|0x000000008a100000, 0x000000008a100000, 0x000000008a200000|  0%| F|  |TAMS 0x000000008a100000, 0x000000008a100000| Untracked 
| 162|0x000000008a200000, 0x000000008a200000, 0x000000008a300000|  0%| F|  |TAMS 0x000000008a200000, 0x000000008a200000| Untracked 
| 163|0x000000008a300000, 0x000000008a3d7830, 0x000000008a400000| 84%| E|  |TAMS 0x000000008a300000, 0x000000008a300000| Complete 
| 164|0x000000008a400000, 0x000000008a500000, 0x000000008a500000|100%| E|CS|TAMS 0x000000008a400000, 0x000000008a400000| Complete 
| 165|0x000000008a500000, 0x000000008a600000, 0x000000008a600000|100%| E|CS|TAMS 0x000000008a500000, 0x000000008a500000| Complete 
| 166|0x000000008a600000, 0x000000008a700000, 0x000000008a700000|100%| E|CS|TAMS 0x000000008a600000, 0x000000008a600000| Complete 
| 167|0x000000008a700000, 0x000000008a800000, 0x000000008a800000|100%| E|CS|TAMS 0x000000008a700000, 0x000000008a700000| Complete 
| 168|0x000000008a800000, 0x000000008a900000, 0x000000008a900000|100%| E|CS|TAMS 0x000000008a800000, 0x000000008a800000| Complete 
| 169|0x000000008a900000, 0x000000008aa00000, 0x000000008aa00000|100%| E|CS|TAMS 0x000000008a900000, 0x000000008a900000| Complete 
| 170|0x000000008aa00000, 0x000000008ab00000, 0x000000008ab00000|100%| E|CS|TAMS 0x000000008aa00000, 0x000000008aa00000| Complete 
| 171|0x000000008ab00000, 0x000000008ac00000, 0x000000008ac00000|100%| E|CS|TAMS 0x000000008ab00000, 0x000000008ab00000| Complete 
| 172|0x000000008ac00000, 0x000000008ad00000, 0x000000008ad00000|100%| E|CS|TAMS 0x000000008ac00000, 0x000000008ac00000| Complete 
| 173|0x000000008ad00000, 0x000000008adffb30, 0x000000008ae00000| 99%| E|  |TAMS 0x000000008ad00000, 0x000000008ad00000| Complete 
| 174|0x000000008ae00000, 0x000000008af00000, 0x000000008af00000|100%| E|CS|TAMS 0x000000008ae00000, 0x000000008ae00000| Complete 
| 175|0x000000008af00000, 0x000000008b000000, 0x000000008b000000|100%| E|CS|TAMS 0x000000008af00000, 0x000000008af00000| Complete 
| 176|0x000000008b000000, 0x000000008b100000, 0x000000008b100000|100%| E|CS|TAMS 0x000000008b000000, 0x000000008b000000| Complete 
| 177|0x000000008b100000, 0x000000008b200000, 0x000000008b200000|100%| E|CS|TAMS 0x000000008b100000, 0x000000008b100000| Complete 
| 178|0x000000008b200000, 0x000000008b300000, 0x000000008b300000|100%| E|CS|TAMS 0x000000008b200000, 0x000000008b200000| Complete 
| 179|0x000000008b300000, 0x000000008b400000, 0x000000008b400000|100%| E|CS|TAMS 0x000000008b300000, 0x000000008b300000| Complete 
| 180|0x000000008b400000, 0x000000008b500000, 0x000000008b500000|100%| E|CS|TAMS 0x000000008b400000, 0x000000008b400000| Complete 
| 181|0x000000008b500000, 0x000000008b600000, 0x000000008b600000|100%| E|CS|TAMS 0x000000008b500000, 0x000000008b500000| Complete 
| 182|0x000000008b600000, 0x000000008b700000, 0x000000008b700000|100%| E|CS|TAMS 0x000000008b600000, 0x000000008b600000| Complete 
| 183|0x000000008b700000, 0x000000008b800000, 0x000000008b800000|100%| E|CS|TAMS 0x000000008b700000, 0x000000008b700000| Complete 
| 184|0x000000008b800000, 0x000000008b900000, 0x000000008b900000|100%| E|CS|TAMS 0x000000008b800000, 0x000000008b800000| Complete 
| 185|0x000000008b900000, 0x000000008ba00000, 0x000000008ba00000|100%| E|CS|TAMS 0x000000008b900000, 0x000000008b900000| Complete 
| 186|0x000000008ba00000, 0x000000008bb00000, 0x000000008bb00000|100%| E|CS|TAMS 0x000000008ba00000, 0x000000008ba00000| Complete 
| 187|0x000000008bb00000, 0x000000008bc00000, 0x000000008bc00000|100%| E|CS|TAMS 0x000000008bb00000, 0x000000008bb00000| Complete 
| 188|0x000000008bc00000, 0x000000008bd00000, 0x000000008bd00000|100%| E|CS|TAMS 0x000000008bc00000, 0x000000008bc00000| Complete 
| 189|0x000000008bd00000, 0x000000008be00000, 0x000000008be00000|100%| E|CS|TAMS 0x000000008bd00000, 0x000000008bd00000| Complete 
| 190|0x000000008be00000, 0x000000008bf00000, 0x000000008bf00000|100%| E|CS|TAMS 0x000000008be00000, 0x000000008be00000| Complete 
| 191|0x000000008bf00000, 0x000000008c000000, 0x000000008c000000|100%| E|CS|TAMS 0x000000008bf00000, 0x000000008bf00000| Complete 
| 192|0x000000008c000000, 0x000000008c100000, 0x000000008c100000|100%| E|CS|TAMS 0x000000008c000000, 0x000000008c000000| Complete 
| 193|0x000000008c100000, 0x000000008c200000, 0x000000008c200000|100%| E|CS|TAMS 0x000000008c100000, 0x000000008c100000| Complete 
| 194|0x000000008c200000, 0x000000008c300000, 0x000000008c300000|100%| E|CS|TAMS 0x000000008c200000, 0x000000008c200000| Complete 
| 195|0x000000008c300000, 0x000000008c400000, 0x000000008c400000|100%| E|CS|TAMS 0x000000008c300000, 0x000000008c300000| Complete 
| 196|0x000000008c400000, 0x000000008c500000, 0x000000008c500000|100%| E|CS|TAMS 0x000000008c400000, 0x000000008c400000| Complete 
| 197|0x000000008c500000, 0x000000008c600000, 0x000000008c600000|100%| E|CS|TAMS 0x000000008c500000, 0x000000008c500000| Complete 
| 198|0x000000008c600000, 0x000000008c700000, 0x000000008c700000|100%| E|CS|TAMS 0x000000008c600000, 0x000000008c600000| Complete 
| 199|0x000000008c700000, 0x000000008c800000, 0x000000008c800000|100%| E|CS|TAMS 0x000000008c700000, 0x000000008c700000| Complete 
| 200|0x000000008c800000, 0x000000008c900000, 0x000000008c900000|100%| E|CS|TAMS 0x000000008c800000, 0x000000008c800000| Complete 
| 201|0x000000008c900000, 0x000000008ca00000, 0x000000008ca00000|100%| E|CS|TAMS 0x000000008c900000, 0x000000008c900000| Complete 
| 202|0x000000008ca00000, 0x000000008cb00000, 0x000000008cb00000|100%| E|CS|TAMS 0x000000008ca00000, 0x000000008ca00000| Complete 
| 203|0x000000008cb00000, 0x000000008cc00000, 0x000000008cc00000|100%| E|CS|TAMS 0x000000008cb00000, 0x000000008cb00000| Complete 
| 204|0x000000008cc00000, 0x000000008cd00000, 0x000000008cd00000|100%| E|CS|TAMS 0x000000008cc00000, 0x000000008cc00000| Complete 
| 205|0x000000008cd00000, 0x000000008ce00000, 0x000000008ce00000|100%| E|CS|TAMS 0x000000008cd00000, 0x000000008cd00000| Complete 
| 206|0x000000008ce00000, 0x000000008cf00000, 0x000000008cf00000|100%| E|CS|TAMS 0x000000008ce00000, 0x000000008ce00000| Complete 
| 207|0x000000008cf00000, 0x000000008d000000, 0x000000008d000000|100%| E|CS|TAMS 0x000000008cf00000, 0x000000008cf00000| Complete 
| 208|0x000000008d000000, 0x000000008d100000, 0x000000008d100000|100%| E|CS|TAMS 0x000000008d000000, 0x000000008d000000| Complete 
| 209|0x000000008d100000, 0x000000008d200000, 0x000000008d200000|100%| E|CS|TAMS 0x000000008d100000, 0x000000008d100000| Complete 
| 210|0x000000008d200000, 0x000000008d300000, 0x000000008d300000|100%| E|CS|TAMS 0x000000008d200000, 0x000000008d200000| Complete 
| 211|0x000000008d300000, 0x000000008d400000, 0x000000008d400000|100%| E|CS|TAMS 0x000000008d300000, 0x000000008d300000| Complete 
| 212|0x000000008d400000, 0x000000008d500000, 0x000000008d500000|100%| E|CS|TAMS 0x000000008d400000, 0x000000008d400000| Complete 
| 213|0x000000008d500000, 0x000000008d600000, 0x000000008d600000|100%| E|CS|TAMS 0x000000008d500000, 0x000000008d500000| Complete 
| 214|0x000000008d600000, 0x000000008d700000, 0x000000008d700000|100%| E|CS|TAMS 0x000000008d600000, 0x000000008d600000| Complete 
| 215|0x000000008d700000, 0x000000008d800000, 0x000000008d800000|100%| E|CS|TAMS 0x000000008d700000, 0x000000008d700000| Complete 
| 216|0x000000008d800000, 0x000000008d900000, 0x000000008d900000|100%| E|CS|TAMS 0x000000008d800000, 0x000000008d800000| Complete 
| 217|0x000000008d900000, 0x000000008da00000, 0x000000008da00000|100%| E|CS|TAMS 0x000000008d900000, 0x000000008d900000| Complete 
| 218|0x000000008da00000, 0x000000008db00000, 0x000000008db00000|100%| E|CS|TAMS 0x000000008da00000, 0x000000008da00000| Complete 
| 219|0x000000008db00000, 0x000000008dc00000, 0x000000008dc00000|100%| E|CS|TAMS 0x000000008db00000, 0x000000008db00000| Complete 
| 220|0x000000008dc00000, 0x000000008dd00000, 0x000000008dd00000|100%| E|CS|TAMS 0x000000008dc00000, 0x000000008dc00000| Complete 
| 221|0x000000008dd00000, 0x000000008de00000, 0x000000008de00000|100%| E|CS|TAMS 0x000000008dd00000, 0x000000008dd00000| Complete 
| 222|0x000000008de00000, 0x000000008df00000, 0x000000008df00000|100%| E|CS|TAMS 0x000000008de00000, 0x000000008de00000| Complete 
| 223|0x000000008df00000, 0x000000008e000000, 0x000000008e000000|100%| E|CS|TAMS 0x000000008df00000, 0x000000008df00000| Complete 
| 224|0x000000008e000000, 0x000000008e100000, 0x000000008e100000|100%| E|CS|TAMS 0x000000008e000000, 0x000000008e000000| Complete 
| 225|0x000000008e100000, 0x000000008e200000, 0x000000008e200000|100%| E|CS|TAMS 0x000000008e100000, 0x000000008e100000| Complete 
| 226|0x000000008e200000, 0x000000008e300000, 0x000000008e300000|100%| E|CS|TAMS 0x000000008e200000, 0x000000008e200000| Complete 
| 227|0x000000008e300000, 0x000000008e400000, 0x000000008e400000|100%| E|CS|TAMS 0x000000008e300000, 0x000000008e300000| Complete 
| 228|0x000000008e400000, 0x000000008e500000, 0x000000008e500000|100%| E|CS|TAMS 0x000000008e400000, 0x000000008e400000| Complete 
| 229|0x000000008e500000, 0x000000008e600000, 0x000000008e600000|100%| E|CS|TAMS 0x000000008e500000, 0x000000008e500000| Complete 
| 230|0x000000008e600000, 0x000000008e700000, 0x000000008e700000|100%| E|CS|TAMS 0x000000008e600000, 0x000000008e600000| Complete 
| 231|0x000000008e700000, 0x000000008e800000, 0x000000008e800000|100%| E|CS|TAMS 0x000000008e700000, 0x000000008e700000| Complete 
| 232|0x000000008e800000, 0x000000008e900000, 0x000000008e900000|100%| E|CS|TAMS 0x000000008e800000, 0x000000008e800000| Complete 
| 233|0x000000008e900000, 0x000000008ea00000, 0x000000008ea00000|100%| E|CS|TAMS 0x000000008e900000, 0x000000008e900000| Complete 
| 234|0x000000008ea00000, 0x000000008eb00000, 0x000000008eb00000|100%| E|CS|TAMS 0x000000008ea00000, 0x000000008ea00000| Complete 
| 235|0x000000008eb00000, 0x000000008ec00000, 0x000000008ec00000|100%| E|CS|TAMS 0x000000008eb00000, 0x000000008eb00000| Complete 
| 236|0x000000008ec00000, 0x000000008ed00000, 0x000000008ed00000|100%| E|CS|TAMS 0x000000008ec00000, 0x000000008ec00000| Complete 
| 237|0x000000008ed00000, 0x000000008ee00000, 0x000000008ee00000|100%| E|CS|TAMS 0x000000008ed00000, 0x000000008ed00000| Complete 
| 238|0x000000008ee00000, 0x000000008ef00000, 0x000000008ef00000|100%| E|CS|TAMS 0x000000008ee00000, 0x000000008ee00000| Complete 
| 239|0x000000008ef00000, 0x000000008f000000, 0x000000008f000000|100%| E|CS|TAMS 0x000000008ef00000, 0x000000008ef00000| Complete 
| 240|0x000000008f000000, 0x000000008f100000, 0x000000008f100000|100%| E|CS|TAMS 0x000000008f000000, 0x000000008f000000| Complete 
| 241|0x000000008f100000, 0x000000008f200000, 0x000000008f200000|100%| E|CS|TAMS 0x000000008f100000, 0x000000008f100000| Complete 
| 242|0x000000008f200000, 0x000000008f300000, 0x000000008f300000|100%| E|CS|TAMS 0x000000008f200000, 0x000000008f200000| Complete 
| 243|0x000000008f300000, 0x000000008f400000, 0x000000008f400000|100%| E|CS|TAMS 0x000000008f300000, 0x000000008f300000| Complete 
| 244|0x000000008f400000, 0x000000008f500000, 0x000000008f500000|100%| E|CS|TAMS 0x000000008f400000, 0x000000008f400000| Complete 
| 245|0x000000008f500000, 0x000000008f600000, 0x000000008f600000|100%| E|CS|TAMS 0x000000008f500000, 0x000000008f500000| Complete 
| 246|0x000000008f600000, 0x000000008f700000, 0x000000008f700000|100%| E|CS|TAMS 0x000000008f600000, 0x000000008f600000| Complete 
| 247|0x000000008f700000, 0x000000008f800000, 0x000000008f800000|100%| E|CS|TAMS 0x000000008f700000, 0x000000008f700000| Complete 
| 248|0x000000008f800000, 0x000000008f900000, 0x000000008f900000|100%| E|CS|TAMS 0x000000008f800000, 0x000000008f800000| Complete 
| 249|0x000000008f900000, 0x000000008fa00000, 0x000000008fa00000|100%| E|CS|TAMS 0x000000008f900000, 0x000000008f900000| Complete 

Card table byte_map: [0x000001ad27dc0000,0x000001ad281c0000] _byte_map_base: 0x000001ad279c0000

Marking Bits (Prev, Next): (CMBitMap*) 0x000001ad12de1410, (CMBitMap*) 0x000001ad12de13d8
 Prev Bits: [0x000001ad2a5c0000, 0x000001ad2c5c0000)
 Next Bits: [0x000001ad285c0000, 0x000001ad2a5c0000)

Polling page: 0x000001ad12e80000

Metaspace:

Usage:
  Non-class:     81.31 MB capacity,    79.86 MB ( 98%) used,     1.19 MB (  1%) free+waste,   256.94 KB ( <1%) overhead. 
      Class:     12.10 MB capacity,    11.27 MB ( 93%) used,   735.94 KB (  6%) free+waste,   111.94 KB ( <1%) overhead. 
       Both:     93.41 MB capacity,    91.14 MB ( 98%) used,     1.91 MB (  2%) free+waste,   368.88 KB ( <1%) overhead. 

Virtual space:
  Non-class space:       82.00 MB reserved,      81.50 MB (>99%) committed 
      Class space:        1.00 GB reserved,      12.20 MB (  1%) committed 
             Both:        1.08 GB reserved,      93.70 MB (  8%) committed 

Chunk freelists:
   Non-Class:  7.00 KB
       Class:  0 bytes
        Both:  7.00 KB

MaxMetaspaceSize: 17179869184.00 GB
CompressedClassSpaceSize: 1.00 GB

CodeHeap 'non-profiled nmethods': size=120000Kb used=10035Kb max_used=10035Kb free=109964Kb
 bounds [0x000001ad1fa10000, 0x000001ad203e0000, 0x000001ad26f40000]
CodeHeap 'profiled nmethods': size=120000Kb used=32950Kb max_used=32950Kb free=87049Kb
 bounds [0x000001ad184e0000, 0x000001ad1a510000, 0x000001ad1fa10000]
CodeHeap 'non-nmethods': size=5760Kb used=2265Kb max_used=2337Kb free=3494Kb
 bounds [0x000001ad17f40000, 0x000001ad181b0000, 0x000001ad184e0000]
 total_blobs=15186 nmethods=14326 adapters=771
 compilation: enabled
              stopped_count=0, restarted_count=0
 full_count=0

Compilation events (20 events):
Event: 2014.098 Thread 0x000001ad3adf1800 14379       4       java.util.ArrayDeque$DeqSpliterator::estimateSize (21 bytes)
Event: 2014.103 Thread 0x000001ad3adf1800 nmethod 14379 0x000001ad203d4210 code [0x000001ad203d43a0, 0x000001ad203d4458]
Event: 2014.103 Thread 0x000001ad3adf1800 14354   !   4       sun.nio.fs.WindowsPath::getPathForWin32Calls (138 bytes)
Event: 2014.111 Thread 0x000001ad3adf1800 nmethod 14354 0x000001ad203d4590 code [0x000001ad203d4740, 0x000001ad203d4818]
Event: 2014.111 Thread 0x000001ad3adf1800 14355       4       java.nio.charset.CharsetDecoder::implReset (1 bytes)
Event: 2014.112 Thread 0x000001ad3adf1800 nmethod 14355 0x000001ad203d4990 code [0x000001ad203d4b20, 0x000001ad203d4b78]
Event: 2014.112 Thread 0x000001ad3adf1800 14393       4       org.gradle.internal.execution.UnitOfWork::markLegacySnapshottingInputsStarted (1 bytes)
Event: 2014.113 Thread 0x000001ad3adf1800 nmethod 14393 0x000001ad203d4c10 code [0x000001ad203d4da0, 0x000001ad203d4df8]
Event: 2014.113 Thread 0x000001ad3adf1800 14394       4       org.gradle.api.internal.artifacts.transform.DefaultTransformerInvocationFactory$TransformerExecution::validate (1 bytes)
Event: 2014.114 Thread 0x000001ad3adf1800 nmethod 14394 0x000001ad203d4e90 code [0x000001ad203d5020, 0x000001ad203d5078]
Event: 2014.114 Thread 0x000001ad3adf1800 14395       4       org.gradle.internal.execution.UnitOfWork::getOverlappingOutputHandling (4 bytes)
Event: 2014.115 Thread 0x000001ad3adf1800 nmethod 14395 0x000001ad203d5110 code [0x000001ad203d52a0, 0x000001ad203d5318]
Event: 2014.115 Thread 0x000001ad3adf1800 14396       4       com.google.common.collect.AbstractMapEntry::equals (52 bytes)
Event: 2014.126 Thread 0x000001ad3adf1800 nmethod 14396 0x000001ad203d5390 code [0x000001ad203d5540, 0x000001ad203d56b8]
Event: 2014.127 Thread 0x000001ad3adf1800 14397       4       org.gradle.tooling.internal.provider.runner.BuildOperationParentTracker::started (26 bytes)
Event: 2014.133 Thread 0x000001ad3adf1800 nmethod 14397 0x000001ad203d5890 code [0x000001ad203d5a40, 0x000001ad203d5b28]
Event: 2014.163 Thread 0x000001ad3adf1800 14398       4       org.gradle.internal.execution.UnitOfWork::ensureLegacySnapshottingInputsClosed (1 bytes)
Event: 2014.164 Thread 0x000001ad3adf1800 nmethod 14398 0x000001ad203d5c90 code [0x000001ad203d5e20, 0x000001ad203d5e78]
Event: 2014.165 Thread 0x000001ad3adf1800 14399       4       org.gradle.internal.snapshot.PartialDirectorySnapshot::withIncompleteChildren (10 bytes)
Event: 2014.178 Thread 0x000001ad3adf1800 nmethod 14399 0x000001ad203d5f10 code [0x000001ad203d60a0, 0x000001ad203d62b8]

GC Heap History (20 events):
Event: 3.981 GC heap before
{Heap before GC invocations=6 (full 0):
 garbage-first heap   total 256000K, used 124581K [0x0000000080000000, 0x0000000100000000)
  region size 1024K, 104 young (106496K), 6 survivors (6144K)
 Metaspace       used 44037K, capacity 45026K, committed 45260K, reserved 1089536K
  class space    used 5656K, capacity 6044K, committed 6092K, reserved 1048576K
}
Event: 3.988 GC heap after
{Heap after GC invocations=7 (full 0):
 garbage-first heap   total 256000K, used 26178K [0x0000000080000000, 0x0000000100000000)
  region size 1024K, 11 young (11264K), 11 survivors (11264K)
 Metaspace       used 44037K, capacity 45026K, committed 45260K, reserved 1089536K
  class space    used 5656K, capacity 6044K, committed 6092K, reserved 1048576K
}
Event: 6.984 GC heap before
{Heap before GC invocations=7 (full 0):
 garbage-first heap   total 256000K, used 163394K [0x0000000080000000, 0x0000000100000000)
  region size 1024K, 143 young (146432K), 11 survivors (11264K)
 Metaspace       used 56407K, capacity 57762K, committed 57932K, reserved 1099776K
  class space    used 7177K, capacity 7669K, committed 7756K, reserved 1048576K
}
Event: 6.996 GC heap after
{Heap after GC invocations=8 (full 0):
 garbage-first heap   total 256000K, used 41872K [0x0000000080000000, 0x0000000100000000)
  region size 1024K, 18 young (18432K), 18 survivors (18432K)
 Metaspace       used 56407K, capacity 57762K, committed 57932K, reserved 1099776K
  class space    used 7177K, capacity 7669K, committed 7756K, reserved 1048576K
}
Event: 7.238 GC heap before
{Heap before GC invocations=8 (full 0):
 garbage-first heap   total 256000K, used 66448K [0x0000000080000000, 0x0000000100000000)
  region size 1024K, 42 young (43008K), 18 survivors (18432K)
 Metaspace       used 58834K, capacity 60194K, committed 60236K, reserved 1101824K
  class space    used 7448K, capacity 7977K, committed 8012K, reserved 1048576K
}
Event: 7.256 GC heap after
{Heap after GC invocations=9 (full 0):
 garbage-first heap   total 256000K, used 46287K [0x0000000080000000, 0x0000000100000000)
  region size 1024K, 5 young (5120K), 5 survivors (5120K)
 Metaspace       used 58834K, capacity 60194K, committed 60236K, reserved 1101824K
  class space    used 7448K, capacity 7977K, committed 8012K, reserved 1048576K
}
Event: 8.101 GC heap before
{Heap before GC invocations=10 (full 0):
 garbage-first heap   total 256000K, used 137423K [0x0000000080000000, 0x0000000100000000)
  region size 1024K, 94 young (96256K), 5 survivors (5120K)
 Metaspace       used 66806K, capacity 68337K, committed 68556K, reserved 1107968K
  class space    used 8728K, capacity 9311K, committed 9420K, reserved 1048576K
}
Event: 8.107 GC heap after
{Heap after GC invocations=11 (full 0):
 garbage-first heap   total 256000K, used 50022K [0x0000000080000000, 0x0000000100000000)
  region size 1024K, 8 young (8192K), 8 survivors (8192K)
 Metaspace       used 66806K, capacity 68337K, committed 68556K, reserved 1107968K
  class space    used 8728K, capacity 9311K, committed 9420K, reserved 1048576K
}
Event: 9.929 GC heap before
{Heap before GC invocations=11 (full 0):
 garbage-first heap   total 256000K, used 147302K [0x0000000080000000, 0x0000000100000000)
  region size 1024K, 104 young (106496K), 8 survivors (8192K)
 Metaspace       used 75453K, capacity 77341K, committed 77388K, reserved 1116160K
  class space    used 9857K, capacity 10540K, committed 10572K, reserved 1048576K
}
Event: 9.939 GC heap after
{Heap after GC invocations=12 (full 0):
 garbage-first heap   total 256000K, used 56743K [0x0000000080000000, 0x0000000100000000)
  region size 1024K, 13 young (13312K), 13 survivors (13312K)
 Metaspace       used 75453K, capacity 77341K, committed 77388K, reserved 1116160K
  class space    used 9857K, capacity 10540K, committed 10572K, reserved 1048576K
}
Event: 12.251 GC heap before
{Heap before GC invocations=12 (full 0):
 garbage-first heap   total 256000K, used 157095K [0x0000000080000000, 0x0000000100000000)
  region size 1024K, 112 young (114688K), 13 survivors (13312K)
 Metaspace       used 77354K, capacity 79335K, committed 79436K, reserved 1118208K
  class space    used 10059K, capacity 10763K, committed 10828K, reserved 1048576K
}
Event: 12.264 GC heap after
{Heap after GC invocations=13 (full 0):
 garbage-first heap   total 256000K, used 64218K [0x0000000080000000, 0x0000000100000000)
  region size 1024K, 14 young (14336K), 14 survivors (14336K)
 Metaspace       used 77354K, capacity 79335K, committed 79436K, reserved 1118208K
  class space    used 10059K, capacity 10763K, committed 10828K, reserved 1048576K
}
Event: 14.280 GC heap before
{Heap before GC invocations=13 (full 0):
 garbage-first heap   total 256000K, used 168666K [0x0000000080000000, 0x0000000100000000)
  region size 1024K, 115 young (117760K), 14 survivors (14336K)
 Metaspace       used 86662K, capacity 88798K, committed 89036K, reserved 1126400K
  class space    used 11095K, capacity 11860K, committed 11980K, reserved 1048576K
}
Event: 14.301 GC heap after
{Heap after GC invocations=14 (full 0):
 garbage-first heap   total 256000K, used 82494K [0x0000000080000000, 0x0000000100000000)
  region size 1024K, 15 young (15360K), 15 survivors (15360K)
 Metaspace       used 86662K, capacity 88798K, committed 89036K, reserved 1126400K
  class space    used 11095K, capacity 11860K, committed 11980K, reserved 1048576K
}
Event: 15.212 GC heap before
{Heap before GC invocations=14 (full 0):
 garbage-first heap   total 256000K, used 177726K [0x0000000080000000, 0x0000000100000000)
  region size 1024K, 108 young (110592K), 15 survivors (15360K)
 Metaspace       used 87451K, capacity 89604K, committed 89804K, reserved 1126400K
  class space    used 11106K, capacity 11865K, committed 11980K, reserved 1048576K
}
Event: 15.228 GC heap after
{Heap after GC invocations=15 (full 0):
 garbage-first heap   total 256000K, used 86604K [0x0000000080000000, 0x0000000100000000)
  region size 1024K, 3 young (3072K), 3 survivors (3072K)
 Metaspace       used 87451K, capacity 89604K, committed 89804K, reserved 1126400K
  class space    used 11106K, capacity 11865K, committed 11980K, reserved 1048576K
}
Event: 164.683 GC heap before
{Heap before GC invocations=15 (full 0):
 garbage-first heap   total 256000K, used 182860K [0x0000000080000000, 0x0000000100000000)
  region size 1024K, 98 young (100352K), 3 survivors (3072K)
 Metaspace       used 91230K, capacity 93504K, committed 93772K, reserved 1130496K
  class space    used 11421K, capacity 12244K, committed 12364K, reserved 1048576K
}
Event: 164.693 GC heap after
{Heap after GC invocations=16 (full 0):
 garbage-first heap   total 256000K, used 89358K [0x0000000080000000, 0x0000000100000000)
  region size 1024K, 6 young (6144K), 6 survivors (6144K)
 Metaspace       used 91230K, capacity 93504K, committed 93772K, reserved 1130496K
  class space    used 11421K, capacity 12244K, committed 12364K, reserved 1048576K
}
Event: 2008.241 GC heap before
{Heap before GC invocations=16 (full 0):
 garbage-first heap   total 256000K, used 192782K [0x0000000080000000, 0x0000000100000000)
  region size 1024K, 103 young (105472K), 6 survivors (6144K)
 Metaspace       used 92926K, capacity 95197K, committed 95436K, reserved 1132544K
  class space    used 11539K, capacity 12384K, committed 12492K, reserved 1048576K
}
Event: 2008.264 GC heap after
{Heap after GC invocations=17 (full 0):
 garbage-first heap   total 256000K, used 97747K [0x0000000080000000, 0x0000000100000000)
  region size 1024K, 9 young (9216K), 9 survivors (9216K)
 Metaspace       used 92926K, capacity 95197K, committed 95436K, reserved 1132544K
  class space    used 11539K, capacity 12384K, committed 12492K, reserved 1048576K
}

Deoptimization events (20 events):
Event: 2012.163 Thread 0x000001ad3721a800 Uncommon trap: trap_request=0xffffff4d fr.pc=0x000001ad1fe64314 relative=0x0000000000000554
Event: 2012.163 Thread 0x000001ad3721a800 Uncommon trap: reason=unstable_if action=reinterpret pc=0x000001ad1fe64314 method=java.util.concurrent.ConcurrentLinkedQueue.updateHead(Ljava/util/concurrent/ConcurrentLinkedQueue$Node;Ljava/util/concurrent/ConcurrentLinkedQueue$Node;)V @ 14 c2
Event: 2012.163 Thread 0x000001ad3721a800 DEOPT PACKING pc=0x000001ad1fe64314 sp=0x0000007fd3dfda30
Event: 2012.163 Thread 0x000001ad3721a800 DEOPT UNPACKING pc=0x000001ad17f6662f sp=0x0000007fd3dfd978 mode 2
Event: 2013.247 Thread 0x000001ad353f3000 Uncommon trap: trap_request=0xffffff4d fr.pc=0x000001ad1fe839c4 relative=0x0000000000000484
Event: 2013.247 Thread 0x000001ad353f3000 Uncommon trap: reason=unstable_if action=reinterpret pc=0x000001ad1fe839c4 method=com.google.common.collect.MapMakerInternalMap$Segment.getEntry(Ljava/lang/Object;I)Lcom/google/common/collect/MapMakerInternalMap$InternalEntry; @ 40 c2
Event: 2013.247 Thread 0x000001ad353f3000 DEOPT PACKING pc=0x000001ad1fe839c4 sp=0x0000007fdb0fc430
Event: 2013.247 Thread 0x000001ad353f3000 DEOPT UNPACKING pc=0x000001ad17f6662f sp=0x0000007fdb0fc300 mode 2
Event: 2013.247 Thread 0x000001ad353f3000 Uncommon trap: trap_request=0xffffff4d fr.pc=0x000001ad1fe7e9ac relative=0x000000000000246c
Event: 2013.247 Thread 0x000001ad353f3000 Uncommon trap: reason=unstable_if action=reinterpret pc=0x000001ad1fe7e9ac method=com.google.common.collect.MapMakerInternalMap$Segment.drainKeyReferenceQueue(Ljava/lang/ref/ReferenceQueue;)V @ 8 c2
Event: 2013.247 Thread 0x000001ad353f3000 DEOPT PACKING pc=0x000001ad1fe7e9ac sp=0x0000007fdb0fc310
Event: 2013.247 Thread 0x000001ad353f3000 DEOPT UNPACKING pc=0x000001ad17f6662f sp=0x0000007fdb0fc118 mode 2
Event: 2013.334 Thread 0x000001ad37219800 Uncommon trap: trap_request=0xffffff4d fr.pc=0x000001ad1fe724a0 relative=0x0000000000000240
Event: 2013.334 Thread 0x000001ad37219800 Uncommon trap: reason=unstable_if action=reinterpret pc=0x000001ad1fe724a0 method=com.google.common.collect.MapMakerInternalMap$Segment.getEntry(Ljava/lang/Object;I)Lcom/google/common/collect/MapMakerInternalMap$InternalEntry; @ 40 c2
Event: 2013.334 Thread 0x000001ad37219800 DEOPT PACKING pc=0x000001ad1fe724a0 sp=0x0000007fd3cfc990
Event: 2013.334 Thread 0x000001ad37219800 DEOPT UNPACKING pc=0x000001ad17f6662f sp=0x0000007fd3cfc960 mode 2
Event: 2013.526 Thread 0x000001ad3721a800 Uncommon trap: trap_request=0xffffff4d fr.pc=0x000001ad1ff67048 relative=0x0000000000000c08
Event: 2013.526 Thread 0x000001ad3721a800 Uncommon trap: reason=unstable_if action=reinterpret pc=0x000001ad1ff67048 method=java.util.concurrent.ConcurrentLinkedQueue.offer(Ljava/lang/Object;)Z @ 96 c2
Event: 2013.526 Thread 0x000001ad3721a800 DEOPT PACKING pc=0x000001ad1ff67048 sp=0x0000007fd3dfbe10
Event: 2013.526 Thread 0x000001ad3721a800 DEOPT UNPACKING pc=0x000001ad17f6662f sp=0x0000007fd3dfbc68 mode 2

Classes redefined (0 events):
No events

Internal exceptions (20 events):
Event: 164.667 Thread 0x000001ad3720e000 Implicit null exception at 0x000001ad2020ce94 to 0x000001ad20213b78
Event: 164.801 Thread 0x000001ad3720e000 Exception <a 'java/lang/NoSuchMethodError'{0x000000008f8393a8}: <clinit>> (0x000000008f8393a8) thrown at [./src/hotspot/share/prims/jni.cpp, line 1362]
Event: 165.055 Thread 0x000001ad3720e000 Exception <a 'java/lang/NoSuchMethodError'{0x000000008f77df40}: <clinit>> (0x000000008f77df40) thrown at [./src/hotspot/share/prims/jni.cpp, line 1362]
Event: 165.056 Thread 0x000001ad3720e000 Exception <a 'java/lang/NoSuchMethodError'{0x000000008f780d30}: <clinit>> (0x000000008f780d30) thrown at [./src/hotspot/share/prims/jni.cpp, line 1362]
Event: 165.056 Thread 0x000001ad3720e000 Exception <a 'java/lang/NoSuchMethodError'{0x000000008f782338}: <clinit>> (0x000000008f782338) thrown at [./src/hotspot/share/prims/jni.cpp, line 1362]
Event: 165.056 Thread 0x000001ad3720e000 Exception <a 'java/lang/NoSuchMethodError'{0x000000008f7838d0}: <clinit>> (0x000000008f7838d0) thrown at [./src/hotspot/share/prims/jni.cpp, line 1362]
Event: 165.056 Thread 0x000001ad3720e000 Exception <a 'java/lang/NoSuchMethodError'{0x000000008f785030}: <clinit>> (0x000000008f785030) thrown at [./src/hotspot/share/prims/jni.cpp, line 1362]
Event: 165.056 Thread 0x000001ad3720e000 Exception <a 'java/lang/NoSuchMethodError'{0x000000008f786420}: <clinit>> (0x000000008f786420) thrown at [./src/hotspot/share/prims/jni.cpp, line 1362]
Event: 165.057 Thread 0x000001ad3720e000 Exception <a 'java/lang/NoSuchMethodError'{0x000000008f7876b0}: <clinit>> (0x000000008f7876b0) thrown at [./src/hotspot/share/prims/jni.cpp, line 1362]
Event: 2007.425 Thread 0x000001ad37214800 Implicit null exception at 0x000001ad1ff42625 to 0x000001ad1ff42858
Event: 2007.425 Thread 0x000001ad37214800 Implicit null exception at 0x000001ad1fee1d3f to 0x000001ad1fee26ec
Event: 2008.299 Thread 0x000001ad37214800 Exception <a 'sun/nio/fs/WindowsException'{0x000000008f9c07f8}> (0x000000008f9c07f8) thrown at [./src/hotspot/share/prims/jni.cpp, line 615]
Event: 2013.224 Thread 0x000001ad353f3000 Exception <a 'sun/nio/fs/WindowsException'{0x000000008b8399e8}> (0x000000008b8399e8) thrown at [./src/hotspot/share/prims/jni.cpp, line 615]
Event: 2013.225 Thread 0x000001ad353f3000 Exception <a 'sun/nio/fs/WindowsException'{0x000000008b83a8e0}> (0x000000008b83a8e0) thrown at [./src/hotspot/share/prims/jni.cpp, line 615]
Event: 2013.226 Thread 0x000001ad353f3000 Exception <a 'sun/nio/fs/WindowsException'{0x000000008b83ed18}> (0x000000008b83ed18) thrown at [./src/hotspot/share/prims/jni.cpp, line 615]
Event: 2013.226 Thread 0x000001ad353f3000 Exception <a 'sun/nio/fs/WindowsException'{0x000000008b83fc58}> (0x000000008b83fc58) thrown at [./src/hotspot/share/prims/jni.cpp, line 615]
Event: 2013.227 Thread 0x000001ad353f3000 Exception <a 'sun/nio/fs/WindowsException'{0x000000008b841f88}> (0x000000008b841f88) thrown at [./src/hotspot/share/prims/jni.cpp, line 615]
Event: 2013.228 Thread 0x000001ad353f3000 Exception <a 'sun/nio/fs/WindowsException'{0x000000008b842ed8}> (0x000000008b842ed8) thrown at [./src/hotspot/share/prims/jni.cpp, line 615]
Event: 2014.008 Thread 0x000001ad353f3000 Exception <a 'sun/nio/fs/WindowsException'{0x000000008aac0e40}> (0x000000008aac0e40) thrown at [./src/hotspot/share/prims/jni.cpp, line 615]
Event: 2014.008 Thread 0x000001ad353f3000 Exception <a 'sun/nio/fs/WindowsException'{0x000000008aac1ac0}> (0x000000008aac1ac0) thrown at [./src/hotspot/share/prims/jni.cpp, line 615]

Events (20 events):
Event: 2012.729 Executing VM operation: RevokeBias
Event: 2012.729 Executing VM operation: RevokeBias done
Event: 2012.731 Executing VM operation: RevokeBias
Event: 2012.731 Executing VM operation: RevokeBias done
Event: 2012.732 Executing VM operation: RevokeBias
Event: 2012.733 Executing VM operation: RevokeBias done
Event: 2012.733 Executing VM operation: RevokeBias
Event: 2012.733 Executing VM operation: RevokeBias done
Event: 2012.733 Executing VM operation: RevokeBias
Event: 2012.734 Executing VM operation: RevokeBias done
Event: 2012.771 Executing VM operation: RevokeBias
Event: 2012.772 Executing VM operation: RevokeBias done
Event: 2013.132 Executing VM operation: RevokeBias
Event: 2013.132 Executing VM operation: RevokeBias done
Event: 2013.134 Executing VM operation: RevokeBias
Event: 2013.135 Executing VM operation: RevokeBias done
Event: 2013.604 Executing VM operation: RevokeBias
Event: 2013.604 Executing VM operation: RevokeBias done
Event: 2013.678 loading class org/gradle/internal/Try$1
Event: 2013.678 loading class org/gradle/internal/Try$1 done


Dynamic libraries:
0x00007ff628e20000 - 0x00007ff628e2a000 	C:\Program Files\Android\Android Studio\jre\bin\java.exe
0x00007ffb991b0000 - 0x00007ffb993a8000 	C:\WINDOWS\SYSTEM32\ntdll.dll
0x00007ffb98000000 - 0x00007ffb980bd000 	C:\WINDOWS\System32\KERNEL32.dll
0x00007ffb96550000 - 0x00007ffb9666f000 	C:\WINDOWS\system32\hmpalert.dll
0x00007ffb969f0000 - 0x00007ffb96cc2000 	C:\WINDOWS\System32\KERNELBASE.dll
0x00007ffb968c0000 - 0x00007ffb969c0000 	C:\WINDOWS\System32\ucrtbase.dll
0x00007ffb92650000 - 0x00007ffb92669000 	C:\Program Files\Android\Android Studio\jre\bin\jli.dll
0x00007ffb7fb80000 - 0x00007ffb7fb97000 	C:\Program Files\Android\Android Studio\jre\bin\VCRUNTIME140.dll
0x00007ffb98f10000 - 0x00007ffb990ad000 	C:\WINDOWS\System32\USER32.dll
0x00007ffb969c0000 - 0x00007ffb969e2000 	C:\WINDOWS\System32\win32u.dll
0x00007ffb980d0000 - 0x00007ffb980fb000 	C:\WINDOWS\System32\GDI32.dll
0x00007ffb97000000 - 0x00007ffb9710f000 	C:\WINDOWS\System32\gdi32full.dll
0x00007ffb96cd0000 - 0x00007ffb96d6d000 	C:\WINDOWS\System32\msvcp_win.dll
0x00007ffb698a0000 - 0x00007ffb69b3a000 	C:\WINDOWS\WinSxS\amd64_microsoft.windows.common-controls_6595b64144ccf1df_6.0.19041.1110_none_60b5254171f9507e\COMCTL32.dll
0x00007ffb974b0000 - 0x00007ffb9754e000 	C:\WINDOWS\System32\msvcrt.dll
0x00007ffb97210000 - 0x00007ffb97240000 	C:\WINDOWS\System32\IMM32.DLL
0x00007ffb63ee0000 - 0x00007ffb63f7d000 	C:\Program Files\Android\Android Studio\jre\bin\msvcp140.dll
0x00007ffaffa20000 - 0x00007ffb004f5000 	C:\Program Files\Android\Android Studio\jre\bin\server\jvm.dll
0x00007ffb98320000 - 0x00007ffb983ce000 	C:\WINDOWS\System32\ADVAPI32.dll
0x00007ffb97550000 - 0x00007ffb975ec000 	C:\WINDOWS\System32\sechost.dll
0x00007ffb975f0000 - 0x00007ffb97715000 	C:\WINDOWS\System32\RPCRT4.dll
0x00007ffb980c0000 - 0x00007ffb980c8000 	C:\WINDOWS\System32\PSAPI.DLL
0x00007ffb93b20000 - 0x00007ffb93b47000 	C:\WINDOWS\SYSTEM32\WINMM.dll
0x00007ffb8dc00000 - 0x00007ffb8dc09000 	C:\WINDOWS\SYSTEM32\WSOCK32.dll
0x00007ffb98100000 - 0x00007ffb9816b000 	C:\WINDOWS\System32\WS2_32.dll
0x00007ffb8f7d0000 - 0x00007ffb8f7da000 	C:\WINDOWS\SYSTEM32\VERSION.dll
0x00007ffb94fe0000 - 0x00007ffb94ff2000 	C:\WINDOWS\SYSTEM32\kernel.appcore.dll
0x00007ffb900a0000 - 0x00007ffb900b1000 	C:\Program Files\Android\Android Studio\jre\bin\verify.dll
0x00007ffb94410000 - 0x00007ffb945f4000 	C:\WINDOWS\SYSTEM32\DBGHELP.DLL
0x00007ffb93af0000 - 0x00007ffb93b1c000 	C:\WINDOWS\SYSTEM32\dbgcore.DLL
0x00007ffb96de0000 - 0x00007ffb96e62000 	C:\WINDOWS\System32\bcryptPrimitives.dll
0x00007ffb8e130000 - 0x00007ffb8e159000 	C:\Program Files\Android\Android Studio\jre\bin\java.dll
0x00007ffb92680000 - 0x00007ffb9268b000 	C:\Program Files\Android\Android Studio\jre\bin\jimage.dll
0x00007ffb90040000 - 0x00007ffb90058000 	C:\Program Files\Android\Android Studio\jre\bin\zip.dll
0x00007ffb986b0000 - 0x00007ffb98df3000 	C:\WINDOWS\System32\SHELL32.dll
0x00007ffb94840000 - 0x00007ffb94fd1000 	C:\WINDOWS\SYSTEM32\windows.storage.dll
0x00007ffb97ca0000 - 0x00007ffb97ff4000 	C:\WINDOWS\System32\combase.dll
0x00007ffb96200000 - 0x00007ffb96230000 	C:\WINDOWS\SYSTEM32\Wldp.dll
0x00007ffb97320000 - 0x00007ffb973cd000 	C:\WINDOWS\System32\SHCORE.dll
0x00007ffb99110000 - 0x00007ffb99165000 	C:\WINDOWS\System32\shlwapi.dll
0x00007ffb96800000 - 0x00007ffb9681f000 	C:\WINDOWS\SYSTEM32\profapi.dll
0x00007ffb8ad60000 - 0x00007ffb8ad7a000 	C:\Program Files\Android\Android Studio\jre\bin\net.dll
0x00007ffb936e0000 - 0x00007ffb937ed000 	C:\WINDOWS\SYSTEM32\WINHTTP.dll
0x00007ffb95f60000 - 0x00007ffb95fca000 	C:\WINDOWS\system32\mswsock.dll
0x00007ffb8ad40000 - 0x00007ffb8ad54000 	C:\Program Files\Android\Android Studio\jre\bin\nio.dll
0x00007ffb7a810000 - 0x00007ffb7a837000 	C:\Users\justine\.gradle\native\fdc75f09e3144964f2cf3f50f0aa648679c211496f362492102eb8c894070792\windows-amd64\native-platform.dll
0x00007ffb0b560000 - 0x00007ffb0b6f6000 	C:\Users\justine\.gradle\native\12488b8bf47d2d4c9fbf2f6322a914ad602e24e48041cd04a747c6da556b65c4\windows-amd64\native-platform-file-events.dll
0x00007ffb8e670000 - 0x00007ffb8e67a000 	C:\Program Files\Android\Android Studio\jre\bin\management.dll
0x00007ffb8e120000 - 0x00007ffb8e12d000 	C:\Program Files\Android\Android Studio\jre\bin\management_ext.dll
0x00007ffb96150000 - 0x00007ffb96168000 	C:\WINDOWS\SYSTEM32\CRYPTSP.dll
0x00007ffb95810000 - 0x00007ffb95844000 	C:\WINDOWS\system32\rsaenh.dll
0x00007ffb96fd0000 - 0x00007ffb96ff7000 	C:\WINDOWS\System32\bcrypt.dll
0x00007ffb967c0000 - 0x00007ffb967ee000 	C:\WINDOWS\SYSTEM32\USERENV.dll
0x00007ffb96170000 - 0x00007ffb9617c000 	C:\WINDOWS\SYSTEM32\CRYPTBASE.dll
0x00007ffb95c00000 - 0x00007ffb95c3b000 	C:\WINDOWS\SYSTEM32\IPHLPAPI.DLL
0x00007ffb973d0000 - 0x00007ffb973d8000 	C:\WINDOWS\System32\NSI.dll
0x00007ffb8d540000 - 0x00007ffb8d557000 	C:\WINDOWS\SYSTEM32\dhcpcsvc6.DLL
0x00007ffb8dbc0000 - 0x00007ffb8dbdd000 	C:\WINDOWS\SYSTEM32\dhcpcsvc.DLL
0x00007ffb95c50000 - 0x00007ffb95d1a000 	C:\WINDOWS\SYSTEM32\DNSAPI.dll
0x00007ffb8d5e0000 - 0x00007ffb8d5eb000 	C:\WINDOWS\SYSTEM32\WINNSI.DLL

dbghelp: loaded successfully - version: 4.0.5 - missing functions: none
symbol engine: initialized successfully - sym options: 0x614 - pdb path: .;C:\Program Files\Android\Android Studio\jre\bin;C:\WINDOWS\SYSTEM32;C:\WINDOWS\WinSxS\amd64_microsoft.windows.common-controls_6595b64144ccf1df_6.0.19041.1110_none_60b5254171f9507e;C:\Program Files\Android\Android Studio\jre\bin\server;C:\Users\justine\.gradle\native\fdc75f09e3144964f2cf3f50f0aa648679c211496f362492102eb8c894070792\windows-amd64;C:\Users\justine\.gradle\native\12488b8bf47d2d4c9fbf2f6322a914ad602e24e48041cd04a747c6da556b65c4\windows-amd64

VM Arguments:
jvm_args: --add-opens=java.base/java.util=ALL-UNNAMED --add-opens=java.base/java.lang=ALL-UNNAMED --add-opens=java.base/java.lang.invoke=ALL-UNNAMED --add-opens=java.prefs/java.util.prefs=ALL-UNNAMED -Xmx2048m -Dfile.encoding=UTF-8 -Duser.country=PH -Duser.language=en -Duser.variant 
java_command: org.gradle.launcher.daemon.bootstrap.GradleDaemon 6.7.1
java_class_path (initial): C:\Users\justine\.gradle\wrapper\dists\gradle-6.7.1-bin\bwlcbys1h7rz3272sye1xwiv6\gradle-6.7.1\lib\gradle-launcher-6.7.1.jar
Launcher Type: SUN_STANDARD

[Global flags]
     intx CICompilerCount                          = 4                                         {product} {ergonomic}
     uint ConcGCThreads                            = 2                                         {product} {ergonomic}
     uint G1ConcRefinementThreads                  = 8                                         {product} {ergonomic}
   size_t G1HeapRegionSize                         = 1048576                                   {product} {ergonomic}
    uintx GCDrainStackTargetSize                   = 64                                        {product} {ergonomic}
   size_t InitialHeapSize                          = 262144000                                 {product} {ergonomic}
   size_t MarkStackSize                            = 4194304                                   {product} {ergonomic}
   size_t MaxHeapSize                              = 2147483648                                {product} {command line}
   size_t MaxNewSize                               = 1287651328                                {product} {ergonomic}
   size_t MinHeapDeltaBytes                        = 1048576                                   {product} {ergonomic}
    uintx NonNMethodCodeHeapSize                   = 5836300                                {pd product} {ergonomic}
    uintx NonProfiledCodeHeapSize                  = 122910970                              {pd product} {ergonomic}
    uintx ProfiledCodeHeapSize                     = 122910970                              {pd product} {ergonomic}
    uintx ReservedCodeCacheSize                    = 251658240                              {pd product} {ergonomic}
     bool SegmentedCodeCache                       = true                                      {product} {ergonomic}
     bool UseCompressedClassPointers               = true                                 {lp64_product} {ergonomic}
     bool UseCompressedOops                        = true                                 {lp64_product} {ergonomic}
     bool UseG1GC                                  = true                                      {product} {ergonomic}
     bool UseLargePagesIndividualAllocation        = false                                  {pd product} {ergonomic}

Logging:
Log output configuration:
 #0: stdout all=warning uptime,level,tags
 #1: stderr all=off uptime,level,tags

Environment Variables:
PATH=C:\Program Files\Microsoft MPI\Bin\;C:\Program Files\Common Files\Oracle\Java\javapath;C:\WINDOWS\system32;C:\WINDOWS;C:\WINDOWS\System32\Wbem;C:\WINDOWS\System32\WindowsPowerShell\v1.0\;C:\WINDOWS\System32\OpenSSH\;C:\Program Files\Java\jdk-16\bin;C:\Program Files\Microsoft SQL Server\Client SDK\ODBC\170\Tools\Binn\;C:\Program Files (x86)\Microsoft SQL Server\150\Tools\Binn\;C:\Program Files\Microsoft SQL Server\150\Tools\Binn\;C:\Program Files\Microsoft SQL Server\150\DTS\Binn\;C:\Program Files (x86)\Microsoft SQL Server\150\DTS\Binn\;C:\Program Files\Git\cmd;C:\Program Files\dotnet\;C:\Program Files\Microsoft SQL Server\130\Tools\Binn\;C:\Users\justine\AppData\Local\Microsoft\WindowsApps;;C:\Program Files\JetBrains\IntelliJ IDEA Community Edition 2021.2.1\bin;;C:\Users\justine\AppData\Local\Programs\Microsoft VS Code\bin;C:\Users\justine\.dotnet\tools;C:\Program Files (x86)\Sophos\Sophos SSL VPN Client\bin
USERNAME=justine
OS=Windows_NT
PROCESSOR_IDENTIFIER=Intel64 Family 6 Model 142 Stepping 12, GenuineIntel



---------------  S Y S T E M  ---------------

OS: Windows 10 , 64 bit Build 19041 (10.0.19041.1889)
OS uptime: 1 days 23:10 hours

CPU:total 8 (initial active 8) (4 cores per cpu, 2 threads per core) family 6 model 142 stepping 12 microcode 0xea, cmov, cx8, fxsr, mmx, sse, sse2, sse3, ssse3, sse4.1, sse4.2, popcnt, avx, avx2, aes, clmul, erms, 3dnowpref, lzcnt, ht, tsc, tscinvbit, bmi1, bmi2, adx, fma

Memory: 4k page, system-wide physical 15977M (1222M free)
TotalPageFile size 20977M (AvailPageFile size 29M)
current process WorkingSet (physical memory assigned to process): 536M, peak: 540M
current process commit charge ("private bytes"): 593M, peak: 598M

vm_info: OpenJDK 64-Bit Server VM (11.0.11+9-b60-7590822) for windows-amd64 JRE (11.0.11+9-b60-7590822), built on Jul 29 2021 21:43:44 by "builder" with MS VC++ 14.0 (VS2015)

END.
