#
# There is insufficient memory for the Java Runtime Environment to continue.
# Native memory allocation (malloc) failed to allocate 2230096 bytes for Chunk::new
# Possible reasons:
#   The system is out of physical RAM or swap space
#   The process is running with CompressedOops enabled, and the Java Heap may be blocking the growth of the native heap
# Possible solutions:
#   Reduce memory load on the system
#   Increase physical memory or swap space
#   Check if swap backing store is full
#   Decrease Java heap size (-Xmx/-Xms)
#   Decrease number of Java threads
#   Decrease Java thread stack sizes (-Xss)
#   Set larger code cache with -XX:ReservedCodeCacheSize=
#   JVM is running with Unscaled Compressed Oops mode in which the Java heap is
#     placed in the first 4GB address space. The Java Heap base address is the
#     maximum limit for the native heap growth. Please use -XX:HeapBaseMinAddress
#     to set the Java Heap base and to place the Java Heap above 4GB virtual address.
# This output file may be truncated or incomplete.
#
#  Out of Memory Error (./src/hotspot/share/memory/arena.cpp:197), pid=7680, tid=5680
#
# JRE version: OpenJDK Runtime Environment (11.0.11+9) (build 11.0.11+9-b60-7590822)
# Java VM: OpenJDK 64-Bit Server VM (11.0.11+9-b60-7590822, mixed mode, tiered, compressed oops, g1 gc, windows-amd64)
# No core dump will be written. Minidumps are not enabled by default on client versions of Windows
#

---------------  S U M M A R Y ------------

Command Line: --add-opens=java.base/java.util=ALL-UNNAMED --add-opens=java.base/java.lang=ALL-UNNAMED --add-opens=java.base/java.lang.invoke=ALL-UNNAMED --add-opens=java.prefs/java.util.prefs=ALL-UNNAMED -Xmx2048m -Dfile.encoding=UTF-8 -Duser.country=PH -Duser.language=en -Duser.variant org.gradle.launcher.daemon.bootstrap.GradleDaemon 6.7.1

Host: Intel(R) Core(TM) i7-10510U CPU @ 1.80GHz, 8 cores, 15G,  Windows 10 , 64 bit Build 19041 (10.0.19041.1706)
Time: Mon Jun 13 12:19:12 2022 Malay Peninsula Standard Time elapsed time: 4.636476 seconds (0d 0h 0m 4s)

---------------  T H R E A D  ---------------

Current thread (0x0000017fc127c000):  JavaThread "C2 CompilerThread1" daemon [_thread_in_native, id=5680, stack(0x0000000481e00000,0x0000000481f00000)]


Current CompileTask:
C2:   4636 4841   !   4       com.google.common.reflect.TypeVisitor::visit (225 bytes)

Stack: [0x0000000481e00000,0x0000000481f00000]
Native frames: (J=compiled Java code, j=interpreted, Vv=VM code, C=native code)
V  [jvm.dll+0x5f214a]
V  [jvm.dll+0x726fb5]
V  [jvm.dll+0x7285cd]
V  [jvm.dll+0x728c83]
V  [jvm.dll+0x243278]
V  [jvm.dll+0xbc53c]
V  [jvm.dll+0xbca3c]
V  [jvm.dll+0x353e3b]
V  [jvm.dll+0x321893]
V  [jvm.dll+0x320d8a]
V  [jvm.dll+0x1fc1e2]
V  [jvm.dll+0x1fb3d4]
V  [jvm.dll+0x183d6c]
V  [jvm.dll+0x209a57]
V  [jvm.dll+0x2082a1]
V  [jvm.dll+0x6ef58f]
V  [jvm.dll+0x6e80b5]
V  [jvm.dll+0x5f1036]
C  [ucrtbase.dll+0x21bb2]
C  [KERNEL32.dll+0x17034]
C  [ntdll.dll+0x52651]


---------------  P R O C E S S  ---------------

Threads class SMR info:
_java_thread_list=0x0000017fc44bffc0, length=137, elements={
0x0000017fa352f000, 0x0000017fc03f3800, 0x0000017fc03fd000, 0x0000017fc0466800,
0x0000017fc0467800, 0x0000017fc0469800, 0x0000017fc046e800, 0x0000017fc0477800,
0x0000017fc047c000, 0x0000017fc0607800, 0x0000017fc19af800, 0x0000017fc1225000,
0x0000017fc127c000, 0x0000017fc3680800, 0x0000017fc22cd000, 0x0000017fc37a5800,
0x0000017fc29ed800, 0x0000017fc1b16000, 0x0000017fc2ab3000, 0x0000017fc3896800,
0x0000017fc3898000, 0x0000017fc3895800, 0x0000017fc3892000, 0x0000017fc3897000,
0x0000017fc3894800, 0x0000017fc3893000, 0x0000017fc3894000, 0x0000017fc3899000,
0x0000017fc40f4000, 0x0000017fc40f5800, 0x0000017fc372a000, 0x0000017fc40f5000,
0x0000017fc40f6800, 0x0000017fc40f7800, 0x0000017fc40f1800, 0x0000017fc40f8000,
0x0000017fc40f2800, 0x0000017fc40fb800, 0x0000017fc40fc800, 0x0000017fc40fa000,
0x0000017fc40fe000, 0x0000017fc40fa800, 0x0000017fc40fd000, 0x0000017fc40fe800,
0x0000017fc40ff800, 0x0000017fc4100800, 0x0000017fc31fc000, 0x0000017fc31ff000,
0x0000017fc31fd000, 0x0000017fc31fd800, 0x0000017fc3200000, 0x0000017fc31fe800,
0x0000017fc3201000, 0x0000017fc31fb000, 0x0000017fc3201800, 0x0000017fc4390800,
0x0000017fc438f000, 0x0000017fc438d800, 0x0000017fc4391800, 0x0000017fc438c000,
0x0000017fc4390000, 0x0000017fc4392800, 0x0000017fc438c800, 0x0000017fc4393000,
0x0000017fc4394000, 0x0000017fc438e000, 0x0000017fc4399800, 0x0000017fc4398000,
0x0000017fc4394800, 0x0000017fc439a800, 0x0000017fc4395800, 0x0000017fc4399000,
0x0000017fc4396800, 0x0000017fc4397000, 0x0000017fc5e14800, 0x0000017fc5e13000,
0x0000017fc5e17000, 0x0000017fc5e15000, 0x0000017fc5e16000, 0x0000017fc5e17800,
0x0000017fc5e12000, 0x0000017fc5e13800, 0x0000017fc5e19800, 0x0000017fc5e1a000,
0x0000017fc5e1d800, 0x0000017fc5e1c800, 0x0000017fc5e1b000, 0x0000017fc5e1b800,
0x0000017fc5e1e000, 0x0000017fc5e18800, 0x0000017fc5e1f000, 0x0000017fc5e20000,
0x0000017fc5e20800, 0x0000017fc5d33800, 0x0000017fc5d30000, 0x0000017fc5d32000,
0x0000017fc5d32800, 0x0000017fc5d34800, 0x0000017fc5d31000, 0x0000017fc5d3a000,
0x0000017fc5d3b000, 0x0000017fc5d38800, 0x0000017fc5d37800, 0x0000017fc5d36000,
0x0000017fc5d35000, 0x0000017fc5d3b800, 0x0000017fc5d3c800, 0x0000017fc5d36800,
0x0000017fc5d3d000, 0x0000017fc5d39000, 0x0000017fc5d3f000, 0x0000017fc5d3e000,
0x0000017fc57ca000, 0x0000017fc57cb000, 0x0000017fc57ce800, 0x0000017fc57cd800,
0x0000017fc57cc000, 0x0000017fc57cf000, 0x0000017fc57c9800, 0x0000017fc57cc800,
0x0000017fc57d4000, 0x0000017fc57d0000, 0x0000017fc57d5000, 0x0000017fc57d1000,
0x0000017fc57d1800, 0x0000017fc57d8000, 0x0000017fc57d5800, 0x0000017fc57d6800,
0x0000017fc57d7800, 0x0000017fc57d2800, 0x0000017fc57d3000, 0x0000017fc799f800,
0x0000017fc799b800, 0x0000017fc799c800, 0x0000017fc799e000, 0x0000017fc79a2000,
0x0000017fc799d000
}

Java Threads: ( => current thread )
  0x0000017fa352f000 JavaThread "main" [_thread_blocked, id=20628, stack(0x0000000480400000,0x0000000480500000)]
  0x0000017fc03f3800 JavaThread "Reference Handler" daemon [_thread_blocked, id=1200, stack(0x0000000480b00000,0x0000000480c00000)]
  0x0000017fc03fd000 JavaThread "Finalizer" daemon [_thread_blocked, id=1720, stack(0x0000000480c00000,0x0000000480d00000)]
  0x0000017fc0466800 JavaThread "Signal Dispatcher" daemon [_thread_blocked, id=17604, stack(0x0000000480d00000,0x0000000480e00000)]
  0x0000017fc0467800 JavaThread "Attach Listener" daemon [_thread_blocked, id=16004, stack(0x0000000480e00000,0x0000000480f00000)]
  0x0000017fc0469800 JavaThread "Service Thread" daemon [_thread_blocked, id=11616, stack(0x0000000480f00000,0x0000000481000000)]
  0x0000017fc046e800 JavaThread "C2 CompilerThread0" daemon [_thread_in_native, id=13024, stack(0x0000000481000000,0x0000000481100000)]
  0x0000017fc0477800 JavaThread "C1 CompilerThread0" daemon [_thread_blocked, id=22392, stack(0x0000000481100000,0x0000000481200000)]
  0x0000017fc047c000 JavaThread "Sweeper thread" daemon [_thread_blocked, id=6396, stack(0x0000000481200000,0x0000000481300000)]
  0x0000017fc0607800 JavaThread "Common-Cleaner" daemon [_thread_blocked, id=15304, stack(0x0000000481300000,0x0000000481400000)]
  0x0000017fc19af800 JavaThread "Daemon health stats" [_thread_blocked, id=17676, stack(0x0000000481c00000,0x0000000481d00000)]
  0x0000017fc1225000 JavaThread "Incoming local TCP Connector on port 63940" [_thread_in_native, id=10516, stack(0x0000000481d00000,0x0000000481e00000)]
=>0x0000017fc127c000 JavaThread "C2 CompilerThread1" daemon [_thread_in_native, id=5680, stack(0x0000000481e00000,0x0000000481f00000)]
  0x0000017fc3680800 JavaThread "Daemon periodic checks" [_thread_blocked, id=12992, stack(0x0000000481f00000,0x0000000482000000)]
  0x0000017fc22cd000 JavaThread "Daemon" [_thread_blocked, id=22508, stack(0x0000000482000000,0x0000000482100000)]
  0x0000017fc37a5800 JavaThread "Handler for socket connection from /127.0.0.1:63940 to /127.0.0.1:63941" [_thread_in_native, id=12844, stack(0x0000000482100000,0x0000000482200000)]
  0x0000017fc29ed800 JavaThread "Cancel handler" [_thread_blocked, id=7512, stack(0x0000000482200000,0x0000000482300000)]
  0x0000017fc1b16000 JavaThread "Daemon worker" [_thread_in_vm, id=10328, stack(0x0000000482300000,0x0000000482400000)]
  0x0000017fc2ab3000 JavaThread "Asynchronous log dispatcher for DefaultDaemonConnection: socket connection from /127.0.0.1:63940 to /127.0.0.1:63941" [_thread_blocked, id=18120, stack(0x0000000482400000,0x0000000482500000)]
  0x0000017fc3896800 JavaThread "Stdin handler" [_thread_blocked, id=16860, stack(0x0000000482500000,0x0000000482600000)]
  0x0000017fc3898000 JavaThread "Thread-8" [_thread_blocked, id=20644, stack(0x0000000482600000,0x0000000482700000)]
  0x0000017fc3895800 JavaThread "Cache worker for file hash cache (C:\Users\justine\.gradle\caches\6.7.1\fileHashes)" [_thread_blocked, id=11944, stack(0x0000000482700000,0x0000000482800000)]
  0x0000017fc3892000 JavaThread "File lock request listener" [_thread_in_native, id=13368, stack(0x0000000482800000,0x0000000482900000)]
  0x0000017fc3897000 JavaThread "Cache worker for journal cache (C:\Users\justine\.gradle\caches\journal-1)" [_thread_blocked, id=2728, stack(0x0000000482c00000,0x0000000482d00000)]
  0x0000017fc3894800 JavaThread "Cache worker for file hash cache (C:\Users\justine\AndroidStudioProjects\IQCAPPLICATION\.gradle\6.7.1\fileHashes)" [_thread_blocked, id=16364, stack(0x0000000482d00000,0x0000000482e00000)]
  0x0000017fc3893000 JavaThread "jar transforms" [_thread_blocked, id=6536, stack(0x0000000482e00000,0x0000000482f00000)]
  0x0000017fc3894000 JavaThread "jar transforms Thread 2" [_thread_blocked, id=8924, stack(0x0000000482f00000,0x0000000483000000)]
  0x0000017fc3899000 JavaThread "jar transforms Thread 3" [_thread_blocked, id=12584, stack(0x0000000483000000,0x0000000483100000)]
  0x0000017fc40f4000 JavaThread "jar transforms Thread 4" [_thread_blocked, id=12280, stack(0x0000000483100000,0x0000000483200000)]
  0x0000017fc40f5800 JavaThread "jar transforms Thread 5" [_thread_blocked, id=20624, stack(0x0000000483200000,0x0000000483300000)]
  0x0000017fc372a000 JavaThread "C2 CompilerThread2" daemon [_thread_in_native, id=16184, stack(0x0000000483300000,0x0000000483400000)]
  0x0000017fc40f5000 JavaThread "jar transforms Thread 6" [_thread_blocked, id=16848, stack(0x0000000483400000,0x0000000483500000)]
  0x0000017fc40f6800 JavaThread "Cache worker for checksums cache (C:\Users\justine\AndroidStudioProjects\IQCAPPLICATION\.gradle\checksums)" [_thread_blocked, id=7444, stack(0x0000000483500000,0x0000000483600000)]
  0x0000017fc40f7800 JavaThread "Cache worker for cache directory md-supplier (C:\Users\justine\.gradle\caches\6.7.1\md-supplier)" [_thread_blocked, id=6596, stack(0x0000000483600000,0x0000000483700000)]
  0x0000017fc40f1800 JavaThread "Cache worker for cache directory md-rule (C:\Users\justine\.gradle\caches\6.7.1\md-rule)" [_thread_blocked, id=22040, stack(0x0000000483700000,0x0000000483800000)]
  0x0000017fc40f8000 JavaThread "Cache worker for execution history cache (C:\Users\justine\.gradle\caches\6.7.1\executionHistory)" [_thread_blocked, id=13972, stack(0x0000000483800000,0x0000000483900000)]
  0x0000017fc40f2800 JavaThread "Cache worker for file content cache (C:\Users\justine\.gradle\caches\6.7.1\fileContent)" [_thread_blocked, id=1788, stack(0x0000000483900000,0x0000000483a00000)]
  0x0000017fc40fb800 JavaThread "Cache worker for Build Output Cleanup Cache (C:\Users\justine\AndroidStudioProjects\IQCAPPLICATION\.gradle\buildOutputCleanup)" [_thread_blocked, id=20632, stack(0x0000000483a00000,0x0000000483b00000)]
  0x0000017fc40fc800 JavaThread "Build operations" [_thread_blocked, id=13248, stack(0x0000000483b00000,0x0000000483c00000)]
  0x0000017fc40fa000 JavaThread "Build operations Thread 2" [_thread_blocked, id=17776, stack(0x0000000483c00000,0x0000000483d00000)]
  0x0000017fc40fe000 JavaThread "Build operations Thread 3" [_thread_blocked, id=15588, stack(0x0000000483d00000,0x0000000483e00000)]
  0x0000017fc40fa800 JavaThread "Build operations Thread 4" [_thread_blocked, id=11416, stack(0x0000000483e00000,0x0000000483f00000)]
  0x0000017fc40fd000 JavaThread "Build operations Thread 5" [_thread_blocked, id=20688, stack(0x0000000483f00000,0x0000000484000000)]
  0x0000017fc40fe800 JavaThread "Build operations Thread 6" [_thread_blocked, id=10372, stack(0x0000000484000000,0x0000000484100000)]
  0x0000017fc40ff800 JavaThread "Build operations Thread 7" [_thread_blocked, id=17744, stack(0x0000000484100000,0x0000000484200000)]
  0x0000017fc4100800 JavaThread "Build operations Thread 8" [_thread_blocked, id=17768, stack(0x0000000484200000,0x0000000484300000)]
  0x0000017fc31fc000 JavaThread "jar transforms Thread 7" [_thread_blocked, id=2692, stack(0x0000000484300000,0x0000000484400000)]
  0x0000017fc31ff000 JavaThread "jar transforms Thread 8" [_thread_blocked, id=16180, stack(0x0000000484400000,0x0000000484500000)]
  0x0000017fc31fd000 JavaThread "jar transforms Thread 9" [_thread_blocked, id=6736, stack(0x0000000484500000,0x0000000484600000)]
  0x0000017fc31fd800 JavaThread "jar transforms Thread 10" [_thread_blocked, id=17108, stack(0x0000000484600000,0x0000000484700000)]
  0x0000017fc3200000 JavaThread "jar transforms Thread 11" [_thread_blocked, id=21208, stack(0x0000000484700000,0x0000000484800000)]
  0x0000017fc31fe800 JavaThread "jar transforms Thread 12" [_thread_blocked, id=7536, stack(0x0000000484800000,0x0000000484900000)]
  0x0000017fc3201000 JavaThread "jar transforms Thread 13" [_thread_blocked, id=21636, stack(0x0000000484900000,0x0000000484a00000)]
  0x0000017fc31fb000 JavaThread "jar transforms Thread 14" [_thread_blocked, id=20364, stack(0x0000000484a00000,0x0000000484b00000)]
  0x0000017fc3201800 JavaThread "jar transforms Thread 15" [_thread_blocked, id=10184, stack(0x0000000484b00000,0x0000000484c00000)]
  0x0000017fc4390800 JavaThread "jar transforms Thread 16" [_thread_blocked, id=7176, stack(0x0000000484c00000,0x0000000484d00000)]
  0x0000017fc438f000 JavaThread "jar transforms Thread 17" [_thread_blocked, id=7460, stack(0x0000000484d00000,0x0000000484e00000)]
  0x0000017fc438d800 JavaThread "jar transforms Thread 18" [_thread_blocked, id=18156, stack(0x0000000484e00000,0x0000000484f00000)]
  0x0000017fc4391800 JavaThread "jar transforms Thread 19" [_thread_blocked, id=19416, stack(0x0000000484f00000,0x0000000485000000)]
  0x0000017fc438c000 JavaThread "jar transforms Thread 20" [_thread_blocked, id=14892, stack(0x0000000485000000,0x0000000485100000)]
  0x0000017fc4390000 JavaThread "jar transforms Thread 21" [_thread_blocked, id=15468, stack(0x0000000485100000,0x0000000485200000)]
  0x0000017fc4392800 JavaThread "jar transforms Thread 22" [_thread_blocked, id=10632, stack(0x0000000485200000,0x0000000485300000)]
  0x0000017fc438c800 JavaThread "jar transforms Thread 23" [_thread_blocked, id=6072, stack(0x0000000485300000,0x0000000485400000)]
  0x0000017fc4393000 JavaThread "jar transforms Thread 24" [_thread_blocked, id=1148, stack(0x0000000485400000,0x0000000485500000)]
  0x0000017fc4394000 JavaThread "jar transforms Thread 25" [_thread_blocked, id=12976, stack(0x0000000485500000,0x0000000485600000)]
  0x0000017fc438e000 JavaThread "jar transforms Thread 26" [_thread_blocked, id=13572, stack(0x0000000485600000,0x0000000485700000)]
  0x0000017fc4399800 JavaThread "jar transforms Thread 27" [_thread_blocked, id=20180, stack(0x0000000485700000,0x0000000485800000)]
  0x0000017fc4398000 JavaThread "jar transforms Thread 28" [_thread_blocked, id=11304, stack(0x0000000485800000,0x0000000485900000)]
  0x0000017fc4394800 JavaThread "jar transforms Thread 29" [_thread_blocked, id=16608, stack(0x0000000485900000,0x0000000485a00000)]
  0x0000017fc439a800 JavaThread "jar transforms Thread 30" [_thread_blocked, id=18112, stack(0x0000000485a00000,0x0000000485b00000)]
  0x0000017fc4395800 JavaThread "jar transforms Thread 31" [_thread_blocked, id=17616, stack(0x0000000485b00000,0x0000000485c00000)]
  0x0000017fc4399000 JavaThread "jar transforms Thread 32" [_thread_blocked, id=21476, stack(0x0000000485c00000,0x0000000485d00000)]
  0x0000017fc4396800 JavaThread "jar transforms Thread 33" [_thread_blocked, id=284, stack(0x0000000485d00000,0x0000000485e00000)]
  0x0000017fc4397000 JavaThread "jar transforms Thread 34" [_thread_blocked, id=11472, stack(0x0000000485e00000,0x0000000485f00000)]
  0x0000017fc5e14800 JavaThread "jar transforms Thread 35" [_thread_blocked, id=6928, stack(0x0000000485f00000,0x0000000486000000)]
  0x0000017fc5e13000 JavaThread "jar transforms Thread 36" [_thread_blocked, id=17656, stack(0x0000000486000000,0x0000000486100000)]
  0x0000017fc5e17000 JavaThread "jar transforms Thread 37" [_thread_blocked, id=15548, stack(0x0000000486100000,0x0000000486200000)]
  0x0000017fc5e15000 JavaThread "jar transforms Thread 38" [_thread_blocked, id=3016, stack(0x0000000486200000,0x0000000486300000)]
  0x0000017fc5e16000 JavaThread "jar transforms Thread 39" [_thread_blocked, id=13064, stack(0x0000000486300000,0x0000000486400000)]
  0x0000017fc5e17800 JavaThread "jar transforms Thread 40" [_thread_blocked, id=19688, stack(0x0000000486400000,0x0000000486500000)]
  0x0000017fc5e12000 JavaThread "jar transforms Thread 41" [_thread_blocked, id=21936, stack(0x0000000486500000,0x0000000486600000)]
  0x0000017fc5e13800 JavaThread "jar transforms Thread 42" [_thread_blocked, id=11980, stack(0x0000000486600000,0x0000000486700000)]
  0x0000017fc5e19800 JavaThread "jar transforms Thread 43" [_thread_blocked, id=15732, stack(0x0000000486700000,0x0000000486800000)]
  0x0000017fc5e1a000 JavaThread "jar transforms Thread 44" [_thread_blocked, id=19600, stack(0x0000000486800000,0x0000000486900000)]
  0x0000017fc5e1d800 JavaThread "jar transforms Thread 45" [_thread_blocked, id=12612, stack(0x0000000486900000,0x0000000486a00000)]
  0x0000017fc5e1c800 JavaThread "jar transforms Thread 46" [_thread_blocked, id=12728, stack(0x0000000486a00000,0x0000000486b00000)]
  0x0000017fc5e1b000 JavaThread "jar transforms Thread 47" [_thread_blocked, id=12408, stack(0x0000000486b00000,0x0000000486c00000)]
  0x0000017fc5e1b800 JavaThread "jar transforms Thread 48" [_thread_blocked, id=6108, stack(0x0000000486c00000,0x0000000486d00000)]
  0x0000017fc5e1e000 JavaThread "jar transforms Thread 49" [_thread_blocked, id=19360, stack(0x0000000486d00000,0x0000000486e00000)]
  0x0000017fc5e18800 JavaThread "jar transforms Thread 50" [_thread_blocked, id=1792, stack(0x0000000486e00000,0x0000000486f00000)]
  0x0000017fc5e1f000 JavaThread "jar transforms Thread 51" [_thread_blocked, id=20508, stack(0x0000000486f00000,0x0000000487000000)]
  0x0000017fc5e20000 JavaThread "jar transforms Thread 52" [_thread_blocked, id=10892, stack(0x0000000487000000,0x0000000487100000)]
  0x0000017fc5e20800 JavaThread "jar transforms Thread 53" [_thread_blocked, id=676, stack(0x0000000487100000,0x0000000487200000)]
  0x0000017fc5d33800 JavaThread "jar transforms Thread 54" [_thread_blocked, id=16368, stack(0x0000000487200000,0x0000000487300000)]
  0x0000017fc5d30000 JavaThread "jar transforms Thread 55" [_thread_blocked, id=8212, stack(0x0000000487300000,0x0000000487400000)]
  0x0000017fc5d32000 JavaThread "jar transforms Thread 56" [_thread_blocked, id=13776, stack(0x0000000487400000,0x0000000487500000)]
  0x0000017fc5d32800 JavaThread "jar transforms Thread 57" [_thread_blocked, id=15072, stack(0x0000000487500000,0x0000000487600000)]
  0x0000017fc5d34800 JavaThread "jar transforms Thread 58" [_thread_blocked, id=4320, stack(0x0000000487600000,0x0000000487700000)]
  0x0000017fc5d31000 JavaThread "jar transforms Thread 59" [_thread_blocked, id=21908, stack(0x0000000487700000,0x0000000487800000)]
  0x0000017fc5d3a000 JavaThread "jar transforms Thread 60" [_thread_blocked, id=21436, stack(0x0000000487800000,0x0000000487900000)]
  0x0000017fc5d3b000 JavaThread "jar transforms Thread 61" [_thread_blocked, id=19900, stack(0x0000000487900000,0x0000000487a00000)]
  0x0000017fc5d38800 JavaThread "jar transforms Thread 62" [_thread_blocked, id=1888, stack(0x0000000487a00000,0x0000000487b00000)]
  0x0000017fc5d37800 JavaThread "jar transforms Thread 63" [_thread_blocked, id=11100, stack(0x0000000487b00000,0x0000000487c00000)]
  0x0000017fc5d36000 JavaThread "jar transforms Thread 64" [_thread_blocked, id=11040, stack(0x0000000487c00000,0x0000000487d00000)]
  0x0000017fc5d35000 JavaThread "jar transforms Thread 65" [_thread_blocked, id=6556, stack(0x0000000487d00000,0x0000000487e00000)]
  0x0000017fc5d3b800 JavaThread "jar transforms Thread 66" [_thread_blocked, id=22444, stack(0x0000000487e00000,0x0000000487f00000)]
  0x0000017fc5d3c800 JavaThread "jar transforms Thread 67" [_thread_blocked, id=2560, stack(0x0000000487f00000,0x0000000488000000)]
  0x0000017fc5d36800 JavaThread "jar transforms Thread 68" [_thread_blocked, id=15056, stack(0x0000000488000000,0x0000000488100000)]
  0x0000017fc5d3d000 JavaThread "jar transforms Thread 69" [_thread_blocked, id=6936, stack(0x0000000488100000,0x0000000488200000)]
  0x0000017fc5d39000 JavaThread "jar transforms Thread 70" [_thread_blocked, id=17836, stack(0x0000000488200000,0x0000000488300000)]
  0x0000017fc5d3f000 JavaThread "jar transforms Thread 71" [_thread_blocked, id=21052, stack(0x0000000488300000,0x0000000488400000)]
  0x0000017fc5d3e000 JavaThread "jar transforms Thread 72" [_thread_blocked, id=15580, stack(0x0000000488400000,0x0000000488500000)]
  0x0000017fc57ca000 JavaThread "jar transforms Thread 73" [_thread_blocked, id=20768, stack(0x0000000488500000,0x0000000488600000)]
  0x0000017fc57cb000 JavaThread "jar transforms Thread 74" [_thread_blocked, id=12444, stack(0x0000000488600000,0x0000000488700000)]
  0x0000017fc57ce800 JavaThread "jar transforms Thread 75" [_thread_blocked, id=7392, stack(0x0000000488700000,0x0000000488800000)]
  0x0000017fc57cd800 JavaThread "jar transforms Thread 76" [_thread_blocked, id=20104, stack(0x0000000488800000,0x0000000488900000)]
  0x0000017fc57cc000 JavaThread "jar transforms Thread 77" [_thread_blocked, id=3996, stack(0x0000000488900000,0x0000000488a00000)]
  0x0000017fc57cf000 JavaThread "jar transforms Thread 78" [_thread_blocked, id=14468, stack(0x0000000488a00000,0x0000000488b00000)]
  0x0000017fc57c9800 JavaThread "jar transforms Thread 79" [_thread_blocked, id=1692, stack(0x0000000488b00000,0x0000000488c00000)]
  0x0000017fc57cc800 JavaThread "jar transforms Thread 80" [_thread_blocked, id=19696, stack(0x0000000488c00000,0x0000000488d00000)]
  0x0000017fc57d4000 JavaThread "jar transforms Thread 81" [_thread_blocked, id=20448, stack(0x0000000488d00000,0x0000000488e00000)]
  0x0000017fc57d0000 JavaThread "jar transforms Thread 82" [_thread_blocked, id=7936, stack(0x0000000488e00000,0x0000000488f00000)]
  0x0000017fc57d5000 JavaThread "jar transforms Thread 83" [_thread_blocked, id=21668, stack(0x0000000488f00000,0x0000000489000000)]
  0x0000017fc57d1000 JavaThread "jar transforms Thread 84" [_thread_blocked, id=2732, stack(0x0000000489000000,0x0000000489100000)]
  0x0000017fc57d1800 JavaThread "jar transforms Thread 85" [_thread_blocked, id=18580, stack(0x0000000489100000,0x0000000489200000)]
  0x0000017fc57d8000 JavaThread "jar transforms Thread 86" [_thread_blocked, id=1996, stack(0x0000000489200000,0x0000000489300000)]
  0x0000017fc57d5800 JavaThread "jar transforms Thread 87" [_thread_blocked, id=10736, stack(0x0000000489300000,0x0000000489400000)]
  0x0000017fc57d6800 JavaThread "jar transforms Thread 88" [_thread_blocked, id=22136, stack(0x0000000489400000,0x0000000489500000)]
  0x0000017fc57d7800 JavaThread "jar transforms Thread 89" [_thread_blocked, id=11112, stack(0x0000000489500000,0x0000000489600000)]
  0x0000017fc57d2800 JavaThread "jar transforms Thread 90" [_thread_blocked, id=10596, stack(0x0000000489600000,0x0000000489700000)]
  0x0000017fc57d3000 JavaThread "jar transforms Thread 91" [_thread_blocked, id=21496, stack(0x0000000489700000,0x0000000489800000)]
  0x0000017fc799f800 JavaThread "jar transforms Thread 92" [_thread_blocked, id=13632, stack(0x0000000489800000,0x0000000489900000)]
  0x0000017fc799b800 JavaThread "jar transforms Thread 93" [_thread_blocked, id=6308, stack(0x0000000489900000,0x0000000489a00000)]
  0x0000017fc799c800 JavaThread "jar transforms Thread 94" [_thread_blocked, id=22316, stack(0x0000000489a00000,0x0000000489b00000)]
  0x0000017fc799e000 JavaThread "jar transforms Thread 95" [_thread_blocked, id=20660, stack(0x0000000489b00000,0x0000000489c00000)]
  0x0000017fc79a2000 JavaThread "jar transforms Thread 96" [_thread_blocked, id=20172, stack(0x0000000489c00000,0x0000000489d00000)]
  0x0000017fc799d000 JavaThread "jar transforms Thread 97" [_thread_blocked, id=12304, stack(0x0000000489d00000,0x0000000489e00000)]

Other Threads:
  0x0000017fc03ee800 VMThread "VM Thread" [stack: 0x0000000480a00000,0x0000000480b00000] [id=3372]
  0x0000017fc064d000 WatcherThread [stack: 0x0000000481400000,0x0000000481500000] [id=13896]
  0x0000017fa3547000 GCTaskThread "GC Thread#0" [stack: 0x0000000480500000,0x0000000480600000] [id=20844]
  0x0000017fc1227000 GCTaskThread "GC Thread#1" [stack: 0x0000000481600000,0x0000000481700000] [id=10728]
  0x0000017fc1281800 GCTaskThread "GC Thread#2" [stack: 0x0000000481700000,0x0000000481800000] [id=19384]
  0x0000017fc1222000 GCTaskThread "GC Thread#3" [stack: 0x0000000481800000,0x0000000481900000] [id=21432]
  0x0000017fc128a800 GCTaskThread "GC Thread#4" [stack: 0x0000000481900000,0x0000000481a00000] [id=15600]
  0x0000017fc128b800 GCTaskThread "GC Thread#5" [stack: 0x0000000481a00000,0x0000000481b00000] [id=828]
  0x0000017fc1741800 GCTaskThread "GC Thread#6" [stack: 0x0000000482900000,0x0000000482a00000] [id=18584]
  0x0000017fc3ce2800 GCTaskThread "GC Thread#7" [stack: 0x0000000482a00000,0x0000000482b00000] [id=9944]
  0x0000017fa357b000 ConcurrentGCThread "G1 Main Marker" [stack: 0x0000000480600000,0x0000000480700000] [id=6748]
  0x0000017fa357e800 ConcurrentGCThread "G1 Conc#0" [stack: 0x0000000480700000,0x0000000480800000] [id=12248]
  0x0000017fc1e63000 ConcurrentGCThread "G1 Conc#1" [stack: 0x0000000482b00000,0x0000000482c00000] [id=7524]
  0x0000017fa360d800 ConcurrentGCThread "G1 Refine#0" [stack: 0x0000000480800000,0x0000000480900000] [id=4832]
  0x0000017fa360e800 ConcurrentGCThread "G1 Young RemSet Sampling" [stack: 0x0000000480900000,0x0000000480a00000] [id=17736]

Threads with active compile tasks:
C2 CompilerThread0   4673 4910       4       org.objectweb.asm.Frame::execute (2318 bytes)
C2 CompilerThread1   4673 4841   !   4       com.google.common.reflect.TypeVisitor::visit (225 bytes)
C2 CompilerThread2   4673 4945       4       java.util.Arrays::binarySearch0 (95 bytes)

VM state:not at safepoint (normal execution)

VM Mutex/Monitor currently owned by a thread:  ([mutex/lock_event])
[0x0000017fa3529ac0] CodeCache_lock - owner thread: 0x0000000000000000

Heap address: 0x0000000080000000, size: 2048 MB, Compressed Oops mode: 32-bit
Narrow klass base: 0x0000000000000000, Narrow klass shift: 3
Compressed class space size: 1073741824 Address: 0x0000000100000000

Heap:
 garbage-first heap   total 256000K, used 140634K [0x0000000080000000, 0x0000000100000000)
  region size 1024K, 116 young (118784K), 11 survivors (11264K)
 Metaspace       used 53501K, capacity 54944K, committed 55040K, reserved 1097728K
  class space    used 6819K, capacity 7329K, committed 7424K, reserved 1048576K
Heap Regions: E=young(eden), S=young(survivor), O=old, HS=humongous(starts), HC=humongous(continues), CS=collection set, F=free, A=archive, TAMS=top-at-mark-start (previous, next)
|   0|0x0000000080000000, 0x0000000080100000, 0x0000000080100000|100%|HS|  |TAMS 0x0000000080100000, 0x0000000080000000| Complete 
|   1|0x0000000080100000, 0x0000000080200000, 0x0000000080200000|100%|HC|  |TAMS 0x0000000080200000, 0x0000000080100000| Complete 
|   2|0x0000000080200000, 0x0000000080300000, 0x0000000080300000|100%| O|  |TAMS 0x0000000080300000, 0x0000000080200000| Untracked 
|   3|0x0000000080300000, 0x0000000080400000, 0x0000000080400000|100%|HS|  |TAMS 0x0000000080400000, 0x0000000080300000| Complete 
|   4|0x0000000080400000, 0x0000000080500000, 0x0000000080500000|100%|HC|  |TAMS 0x0000000080500000, 0x0000000080400000| Complete 
|   5|0x0000000080500000, 0x0000000080600000, 0x0000000080600000|100%|HC|  |TAMS 0x0000000080600000, 0x0000000080500000| Complete 
|   6|0x0000000080600000, 0x0000000080700000, 0x0000000080700000|100%| O|  |TAMS 0x0000000080700000, 0x0000000080600000| Untracked 
|   7|0x0000000080700000, 0x0000000080800000, 0x0000000080800000|100%| O|  |TAMS 0x0000000080800000, 0x0000000080700000| Untracked 
|   8|0x0000000080800000, 0x0000000080900000, 0x0000000080900000|100%| O|  |TAMS 0x0000000080900000, 0x0000000080800000| Untracked 
|   9|0x0000000080900000, 0x0000000080a00000, 0x0000000080a00000|100%|HS|  |TAMS 0x0000000080a00000, 0x0000000080900000| Complete 
|  10|0x0000000080a00000, 0x0000000080b00000, 0x0000000080b00000|100%|HC|  |TAMS 0x0000000080b00000, 0x0000000080a00000| Complete 
|  11|0x0000000080b00000, 0x0000000080c00000, 0x0000000080c00000|100%|HC|  |TAMS 0x0000000080c00000, 0x0000000080b00000| Complete 
|  12|0x0000000080c00000, 0x0000000080d00000, 0x0000000080d00000|100%| O|  |TAMS 0x0000000080d00000, 0x0000000080c00000| Untracked 
|  13|0x0000000080d00000, 0x0000000080e00000, 0x0000000080e00000|100%| O|  |TAMS 0x0000000080e00000, 0x0000000080d00000| Untracked 
|  14|0x0000000080e00000, 0x0000000080f00000, 0x0000000080f00000|100%| O|  |TAMS 0x0000000080f00000, 0x0000000080e00000| Untracked 
|  15|0x0000000080f00000, 0x0000000081000000, 0x0000000081000000|100%| O|  |TAMS 0x0000000081000000, 0x0000000080f00000| Untracked 
|  16|0x0000000081000000, 0x0000000081100000, 0x0000000081100000|100%| O|  |TAMS 0x0000000081100000, 0x0000000081000000| Untracked 
|  17|0x0000000081100000, 0x0000000081200000, 0x0000000081200000|100%| O|  |TAMS 0x0000000081200000, 0x0000000081100000| Untracked 
|  18|0x0000000081200000, 0x0000000081300000, 0x0000000081300000|100%| O|  |TAMS 0x0000000081300000, 0x0000000081200000| Untracked 
|  19|0x0000000081300000, 0x0000000081400000, 0x0000000081400000|100%| O|  |TAMS 0x0000000081400000, 0x0000000081300000| Untracked 
|  20|0x0000000081400000, 0x000000008146ca00, 0x0000000081500000| 42%| O|  |TAMS 0x000000008146ca00, 0x0000000081400000| Untracked 
|  21|0x0000000081500000, 0x0000000081600000, 0x0000000081600000|100%|HS|  |TAMS 0x0000000081500000, 0x0000000081500000| Complete 
|  22|0x0000000081600000, 0x0000000081700000, 0x0000000081700000|100%|HS|  |TAMS 0x0000000081600000, 0x0000000081600000| Complete 
|  23|0x0000000081700000, 0x0000000081800000, 0x0000000081800000|100%|HC|  |TAMS 0x0000000081700000, 0x0000000081700000| Complete 
|  24|0x0000000081800000, 0x0000000081800000, 0x0000000081900000|  0%| F|  |TAMS 0x0000000081800000, 0x0000000081800000| Untracked 
|  25|0x0000000081900000, 0x0000000081900000, 0x0000000081a00000|  0%| F|  |TAMS 0x0000000081900000, 0x0000000081900000| Untracked 
|  26|0x0000000081a00000, 0x0000000081a00000, 0x0000000081b00000|  0%| F|  |TAMS 0x0000000081a00000, 0x0000000081a00000| Untracked 
|  27|0x0000000081b00000, 0x0000000081b00000, 0x0000000081c00000|  0%| F|  |TAMS 0x0000000081b00000, 0x0000000081b00000| Untracked 
|  28|0x0000000081c00000, 0x0000000081c00000, 0x0000000081d00000|  0%| F|  |TAMS 0x0000000081c00000, 0x0000000081c00000| Untracked 
|  29|0x0000000081d00000, 0x0000000081d00000, 0x0000000081e00000|  0%| F|  |TAMS 0x0000000081d00000, 0x0000000081d00000| Untracked 
|  30|0x0000000081e00000, 0x0000000081e00000, 0x0000000081f00000|  0%| F|  |TAMS 0x0000000081e00000, 0x0000000081e00000| Untracked 
|  31|0x0000000081f00000, 0x0000000081f00000, 0x0000000082000000|  0%| F|  |TAMS 0x0000000081f00000, 0x0000000081f00000| Untracked 
|  32|0x0000000082000000, 0x0000000082000000, 0x0000000082100000|  0%| F|  |TAMS 0x0000000082000000, 0x0000000082000000| Untracked 
|  33|0x0000000082100000, 0x0000000082100000, 0x0000000082200000|  0%| F|  |TAMS 0x0000000082100000, 0x0000000082100000| Untracked 
|  34|0x0000000082200000, 0x0000000082200000, 0x0000000082300000|  0%| F|  |TAMS 0x0000000082200000, 0x0000000082200000| Untracked 
|  35|0x0000000082300000, 0x0000000082300000, 0x0000000082400000|  0%| F|  |TAMS 0x0000000082300000, 0x0000000082300000| Untracked 
|  36|0x0000000082400000, 0x0000000082400000, 0x0000000082500000|  0%| F|  |TAMS 0x0000000082400000, 0x0000000082400000| Untracked 
|  37|0x0000000082500000, 0x0000000082500000, 0x0000000082600000|  0%| F|  |TAMS 0x0000000082500000, 0x0000000082500000| Untracked 
|  38|0x0000000082600000, 0x0000000082600000, 0x0000000082700000|  0%| F|  |TAMS 0x0000000082600000, 0x0000000082600000| Untracked 
|  39|0x0000000082700000, 0x0000000082700000, 0x0000000082800000|  0%| F|  |TAMS 0x0000000082700000, 0x0000000082700000| Untracked 
|  40|0x0000000082800000, 0x0000000082800000, 0x0000000082900000|  0%| F|  |TAMS 0x0000000082800000, 0x0000000082800000| Untracked 
|  41|0x0000000082900000, 0x0000000082900000, 0x0000000082a00000|  0%| F|  |TAMS 0x0000000082900000, 0x0000000082900000| Untracked 
|  42|0x0000000082a00000, 0x0000000082a00000, 0x0000000082b00000|  0%| F|  |TAMS 0x0000000082a00000, 0x0000000082a00000| Untracked 
|  43|0x0000000082b00000, 0x0000000082b00000, 0x0000000082c00000|  0%| F|  |TAMS 0x0000000082b00000, 0x0000000082b00000| Untracked 
|  44|0x0000000082c00000, 0x0000000082c00000, 0x0000000082d00000|  0%| F|  |TAMS 0x0000000082c00000, 0x0000000082c00000| Untracked 
|  45|0x0000000082d00000, 0x0000000082d00000, 0x0000000082e00000|  0%| F|  |TAMS 0x0000000082d00000, 0x0000000082d00000| Untracked 
|  46|0x0000000082e00000, 0x0000000082e00000, 0x0000000082f00000|  0%| F|  |TAMS 0x0000000082e00000, 0x0000000082e00000| Untracked 
|  47|0x0000000082f00000, 0x0000000082f00000, 0x0000000083000000|  0%| F|  |TAMS 0x0000000082f00000, 0x0000000082f00000| Untracked 
|  48|0x0000000083000000, 0x0000000083000000, 0x0000000083100000|  0%| F|  |TAMS 0x0000000083000000, 0x0000000083000000| Untracked 
|  49|0x0000000083100000, 0x0000000083100000, 0x0000000083200000|  0%| F|  |TAMS 0x0000000083100000, 0x0000000083100000| Untracked 
|  50|0x0000000083200000, 0x0000000083200000, 0x0000000083300000|  0%| F|  |TAMS 0x0000000083200000, 0x0000000083200000| Untracked 
|  51|0x0000000083300000, 0x0000000083300000, 0x0000000083400000|  0%| F|  |TAMS 0x0000000083300000, 0x0000000083300000| Untracked 
|  52|0x0000000083400000, 0x0000000083400000, 0x0000000083500000|  0%| F|  |TAMS 0x0000000083400000, 0x0000000083400000| Untracked 
|  53|0x0000000083500000, 0x0000000083500000, 0x0000000083600000|  0%| F|  |TAMS 0x0000000083500000, 0x0000000083500000| Untracked 
|  54|0x0000000083600000, 0x0000000083600000, 0x0000000083700000|  0%| F|  |TAMS 0x0000000083600000, 0x0000000083600000| Untracked 
|  55|0x0000000083700000, 0x0000000083700000, 0x0000000083800000|  0%| F|  |TAMS 0x0000000083700000, 0x0000000083700000| Untracked 
|  56|0x0000000083800000, 0x0000000083800000, 0x0000000083900000|  0%| F|  |TAMS 0x0000000083800000, 0x0000000083800000| Untracked 
|  57|0x0000000083900000, 0x0000000083900000, 0x0000000083a00000|  0%| F|  |TAMS 0x0000000083900000, 0x0000000083900000| Untracked 
|  58|0x0000000083a00000, 0x0000000083a00000, 0x0000000083b00000|  0%| F|  |TAMS 0x0000000083a00000, 0x0000000083a00000| Untracked 
|  59|0x0000000083b00000, 0x0000000083b00000, 0x0000000083c00000|  0%| F|  |TAMS 0x0000000083b00000, 0x0000000083b00000| Untracked 
|  60|0x0000000083c00000, 0x0000000083c00000, 0x0000000083d00000|  0%| F|  |TAMS 0x0000000083c00000, 0x0000000083c00000| Untracked 
|  61|0x0000000083d00000, 0x0000000083d00000, 0x0000000083e00000|  0%| F|  |TAMS 0x0000000083d00000, 0x0000000083d00000| Untracked 
|  62|0x0000000083e00000, 0x0000000083e00000, 0x0000000083f00000|  0%| F|  |TAMS 0x0000000083e00000, 0x0000000083e00000| Untracked 
|  63|0x0000000083f00000, 0x0000000083f00000, 0x0000000084000000|  0%| F|  |TAMS 0x0000000083f00000, 0x0000000083f00000| Untracked 
|  64|0x0000000084000000, 0x0000000084000000, 0x0000000084100000|  0%| F|  |TAMS 0x0000000084000000, 0x0000000084000000| Untracked 
|  65|0x0000000084100000, 0x0000000084100000, 0x0000000084200000|  0%| F|  |TAMS 0x0000000084100000, 0x0000000084100000| Untracked 
|  66|0x0000000084200000, 0x0000000084200000, 0x0000000084300000|  0%| F|  |TAMS 0x0000000084200000, 0x0000000084200000| Untracked 
|  67|0x0000000084300000, 0x0000000084300000, 0x0000000084400000|  0%| F|  |TAMS 0x0000000084300000, 0x0000000084300000| Untracked 
|  68|0x0000000084400000, 0x0000000084400000, 0x0000000084500000|  0%| F|  |TAMS 0x0000000084400000, 0x0000000084400000| Untracked 
|  69|0x0000000084500000, 0x0000000084500000, 0x0000000084600000|  0%| F|  |TAMS 0x0000000084500000, 0x0000000084500000| Untracked 
|  70|0x0000000084600000, 0x0000000084600000, 0x0000000084700000|  0%| F|  |TAMS 0x0000000084600000, 0x0000000084600000| Untracked 
|  71|0x0000000084700000, 0x0000000084700000, 0x0000000084800000|  0%| F|  |TAMS 0x0000000084700000, 0x0000000084700000| Untracked 
|  72|0x0000000084800000, 0x0000000084800000, 0x0000000084900000|  0%| F|  |TAMS 0x0000000084800000, 0x0000000084800000| Untracked 
|  73|0x0000000084900000, 0x0000000084900000, 0x0000000084a00000|  0%| F|  |TAMS 0x0000000084900000, 0x0000000084900000| Untracked 
|  74|0x0000000084a00000, 0x0000000084a00000, 0x0000000084b00000|  0%| F|  |TAMS 0x0000000084a00000, 0x0000000084a00000| Untracked 
|  75|0x0000000084b00000, 0x0000000084b00000, 0x0000000084c00000|  0%| F|  |TAMS 0x0000000084b00000, 0x0000000084b00000| Untracked 
|  76|0x0000000084c00000, 0x0000000084c00000, 0x0000000084d00000|  0%| F|  |TAMS 0x0000000084c00000, 0x0000000084c00000| Untracked 
|  77|0x0000000084d00000, 0x0000000084d00000, 0x0000000084e00000|  0%| F|  |TAMS 0x0000000084d00000, 0x0000000084d00000| Untracked 
|  78|0x0000000084e00000, 0x0000000084e00000, 0x0000000084f00000|  0%| F|  |TAMS 0x0000000084e00000, 0x0000000084e00000| Untracked 
|  79|0x0000000084f00000, 0x0000000084f00000, 0x0000000085000000|  0%| F|  |TAMS 0x0000000084f00000, 0x0000000084f00000| Untracked 
|  80|0x0000000085000000, 0x0000000085000000, 0x0000000085100000|  0%| F|  |TAMS 0x0000000085000000, 0x0000000085000000| Untracked 
|  81|0x0000000085100000, 0x0000000085100000, 0x0000000085200000|  0%| F|  |TAMS 0x0000000085100000, 0x0000000085100000| Untracked 
|  82|0x0000000085200000, 0x0000000085200000, 0x0000000085300000|  0%| F|  |TAMS 0x0000000085200000, 0x0000000085200000| Untracked 
|  83|0x0000000085300000, 0x0000000085300000, 0x0000000085400000|  0%| F|  |TAMS 0x0000000085300000, 0x0000000085300000| Untracked 
|  84|0x0000000085400000, 0x0000000085400000, 0x0000000085500000|  0%| F|  |TAMS 0x0000000085400000, 0x0000000085400000| Untracked 
|  85|0x0000000085500000, 0x0000000085500000, 0x0000000085600000|  0%| F|  |TAMS 0x0000000085500000, 0x0000000085500000| Untracked 
|  86|0x0000000085600000, 0x0000000085600000, 0x0000000085700000|  0%| F|  |TAMS 0x0000000085600000, 0x0000000085600000| Untracked 
|  87|0x0000000085700000, 0x0000000085700000, 0x0000000085800000|  0%| F|  |TAMS 0x0000000085700000, 0x0000000085700000| Untracked 
|  88|0x0000000085800000, 0x0000000085800000, 0x0000000085900000|  0%| F|  |TAMS 0x0000000085800000, 0x0000000085800000| Untracked 
|  89|0x0000000085900000, 0x0000000085900000, 0x0000000085a00000|  0%| F|  |TAMS 0x0000000085900000, 0x0000000085900000| Untracked 
|  90|0x0000000085a00000, 0x0000000085a00000, 0x0000000085b00000|  0%| F|  |TAMS 0x0000000085a00000, 0x0000000085a00000| Untracked 
|  91|0x0000000085b00000, 0x0000000085b00000, 0x0000000085c00000|  0%| F|  |TAMS 0x0000000085b00000, 0x0000000085b00000| Untracked 
|  92|0x0000000085c00000, 0x0000000085c00000, 0x0000000085d00000|  0%| F|  |TAMS 0x0000000085c00000, 0x0000000085c00000| Untracked 
|  93|0x0000000085d00000, 0x0000000085d00000, 0x0000000085e00000|  0%| F|  |TAMS 0x0000000085d00000, 0x0000000085d00000| Untracked 
|  94|0x0000000085e00000, 0x0000000085e00000, 0x0000000085f00000|  0%| F|  |TAMS 0x0000000085e00000, 0x0000000085e00000| Untracked 
|  95|0x0000000085f00000, 0x0000000085f00000, 0x0000000086000000|  0%| F|  |TAMS 0x0000000085f00000, 0x0000000085f00000| Untracked 
|  96|0x0000000086000000, 0x0000000086000000, 0x0000000086100000|  0%| F|  |TAMS 0x0000000086000000, 0x0000000086000000| Untracked 
|  97|0x0000000086100000, 0x0000000086100000, 0x0000000086200000|  0%| F|  |TAMS 0x0000000086100000, 0x0000000086100000| Untracked 
|  98|0x0000000086200000, 0x0000000086200000, 0x0000000086300000|  0%| F|  |TAMS 0x0000000086200000, 0x0000000086200000| Untracked 
|  99|0x0000000086300000, 0x0000000086300000, 0x0000000086400000|  0%| F|  |TAMS 0x0000000086300000, 0x0000000086300000| Untracked 
| 100|0x0000000086400000, 0x0000000086400000, 0x0000000086500000|  0%| F|  |TAMS 0x0000000086400000, 0x0000000086400000| Untracked 
| 101|0x0000000086500000, 0x0000000086500000, 0x0000000086600000|  0%| F|  |TAMS 0x0000000086500000, 0x0000000086500000| Untracked 
| 102|0x0000000086600000, 0x0000000086600000, 0x0000000086700000|  0%| F|  |TAMS 0x0000000086600000, 0x0000000086600000| Untracked 
| 103|0x0000000086700000, 0x0000000086700000, 0x0000000086800000|  0%| F|  |TAMS 0x0000000086700000, 0x0000000086700000| Untracked 
| 104|0x0000000086800000, 0x0000000086800000, 0x0000000086900000|  0%| F|  |TAMS 0x0000000086800000, 0x0000000086800000| Untracked 
| 105|0x0000000086900000, 0x0000000086900000, 0x0000000086a00000|  0%| F|  |TAMS 0x0000000086900000, 0x0000000086900000| Untracked 
| 106|0x0000000086a00000, 0x0000000086a00000, 0x0000000086b00000|  0%| F|  |TAMS 0x0000000086a00000, 0x0000000086a00000| Untracked 
| 107|0x0000000086b00000, 0x0000000086b00000, 0x0000000086c00000|  0%| F|  |TAMS 0x0000000086b00000, 0x0000000086b00000| Untracked 
| 108|0x0000000086c00000, 0x0000000086c00000, 0x0000000086d00000|  0%| F|  |TAMS 0x0000000086c00000, 0x0000000086c00000| Untracked 
| 109|0x0000000086d00000, 0x0000000086d00000, 0x0000000086e00000|  0%| F|  |TAMS 0x0000000086d00000, 0x0000000086d00000| Untracked 
| 110|0x0000000086e00000, 0x0000000086e00000, 0x0000000086f00000|  0%| F|  |TAMS 0x0000000086e00000, 0x0000000086e00000| Untracked 
| 111|0x0000000086f00000, 0x0000000086f00000, 0x0000000087000000|  0%| F|  |TAMS 0x0000000086f00000, 0x0000000086f00000| Untracked 
| 112|0x0000000087000000, 0x0000000087000000, 0x0000000087100000|  0%| F|  |TAMS 0x0000000087000000, 0x0000000087000000| Untracked 
| 113|0x0000000087100000, 0x0000000087100000, 0x0000000087200000|  0%| F|  |TAMS 0x0000000087100000, 0x0000000087100000| Untracked 
| 114|0x0000000087200000, 0x0000000087200000, 0x0000000087300000|  0%| F|  |TAMS 0x0000000087200000, 0x0000000087200000| Untracked 
| 115|0x0000000087300000, 0x0000000087300000, 0x0000000087400000|  0%| F|  |TAMS 0x0000000087300000, 0x0000000087300000| Untracked 
| 116|0x0000000087400000, 0x0000000087400000, 0x0000000087500000|  0%| F|  |TAMS 0x0000000087400000, 0x0000000087400000| Untracked 
| 117|0x0000000087500000, 0x0000000087500000, 0x0000000087600000|  0%| F|  |TAMS 0x0000000087500000, 0x0000000087500000| Untracked 
| 118|0x0000000087600000, 0x0000000087600000, 0x0000000087700000|  0%| F|  |TAMS 0x0000000087600000, 0x0000000087600000| Untracked 
| 119|0x0000000087700000, 0x0000000087700000, 0x0000000087800000|  0%| F|  |TAMS 0x0000000087700000, 0x0000000087700000| Untracked 
| 120|0x0000000087800000, 0x0000000087800000, 0x0000000087900000|  0%| F|  |TAMS 0x0000000087800000, 0x0000000087800000| Untracked 
| 121|0x0000000087900000, 0x0000000087900000, 0x0000000087a00000|  0%| F|  |TAMS 0x0000000087900000, 0x0000000087900000| Untracked 
| 122|0x0000000087a00000, 0x0000000087a00000, 0x0000000087b00000|  0%| F|  |TAMS 0x0000000087a00000, 0x0000000087a00000| Untracked 
| 123|0x0000000087b00000, 0x0000000087b00000, 0x0000000087c00000|  0%| F|  |TAMS 0x0000000087b00000, 0x0000000087b00000| Untracked 
| 124|0x0000000087c00000, 0x0000000087c00000, 0x0000000087d00000|  0%| F|  |TAMS 0x0000000087c00000, 0x0000000087c00000| Untracked 
| 125|0x0000000087d00000, 0x0000000087d00000, 0x0000000087e00000|  0%| F|  |TAMS 0x0000000087d00000, 0x0000000087d00000| Untracked 
| 126|0x0000000087e00000, 0x0000000087e00000, 0x0000000087f00000|  0%| F|  |TAMS 0x0000000087e00000, 0x0000000087e00000| Untracked 
| 127|0x0000000087f00000, 0x0000000087f00000, 0x0000000088000000|  0%| F|  |TAMS 0x0000000087f00000, 0x0000000087f00000| Untracked 
| 128|0x0000000088000000, 0x0000000088000000, 0x0000000088100000|  0%| F|  |TAMS 0x0000000088000000, 0x0000000088000000| Untracked 
| 129|0x0000000088100000, 0x0000000088100000, 0x0000000088200000|  0%| F|  |TAMS 0x0000000088100000, 0x0000000088100000| Untracked 
| 130|0x0000000088200000, 0x0000000088200000, 0x0000000088300000|  0%| F|  |TAMS 0x0000000088200000, 0x0000000088200000| Untracked 
| 131|0x0000000088300000, 0x0000000088300000, 0x0000000088400000|  0%| F|  |TAMS 0x0000000088300000, 0x0000000088300000| Untracked 
| 132|0x0000000088400000, 0x00000000884e9e40, 0x0000000088500000| 91%| S|CS|TAMS 0x0000000088400000, 0x0000000088400000| Complete 
| 133|0x0000000088500000, 0x0000000088600000, 0x0000000088600000|100%| S|CS|TAMS 0x0000000088500000, 0x0000000088500000| Complete 
| 134|0x0000000088600000, 0x0000000088700000, 0x0000000088700000|100%| S|CS|TAMS 0x0000000088600000, 0x0000000088600000| Complete 
| 135|0x0000000088700000, 0x0000000088800000, 0x0000000088800000|100%| S|CS|TAMS 0x0000000088700000, 0x0000000088700000| Complete 
| 136|0x0000000088800000, 0x0000000088900000, 0x0000000088900000|100%| S|CS|TAMS 0x0000000088800000, 0x0000000088800000| Complete 
| 137|0x0000000088900000, 0x0000000088a00000, 0x0000000088a00000|100%| S|CS|TAMS 0x0000000088900000, 0x0000000088900000| Complete 
| 138|0x0000000088a00000, 0x0000000088b00000, 0x0000000088b00000|100%| S|CS|TAMS 0x0000000088a00000, 0x0000000088a00000| Complete 
| 139|0x0000000088b00000, 0x0000000088c00000, 0x0000000088c00000|100%| S|CS|TAMS 0x0000000088b00000, 0x0000000088b00000| Complete 
| 140|0x0000000088c00000, 0x0000000088d00000, 0x0000000088d00000|100%| S|CS|TAMS 0x0000000088c00000, 0x0000000088c00000| Complete 
| 141|0x0000000088d00000, 0x0000000088e00000, 0x0000000088e00000|100%| S|CS|TAMS 0x0000000088d00000, 0x0000000088d00000| Complete 
| 142|0x0000000088e00000, 0x0000000088f00000, 0x0000000088f00000|100%| S|CS|TAMS 0x0000000088e00000, 0x0000000088e00000| Complete 
| 143|0x0000000088f00000, 0x0000000088f00000, 0x0000000089000000|  0%| F|  |TAMS 0x0000000088f00000, 0x0000000088f00000| Untracked 
| 144|0x0000000089000000, 0x0000000089080800, 0x0000000089100000| 50%| E|  |TAMS 0x0000000089000000, 0x0000000089000000| Complete 
| 145|0x0000000089100000, 0x0000000089200000, 0x0000000089200000|100%| E|CS|TAMS 0x0000000089100000, 0x0000000089100000| Complete 
| 146|0x0000000089200000, 0x0000000089300000, 0x0000000089300000|100%| E|CS|TAMS 0x0000000089200000, 0x0000000089200000| Complete 
| 147|0x0000000089300000, 0x0000000089400000, 0x0000000089400000|100%| E|CS|TAMS 0x0000000089300000, 0x0000000089300000| Complete 
| 148|0x0000000089400000, 0x0000000089500000, 0x0000000089500000|100%| E|CS|TAMS 0x0000000089400000, 0x0000000089400000| Complete 
| 149|0x0000000089500000, 0x0000000089600000, 0x0000000089600000|100%| E|CS|TAMS 0x0000000089500000, 0x0000000089500000| Complete 
| 150|0x0000000089600000, 0x0000000089700000, 0x0000000089700000|100%| E|CS|TAMS 0x0000000089600000, 0x0000000089600000| Complete 
| 151|0x0000000089700000, 0x0000000089800000, 0x0000000089800000|100%| E|CS|TAMS 0x0000000089700000, 0x0000000089700000| Complete 
| 152|0x0000000089800000, 0x0000000089900000, 0x0000000089900000|100%| E|CS|TAMS 0x0000000089800000, 0x0000000089800000| Complete 
| 153|0x0000000089900000, 0x0000000089a00000, 0x0000000089a00000|100%| E|CS|TAMS 0x0000000089900000, 0x0000000089900000| Complete 
| 154|0x0000000089a00000, 0x0000000089b00000, 0x0000000089b00000|100%| E|CS|TAMS 0x0000000089a00000, 0x0000000089a00000| Complete 
| 155|0x0000000089b00000, 0x0000000089c00000, 0x0000000089c00000|100%| E|CS|TAMS 0x0000000089b00000, 0x0000000089b00000| Complete 
| 156|0x0000000089c00000, 0x0000000089d00000, 0x0000000089d00000|100%| E|CS|TAMS 0x0000000089c00000, 0x0000000089c00000| Complete 
| 157|0x0000000089d00000, 0x0000000089e00000, 0x0000000089e00000|100%| E|CS|TAMS 0x0000000089d00000, 0x0000000089d00000| Complete 
| 158|0x0000000089e00000, 0x0000000089f00000, 0x0000000089f00000|100%| E|CS|TAMS 0x0000000089e00000, 0x0000000089e00000| Complete 
| 159|0x0000000089f00000, 0x000000008a000000, 0x000000008a000000|100%| E|CS|TAMS 0x0000000089f00000, 0x0000000089f00000| Complete 
| 160|0x000000008a000000, 0x000000008a100000, 0x000000008a100000|100%| E|CS|TAMS 0x000000008a000000, 0x000000008a000000| Complete 
| 161|0x000000008a100000, 0x000000008a200000, 0x000000008a200000|100%| E|CS|TAMS 0x000000008a100000, 0x000000008a100000| Complete 
| 162|0x000000008a200000, 0x000000008a300000, 0x000000008a300000|100%| E|CS|TAMS 0x000000008a200000, 0x000000008a200000| Complete 
| 163|0x000000008a300000, 0x000000008a400000, 0x000000008a400000|100%| E|CS|TAMS 0x000000008a300000, 0x000000008a300000| Complete 
| 164|0x000000008a400000, 0x000000008a500000, 0x000000008a500000|100%| E|CS|TAMS 0x000000008a400000, 0x000000008a400000| Complete 
| 165|0x000000008a500000, 0x000000008a600000, 0x000000008a600000|100%| E|CS|TAMS 0x000000008a500000, 0x000000008a500000| Complete 
| 166|0x000000008a600000, 0x000000008a700000, 0x000000008a700000|100%| E|CS|TAMS 0x000000008a600000, 0x000000008a600000| Complete 
| 167|0x000000008a700000, 0x000000008a800000, 0x000000008a800000|100%| E|CS|TAMS 0x000000008a700000, 0x000000008a700000| Complete 
| 168|0x000000008a800000, 0x000000008a900000, 0x000000008a900000|100%| E|CS|TAMS 0x000000008a800000, 0x000000008a800000| Complete 
| 169|0x000000008a900000, 0x000000008aa00000, 0x000000008aa00000|100%| E|CS|TAMS 0x000000008a900000, 0x000000008a900000| Complete 
| 170|0x000000008aa00000, 0x000000008ab00000, 0x000000008ab00000|100%| E|CS|TAMS 0x000000008aa00000, 0x000000008aa00000| Complete 
| 171|0x000000008ab00000, 0x000000008ac00000, 0x000000008ac00000|100%| E|CS|TAMS 0x000000008ab00000, 0x000000008ab00000| Complete 
| 172|0x000000008ac00000, 0x000000008ad00000, 0x000000008ad00000|100%| E|CS|TAMS 0x000000008ac00000, 0x000000008ac00000| Complete 
| 173|0x000000008ad00000, 0x000000008ae00000, 0x000000008ae00000|100%| E|CS|TAMS 0x000000008ad00000, 0x000000008ad00000| Complete 
| 174|0x000000008ae00000, 0x000000008af00000, 0x000000008af00000|100%| E|CS|TAMS 0x000000008ae00000, 0x000000008ae00000| Complete 
| 175|0x000000008af00000, 0x000000008b000000, 0x000000008b000000|100%| E|CS|TAMS 0x000000008af00000, 0x000000008af00000| Complete 
| 176|0x000000008b000000, 0x000000008b100000, 0x000000008b100000|100%| E|CS|TAMS 0x000000008b000000, 0x000000008b000000| Complete 
| 177|0x000000008b100000, 0x000000008b200000, 0x000000008b200000|100%| E|CS|TAMS 0x000000008b100000, 0x000000008b100000| Complete 
| 178|0x000000008b200000, 0x000000008b300000, 0x000000008b300000|100%| E|CS|TAMS 0x000000008b200000, 0x000000008b200000| Complete 
| 179|0x000000008b300000, 0x000000008b400000, 0x000000008b400000|100%| E|CS|TAMS 0x000000008b300000, 0x000000008b300000| Complete 
| 180|0x000000008b400000, 0x000000008b500000, 0x000000008b500000|100%| E|CS|TAMS 0x000000008b400000, 0x000000008b400000| Complete 
| 181|0x000000008b500000, 0x000000008b600000, 0x000000008b600000|100%| E|CS|TAMS 0x000000008b500000, 0x000000008b500000| Complete 
| 182|0x000000008b600000, 0x000000008b700000, 0x000000008b700000|100%| E|CS|TAMS 0x000000008b600000, 0x000000008b600000| Complete 
| 183|0x000000008b700000, 0x000000008b800000, 0x000000008b800000|100%| E|CS|TAMS 0x000000008b700000, 0x000000008b700000| Complete 
| 184|0x000000008b800000, 0x000000008b900000, 0x000000008b900000|100%| E|CS|TAMS 0x000000008b800000, 0x000000008b800000| Complete 
| 185|0x000000008b900000, 0x000000008ba00000, 0x000000008ba00000|100%| E|CS|TAMS 0x000000008b900000, 0x000000008b900000| Complete 
| 186|0x000000008ba00000, 0x000000008bb00000, 0x000000008bb00000|100%| E|CS|TAMS 0x000000008ba00000, 0x000000008ba00000| Complete 
| 187|0x000000008bb00000, 0x000000008bc00000, 0x000000008bc00000|100%| E|CS|TAMS 0x000000008bb00000, 0x000000008bb00000| Complete 
| 188|0x000000008bc00000, 0x000000008bd00000, 0x000000008bd00000|100%| E|CS|TAMS 0x000000008bc00000, 0x000000008bc00000| Complete 
| 189|0x000000008bd00000, 0x000000008be00000, 0x000000008be00000|100%| E|CS|TAMS 0x000000008bd00000, 0x000000008bd00000| Complete 
| 190|0x000000008be00000, 0x000000008bf00000, 0x000000008bf00000|100%| E|CS|TAMS 0x000000008be00000, 0x000000008be00000| Complete 
| 191|0x000000008bf00000, 0x000000008c000000, 0x000000008c000000|100%| E|CS|TAMS 0x000000008bf00000, 0x000000008bf00000| Complete 
| 192|0x000000008c000000, 0x000000008c100000, 0x000000008c100000|100%| E|CS|TAMS 0x000000008c000000, 0x000000008c000000| Complete 
| 193|0x000000008c100000, 0x000000008c200000, 0x000000008c200000|100%| E|CS|TAMS 0x000000008c100000, 0x000000008c100000| Complete 
| 194|0x000000008c200000, 0x000000008c300000, 0x000000008c300000|100%| E|CS|TAMS 0x000000008c200000, 0x000000008c200000| Complete 
| 195|0x000000008c300000, 0x000000008c400000, 0x000000008c400000|100%| E|CS|TAMS 0x000000008c300000, 0x000000008c300000| Complete 
| 196|0x000000008c400000, 0x000000008c500000, 0x000000008c500000|100%| E|CS|TAMS 0x000000008c400000, 0x000000008c400000| Complete 
| 197|0x000000008c500000, 0x000000008c600000, 0x000000008c600000|100%| E|CS|TAMS 0x000000008c500000, 0x000000008c500000| Complete 
| 198|0x000000008c600000, 0x000000008c700000, 0x000000008c700000|100%| E|CS|TAMS 0x000000008c600000, 0x000000008c600000| Complete 
| 199|0x000000008c700000, 0x000000008c800000, 0x000000008c800000|100%| E|CS|TAMS 0x000000008c700000, 0x000000008c700000| Complete 
| 200|0x000000008c800000, 0x000000008c900000, 0x000000008c900000|100%| E|CS|TAMS 0x000000008c800000, 0x000000008c800000| Complete 
| 201|0x000000008c900000, 0x000000008ca00000, 0x000000008ca00000|100%| E|CS|TAMS 0x000000008c900000, 0x000000008c900000| Complete 
| 202|0x000000008ca00000, 0x000000008cb00000, 0x000000008cb00000|100%| E|CS|TAMS 0x000000008ca00000, 0x000000008ca00000| Complete 
| 203|0x000000008cb00000, 0x000000008cc00000, 0x000000008cc00000|100%| E|CS|TAMS 0x000000008cb00000, 0x000000008cb00000| Complete 
| 204|0x000000008cc00000, 0x000000008cd00000, 0x000000008cd00000|100%| E|CS|TAMS 0x000000008cc00000, 0x000000008cc00000| Complete 
| 205|0x000000008cd00000, 0x000000008ce00000, 0x000000008ce00000|100%| E|CS|TAMS 0x000000008cd00000, 0x000000008cd00000| Complete 
| 206|0x000000008ce00000, 0x000000008cf00000, 0x000000008cf00000|100%| E|CS|TAMS 0x000000008ce00000, 0x000000008ce00000| Complete 
| 207|0x000000008cf00000, 0x000000008d000000, 0x000000008d000000|100%| E|CS|TAMS 0x000000008cf00000, 0x000000008cf00000| Complete 
| 208|0x000000008d000000, 0x000000008d100000, 0x000000008d100000|100%| E|CS|TAMS 0x000000008d000000, 0x000000008d000000| Complete 
| 209|0x000000008d100000, 0x000000008d200000, 0x000000008d200000|100%| E|CS|TAMS 0x000000008d100000, 0x000000008d100000| Complete 
| 210|0x000000008d200000, 0x000000008d300000, 0x000000008d300000|100%| E|CS|TAMS 0x000000008d200000, 0x000000008d200000| Complete 
| 211|0x000000008d300000, 0x000000008d400000, 0x000000008d400000|100%| E|CS|TAMS 0x000000008d300000, 0x000000008d300000| Complete 
| 212|0x000000008d400000, 0x000000008d500000, 0x000000008d500000|100%| E|CS|TAMS 0x000000008d400000, 0x000000008d400000| Complete 
| 213|0x000000008d500000, 0x000000008d600000, 0x000000008d600000|100%| E|CS|TAMS 0x000000008d500000, 0x000000008d500000| Complete 
| 214|0x000000008d600000, 0x000000008d700000, 0x000000008d700000|100%| E|CS|TAMS 0x000000008d600000, 0x000000008d600000| Complete 
| 215|0x000000008d700000, 0x000000008d800000, 0x000000008d800000|100%| E|CS|TAMS 0x000000008d700000, 0x000000008d700000| Complete 
| 216|0x000000008d800000, 0x000000008d900000, 0x000000008d900000|100%| E|CS|TAMS 0x000000008d800000, 0x000000008d800000| Complete 
| 217|0x000000008d900000, 0x000000008da00000, 0x000000008da00000|100%| E|  |TAMS 0x000000008d900000, 0x000000008d900000| Complete 
| 218|0x000000008da00000, 0x000000008db00000, 0x000000008db00000|100%| E|CS|TAMS 0x000000008da00000, 0x000000008da00000| Complete 
| 219|0x000000008db00000, 0x000000008dc00000, 0x000000008dc00000|100%| E|CS|TAMS 0x000000008db00000, 0x000000008db00000| Complete 
| 220|0x000000008dc00000, 0x000000008dd00000, 0x000000008dd00000|100%| E|CS|TAMS 0x000000008dc00000, 0x000000008dc00000| Complete 
| 221|0x000000008dd00000, 0x000000008de00000, 0x000000008de00000|100%| E|CS|TAMS 0x000000008dd00000, 0x000000008dd00000| Complete 
| 222|0x000000008de00000, 0x000000008df00000, 0x000000008df00000|100%| E|CS|TAMS 0x000000008de00000, 0x000000008de00000| Complete 
| 223|0x000000008df00000, 0x000000008e000000, 0x000000008e000000|100%| E|CS|TAMS 0x000000008df00000, 0x000000008df00000| Complete 
| 224|0x000000008e000000, 0x000000008e100000, 0x000000008e100000|100%| E|CS|TAMS 0x000000008e000000, 0x000000008e000000| Complete 
| 225|0x000000008e100000, 0x000000008e200000, 0x000000008e200000|100%| E|CS|TAMS 0x000000008e100000, 0x000000008e100000| Complete 
| 226|0x000000008e200000, 0x000000008e300000, 0x000000008e300000|100%| E|CS|TAMS 0x000000008e200000, 0x000000008e200000| Complete 
| 227|0x000000008e300000, 0x000000008e400000, 0x000000008e400000|100%| E|CS|TAMS 0x000000008e300000, 0x000000008e300000| Complete 
| 228|0x000000008e400000, 0x000000008e500000, 0x000000008e500000|100%| E|CS|TAMS 0x000000008e400000, 0x000000008e400000| Complete 
| 229|0x000000008e500000, 0x000000008e600000, 0x000000008e600000|100%| E|CS|TAMS 0x000000008e500000, 0x000000008e500000| Complete 
| 230|0x000000008e600000, 0x000000008e700000, 0x000000008e700000|100%| E|CS|TAMS 0x000000008e600000, 0x000000008e600000| Complete 
| 231|0x000000008e700000, 0x000000008e800000, 0x000000008e800000|100%| E|CS|TAMS 0x000000008e700000, 0x000000008e700000| Complete 
| 232|0x000000008e800000, 0x000000008e900000, 0x000000008e900000|100%| E|CS|TAMS 0x000000008e800000, 0x000000008e800000| Complete 
| 233|0x000000008e900000, 0x000000008ea00000, 0x000000008ea00000|100%| E|CS|TAMS 0x000000008e900000, 0x000000008e900000| Complete 
| 234|0x000000008ea00000, 0x000000008eb00000, 0x000000008eb00000|100%| E|CS|TAMS 0x000000008ea00000, 0x000000008ea00000| Complete 
| 235|0x000000008eb00000, 0x000000008ec00000, 0x000000008ec00000|100%| E|CS|TAMS 0x000000008eb00000, 0x000000008eb00000| Complete 
| 236|0x000000008ec00000, 0x000000008ed00000, 0x000000008ed00000|100%| E|CS|TAMS 0x000000008ec00000, 0x000000008ec00000| Complete 
| 237|0x000000008ed00000, 0x000000008ee00000, 0x000000008ee00000|100%| E|CS|TAMS 0x000000008ed00000, 0x000000008ed00000| Complete 
| 238|0x000000008ee00000, 0x000000008ef00000, 0x000000008ef00000|100%| E|CS|TAMS 0x000000008ee00000, 0x000000008ee00000| Complete 
| 239|0x000000008ef00000, 0x000000008f000000, 0x000000008f000000|100%| E|CS|TAMS 0x000000008ef00000, 0x000000008ef00000| Complete 
| 240|0x000000008f000000, 0x000000008f100000, 0x000000008f100000|100%| E|CS|TAMS 0x000000008f000000, 0x000000008f000000| Complete 
| 241|0x000000008f100000, 0x000000008f200000, 0x000000008f200000|100%| E|CS|TAMS 0x000000008f100000, 0x000000008f100000| Complete 
| 242|0x000000008f200000, 0x000000008f300000, 0x000000008f300000|100%| E|CS|TAMS 0x000000008f200000, 0x000000008f200000| Complete 
| 243|0x000000008f300000, 0x000000008f400000, 0x000000008f400000|100%| E|CS|TAMS 0x000000008f300000, 0x000000008f300000| Complete 
| 244|0x000000008f400000, 0x000000008f500000, 0x000000008f500000|100%| E|CS|TAMS 0x000000008f400000, 0x000000008f400000| Complete 
| 245|0x000000008f500000, 0x000000008f600000, 0x000000008f600000|100%| E|CS|TAMS 0x000000008f500000, 0x000000008f500000| Complete 
| 246|0x000000008f600000, 0x000000008f700000, 0x000000008f700000|100%| E|CS|TAMS 0x000000008f600000, 0x000000008f600000| Complete 
| 247|0x000000008f700000, 0x000000008f800000, 0x000000008f800000|100%| E|CS|TAMS 0x000000008f700000, 0x000000008f700000| Complete 
| 248|0x000000008f800000, 0x000000008f900000, 0x000000008f900000|100%| E|CS|TAMS 0x000000008f800000, 0x000000008f800000| Complete 
| 249|0x000000008f900000, 0x000000008fa00000, 0x000000008fa00000|100%| E|CS|TAMS 0x000000008f900000, 0x000000008f900000| Complete 

Card table byte_map: [0x0000017fb88b0000,0x0000017fb8cb0000] _byte_map_base: 0x0000017fb84b0000

Marking Bits (Prev, Next): (CMBitMap*) 0x0000017fa3572438, (CMBitMap*) 0x0000017fa3572470
 Prev Bits: [0x0000017fb90b0000, 0x0000017fbb0b0000)
 Next Bits: [0x0000017fbb0b0000, 0x0000017fbd0b0000)

Polling page: 0x0000017fa3610000

Metaspace:

Usage:
  Non-class:     46.63 MB capacity,    45.71 MB ( 98%) used,   815.15 KB (  2%) free+waste,   123.69 KB ( <1%) overhead. 
      Class:      7.16 MB capacity,     6.68 MB ( 93%) used,   435.94 KB (  6%) free+waste,    59.44 KB ( <1%) overhead. 
       Both:     53.79 MB capacity,    52.39 MB ( 97%) used,     1.22 MB (  2%) free+waste,   183.13 KB ( <1%) overhead. 

Virtual space:
  Non-class space:       48.00 MB reserved,      46.75 MB ( 97%) committed 
      Class space:        1.00 GB reserved,       7.25 MB ( <1%) committed 
             Both:        1.05 GB reserved,      54.00 MB (  5%) committed 

Chunk freelists:
   Non-Class:  58.00 KB
       Class:  29.00 KB
        Both:  87.00 KB

MaxMetaspaceSize: 17179869184.00 GB
CompressedClassSpaceSize: 1.00 GB

CodeHeap 'non-profiled nmethods': size=120000Kb used=2812Kb max_used=2812Kb free=117187Kb
 bounds [0x0000017fb0510000, 0x0000017fb07d0000, 0x0000017fb7a40000]
CodeHeap 'profiled nmethods': size=120000Kb used=10557Kb max_used=10557Kb free=109442Kb
 bounds [0x0000017fa8fe0000, 0x0000017fa9a30000, 0x0000017fb0510000]
CodeHeap 'non-nmethods': size=5760Kb used=2222Kb max_used=2257Kb free=3537Kb
 bounds [0x0000017fa8a40000, 0x0000017fa8cb0000, 0x0000017fa8fe0000]
 total_blobs=5797 nmethods=5002 adapters=706
 compilation: enabled
              stopped_count=0, restarted_count=0
 full_count=0

Compilation events (20 events):
Event: 4.617 Thread 0x0000017fc0477800 4924       3       sun.reflect.generics.tree.Wildcard::accept (8 bytes)
Event: 4.618 Thread 0x0000017fc0477800 nmethod 4924 0x0000017fa99f8510 code [0x0000017fa99f8740, 0x0000017fa99f8eb8]
Event: 4.618 Thread 0x0000017fc0477800 4925       3       java.util.Collections::emptySet (4 bytes)
Event: 4.618 Thread 0x0000017fc0477800 nmethod 4925 0x0000017fa99f9190 code [0x0000017fa99f9340, 0x0000017fa99f9438]
Event: 4.620 Thread 0x0000017fc0477800 4926       3       org.gradle.internal.instantiation.generator.AsmBackedClassGenerator$ClassBuilderImpl::maybeBox (49 bytes)
Event: 4.621 Thread 0x0000017fc0477800 nmethod 4926 0x0000017fa99f9490 code [0x0000017fa99f96a0, 0x0000017fa99f9c68]
Event: 4.621 Thread 0x0000017fc0477800 4927       3       org.gradle.model.internal.asm.AsmClassGeneratorUtils::unboxOrCast (332 bytes)
Event: 4.622 Thread 0x0000017fc0477800 nmethod 4927 0x0000017fa99f9f10 code [0x0000017fa99fa3e0, 0x0000017fa99fc158]
Event: 4.623 Thread 0x0000017fc0477800 4928       3       org.gradle.api.internal.provider.AbstractMinimalProvider::asSupplier (96 bytes)
Event: 4.624 Thread 0x0000017fc0477800 nmethod 4928 0x0000017fa99fcb90 code [0x0000017fa99fcf20, 0x0000017fa99fe908]
Event: 4.628 Thread 0x0000017fc0477800 4929       3       org.gradle.internal.instantiation.generator.AsmBackedClassGenerator$ClassBuilderImpl::applyConventionMappingToGetter (480 bytes)
Event: 4.630 Thread 0x0000017fc0477800 nmethod 4929 0x0000017fa99ff090 code [0x0000017fa99ff680, 0x0000017fa9a02268]
Event: 4.632 Thread 0x0000017fc0477800 4930       3       org.gradle.api.internal.provider.DefaultProperty::set (42 bytes)
Event: 4.632 Thread 0x0000017fc0477800 nmethod 4930 0x0000017fa9a03310 code [0x0000017fa9a03560, 0x0000017fa9a040f8]
Event: 4.633 Thread 0x0000017fc0477800 4931       3       com.google.common.reflect.Types::access$300 (5 bytes)
Event: 4.633 Thread 0x0000017fc0477800 nmethod 4931 0x0000017fa9a04410 code [0x0000017fa9a04600, 0x0000017fa9a04a58]
Event: 4.633 Thread 0x0000017fc0477800 4932       3       com.google.common.reflect.Types::toArray (19 bytes)
Event: 4.633 Thread 0x0000017fc0477800 nmethod 4932 0x0000017fa9a04b90 code [0x0000017fa9a04d60, 0x0000017fa9a05158]
Event: 4.633 Thread 0x0000017fc0477800 4933       3       com.google.common.collect.RegularImmutableList::copyIntoArray (21 bytes)
Event: 4.633 Thread 0x0000017fc0477800 nmethod 4933 0x0000017fa9a05290 code [0x0000017fa9a05460, 0x0000017fa9a05708]

GC Heap History (10 events):
Event: 0.606 GC heap before
{Heap before GC invocations=0 (full 0):
 garbage-first heap   total 256000K, used 29696K [0x0000000080000000, 0x0000000100000000)
  region size 1024K, 24 young (24576K), 0 survivors (0K)
 Metaspace       used 10660K, capacity 10876K, committed 11008K, reserved 1058816K
  class space    used 1128K, capacity 1200K, committed 1280K, reserved 1048576K
}
Event: 0.609 GC heap after
{Heap after GC invocations=1 (full 0):
 garbage-first heap   total 256000K, used 8763K [0x0000000080000000, 0x0000000100000000)
  region size 1024K, 3 young (3072K), 3 survivors (3072K)
 Metaspace       used 10660K, capacity 10876K, committed 11008K, reserved 1058816K
  class space    used 1128K, capacity 1200K, committed 1280K, reserved 1048576K
}
Event: 1.966 GC heap before
{Heap before GC invocations=1 (full 0):
 garbage-first heap   total 256000K, used 93755K [0x0000000080000000, 0x0000000100000000)
  region size 1024K, 88 young (90112K), 3 survivors (3072K)
 Metaspace       used 20651K, capacity 21148K, committed 21248K, reserved 1067008K
  class space    used 2521K, capacity 2719K, committed 2816K, reserved 1048576K
}
Event: 1.972 GC heap after
{Heap after GC invocations=2 (full 0):
 garbage-first heap   total 256000K, used 16622K [0x0000000080000000, 0x0000000100000000)
  region size 1024K, 11 young (11264K), 11 survivors (11264K)
 Metaspace       used 20651K, capacity 21148K, committed 21248K, reserved 1067008K
  class space    used 2521K, capacity 2719K, committed 2816K, reserved 1048576K
}
Event: 2.495 GC heap before
{Heap before GC invocations=3 (full 0):
 garbage-first heap   total 256000K, used 85230K [0x0000000080000000, 0x0000000100000000)
  region size 1024K, 73 young (74752K), 11 survivors (11264K)
 Metaspace       used 27298K, capacity 28038K, committed 28288K, reserved 1073152K
  class space    used 3592K, capacity 3862K, committed 3968K, reserved 1048576K
}
Event: 2.502 GC heap after
{Heap after GC invocations=4 (full 0):
 garbage-first heap   total 256000K, used 24596K [0x0000000080000000, 0x0000000100000000)
  region size 1024K, 4 young (4096K), 4 survivors (4096K)
 Metaspace       used 27298K, capacity 28038K, committed 28288K, reserved 1073152K
  class space    used 3592K, capacity 3862K, committed 3968K, reserved 1048576K
}
Event: 2.878 GC heap before
{Heap before GC invocations=4 (full 0):
 garbage-first heap   total 256000K, used 63508K [0x0000000080000000, 0x0000000100000000)
  region size 1024K, 43 young (44032K), 4 survivors (4096K)
 Metaspace       used 35037K, capacity 35788K, committed 35840K, reserved 1081344K
  class space    used 4550K, capacity 4848K, committed 4864K, reserved 1048576K
}
Event: 2.885 GC heap after
{Heap after GC invocations=5 (full 0):
 garbage-first heap   total 256000K, used 27131K [0x0000000080000000, 0x0000000100000000)
  region size 1024K, 7 young (7168K), 7 survivors (7168K)
 Metaspace       used 35037K, capacity 35788K, committed 35840K, reserved 1081344K
  class space    used 4550K, capacity 4848K, committed 4864K, reserved 1048576K
}
Event: 3.782 GC heap before
{Heap before GC invocations=6 (full 0):
 garbage-first heap   total 256000K, used 132603K [0x0000000080000000, 0x0000000100000000)
  region size 1024K, 107 young (109568K), 7 survivors (7168K)
 Metaspace       used 43969K, capacity 45067K, committed 45312K, reserved 1089536K
  class space    used 5647K, capacity 6068K, committed 6144K, reserved 1048576K
}
Event: 3.791 GC heap after
{Heap after GC invocations=7 (full 0):
 garbage-first heap   total 256000K, used 32090K [0x0000000080000000, 0x0000000100000000)
  region size 1024K, 11 young (11264K), 11 survivors (11264K)
 Metaspace       used 43969K, capacity 45067K, committed 45312K, reserved 1089536K
  class space    used 5647K, capacity 6068K, committed 6144K, reserved 1048576K
}

Deoptimization events (20 events):
Event: 4.418 Thread 0x0000017fc1b16000 DEOPT PACKING pc=0x0000017fa9269517 sp=0x00000004823f6b20
Event: 4.418 Thread 0x0000017fc1b16000 DEOPT UNPACKING pc=0x0000017fa8a66dde sp=0x00000004823f60a8 mode 0
Event: 4.419 Thread 0x0000017fc1b16000 DEOPT PACKING pc=0x0000017fa9269517 sp=0x00000004823f6d10
Event: 4.419 Thread 0x0000017fc1b16000 DEOPT UNPACKING pc=0x0000017fa8a66dde sp=0x00000004823f6298 mode 0
Event: 4.420 Thread 0x0000017fc1b16000 DEOPT PACKING pc=0x0000017fa9269517 sp=0x00000004823f6c00
Event: 4.420 Thread 0x0000017fc1b16000 DEOPT UNPACKING pc=0x0000017fa8a66dde sp=0x00000004823f6188 mode 0
Event: 4.421 Thread 0x0000017fc1b16000 DEOPT PACKING pc=0x0000017fa9269517 sp=0x00000004823f6c00
Event: 4.421 Thread 0x0000017fc1b16000 DEOPT UNPACKING pc=0x0000017fa8a66dde sp=0x00000004823f6188 mode 0
Event: 4.422 Thread 0x0000017fc1b16000 DEOPT PACKING pc=0x0000017fa9269517 sp=0x00000004823f6c00
Event: 4.422 Thread 0x0000017fc1b16000 DEOPT UNPACKING pc=0x0000017fa8a66dde sp=0x00000004823f6188 mode 0
Event: 4.423 Thread 0x0000017fc1b16000 DEOPT PACKING pc=0x0000017fa9269517 sp=0x00000004823f6c00
Event: 4.423 Thread 0x0000017fc1b16000 DEOPT UNPACKING pc=0x0000017fa8a66dde sp=0x00000004823f6188 mode 0
Event: 4.484 Thread 0x0000017fc1b16000 Uncommon trap: trap_request=0xffffffc6 fr.pc=0x0000017fb0698948 relative=0x0000000000003a08
Event: 4.484 Thread 0x0000017fc1b16000 Uncommon trap: reason=bimorphic_or_optimized_type_check action=maybe_recompile pc=0x0000017fb0698948 method=java.util.AbstractCollection.addAll(Ljava/util/Collection;)Z @ 29 c2
Event: 4.484 Thread 0x0000017fc1b16000 DEOPT PACKING pc=0x0000017fb0698948 sp=0x00000004823f8a70
Event: 4.484 Thread 0x0000017fc1b16000 DEOPT UNPACKING pc=0x0000017fa8a6662f sp=0x00000004823f8a70 mode 2
Event: 4.542 Thread 0x0000017fc1b16000 Uncommon trap: trap_request=0xffffffde fr.pc=0x0000017fb078b290 relative=0x00000000000014f0
Event: 4.542 Thread 0x0000017fc1b16000 Uncommon trap: reason=class_check action=maybe_recompile pc=0x0000017fb078b290 method=jdk.internal.loader.BuiltinClassLoader.loadClassOrNull(Ljava/lang/String;Z)Ljava/lang/Class; @ 86 c2
Event: 4.542 Thread 0x0000017fc1b16000 DEOPT PACKING pc=0x0000017fb078b290 sp=0x00000004823f63a0
Event: 4.542 Thread 0x0000017fc1b16000 DEOPT UNPACKING pc=0x0000017fa8a6662f sp=0x00000004823f6308 mode 2

Classes redefined (0 events):
No events

Internal exceptions (20 events):
Event: 4.066 Thread 0x0000017fc1b16000 Exception <a 'java/lang/ClassNotFoundException'{0x000000008ca28238}: org/gradle/api/internal/AbstractTaskBeanInfo> (0x000000008ca28238) thrown at [./src/hotspot/share/classfile/systemDictionary.cpp, line 231]
Event: 4.067 Thread 0x0000017fc1b16000 Exception <a 'java/lang/ClassNotFoundException'{0x000000008ca4c628}: org/gradle/api/internal/AbstractTaskCustomizer> (0x000000008ca4c628) thrown at [./src/hotspot/share/classfile/systemDictionary.cpp, line 231]
Event: 4.070 Thread 0x0000017fc1b16000 Exception <a 'java/lang/ClassNotFoundException'{0x000000008cab01a8}: org/gradle/api/DefaultTaskCustomizer> (0x000000008cab01a8) thrown at [./src/hotspot/share/classfile/systemDictionary.cpp, line 231]
Event: 4.072 Thread 0x0000017fc1b16000 Exception <a 'java/lang/ClassNotFoundException'{0x000000008c928fe0}: org/gradle/api/internal/ConventionTaskCustomizer> (0x000000008c928fe0) thrown at [./src/hotspot/share/classfile/systemDictionary.cpp, line 231]
Event: 4.073 Thread 0x0000017fc1b16000 Exception <a 'java/lang/ClassNotFoundException'{0x000000008c959210}: org/gradle/api/tasks/DeleteCustomizer> (0x000000008c959210) thrown at [./src/hotspot/share/classfile/systemDictionary.cpp, line 231]
Event: 4.075 Thread 0x0000017fc1b16000 Exception <a 'java/lang/ClassNotFoundException'{0x000000008c98fee0}: org/gradle/api/tasks/Delete_DecoratedCustomizer> (0x000000008c98fee0) thrown at [./src/hotspot/share/classfile/systemDictionary.cpp, line 231]
Event: 4.102 Thread 0x0000017fc1b16000 Exception <a 'java/lang/ClassNotFoundException'{0x000000008c8d1b28}: build_4jqnwcbybvutk2q673h4lyyquBeanInfo> (0x000000008c8d1b28) thrown at [./src/hotspot/share/classfile/systemDictionary.cpp, line 231]
Event: 4.102 Thread 0x0000017fc1b16000 Exception <a 'java/lang/ClassNotFoundException'{0x000000008c8da930}: build_4jqnwcbybvutk2q673h4lyyquCustomizer> (0x000000008c8da930) thrown at [./src/hotspot/share/classfile/systemDictionary.cpp, line 231]
Event: 4.107 Thread 0x0000017fc1b16000 Exception <a 'java/lang/ClassNotFoundException'{0x000000008c749130}: org/gradle/plugin/use/internal/PluginRequestCollector$PluginDependenciesSpecImplBeanInfo> (0x000000008c749130) thrown at [./src/hotspot/share/classfile/systemDictionary.cpp, line 231]
Event: 4.107 Thread 0x0000017fc1b16000 Exception <a 'java/lang/ClassNotFoundException'{0x000000008c76e300}: org/gradle/plugin/use/internal/PluginRequestCollector$PluginDependenciesSpecImplCustomizer> (0x000000008c76e300) thrown at [./src/hotspot/share/classfile/systemDictionary.cpp, line 231]
Event: 4.111 Thread 0x0000017fc1b16000 Exception <a 'java/lang/NoSuchMethodError'{0x000000008c7de450}: 'void java.lang.invoke.DirectMethodHandle$Holder.invokeInterface(java.lang.Object, java.lang.Object)'> (0x000000008c7de450) thrown at [./src/hotspot/share/interpreter/linkResolver.cpp, line 773]
Event: 4.128 Thread 0x0000017fc1b16000 Exception <a 'java/lang/ClassNotFoundException'{0x000000008c597e98}: org/gradle/api/internal/plugins/DefaultObjectConfigurationActionBeanInfo> (0x000000008c597e98) thrown at [./src/hotspot/share/classfile/systemDictionary.cpp, line 231]
Event: 4.128 Thread 0x0000017fc1b16000 Exception <a 'java/lang/ClassNotFoundException'{0x000000008c5c2440}: org/gradle/api/internal/plugins/DefaultObjectConfigurationActionCustomizer> (0x000000008c5c2440) thrown at [./src/hotspot/share/classfile/systemDictionary.cpp, line 231]
Event: 4.209 Thread 0x0000017fc1b16000 Exception <a 'java/lang/NoSuchMethodError'{0x000000008bc81570}: 'java.lang.Object java.lang.invoke.DirectMethodHandle$Holder.invokeStatic(java.lang.Object, java.lang.Object, java.lang.Object, java.lang.Object, int)'> (0x000000008bc81570) thrown at [./src/hotspot/share/interpreter/linkResolver.cpp, line 773]
Event: 4.209 Thread 0x0000017fc1b16000 Exception <a 'java/lang/NoSuchMethodError'{0x000000008bc85f68}: 'java.lang.Object java.lang.invoke.DirectMethodHandle$Holder.invokeSpecial(java.lang.Object, java.lang.Object, java.lang.Object, java.lang.Object, java.lang.Object, int)'> (0x000000008bc85f68) thrown at [./src/hotspot/share/interpreter/linkResolver.cpp, line 773]
Event: 4.209 Thread 0x0000017fc1b16000 Exception <a 'java/lang/NoSuchMethodError'{0x000000008bc8a5a8}: 'java.lang.Object java.lang.invoke.Invokers$Holder.linkToTargetMethod(java.lang.Object, java.lang.Object, java.lang.Object, int, java.lang.Object)'> (0x000000008bc8a5a8) thrown at [./src/hotspot/share/interpreter/linkResolver.cpp, line 773]
Event: 4.331 Thread 0x0000017fc1b16000 Exception <a 'java/lang/NoSuchMethodError'{0x000000008ad03de8}: 'java.lang.Object java.lang.invoke.DirectMethodHandle$Holder.invokeSpecial(java.lang.Object, java.lang.Object, int, int, java.lang.Object, java.lang.Object, java.lang.Object)'> (0x000000008ad03de8) thrown at [./src/hotspot/share/interpreter/linkResolver.cpp, line 773]
Event: 4.331 Thread 0x0000017fc1b16000 Exception <a 'java/lang/NoSuchMethodError'{0x000000008ad08368}: 'java.lang.Object java.lang.invoke.DelegatingMethodHandle$Holder.reinvoke_L(java.lang.Object, int, int, java.lang.Object, java.lang.Object, java.lang.Object)'> (0x000000008ad08368) thrown at [./src/hotspot/share/interpreter/linkResolver.cpp, line 773]
Event: 4.465 Thread 0x0000017fc1b16000 Exception <a 'java/lang/NoSuchMethodError'{0x000000008a109460}: 'int java.lang.invoke.DirectMethodHandle$Holder.invokeInterface(java.lang.Object, java.lang.Object, java.lang.Object, java.lang.Object)'> (0x000000008a109460) thrown at [./src/hotspot/share/interpreter/linkResolver.cpp, line 773]
Event: 4.564 Thread 0x0000017fc1b16000 Exception <a 'java/lang/NoSuchMethodError'{0x0000000089977e68}: 'void java.lang.invoke.DirectMethodHandle$Holder.invokeInterface(java.lang.Object, java.lang.Object, java.lang.Object, java.lang.Object)'> (0x0000000089977e68) thrown at [./src/hotspot/share/interpreter/linkResolver.cpp, line 773]

Events (20 events):
Event: 4.629 loading class org/gradle/jvm/toolchain/internal/DefaultJavaToolchainService
Event: 4.629 loading class org/gradle/jvm/toolchain/internal/DefaultJavaToolchainService done
Event: 4.630 loading class org/gradle/api/Transformer
Event: 4.630 loading class org/gradle/api/Transformer done
Event: 4.630 loading class org/gradle/api/internal/provider/sources/EnvironmentVariableValueSource
Event: 4.630 loading class org/gradle/api/internal/provider/sources/EnvironmentVariableValueSource done
Event: 4.631 loading class org/gradle/api/provider/Provider
Event: 4.631 loading class org/gradle/api/provider/Provider done
Event: 4.631 loading class org/gradle/api/provider/Provider
Event: 4.631 loading class org/gradle/api/provider/Provider done
Event: 4.631 loading class org/gradle/api/internal/provider/sources/EnvironmentVariableValueSource$Parameters
Event: 4.631 loading class org/gradle/api/internal/provider/sources/EnvironmentVariableValueSource$Parameters done
Event: 4.632 loading class org/gradle/api/internal/provider/sources/SystemPropertyValueSource
Event: 4.632 loading class org/gradle/api/internal/provider/sources/SystemPropertyValueSource done
Event: 4.632 loading class org/gradle/api/provider/Provider
Event: 4.632 loading class org/gradle/api/provider/Provider done
Event: 4.632 loading class org/gradle/api/provider/Provider
Event: 4.632 loading class org/gradle/api/provider/Provider done
Event: 4.633 loading class org/gradle/api/Transformer
Event: 4.633 loading class org/gradle/api/Transformer done


Dynamic libraries:
0x00007ff74d3b0000 - 0x00007ff74d3ba000 	C:\Program Files\Android\Android Studio\jre\bin\java.exe
0x00007ffef6790000 - 0x00007ffef6985000 	C:\WINDOWS\SYSTEM32\ntdll.dll
0x00007ffef5da0000 - 0x00007ffef5e5d000 	C:\WINDOWS\System32\KERNEL32.dll
0x00007ffef3b30000 - 0x00007ffef3c4f000 	C:\WINDOWS\system32\hmpalert.dll
0x00007ffef4370000 - 0x00007ffef463d000 	C:\WINDOWS\System32\KERNELBASE.dll
0x00007ffef4640000 - 0x00007ffef4740000 	C:\WINDOWS\System32\ucrtbase.dll
0x00007ffee4a70000 - 0x00007ffee4a89000 	C:\Program Files\Android\Android Studio\jre\bin\jli.dll
0x00007ffed4060000 - 0x00007ffed4077000 	C:\Program Files\Android\Android Studio\jre\bin\VCRUNTIME140.dll
0x00007ffef5b60000 - 0x00007ffef5d00000 	C:\WINDOWS\System32\USER32.dll
0x00007ffef3ea0000 - 0x00007ffef3ec2000 	C:\WINDOWS\System32\win32u.dll
0x00007ffef53e0000 - 0x00007ffef540a000 	C:\WINDOWS\System32\GDI32.dll
0x00007ffef3f80000 - 0x00007ffef408b000 	C:\WINDOWS\System32\gdi32full.dll
0x00007ffef42d0000 - 0x00007ffef436d000 	C:\WINDOWS\System32\msvcp_win.dll
0x00007ffec59a0000 - 0x00007ffec5c3a000 	C:\WINDOWS\WinSxS\amd64_microsoft.windows.common-controls_6595b64144ccf1df_6.0.19041.1110_none_60b5254171f9507e\COMCTL32.dll
0x00007ffef5340000 - 0x00007ffef53de000 	C:\WINDOWS\System32\msvcrt.dll
0x00007ffef5310000 - 0x00007ffef5340000 	C:\WINDOWS\System32\IMM32.DLL
0x00007ffebf920000 - 0x00007ffebf9bd000 	C:\Program Files\Android\Android Studio\jre\bin\msvcp140.dll
0x00007ffea58f0000 - 0x00007ffea63c5000 	C:\Program Files\Android\Android Studio\jre\bin\server\jvm.dll
0x00007ffef4a50000 - 0x00007ffef4afe000 	C:\WINDOWS\System32\ADVAPI32.dll
0x00007ffef5d00000 - 0x00007ffef5d9c000 	C:\WINDOWS\System32\sechost.dll
0x00007ffef4c80000 - 0x00007ffef4da5000 	C:\WINDOWS\System32\RPCRT4.dll
0x00007ffef5e60000 - 0x00007ffef5e68000 	C:\WINDOWS\System32\PSAPI.DLL
0x00007ffecbd40000 - 0x00007ffecbd49000 	C:\WINDOWS\SYSTEM32\WSOCK32.dll
0x00007ffef6430000 - 0x00007ffef649b000 	C:\WINDOWS\System32\WS2_32.dll
0x00007ffef1140000 - 0x00007ffef1167000 	C:\WINDOWS\SYSTEM32\WINMM.dll
0x00007ffeeeb00000 - 0x00007ffeeeb0a000 	C:\WINDOWS\SYSTEM32\VERSION.dll
0x00007ffef2610000 - 0x00007ffef2622000 	C:\WINDOWS\SYSTEM32\kernel.appcore.dll
0x00007ffeec3c0000 - 0x00007ffeec3d1000 	C:\Program Files\Android\Android Studio\jre\bin\verify.dll
0x00007ffef2320000 - 0x00007ffef2504000 	C:\WINDOWS\SYSTEM32\DBGHELP.DLL
0x00007ffef1110000 - 0x00007ffef113c000 	C:\WINDOWS\SYSTEM32\dbgcore.DLL
0x00007ffef4090000 - 0x00007ffef4112000 	C:\WINDOWS\System32\bcryptPrimitives.dll
0x00007ffed9570000 - 0x00007ffed9599000 	C:\Program Files\Android\Android Studio\jre\bin\java.dll
0x00007ffee19e0000 - 0x00007ffee19eb000 	C:\Program Files\Android\Android Studio\jre\bin\jimage.dll
0x00007ffed5850000 - 0x00007ffed5868000 	C:\Program Files\Android\Android Studio\jre\bin\zip.dll
0x00007ffef5410000 - 0x00007ffef5b54000 	C:\WINDOWS\System32\SHELL32.dll
0x00007ffef1b80000 - 0x00007ffef2314000 	C:\WINDOWS\SYSTEM32\windows.storage.dll
0x00007ffef5e70000 - 0x00007ffef61c4000 	C:\WINDOWS\System32\combase.dll
0x00007ffef37e0000 - 0x00007ffef380c000 	C:\WINDOWS\SYSTEM32\Wldp.dll
0x00007ffef64a0000 - 0x00007ffef654d000 	C:\WINDOWS\System32\SHCORE.dll
0x00007ffef5230000 - 0x00007ffef5285000 	C:\WINDOWS\System32\shlwapi.dll
0x00007ffef3de0000 - 0x00007ffef3dff000 	C:\WINDOWS\SYSTEM32\profapi.dll
0x00007ffed57f0000 - 0x00007ffed580a000 	C:\Program Files\Android\Android Studio\jre\bin\net.dll
0x00007ffef0d00000 - 0x00007ffef0e0a000 	C:\WINDOWS\SYSTEM32\WINHTTP.dll
0x00007ffef3540000 - 0x00007ffef35aa000 	C:\WINDOWS\system32\mswsock.dll
0x00007ffed3fd0000 - 0x00007ffed3fe4000 	C:\Program Files\Android\Android Studio\jre\bin\nio.dll
0x00007ffed57c0000 - 0x00007ffed57e7000 	C:\Users\justine\.gradle\native\fdc75f09e3144964f2cf3f50f0aa648679c211496f362492102eb8c894070792\windows-amd64\native-platform.dll
0x00007ffed36d0000 - 0x00007ffed3866000 	C:\Users\justine\.gradle\native\12488b8bf47d2d4c9fbf2f6322a914ad602e24e48041cd04a747c6da556b65c4\windows-amd64\native-platform-file-events.dll
0x00007ffeef5a0000 - 0x00007ffeef5aa000 	C:\Program Files\Android\Android Studio\jre\bin\management.dll
0x00007ffeef590000 - 0x00007ffeef59d000 	C:\Program Files\Android\Android Studio\jre\bin\management_ext.dll
0x00007ffef3730000 - 0x00007ffef3748000 	C:\WINDOWS\SYSTEM32\CRYPTSP.dll
0x00007ffef2e50000 - 0x00007ffef2e84000 	C:\WINDOWS\system32\rsaenh.dll
0x00007ffef4740000 - 0x00007ffef4767000 	C:\WINDOWS\System32\bcrypt.dll
0x00007ffef3da0000 - 0x00007ffef3dce000 	C:\WINDOWS\SYSTEM32\USERENV.dll
0x00007ffef3750000 - 0x00007ffef375c000 	C:\WINDOWS\SYSTEM32\CRYPTBASE.dll
0x00007ffef31e0000 - 0x00007ffef321b000 	C:\WINDOWS\SYSTEM32\IPHLPAPI.DLL
0x00007ffef6740000 - 0x00007ffef6748000 	C:\WINDOWS\System32\NSI.dll
0x00007ffeee6c0000 - 0x00007ffeee6d7000 	C:\WINDOWS\SYSTEM32\dhcpcsvc6.DLL
0x00007ffeee2f0000 - 0x00007ffeee30d000 	C:\WINDOWS\SYSTEM32\dhcpcsvc.DLL
0x00007ffef3230000 - 0x00007ffef32fb000 	C:\WINDOWS\SYSTEM32\DNSAPI.dll
0x00007ffeeebc0000 - 0x00007ffeeebcb000 	C:\WINDOWS\SYSTEM32\WINNSI.DLL

dbghelp: loaded successfully - version: 4.0.5 - missing functions: none
symbol engine: initialized successfully - sym options: 0x614 - pdb path: .;C:\Program Files\Android\Android Studio\jre\bin;C:\WINDOWS\SYSTEM32;C:\WINDOWS\WinSxS\amd64_microsoft.windows.common-controls_6595b64144ccf1df_6.0.19041.1110_none_60b5254171f9507e;C:\Program Files\Android\Android Studio\jre\bin\server;C:\Users\justine\.gradle\native\fdc75f09e3144964f2cf3f50f0aa648679c211496f362492102eb8c894070792\windows-amd64;C:\Users\justine\.gradle\native\12488b8bf47d2d4c9fbf2f6322a914ad602e24e48041cd04a747c6da556b65c4\windows-amd64

VM Arguments:
jvm_args: --add-opens=java.base/java.util=ALL-UNNAMED --add-opens=java.base/java.lang=ALL-UNNAMED --add-opens=java.base/java.lang.invoke=ALL-UNNAMED --add-opens=java.prefs/java.util.prefs=ALL-UNNAMED -Xmx2048m -Dfile.encoding=UTF-8 -Duser.country=PH -Duser.language=en -Duser.variant 
java_command: org.gradle.launcher.daemon.bootstrap.GradleDaemon 6.7.1
java_class_path (initial): C:\Users\justine\.gradle\wrapper\dists\gradle-6.7.1-bin\bwlcbys1h7rz3272sye1xwiv6\gradle-6.7.1\lib\gradle-launcher-6.7.1.jar
Launcher Type: SUN_STANDARD

[Global flags]
     intx CICompilerCount                          = 4                                         {product} {ergonomic}
     uint ConcGCThreads                            = 2                                         {product} {ergonomic}
     uint G1ConcRefinementThreads                  = 8                                         {product} {ergonomic}
   size_t G1HeapRegionSize                         = 1048576                                   {product} {ergonomic}
    uintx GCDrainStackTargetSize                   = 64                                        {product} {ergonomic}
   size_t InitialHeapSize                          = 262144000                                 {product} {ergonomic}
   size_t MarkStackSize                            = 4194304                                   {product} {ergonomic}
   size_t MaxHeapSize                              = 2147483648                                {product} {command line}
   size_t MaxNewSize                               = 1287651328                                {product} {ergonomic}
   size_t MinHeapDeltaBytes                        = 1048576                                   {product} {ergonomic}
    uintx NonNMethodCodeHeapSize                   = 5836300                                {pd product} {ergonomic}
    uintx NonProfiledCodeHeapSize                  = 122910970                              {pd product} {ergonomic}
    uintx ProfiledCodeHeapSize                     = 122910970                              {pd product} {ergonomic}
    uintx ReservedCodeCacheSize                    = 251658240                              {pd product} {ergonomic}
     bool SegmentedCodeCache                       = true                                      {product} {ergonomic}
     bool UseCompressedClassPointers               = true                                 {lp64_product} {ergonomic}
     bool UseCompressedOops                        = true                                 {lp64_product} {ergonomic}
     bool UseG1GC                                  = true                                      {product} {ergonomic}
     bool UseLargePagesIndividualAllocation        = false                                  {pd product} {ergonomic}

Logging:
Log output configuration:
 #0: stdout all=warning uptime,level,tags
 #1: stderr all=off uptime,level,tags

Environment Variables:
PATH=C:\Program Files\Microsoft MPI\Bin\;C:\Program Files\Common Files\Oracle\Java\javapath;C:\WINDOWS\system32;C:\WINDOWS;C:\WINDOWS\System32\Wbem;C:\WINDOWS\System32\WindowsPowerShell\v1.0\;C:\WINDOWS\System32\OpenSSH\;C:\Program Files\Java\jdk-16\bin;C:\Program Files\Microsoft SQL Server\Client SDK\ODBC\170\Tools\Binn\;C:\Program Files (x86)\Microsoft SQL Server\150\Tools\Binn\;C:\Program Files\Microsoft SQL Server\150\Tools\Binn\;C:\Program Files\Microsoft SQL Server\150\DTS\Binn\;C:\Program Files (x86)\Microsoft SQL Server\150\DTS\Binn\;C:\Program Files\Git\cmd;C:\Users\justine\AppData\Local\Microsoft\WindowsApps;;C:\Program Files\JetBrains\IntelliJ IDEA Community Edition 2021.2.1\bin;;C:\Program Files (x86)\Sophos\Sophos SSL VPN Client\bin
USERNAME=justine
OS=Windows_NT
PROCESSOR_IDENTIFIER=Intel64 Family 6 Model 142 Stepping 12, GenuineIntel



---------------  S Y S T E M  ---------------

OS: Windows 10 , 64 bit Build 19041 (10.0.19041.1706)
OS uptime: 0 days 0:57 hours

CPU:total 8 (initial active 8) (4 cores per cpu, 2 threads per core) family 6 model 142 stepping 12 microcode 0xea, cmov, cx8, fxsr, mmx, sse, sse2, sse3, ssse3, sse4.1, sse4.2, popcnt, avx, avx2, aes, clmul, erms, 3dnowpref, lzcnt, ht, tsc, tscinvbit, bmi1, bmi2, adx, fma

Memory: 4k page, system-wide physical 15977M (2671M free)
TotalPageFile size 20977M (AvailPageFile size 5M)
current process WorkingSet (physical memory assigned to process): 337M, peak: 337M
current process commit charge ("private bytes"): 487M, peak: 487M

vm_info: OpenJDK 64-Bit Server VM (11.0.11+9-b60-7590822) for windows-amd64 JRE (11.0.11+9-b60-7590822), built on Jul 29 2021 21:43:44 by "builder" with MS VC++ 14.0 (VS2015)

END.
