#
# There is insufficient memory for the Java Runtime Environment to continue.
# Native memory allocation (malloc) failed to allocate 1065616 bytes for Chunk::new
# Possible reasons:
#   The system is out of physical RAM or swap space
#   The process is running with CompressedOops enabled, and the Java Heap may be blocking the growth of the native heap
# Possible solutions:
#   Reduce memory load on the system
#   Increase physical memory or swap space
#   Check if swap backing store is full
#   Decrease Java heap size (-Xmx/-Xms)
#   Decrease number of Java threads
#   Decrease Java thread stack sizes (-Xss)
#   Set larger code cache with -XX:ReservedCodeCacheSize=
#   JVM is running with Unscaled Compressed Oops mode in which the Java heap is
#     placed in the first 4GB address space. The Java Heap base address is the
#     maximum limit for the native heap growth. Please use -XX:HeapBaseMinAddress
#     to set the Java Heap base and to place the Java Heap above 4GB virtual address.
# This output file may be truncated or incomplete.
#
#  Out of Memory Error (./src/hotspot/share/memory/arena.cpp:197), pid=22168, tid=3272
#
# JRE version: OpenJDK Runtime Environment (11.0.11+9) (build 11.0.11+9-b60-7590822)
# Java VM: OpenJDK 64-Bit Server VM (11.0.11+9-b60-7590822, mixed mode, tiered, compressed oops, g1 gc, windows-amd64)
# No core dump will be written. Minidumps are not enabled by default on client versions of Windows
#

---------------  S U M M A R Y ------------

Command Line: --add-opens=java.base/java.util=ALL-UNNAMED --add-opens=java.base/java.lang=ALL-UNNAMED --add-opens=java.base/java.lang.invoke=ALL-UNNAMED --add-opens=java.prefs/java.util.prefs=ALL-UNNAMED -Xmx2048m -Dfile.encoding=UTF-8 -Duser.country=PH -Duser.language=en -Duser.variant org.gradle.launcher.daemon.bootstrap.GradleDaemon 6.7.1

Host: Intel(R) Core(TM) i7-10510U CPU @ 1.80GHz, 8 cores, 15G,  Windows 10 , 64 bit Build 19041 (10.0.19041.1706)
Time: Mon Jun 13 12:19:18 2022 Malay Peninsula Standard Time elapsed time: 5.069390 seconds (0d 0h 0m 5s)

---------------  T H R E A D  ---------------

Current thread (0x000002ad03439000):  JavaThread "C2 CompilerThread2" daemon [_thread_in_native, id=3272, stack(0x000000dbd2100000,0x000000dbd2200000)]


Current CompileTask:
C2:   5069 4552       4       java.lang.invoke.MethodType::makeImpl (108 bytes)

Stack: [0x000000dbd2100000,0x000000dbd2200000]
Native frames: (J=compiled Java code, j=interpreted, Vv=VM code, C=native code)
V  [jvm.dll+0x5f214a]
V  [jvm.dll+0x726fb5]
V  [jvm.dll+0x7285cd]
V  [jvm.dll+0x728c83]
V  [jvm.dll+0x243278]
V  [jvm.dll+0xbc53c]
V  [jvm.dll+0xbca3c]
V  [jvm.dll+0x353e7d]
V  [jvm.dll+0x19895c]
V  [jvm.dll+0x1fc2ee]
V  [jvm.dll+0x1fb3d4]
V  [jvm.dll+0x183d6c]
V  [jvm.dll+0x209a57]
V  [jvm.dll+0x2082a1]
V  [jvm.dll+0x6ef58f]
V  [jvm.dll+0x6e80b5]
V  [jvm.dll+0x5f1036]
C  [ucrtbase.dll+0x21bb2]
C  [KERNEL32.dll+0x17034]
C  [ntdll.dll+0x52651]


---------------  P R O C E S S  ---------------

Threads class SMR info:
_java_thread_list=0x000002ad079a07c0, length=137, elements={
0x000002ad65b9f000, 0x000002ad00a57800, 0x000002ad00a61000, 0x000002ad00ac8800,
0x000002ad00ac9800, 0x000002ad00acb000, 0x000002ad00ad0000, 0x000002ad00ad9000,
0x000002ad00add800, 0x000002ad00c7f800, 0x000002ad03281000, 0x000002ad00ee6800,
0x000002ad01a0d800, 0x000002ad028d0800, 0x000002ad02a56000, 0x000002ad033bb800,
0x000002ad02dae000, 0x000002ad030f1000, 0x000002ad023fc000, 0x000002ad02362000,
0x000002ad02361000, 0x000002ad02364800, 0x000002ad02365000, 0x000002ad03ce1800,
0x000002ad03439000, 0x000002ad02366000, 0x000002ad02363800, 0x000002ad02363000,
0x000002ad02360800, 0x000002ad02367000, 0x000002ad04706800, 0x000002ad04709000,
0x000002ad04709800, 0x000002ad0470a800, 0x000002ad04707000, 0x000002ad0470b800,
0x000002ad0470c000, 0x000002ad04713800, 0x000002ad04712000, 0x000002ad04710000,
0x000002ad04714000, 0x000002ad0470f800, 0x000002ad0470e800, 0x000002ad04711000,
0x000002ad06966800, 0x000002ad06964800, 0x000002ad0696a000, 0x000002ad06967800,
0x000002ad0696b000, 0x000002ad06969000, 0x000002ad06965000, 0x000002ad0696b800,
0x000002ad06966000, 0x000002ad06968800, 0x000002ad0696f000, 0x000002ad0696c800,
0x000002ad0696d800, 0x000002ad06970800, 0x000002ad0696f800, 0x000002ad06971800,
0x000002ad0696e000, 0x000002ad06972000, 0x000002ad06973000, 0x000002ad04840800,
0x000002ad04841800, 0x000002ad0483e000, 0x000002ad0483f000, 0x000002ad04845800,
0x000002ad04843800, 0x000002ad0483f800, 0x000002ad04848000, 0x000002ad04846000,
0x000002ad04844800, 0x000002ad04847000, 0x000002ad04842000, 0x000002ad04848800,
0x000002ad04843000, 0x000002ad04849800, 0x000002ad0484a800, 0x000002ad0484b000,
0x000002ad0484c000, 0x000002ad0484c800, 0x000002ad0609b000, 0x000002ad0609b800,
0x000002ad0609a000, 0x000002ad0609e000, 0x000002ad0609f000, 0x000002ad06099000,
0x000002ad0609c800, 0x000002ad0609d800, 0x000002ad0609f800, 0x000002ad060a2000,
0x000002ad060a5800, 0x000002ad060a1800, 0x000002ad060a4000, 0x000002ad060a4800,
0x000002ad060a6800, 0x000002ad060a0800, 0x000002ad060a3000, 0x000002ad060a7000,
0x000002ad060a8000, 0x000002ad06254800, 0x000002ad06255000, 0x000002ad06257800,
0x000002ad06259000, 0x000002ad0625a000, 0x000002ad06256000, 0x000002ad0625b000,
0x000002ad0625b800, 0x000002ad06258800, 0x000002ad0625c800, 0x000002ad06257000,
0x000002ad06263000, 0x000002ad0625d800, 0x000002ad06262000, 0x000002ad0625e000,
0x000002ad06260800, 0x000002ad0625f000, 0x000002ad06260000, 0x000002ad06261800,
0x000002ad069c4800, 0x000002ad069c7000, 0x000002ad069c1800, 0x000002ad069c8000,
0x000002ad069c5800, 0x000002ad069c2000, 0x000002ad069c6000, 0x000002ad069c8800,
0x000002ad069c3000, 0x000002ad069c9800, 0x000002ad069c3800, 0x000002ad069cb000,
0x000002ad069cd800, 0x000002ad069ca800, 0x000002ad069cc000, 0x000002ad069d0000,
0x000002ad069cc800
}

Java Threads: ( => current thread )
  0x000002ad65b9f000 JavaThread "main" [_thread_blocked, id=22340, stack(0x000000dbcf800000,0x000000dbcf900000)]
  0x000002ad00a57800 JavaThread "Reference Handler" daemon [_thread_blocked, id=2880, stack(0x000000dbcff00000,0x000000dbd0000000)]
  0x000002ad00a61000 JavaThread "Finalizer" daemon [_thread_blocked, id=18468, stack(0x000000dbd0000000,0x000000dbd0100000)]
  0x000002ad00ac8800 JavaThread "Signal Dispatcher" daemon [_thread_blocked, id=20784, stack(0x000000dbd0100000,0x000000dbd0200000)]
  0x000002ad00ac9800 JavaThread "Attach Listener" daemon [_thread_blocked, id=18180, stack(0x000000dbd0200000,0x000000dbd0300000)]
  0x000002ad00acb000 JavaThread "Service Thread" daemon [_thread_blocked, id=8952, stack(0x000000dbd0300000,0x000000dbd0400000)]
  0x000002ad00ad0000 JavaThread "C2 CompilerThread0" daemon [_thread_in_native, id=12896, stack(0x000000dbd0400000,0x000000dbd0500000)]
  0x000002ad00ad9000 JavaThread "C1 CompilerThread0" daemon [_thread_blocked, id=14456, stack(0x000000dbd0500000,0x000000dbd0600000)]
  0x000002ad00add800 JavaThread "Sweeper thread" daemon [_thread_blocked, id=1824, stack(0x000000dbd0600000,0x000000dbd0700000)]
  0x000002ad00c7f800 JavaThread "Common-Cleaner" daemon [_thread_blocked, id=13856, stack(0x000000dbd0700000,0x000000dbd0800000)]
  0x000002ad03281000 JavaThread "Daemon health stats" [_thread_blocked, id=5684, stack(0x000000dbd1000000,0x000000dbd1100000)]
  0x000002ad00ee6800 JavaThread "Incoming local TCP Connector on port 53028" [_thread_in_native, id=11404, stack(0x000000dbd1100000,0x000000dbd1200000)]
  0x000002ad01a0d800 JavaThread "Daemon periodic checks" [_thread_blocked, id=17552, stack(0x000000dbd1300000,0x000000dbd1400000)]
  0x000002ad028d0800 JavaThread "Daemon" [_thread_blocked, id=12292, stack(0x000000dbd1400000,0x000000dbd1500000)]
  0x000002ad02a56000 JavaThread "Handler for socket connection from /127.0.0.1:53028 to /127.0.0.1:53029" [_thread_in_native, id=17400, stack(0x000000dbd1500000,0x000000dbd1600000)]
  0x000002ad033bb800 JavaThread "Cancel handler" [_thread_blocked, id=1456, stack(0x000000dbd1600000,0x000000dbd1700000)]
  0x000002ad02dae000 JavaThread "Daemon worker" [_thread_in_vm, id=17060, stack(0x000000dbd1700000,0x000000dbd1800000)]
  0x000002ad030f1000 JavaThread "Asynchronous log dispatcher for DefaultDaemonConnection: socket connection from /127.0.0.1:53028 to /127.0.0.1:53029" [_thread_blocked, id=15680, stack(0x000000dbd1800000,0x000000dbd1900000)]
  0x000002ad023fc000 JavaThread "Stdin handler" [_thread_blocked, id=8776, stack(0x000000dbd1900000,0x000000dbd1a00000)]
  0x000002ad02362000 JavaThread "Thread-8" [_thread_blocked, id=10364, stack(0x000000dbd1a00000,0x000000dbd1b00000)]
  0x000002ad02361000 JavaThread "Cache worker for file hash cache (C:\Users\justine\.gradle\caches\6.7.1\fileHashes)" [_thread_blocked, id=20884, stack(0x000000dbd1b00000,0x000000dbd1c00000)]
  0x000002ad02364800 JavaThread "File lock request listener" [_thread_in_native, id=7916, stack(0x000000dbd1c00000,0x000000dbd1d00000)]
  0x000002ad02365000 JavaThread "Cache worker for journal cache (C:\Users\justine\.gradle\caches\journal-1)" [_thread_blocked, id=16560, stack(0x000000dbd1f00000,0x000000dbd2000000)]
  0x000002ad03ce1800 JavaThread "C2 CompilerThread1" daemon [_thread_blocked, id=19988, stack(0x000000dbd2000000,0x000000dbd2100000)]
=>0x000002ad03439000 JavaThread "C2 CompilerThread2" daemon [_thread_in_native, id=3272, stack(0x000000dbd2100000,0x000000dbd2200000)]
  0x000002ad02366000 JavaThread "Cache worker for file hash cache (C:\Users\justine\AndroidStudioProjects\IQCAPPLICATION\.gradle\6.7.1\fileHashes)" [_thread_blocked, id=13424, stack(0x000000dbd2200000,0x000000dbd2300000)]
  0x000002ad02363800 JavaThread "jar transforms" [_thread_blocked, id=21456, stack(0x000000dbd2300000,0x000000dbd2400000)]
  0x000002ad02363000 JavaThread "jar transforms Thread 2" [_thread_blocked, id=11080, stack(0x000000dbd2400000,0x000000dbd2500000)]
  0x000002ad02360800 JavaThread "jar transforms Thread 3" [_thread_blocked, id=16124, stack(0x000000dbd2500000,0x000000dbd2600000)]
  0x000002ad02367000 JavaThread "jar transforms Thread 4" [_thread_blocked, id=20020, stack(0x000000dbd2600000,0x000000dbd2700000)]
  0x000002ad04706800 JavaThread "jar transforms Thread 5" [_thread_blocked, id=5452, stack(0x000000dbd2700000,0x000000dbd2800000)]
  0x000002ad04709000 JavaThread "jar transforms Thread 6" [_thread_blocked, id=21564, stack(0x000000dbd2800000,0x000000dbd2900000)]
  0x000002ad04709800 JavaThread "Cache worker for checksums cache (C:\Users\justine\AndroidStudioProjects\IQCAPPLICATION\.gradle\checksums)" [_thread_blocked, id=4876, stack(0x000000dbd2900000,0x000000dbd2a00000)]
  0x000002ad0470a800 JavaThread "Cache worker for cache directory md-supplier (C:\Users\justine\.gradle\caches\6.7.1\md-supplier)" [_thread_blocked, id=19448, stack(0x000000dbd2a00000,0x000000dbd2b00000)]
  0x000002ad04707000 JavaThread "Cache worker for cache directory md-rule (C:\Users\justine\.gradle\caches\6.7.1\md-rule)" [_thread_blocked, id=1424, stack(0x000000dbd2b00000,0x000000dbd2c00000)]
  0x000002ad0470b800 JavaThread "Cache worker for execution history cache (C:\Users\justine\.gradle\caches\6.7.1\executionHistory)" [_thread_blocked, id=12624, stack(0x000000dbd2c00000,0x000000dbd2d00000)]
  0x000002ad0470c000 JavaThread "Cache worker for file content cache (C:\Users\justine\.gradle\caches\6.7.1\fileContent)" [_thread_blocked, id=21256, stack(0x000000dbd2d00000,0x000000dbd2e00000)]
  0x000002ad04713800 JavaThread "Cache worker for Build Output Cleanup Cache (C:\Users\justine\AndroidStudioProjects\IQCAPPLICATION\.gradle\buildOutputCleanup)" [_thread_blocked, id=20248, stack(0x000000dbd2e00000,0x000000dbd2f00000)]
  0x000002ad04712000 JavaThread "Build operations" [_thread_blocked, id=2632, stack(0x000000dbd2f00000,0x000000dbd3000000)]
  0x000002ad04710000 JavaThread "Build operations Thread 2" [_thread_blocked, id=13652, stack(0x000000dbd3000000,0x000000dbd3100000)]
  0x000002ad04714000 JavaThread "Build operations Thread 3" [_thread_blocked, id=20512, stack(0x000000dbd3100000,0x000000dbd3200000)]
  0x000002ad0470f800 JavaThread "Build operations Thread 4" [_thread_blocked, id=11256, stack(0x000000dbd3200000,0x000000dbd3300000)]
  0x000002ad0470e800 JavaThread "Build operations Thread 5" [_thread_blocked, id=15656, stack(0x000000dbd3300000,0x000000dbd3400000)]
  0x000002ad04711000 JavaThread "Build operations Thread 6" [_thread_blocked, id=17468, stack(0x000000dbd3400000,0x000000dbd3500000)]
  0x000002ad06966800 JavaThread "Build operations Thread 7" [_thread_blocked, id=18648, stack(0x000000dbd3500000,0x000000dbd3600000)]
  0x000002ad06964800 JavaThread "Build operations Thread 8" [_thread_blocked, id=18444, stack(0x000000dbd3600000,0x000000dbd3700000)]
  0x000002ad0696a000 JavaThread "jar transforms Thread 7" [_thread_blocked, id=19412, stack(0x000000dbd3700000,0x000000dbd3800000)]
  0x000002ad06967800 JavaThread "jar transforms Thread 8" [_thread_blocked, id=14636, stack(0x000000dbd3800000,0x000000dbd3900000)]
  0x000002ad0696b000 JavaThread "jar transforms Thread 9" [_thread_blocked, id=19424, stack(0x000000dbd3900000,0x000000dbd3a00000)]
  0x000002ad06969000 JavaThread "jar transforms Thread 10" [_thread_blocked, id=6356, stack(0x000000dbd3a00000,0x000000dbd3b00000)]
  0x000002ad06965000 JavaThread "jar transforms Thread 11" [_thread_blocked, id=17652, stack(0x000000dbd3b00000,0x000000dbd3c00000)]
  0x000002ad0696b800 JavaThread "jar transforms Thread 12" [_thread_blocked, id=19676, stack(0x000000dbd3c00000,0x000000dbd3d00000)]
  0x000002ad06966000 JavaThread "jar transforms Thread 13" [_thread_blocked, id=17204, stack(0x000000dbd3d00000,0x000000dbd3e00000)]
  0x000002ad06968800 JavaThread "jar transforms Thread 14" [_thread_blocked, id=10408, stack(0x000000dbd3e00000,0x000000dbd3f00000)]
  0x000002ad0696f000 JavaThread "jar transforms Thread 15" [_thread_blocked, id=17820, stack(0x000000dbd3f00000,0x000000dbd4000000)]
  0x000002ad0696c800 JavaThread "jar transforms Thread 16" [_thread_blocked, id=16132, stack(0x000000dbd4000000,0x000000dbd4100000)]
  0x000002ad0696d800 JavaThread "jar transforms Thread 17" [_thread_blocked, id=16156, stack(0x000000dbd4100000,0x000000dbd4200000)]
  0x000002ad06970800 JavaThread "jar transforms Thread 18" [_thread_blocked, id=6056, stack(0x000000dbd4200000,0x000000dbd4300000)]
  0x000002ad0696f800 JavaThread "jar transforms Thread 19" [_thread_blocked, id=15812, stack(0x000000dbd4300000,0x000000dbd4400000)]
  0x000002ad06971800 JavaThread "jar transforms Thread 20" [_thread_blocked, id=19532, stack(0x000000dbd4400000,0x000000dbd4500000)]
  0x000002ad0696e000 JavaThread "jar transforms Thread 21" [_thread_blocked, id=12916, stack(0x000000dbd4500000,0x000000dbd4600000)]
  0x000002ad06972000 JavaThread "jar transforms Thread 22" [_thread_blocked, id=21680, stack(0x000000dbd4600000,0x000000dbd4700000)]
  0x000002ad06973000 JavaThread "jar transforms Thread 23" [_thread_blocked, id=5940, stack(0x000000dbd4700000,0x000000dbd4800000)]
  0x000002ad04840800 JavaThread "jar transforms Thread 24" [_thread_blocked, id=11088, stack(0x000000dbd4800000,0x000000dbd4900000)]
  0x000002ad04841800 JavaThread "jar transforms Thread 25" [_thread_blocked, id=13952, stack(0x000000dbd4900000,0x000000dbd4a00000)]
  0x000002ad0483e000 JavaThread "jar transforms Thread 26" [_thread_blocked, id=13452, stack(0x000000dbd4a00000,0x000000dbd4b00000)]
  0x000002ad0483f000 JavaThread "jar transforms Thread 27" [_thread_blocked, id=17772, stack(0x000000dbd4b00000,0x000000dbd4c00000)]
  0x000002ad04845800 JavaThread "jar transforms Thread 28" [_thread_blocked, id=21608, stack(0x000000dbd4c00000,0x000000dbd4d00000)]
  0x000002ad04843800 JavaThread "jar transforms Thread 29" [_thread_blocked, id=3212, stack(0x000000dbd4d00000,0x000000dbd4e00000)]
  0x000002ad0483f800 JavaThread "jar transforms Thread 30" [_thread_blocked, id=14000, stack(0x000000dbd4e00000,0x000000dbd4f00000)]
  0x000002ad04848000 JavaThread "jar transforms Thread 31" [_thread_blocked, id=21604, stack(0x000000dbd4f00000,0x000000dbd5000000)]
  0x000002ad04846000 JavaThread "jar transforms Thread 32" [_thread_blocked, id=22436, stack(0x000000dbd5000000,0x000000dbd5100000)]
  0x000002ad04844800 JavaThread "jar transforms Thread 33" [_thread_blocked, id=10572, stack(0x000000dbd5100000,0x000000dbd5200000)]
  0x000002ad04847000 JavaThread "jar transforms Thread 34" [_thread_blocked, id=19944, stack(0x000000dbd5200000,0x000000dbd5300000)]
  0x000002ad04842000 JavaThread "jar transforms Thread 35" [_thread_blocked, id=17264, stack(0x000000dbd5300000,0x000000dbd5400000)]
  0x000002ad04848800 JavaThread "jar transforms Thread 36" [_thread_blocked, id=2408, stack(0x000000dbd5400000,0x000000dbd5500000)]
  0x000002ad04843000 JavaThread "jar transforms Thread 37" [_thread_blocked, id=15260, stack(0x000000dbd5500000,0x000000dbd5600000)]
  0x000002ad04849800 JavaThread "jar transforms Thread 38" [_thread_blocked, id=17760, stack(0x000000dbd5600000,0x000000dbd5700000)]
  0x000002ad0484a800 JavaThread "jar transforms Thread 39" [_thread_blocked, id=6392, stack(0x000000dbd5700000,0x000000dbd5800000)]
  0x000002ad0484b000 JavaThread "jar transforms Thread 40" [_thread_blocked, id=21224, stack(0x000000dbd5800000,0x000000dbd5900000)]
  0x000002ad0484c000 JavaThread "jar transforms Thread 41" [_thread_blocked, id=13692, stack(0x000000dbd5900000,0x000000dbd5a00000)]
  0x000002ad0484c800 JavaThread "jar transforms Thread 42" [_thread_blocked, id=21356, stack(0x000000dbd5a00000,0x000000dbd5b00000)]
  0x000002ad0609b000 JavaThread "jar transforms Thread 43" [_thread_blocked, id=18140, stack(0x000000dbd5b00000,0x000000dbd5c00000)]
  0x000002ad0609b800 JavaThread "jar transforms Thread 44" [_thread_blocked, id=17064, stack(0x000000dbd5c00000,0x000000dbd5d00000)]
  0x000002ad0609a000 JavaThread "jar transforms Thread 45" [_thread_blocked, id=12316, stack(0x000000dbd5d00000,0x000000dbd5e00000)]
  0x000002ad0609e000 JavaThread "jar transforms Thread 46" [_thread_blocked, id=6916, stack(0x000000dbd5e00000,0x000000dbd5f00000)]
  0x000002ad0609f000 JavaThread "jar transforms Thread 47" [_thread_blocked, id=20900, stack(0x000000dbd5f00000,0x000000dbd6000000)]
  0x000002ad06099000 JavaThread "jar transforms Thread 48" [_thread_blocked, id=22380, stack(0x000000dbd6000000,0x000000dbd6100000)]
  0x000002ad0609c800 JavaThread "jar transforms Thread 49" [_thread_blocked, id=18948, stack(0x000000dbd6100000,0x000000dbd6200000)]
  0x000002ad0609d800 JavaThread "jar transforms Thread 50" [_thread_blocked, id=14444, stack(0x000000dbd6200000,0x000000dbd6300000)]
  0x000002ad0609f800 JavaThread "jar transforms Thread 51" [_thread_blocked, id=11244, stack(0x000000dbd6300000,0x000000dbd6400000)]
  0x000002ad060a2000 JavaThread "jar transforms Thread 52" [_thread_blocked, id=17200, stack(0x000000dbd6400000,0x000000dbd6500000)]
  0x000002ad060a5800 JavaThread "jar transforms Thread 53" [_thread_blocked, id=8584, stack(0x000000dbd6500000,0x000000dbd6600000)]
  0x000002ad060a1800 JavaThread "jar transforms Thread 54" [_thread_blocked, id=21820, stack(0x000000dbd6600000,0x000000dbd6700000)]
  0x000002ad060a4000 JavaThread "jar transforms Thread 55" [_thread_blocked, id=19712, stack(0x000000dbd6700000,0x000000dbd6800000)]
  0x000002ad060a4800 JavaThread "jar transforms Thread 56" [_thread_blocked, id=21740, stack(0x000000dbd6800000,0x000000dbd6900000)]
  0x000002ad060a6800 JavaThread "jar transforms Thread 57" [_thread_blocked, id=7480, stack(0x000000dbd6900000,0x000000dbd6a00000)]
  0x000002ad060a0800 JavaThread "jar transforms Thread 58" [_thread_blocked, id=10700, stack(0x000000dbd6a00000,0x000000dbd6b00000)]
  0x000002ad060a3000 JavaThread "jar transforms Thread 59" [_thread_blocked, id=15780, stack(0x000000dbd6b00000,0x000000dbd6c00000)]
  0x000002ad060a7000 JavaThread "jar transforms Thread 60" [_thread_blocked, id=1688, stack(0x000000dbd6c00000,0x000000dbd6d00000)]
  0x000002ad060a8000 JavaThread "jar transforms Thread 61" [_thread_blocked, id=2620, stack(0x000000dbd6d00000,0x000000dbd6e00000)]
  0x000002ad06254800 JavaThread "jar transforms Thread 62" [_thread_blocked, id=20520, stack(0x000000dbd6e00000,0x000000dbd6f00000)]
  0x000002ad06255000 JavaThread "jar transforms Thread 63" [_thread_blocked, id=2168, stack(0x000000dbd6f00000,0x000000dbd7000000)]
  0x000002ad06257800 JavaThread "jar transforms Thread 64" [_thread_blocked, id=6376, stack(0x000000dbd7000000,0x000000dbd7100000)]
  0x000002ad06259000 JavaThread "jar transforms Thread 65" [_thread_blocked, id=8056, stack(0x000000dbd7100000,0x000000dbd7200000)]
  0x000002ad0625a000 JavaThread "jar transforms Thread 66" [_thread_blocked, id=7568, stack(0x000000dbd7200000,0x000000dbd7300000)]
  0x000002ad06256000 JavaThread "jar transforms Thread 67" [_thread_blocked, id=15088, stack(0x000000dbd7300000,0x000000dbd7400000)]
  0x000002ad0625b000 JavaThread "jar transforms Thread 68" [_thread_blocked, id=21260, stack(0x000000dbd7400000,0x000000dbd7500000)]
  0x000002ad0625b800 JavaThread "jar transforms Thread 69" [_thread_blocked, id=7428, stack(0x000000dbd7500000,0x000000dbd7600000)]
  0x000002ad06258800 JavaThread "jar transforms Thread 70" [_thread_blocked, id=17372, stack(0x000000dbd7600000,0x000000dbd7700000)]
  0x000002ad0625c800 JavaThread "jar transforms Thread 71" [_thread_blocked, id=21864, stack(0x000000dbd7700000,0x000000dbd7800000)]
  0x000002ad06257000 JavaThread "jar transforms Thread 72" [_thread_blocked, id=6636, stack(0x000000dbd7800000,0x000000dbd7900000)]
  0x000002ad06263000 JavaThread "jar transforms Thread 73" [_thread_blocked, id=15184, stack(0x000000dbd7900000,0x000000dbd7a00000)]
  0x000002ad0625d800 JavaThread "jar transforms Thread 74" [_thread_blocked, id=13640, stack(0x000000dbd7a00000,0x000000dbd7b00000)]
  0x000002ad06262000 JavaThread "jar transforms Thread 75" [_thread_blocked, id=11028, stack(0x000000dbd7b00000,0x000000dbd7c00000)]
  0x000002ad0625e000 JavaThread "jar transforms Thread 76" [_thread_blocked, id=22232, stack(0x000000dbd7c00000,0x000000dbd7d00000)]
  0x000002ad06260800 JavaThread "jar transforms Thread 77" [_thread_blocked, id=13356, stack(0x000000dbd7d00000,0x000000dbd7e00000)]
  0x000002ad0625f000 JavaThread "jar transforms Thread 78" [_thread_blocked, id=5444, stack(0x000000dbd7e00000,0x000000dbd7f00000)]
  0x000002ad06260000 JavaThread "jar transforms Thread 79" [_thread_blocked, id=11736, stack(0x000000dbd7f00000,0x000000dbd8000000)]
  0x000002ad06261800 JavaThread "jar transforms Thread 80" [_thread_blocked, id=3312, stack(0x000000dbd8000000,0x000000dbd8100000)]
  0x000002ad069c4800 JavaThread "jar transforms Thread 81" [_thread_blocked, id=7592, stack(0x000000dbd8100000,0x000000dbd8200000)]
  0x000002ad069c7000 JavaThread "jar transforms Thread 82" [_thread_blocked, id=16856, stack(0x000000dbd8200000,0x000000dbd8300000)]
  0x000002ad069c1800 JavaThread "jar transforms Thread 83" [_thread_blocked, id=10712, stack(0x000000dbd8300000,0x000000dbd8400000)]
  0x000002ad069c8000 JavaThread "jar transforms Thread 84" [_thread_blocked, id=21880, stack(0x000000dbd8400000,0x000000dbd8500000)]
  0x000002ad069c5800 JavaThread "jar transforms Thread 85" [_thread_blocked, id=19516, stack(0x000000dbd8500000,0x000000dbd8600000)]
  0x000002ad069c2000 JavaThread "jar transforms Thread 86" [_thread_blocked, id=5796, stack(0x000000dbd8600000,0x000000dbd8700000)]
  0x000002ad069c6000 JavaThread "jar transforms Thread 87" [_thread_blocked, id=17272, stack(0x000000dbd8700000,0x000000dbd8800000)]
  0x000002ad069c8800 JavaThread "jar transforms Thread 88" [_thread_blocked, id=9724, stack(0x000000dbd8800000,0x000000dbd8900000)]
  0x000002ad069c3000 JavaThread "jar transforms Thread 89" [_thread_blocked, id=7180, stack(0x000000dbd8900000,0x000000dbd8a00000)]
  0x000002ad069c9800 JavaThread "jar transforms Thread 90" [_thread_blocked, id=6852, stack(0x000000dbd8a00000,0x000000dbd8b00000)]
  0x000002ad069c3800 JavaThread "jar transforms Thread 91" [_thread_blocked, id=10576, stack(0x000000dbd8b00000,0x000000dbd8c00000)]
  0x000002ad069cb000 JavaThread "jar transforms Thread 92" [_thread_blocked, id=5280, stack(0x000000dbd8c00000,0x000000dbd8d00000)]
  0x000002ad069cd800 JavaThread "jar transforms Thread 93" [_thread_blocked, id=8672, stack(0x000000dbd8d00000,0x000000dbd8e00000)]
  0x000002ad069ca800 JavaThread "jar transforms Thread 94" [_thread_blocked, id=15052, stack(0x000000dbd8e00000,0x000000dbd8f00000)]
  0x000002ad069cc000 JavaThread "jar transforms Thread 95" [_thread_blocked, id=20156, stack(0x000000dbd8f00000,0x000000dbd9000000)]
  0x000002ad069d0000 JavaThread "jar transforms Thread 96" [_thread_blocked, id=11572, stack(0x000000dbd9000000,0x000000dbd9100000)]
  0x000002ad069cc800 JavaThread "jar transforms Thread 97" [_thread_blocked, id=11104, stack(0x000000dbd9100000,0x000000dbd9200000)]

Other Threads:
  0x000002ad00a53800 VMThread "VM Thread" [stack: 0x000000dbcfe00000,0x000000dbcff00000] [id=2500]
  0x000002ad00c81800 WatcherThread [stack: 0x000000dbd0800000,0x000000dbd0900000] [id=12884]
  0x000002ad65bb7000 GCTaskThread "GC Thread#0" [stack: 0x000000dbcf900000,0x000000dbcfa00000] [id=20772]
  0x000002ad018ee800 GCTaskThread "GC Thread#1" [stack: 0x000000dbd0b00000,0x000000dbd0c00000] [id=18236]
  0x000002ad01a11000 GCTaskThread "GC Thread#2" [stack: 0x000000dbd0c00000,0x000000dbd0d00000] [id=12116]
  0x000002ad01831800 GCTaskThread "GC Thread#3" [stack: 0x000000dbd0d00000,0x000000dbd0e00000] [id=1580]
  0x000002ad01684800 GCTaskThread "GC Thread#4" [stack: 0x000000dbd0e00000,0x000000dbd0f00000] [id=20220]
  0x000002ad01b67000 GCTaskThread "GC Thread#5" [stack: 0x000000dbd0f00000,0x000000dbd1000000] [id=19540]
  0x000002ad021e6000 GCTaskThread "GC Thread#6" [stack: 0x000000dbd1200000,0x000000dbd1300000] [id=21044]
  0x000002ad0237a800 GCTaskThread "GC Thread#7" [stack: 0x000000dbd1d00000,0x000000dbd1e00000] [id=20940]
  0x000002ad65bea000 ConcurrentGCThread "G1 Main Marker" [stack: 0x000000dbcfa00000,0x000000dbcfb00000] [id=12780]
  0x000002ad65bed800 ConcurrentGCThread "G1 Conc#0" [stack: 0x000000dbcfb00000,0x000000dbcfc00000] [id=21008]
  0x000002ad01f11800 ConcurrentGCThread "G1 Conc#1" [stack: 0x000000dbd1e00000,0x000000dbd1f00000] [id=3228]
  0x000002ad65c7e000 ConcurrentGCThread "G1 Refine#0" [stack: 0x000000dbcfc00000,0x000000dbcfd00000] [id=22220]
  0x000002ad000a4800 ConcurrentGCThread "G1 Young RemSet Sampling" [stack: 0x000000dbcfd00000,0x000000dbcfe00000] [id=5864]

Threads with active compile tasks:
C2 CompilerThread0   5102 4726       4       org.gradle.internal.service.DefaultServiceRegistry$OwnServices::getService (309 bytes)
C2 CompilerThread2   5102 4552       4       java.lang.invoke.MethodType::makeImpl (108 bytes)

VM state:not at safepoint (normal execution)

VM Mutex/Monitor currently owned by a thread: None

Heap address: 0x0000000080000000, size: 2048 MB, Compressed Oops mode: 32-bit
Narrow klass base: 0x0000000000000000, Narrow klass shift: 3
Compressed class space size: 1073741824 Address: 0x0000000100000000

Heap:
 garbage-first heap   total 256000K, used 123644K [0x0000000080000000, 0x0000000100000000)
  region size 1024K, 100 young (102400K), 12 survivors (12288K)
 Metaspace       used 51135K, capacity 52498K, committed 52608K, reserved 1095680K
  class space    used 6509K, capacity 7005K, committed 7040K, reserved 1048576K
Heap Regions: E=young(eden), S=young(survivor), O=old, HS=humongous(starts), HC=humongous(continues), CS=collection set, F=free, A=archive, TAMS=top-at-mark-start (previous, next)
|   0|0x0000000080000000, 0x0000000080100000, 0x0000000080100000|100%|HS|  |TAMS 0x0000000080100000, 0x0000000080000000| Complete 
|   1|0x0000000080100000, 0x0000000080200000, 0x0000000080200000|100%|HC|  |TAMS 0x0000000080200000, 0x0000000080100000| Complete 
|   2|0x0000000080200000, 0x0000000080300000, 0x0000000080300000|100%| O|  |TAMS 0x0000000080300000, 0x0000000080200000| Untracked 
|   3|0x0000000080300000, 0x0000000080400000, 0x0000000080400000|100%|HS|  |TAMS 0x0000000080400000, 0x0000000080300000| Complete 
|   4|0x0000000080400000, 0x0000000080500000, 0x0000000080500000|100%|HC|  |TAMS 0x0000000080500000, 0x0000000080400000| Complete 
|   5|0x0000000080500000, 0x0000000080600000, 0x0000000080600000|100%|HC|  |TAMS 0x0000000080600000, 0x0000000080500000| Complete 
|   6|0x0000000080600000, 0x0000000080700000, 0x0000000080700000|100%| O|  |TAMS 0x0000000080700000, 0x0000000080600000| Untracked 
|   7|0x0000000080700000, 0x0000000080800000, 0x0000000080800000|100%| O|  |TAMS 0x0000000080800000, 0x0000000080700000| Untracked 
|   8|0x0000000080800000, 0x0000000080900000, 0x0000000080900000|100%| O|  |TAMS 0x0000000080900000, 0x0000000080800000| Untracked 
|   9|0x0000000080900000, 0x0000000080a00000, 0x0000000080a00000|100%|HS|  |TAMS 0x0000000080a00000, 0x0000000080900000| Complete 
|  10|0x0000000080a00000, 0x0000000080b00000, 0x0000000080b00000|100%|HC|  |TAMS 0x0000000080b00000, 0x0000000080a00000| Complete 
|  11|0x0000000080b00000, 0x0000000080c00000, 0x0000000080c00000|100%|HC|  |TAMS 0x0000000080c00000, 0x0000000080b00000| Complete 
|  12|0x0000000080c00000, 0x0000000080d00000, 0x0000000080d00000|100%| O|  |TAMS 0x0000000080d00000, 0x0000000080c00000| Untracked 
|  13|0x0000000080d00000, 0x0000000080e00000, 0x0000000080e00000|100%| O|  |TAMS 0x0000000080e00000, 0x0000000080d00000| Untracked 
|  14|0x0000000080e00000, 0x0000000080f00000, 0x0000000080f00000|100%| O|  |TAMS 0x0000000080f00000, 0x0000000080e00000| Untracked 
|  15|0x0000000080f00000, 0x0000000081000000, 0x0000000081000000|100%| O|  |TAMS 0x0000000081000000, 0x0000000080f00000| Untracked 
|  16|0x0000000081000000, 0x0000000081100000, 0x0000000081100000|100%| O|  |TAMS 0x0000000081100000, 0x0000000081000000| Untracked 
|  17|0x0000000081100000, 0x0000000081200000, 0x0000000081200000|100%| O|  |TAMS 0x0000000081200000, 0x0000000081100000| Untracked 
|  18|0x0000000081200000, 0x0000000081300000, 0x0000000081300000|100%| O|  |TAMS 0x0000000081300000, 0x0000000081200000| Untracked 
|  19|0x0000000081300000, 0x0000000081400000, 0x0000000081400000|100%| O|  |TAMS 0x0000000081400000, 0x0000000081300000| Untracked 
|  20|0x0000000081400000, 0x00000000814a1c00, 0x0000000081500000| 63%| O|  |TAMS 0x00000000814a1c00, 0x0000000081400000| Untracked 
|  21|0x0000000081500000, 0x0000000081600000, 0x0000000081600000|100%|HS|  |TAMS 0x0000000081500000, 0x0000000081500000| Complete 
|  22|0x0000000081600000, 0x0000000081700000, 0x0000000081700000|100%|HS|  |TAMS 0x0000000081600000, 0x0000000081600000| Complete 
|  23|0x0000000081700000, 0x0000000081800000, 0x0000000081800000|100%|HC|  |TAMS 0x0000000081700000, 0x0000000081700000| Complete 
|  24|0x0000000081800000, 0x0000000081800000, 0x0000000081900000|  0%| F|  |TAMS 0x0000000081800000, 0x0000000081800000| Untracked 
|  25|0x0000000081900000, 0x0000000081900000, 0x0000000081a00000|  0%| F|  |TAMS 0x0000000081900000, 0x0000000081900000| Untracked 
|  26|0x0000000081a00000, 0x0000000081a00000, 0x0000000081b00000|  0%| F|  |TAMS 0x0000000081a00000, 0x0000000081a00000| Untracked 
|  27|0x0000000081b00000, 0x0000000081b00000, 0x0000000081c00000|  0%| F|  |TAMS 0x0000000081b00000, 0x0000000081b00000| Untracked 
|  28|0x0000000081c00000, 0x0000000081c00000, 0x0000000081d00000|  0%| F|  |TAMS 0x0000000081c00000, 0x0000000081c00000| Untracked 
|  29|0x0000000081d00000, 0x0000000081d00000, 0x0000000081e00000|  0%| F|  |TAMS 0x0000000081d00000, 0x0000000081d00000| Untracked 
|  30|0x0000000081e00000, 0x0000000081e00000, 0x0000000081f00000|  0%| F|  |TAMS 0x0000000081e00000, 0x0000000081e00000| Untracked 
|  31|0x0000000081f00000, 0x0000000081f00000, 0x0000000082000000|  0%| F|  |TAMS 0x0000000081f00000, 0x0000000081f00000| Untracked 
|  32|0x0000000082000000, 0x0000000082000000, 0x0000000082100000|  0%| F|  |TAMS 0x0000000082000000, 0x0000000082000000| Untracked 
|  33|0x0000000082100000, 0x0000000082100000, 0x0000000082200000|  0%| F|  |TAMS 0x0000000082100000, 0x0000000082100000| Untracked 
|  34|0x0000000082200000, 0x0000000082200000, 0x0000000082300000|  0%| F|  |TAMS 0x0000000082200000, 0x0000000082200000| Untracked 
|  35|0x0000000082300000, 0x0000000082300000, 0x0000000082400000|  0%| F|  |TAMS 0x0000000082300000, 0x0000000082300000| Untracked 
|  36|0x0000000082400000, 0x0000000082400000, 0x0000000082500000|  0%| F|  |TAMS 0x0000000082400000, 0x0000000082400000| Untracked 
|  37|0x0000000082500000, 0x0000000082500000, 0x0000000082600000|  0%| F|  |TAMS 0x0000000082500000, 0x0000000082500000| Untracked 
|  38|0x0000000082600000, 0x0000000082600000, 0x0000000082700000|  0%| F|  |TAMS 0x0000000082600000, 0x0000000082600000| Untracked 
|  39|0x0000000082700000, 0x0000000082700000, 0x0000000082800000|  0%| F|  |TAMS 0x0000000082700000, 0x0000000082700000| Untracked 
|  40|0x0000000082800000, 0x0000000082800000, 0x0000000082900000|  0%| F|  |TAMS 0x0000000082800000, 0x0000000082800000| Untracked 
|  41|0x0000000082900000, 0x0000000082900000, 0x0000000082a00000|  0%| F|  |TAMS 0x0000000082900000, 0x0000000082900000| Untracked 
|  42|0x0000000082a00000, 0x0000000082a00000, 0x0000000082b00000|  0%| F|  |TAMS 0x0000000082a00000, 0x0000000082a00000| Untracked 
|  43|0x0000000082b00000, 0x0000000082b00000, 0x0000000082c00000|  0%| F|  |TAMS 0x0000000082b00000, 0x0000000082b00000| Untracked 
|  44|0x0000000082c00000, 0x0000000082c00000, 0x0000000082d00000|  0%| F|  |TAMS 0x0000000082c00000, 0x0000000082c00000| Untracked 
|  45|0x0000000082d00000, 0x0000000082d00000, 0x0000000082e00000|  0%| F|  |TAMS 0x0000000082d00000, 0x0000000082d00000| Untracked 
|  46|0x0000000082e00000, 0x0000000082e00000, 0x0000000082f00000|  0%| F|  |TAMS 0x0000000082e00000, 0x0000000082e00000| Untracked 
|  47|0x0000000082f00000, 0x0000000082f00000, 0x0000000083000000|  0%| F|  |TAMS 0x0000000082f00000, 0x0000000082f00000| Untracked 
|  48|0x0000000083000000, 0x0000000083000000, 0x0000000083100000|  0%| F|  |TAMS 0x0000000083000000, 0x0000000083000000| Untracked 
|  49|0x0000000083100000, 0x0000000083100000, 0x0000000083200000|  0%| F|  |TAMS 0x0000000083100000, 0x0000000083100000| Untracked 
|  50|0x0000000083200000, 0x0000000083200000, 0x0000000083300000|  0%| F|  |TAMS 0x0000000083200000, 0x0000000083200000| Untracked 
|  51|0x0000000083300000, 0x0000000083300000, 0x0000000083400000|  0%| F|  |TAMS 0x0000000083300000, 0x0000000083300000| Untracked 
|  52|0x0000000083400000, 0x0000000083400000, 0x0000000083500000|  0%| F|  |TAMS 0x0000000083400000, 0x0000000083400000| Untracked 
|  53|0x0000000083500000, 0x0000000083500000, 0x0000000083600000|  0%| F|  |TAMS 0x0000000083500000, 0x0000000083500000| Untracked 
|  54|0x0000000083600000, 0x0000000083600000, 0x0000000083700000|  0%| F|  |TAMS 0x0000000083600000, 0x0000000083600000| Untracked 
|  55|0x0000000083700000, 0x0000000083700000, 0x0000000083800000|  0%| F|  |TAMS 0x0000000083700000, 0x0000000083700000| Untracked 
|  56|0x0000000083800000, 0x0000000083800000, 0x0000000083900000|  0%| F|  |TAMS 0x0000000083800000, 0x0000000083800000| Untracked 
|  57|0x0000000083900000, 0x0000000083900000, 0x0000000083a00000|  0%| F|  |TAMS 0x0000000083900000, 0x0000000083900000| Untracked 
|  58|0x0000000083a00000, 0x0000000083a00000, 0x0000000083b00000|  0%| F|  |TAMS 0x0000000083a00000, 0x0000000083a00000| Untracked 
|  59|0x0000000083b00000, 0x0000000083b00000, 0x0000000083c00000|  0%| F|  |TAMS 0x0000000083b00000, 0x0000000083b00000| Untracked 
|  60|0x0000000083c00000, 0x0000000083c00000, 0x0000000083d00000|  0%| F|  |TAMS 0x0000000083c00000, 0x0000000083c00000| Untracked 
|  61|0x0000000083d00000, 0x0000000083d00000, 0x0000000083e00000|  0%| F|  |TAMS 0x0000000083d00000, 0x0000000083d00000| Untracked 
|  62|0x0000000083e00000, 0x0000000083e00000, 0x0000000083f00000|  0%| F|  |TAMS 0x0000000083e00000, 0x0000000083e00000| Untracked 
|  63|0x0000000083f00000, 0x0000000083f00000, 0x0000000084000000|  0%| F|  |TAMS 0x0000000083f00000, 0x0000000083f00000| Untracked 
|  64|0x0000000084000000, 0x0000000084000000, 0x0000000084100000|  0%| F|  |TAMS 0x0000000084000000, 0x0000000084000000| Untracked 
|  65|0x0000000084100000, 0x0000000084100000, 0x0000000084200000|  0%| F|  |TAMS 0x0000000084100000, 0x0000000084100000| Untracked 
|  66|0x0000000084200000, 0x0000000084200000, 0x0000000084300000|  0%| F|  |TAMS 0x0000000084200000, 0x0000000084200000| Untracked 
|  67|0x0000000084300000, 0x0000000084300000, 0x0000000084400000|  0%| F|  |TAMS 0x0000000084300000, 0x0000000084300000| Untracked 
|  68|0x0000000084400000, 0x0000000084400000, 0x0000000084500000|  0%| F|  |TAMS 0x0000000084400000, 0x0000000084400000| Untracked 
|  69|0x0000000084500000, 0x0000000084500000, 0x0000000084600000|  0%| F|  |TAMS 0x0000000084500000, 0x0000000084500000| Untracked 
|  70|0x0000000084600000, 0x0000000084600000, 0x0000000084700000|  0%| F|  |TAMS 0x0000000084600000, 0x0000000084600000| Untracked 
|  71|0x0000000084700000, 0x0000000084700000, 0x0000000084800000|  0%| F|  |TAMS 0x0000000084700000, 0x0000000084700000| Untracked 
|  72|0x0000000084800000, 0x0000000084800000, 0x0000000084900000|  0%| F|  |TAMS 0x0000000084800000, 0x0000000084800000| Untracked 
|  73|0x0000000084900000, 0x0000000084900000, 0x0000000084a00000|  0%| F|  |TAMS 0x0000000084900000, 0x0000000084900000| Untracked 
|  74|0x0000000084a00000, 0x0000000084a00000, 0x0000000084b00000|  0%| F|  |TAMS 0x0000000084a00000, 0x0000000084a00000| Untracked 
|  75|0x0000000084b00000, 0x0000000084b00000, 0x0000000084c00000|  0%| F|  |TAMS 0x0000000084b00000, 0x0000000084b00000| Untracked 
|  76|0x0000000084c00000, 0x0000000084c00000, 0x0000000084d00000|  0%| F|  |TAMS 0x0000000084c00000, 0x0000000084c00000| Untracked 
|  77|0x0000000084d00000, 0x0000000084d00000, 0x0000000084e00000|  0%| F|  |TAMS 0x0000000084d00000, 0x0000000084d00000| Untracked 
|  78|0x0000000084e00000, 0x0000000084e00000, 0x0000000084f00000|  0%| F|  |TAMS 0x0000000084e00000, 0x0000000084e00000| Untracked 
|  79|0x0000000084f00000, 0x0000000084f00000, 0x0000000085000000|  0%| F|  |TAMS 0x0000000084f00000, 0x0000000084f00000| Untracked 
|  80|0x0000000085000000, 0x0000000085000000, 0x0000000085100000|  0%| F|  |TAMS 0x0000000085000000, 0x0000000085000000| Untracked 
|  81|0x0000000085100000, 0x0000000085100000, 0x0000000085200000|  0%| F|  |TAMS 0x0000000085100000, 0x0000000085100000| Untracked 
|  82|0x0000000085200000, 0x0000000085200000, 0x0000000085300000|  0%| F|  |TAMS 0x0000000085200000, 0x0000000085200000| Untracked 
|  83|0x0000000085300000, 0x0000000085300000, 0x0000000085400000|  0%| F|  |TAMS 0x0000000085300000, 0x0000000085300000| Untracked 
|  84|0x0000000085400000, 0x0000000085400000, 0x0000000085500000|  0%| F|  |TAMS 0x0000000085400000, 0x0000000085400000| Untracked 
|  85|0x0000000085500000, 0x0000000085500000, 0x0000000085600000|  0%| F|  |TAMS 0x0000000085500000, 0x0000000085500000| Untracked 
|  86|0x0000000085600000, 0x0000000085600000, 0x0000000085700000|  0%| F|  |TAMS 0x0000000085600000, 0x0000000085600000| Untracked 
|  87|0x0000000085700000, 0x0000000085700000, 0x0000000085800000|  0%| F|  |TAMS 0x0000000085700000, 0x0000000085700000| Untracked 
|  88|0x0000000085800000, 0x0000000085800000, 0x0000000085900000|  0%| F|  |TAMS 0x0000000085800000, 0x0000000085800000| Untracked 
|  89|0x0000000085900000, 0x0000000085900000, 0x0000000085a00000|  0%| F|  |TAMS 0x0000000085900000, 0x0000000085900000| Untracked 
|  90|0x0000000085a00000, 0x0000000085a00000, 0x0000000085b00000|  0%| F|  |TAMS 0x0000000085a00000, 0x0000000085a00000| Untracked 
|  91|0x0000000085b00000, 0x0000000085b00000, 0x0000000085c00000|  0%| F|  |TAMS 0x0000000085b00000, 0x0000000085b00000| Untracked 
|  92|0x0000000085c00000, 0x0000000085c00000, 0x0000000085d00000|  0%| F|  |TAMS 0x0000000085c00000, 0x0000000085c00000| Untracked 
|  93|0x0000000085d00000, 0x0000000085d00000, 0x0000000085e00000|  0%| F|  |TAMS 0x0000000085d00000, 0x0000000085d00000| Untracked 
|  94|0x0000000085e00000, 0x0000000085e00000, 0x0000000085f00000|  0%| F|  |TAMS 0x0000000085e00000, 0x0000000085e00000| Untracked 
|  95|0x0000000085f00000, 0x0000000085f00000, 0x0000000086000000|  0%| F|  |TAMS 0x0000000085f00000, 0x0000000085f00000| Untracked 
|  96|0x0000000086000000, 0x0000000086000000, 0x0000000086100000|  0%| F|  |TAMS 0x0000000086000000, 0x0000000086000000| Untracked 
|  97|0x0000000086100000, 0x0000000086100000, 0x0000000086200000|  0%| F|  |TAMS 0x0000000086100000, 0x0000000086100000| Untracked 
|  98|0x0000000086200000, 0x0000000086200000, 0x0000000086300000|  0%| F|  |TAMS 0x0000000086200000, 0x0000000086200000| Untracked 
|  99|0x0000000086300000, 0x0000000086300000, 0x0000000086400000|  0%| F|  |TAMS 0x0000000086300000, 0x0000000086300000| Untracked 
| 100|0x0000000086400000, 0x0000000086400000, 0x0000000086500000|  0%| F|  |TAMS 0x0000000086400000, 0x0000000086400000| Untracked 
| 101|0x0000000086500000, 0x0000000086500000, 0x0000000086600000|  0%| F|  |TAMS 0x0000000086500000, 0x0000000086500000| Untracked 
| 102|0x0000000086600000, 0x0000000086600000, 0x0000000086700000|  0%| F|  |TAMS 0x0000000086600000, 0x0000000086600000| Untracked 
| 103|0x0000000086700000, 0x0000000086700000, 0x0000000086800000|  0%| F|  |TAMS 0x0000000086700000, 0x0000000086700000| Untracked 
| 104|0x0000000086800000, 0x0000000086800000, 0x0000000086900000|  0%| F|  |TAMS 0x0000000086800000, 0x0000000086800000| Untracked 
| 105|0x0000000086900000, 0x0000000086900000, 0x0000000086a00000|  0%| F|  |TAMS 0x0000000086900000, 0x0000000086900000| Untracked 
| 106|0x0000000086a00000, 0x0000000086a00000, 0x0000000086b00000|  0%| F|  |TAMS 0x0000000086a00000, 0x0000000086a00000| Untracked 
| 107|0x0000000086b00000, 0x0000000086b00000, 0x0000000086c00000|  0%| F|  |TAMS 0x0000000086b00000, 0x0000000086b00000| Untracked 
| 108|0x0000000086c00000, 0x0000000086c00000, 0x0000000086d00000|  0%| F|  |TAMS 0x0000000086c00000, 0x0000000086c00000| Untracked 
| 109|0x0000000086d00000, 0x0000000086d00000, 0x0000000086e00000|  0%| F|  |TAMS 0x0000000086d00000, 0x0000000086d00000| Untracked 
| 110|0x0000000086e00000, 0x0000000086e00000, 0x0000000086f00000|  0%| F|  |TAMS 0x0000000086e00000, 0x0000000086e00000| Untracked 
| 111|0x0000000086f00000, 0x0000000086f00000, 0x0000000087000000|  0%| F|  |TAMS 0x0000000086f00000, 0x0000000086f00000| Untracked 
| 112|0x0000000087000000, 0x0000000087000000, 0x0000000087100000|  0%| F|  |TAMS 0x0000000087000000, 0x0000000087000000| Untracked 
| 113|0x0000000087100000, 0x0000000087100000, 0x0000000087200000|  0%| F|  |TAMS 0x0000000087100000, 0x0000000087100000| Untracked 
| 114|0x0000000087200000, 0x0000000087200000, 0x0000000087300000|  0%| F|  |TAMS 0x0000000087200000, 0x0000000087200000| Untracked 
| 115|0x0000000087300000, 0x0000000087300000, 0x0000000087400000|  0%| F|  |TAMS 0x0000000087300000, 0x0000000087300000| Untracked 
| 116|0x0000000087400000, 0x0000000087400000, 0x0000000087500000|  0%| F|  |TAMS 0x0000000087400000, 0x0000000087400000| Untracked 
| 117|0x0000000087500000, 0x0000000087500000, 0x0000000087600000|  0%| F|  |TAMS 0x0000000087500000, 0x0000000087500000| Untracked 
| 118|0x0000000087600000, 0x0000000087600000, 0x0000000087700000|  0%| F|  |TAMS 0x0000000087600000, 0x0000000087600000| Untracked 
| 119|0x0000000087700000, 0x0000000087700000, 0x0000000087800000|  0%| F|  |TAMS 0x0000000087700000, 0x0000000087700000| Untracked 
| 120|0x0000000087800000, 0x0000000087800000, 0x0000000087900000|  0%| F|  |TAMS 0x0000000087800000, 0x0000000087800000| Untracked 
| 121|0x0000000087900000, 0x0000000087900000, 0x0000000087a00000|  0%| F|  |TAMS 0x0000000087900000, 0x0000000087900000| Untracked 
| 122|0x0000000087a00000, 0x0000000087a00000, 0x0000000087b00000|  0%| F|  |TAMS 0x0000000087a00000, 0x0000000087a00000| Untracked 
| 123|0x0000000087b00000, 0x0000000087b00000, 0x0000000087c00000|  0%| F|  |TAMS 0x0000000087b00000, 0x0000000087b00000| Untracked 
| 124|0x0000000087c00000, 0x0000000087c00000, 0x0000000087d00000|  0%| F|  |TAMS 0x0000000087c00000, 0x0000000087c00000| Untracked 
| 125|0x0000000087d00000, 0x0000000087d00000, 0x0000000087e00000|  0%| F|  |TAMS 0x0000000087d00000, 0x0000000087d00000| Untracked 
| 126|0x0000000087e00000, 0x0000000087e00000, 0x0000000087f00000|  0%| F|  |TAMS 0x0000000087e00000, 0x0000000087e00000| Untracked 
| 127|0x0000000087f00000, 0x0000000087f00000, 0x0000000088000000|  0%| F|  |TAMS 0x0000000087f00000, 0x0000000087f00000| Untracked 
| 128|0x0000000088000000, 0x0000000088000000, 0x0000000088100000|  0%| F|  |TAMS 0x0000000088000000, 0x0000000088000000| Untracked 
| 129|0x0000000088100000, 0x0000000088100000, 0x0000000088200000|  0%| F|  |TAMS 0x0000000088100000, 0x0000000088100000| Untracked 
| 130|0x0000000088200000, 0x0000000088200000, 0x0000000088300000|  0%| F|  |TAMS 0x0000000088200000, 0x0000000088200000| Untracked 
| 131|0x0000000088300000, 0x0000000088300000, 0x0000000088400000|  0%| F|  |TAMS 0x0000000088300000, 0x0000000088300000| Untracked 
| 132|0x0000000088400000, 0x0000000088400000, 0x0000000088500000|  0%| F|  |TAMS 0x0000000088400000, 0x0000000088400000| Untracked 
| 133|0x0000000088500000, 0x000000008851d578, 0x0000000088600000| 11%| S|CS|TAMS 0x0000000088500000, 0x0000000088500000| Complete 
| 134|0x0000000088600000, 0x0000000088700000, 0x0000000088700000|100%| S|CS|TAMS 0x0000000088600000, 0x0000000088600000| Complete 
| 135|0x0000000088700000, 0x0000000088800000, 0x0000000088800000|100%| S|CS|TAMS 0x0000000088700000, 0x0000000088700000| Complete 
| 136|0x0000000088800000, 0x0000000088900000, 0x0000000088900000|100%| S|CS|TAMS 0x0000000088800000, 0x0000000088800000| Complete 
| 137|0x0000000088900000, 0x0000000088a00000, 0x0000000088a00000|100%| S|CS|TAMS 0x0000000088900000, 0x0000000088900000| Complete 
| 138|0x0000000088a00000, 0x0000000088b00000, 0x0000000088b00000|100%| S|CS|TAMS 0x0000000088a00000, 0x0000000088a00000| Complete 
| 139|0x0000000088b00000, 0x0000000088c00000, 0x0000000088c00000|100%| S|CS|TAMS 0x0000000088b00000, 0x0000000088b00000| Complete 
| 140|0x0000000088c00000, 0x0000000088d00000, 0x0000000088d00000|100%| S|CS|TAMS 0x0000000088c00000, 0x0000000088c00000| Complete 
| 141|0x0000000088d00000, 0x0000000088e00000, 0x0000000088e00000|100%| S|CS|TAMS 0x0000000088d00000, 0x0000000088d00000| Complete 
| 142|0x0000000088e00000, 0x0000000088f00000, 0x0000000088f00000|100%| S|CS|TAMS 0x0000000088e00000, 0x0000000088e00000| Complete 
| 143|0x0000000088f00000, 0x0000000089000000, 0x0000000089000000|100%| S|CS|TAMS 0x0000000088f00000, 0x0000000088f00000| Complete 
| 144|0x0000000089000000, 0x0000000089100000, 0x0000000089100000|100%| S|CS|TAMS 0x0000000089000000, 0x0000000089000000| Complete 
| 145|0x0000000089100000, 0x0000000089100000, 0x0000000089200000|  0%| F|  |TAMS 0x0000000089100000, 0x0000000089100000| Untracked 
| 146|0x0000000089200000, 0x0000000089200000, 0x0000000089300000|  0%| F|  |TAMS 0x0000000089200000, 0x0000000089200000| Untracked 
| 147|0x0000000089300000, 0x0000000089300000, 0x0000000089400000|  0%| F|  |TAMS 0x0000000089300000, 0x0000000089300000| Untracked 
| 148|0x0000000089400000, 0x0000000089400000, 0x0000000089500000|  0%| F|  |TAMS 0x0000000089400000, 0x0000000089400000| Untracked 
| 149|0x0000000089500000, 0x0000000089500000, 0x0000000089600000|  0%| F|  |TAMS 0x0000000089500000, 0x0000000089500000| Untracked 
| 150|0x0000000089600000, 0x0000000089600000, 0x0000000089700000|  0%| F|  |TAMS 0x0000000089600000, 0x0000000089600000| Untracked 
| 151|0x0000000089700000, 0x0000000089700000, 0x0000000089800000|  0%| F|  |TAMS 0x0000000089700000, 0x0000000089700000| Untracked 
| 152|0x0000000089800000, 0x0000000089800000, 0x0000000089900000|  0%| F|  |TAMS 0x0000000089800000, 0x0000000089800000| Untracked 
| 153|0x0000000089900000, 0x0000000089900000, 0x0000000089a00000|  0%| F|  |TAMS 0x0000000089900000, 0x0000000089900000| Untracked 
| 154|0x0000000089a00000, 0x0000000089a00000, 0x0000000089b00000|  0%| F|  |TAMS 0x0000000089a00000, 0x0000000089a00000| Untracked 
| 155|0x0000000089b00000, 0x0000000089b00000, 0x0000000089c00000|  0%| F|  |TAMS 0x0000000089b00000, 0x0000000089b00000| Untracked 
| 156|0x0000000089c00000, 0x0000000089c00000, 0x0000000089d00000|  0%| F|  |TAMS 0x0000000089c00000, 0x0000000089c00000| Untracked 
| 157|0x0000000089d00000, 0x0000000089d00000, 0x0000000089e00000|  0%| F|  |TAMS 0x0000000089d00000, 0x0000000089d00000| Untracked 
| 158|0x0000000089e00000, 0x0000000089e00000, 0x0000000089f00000|  0%| F|  |TAMS 0x0000000089e00000, 0x0000000089e00000| Untracked 
| 159|0x0000000089f00000, 0x0000000089f00000, 0x000000008a000000|  0%| F|  |TAMS 0x0000000089f00000, 0x0000000089f00000| Untracked 
| 160|0x000000008a000000, 0x000000008a000000, 0x000000008a100000|  0%| F|  |TAMS 0x000000008a000000, 0x000000008a000000| Untracked 
| 161|0x000000008a100000, 0x000000008a200000, 0x000000008a200000|100%| E|  |TAMS 0x000000008a100000, 0x000000008a100000| Complete 
| 162|0x000000008a200000, 0x000000008a300000, 0x000000008a300000|100%| E|CS|TAMS 0x000000008a200000, 0x000000008a200000| Complete 
| 163|0x000000008a300000, 0x000000008a400000, 0x000000008a400000|100%| E|CS|TAMS 0x000000008a300000, 0x000000008a300000| Complete 
| 164|0x000000008a400000, 0x000000008a500000, 0x000000008a500000|100%| E|CS|TAMS 0x000000008a400000, 0x000000008a400000| Complete 
| 165|0x000000008a500000, 0x000000008a600000, 0x000000008a600000|100%| E|CS|TAMS 0x000000008a500000, 0x000000008a500000| Complete 
| 166|0x000000008a600000, 0x000000008a700000, 0x000000008a700000|100%| E|CS|TAMS 0x000000008a600000, 0x000000008a600000| Complete 
| 167|0x000000008a700000, 0x000000008a800000, 0x000000008a800000|100%| E|CS|TAMS 0x000000008a700000, 0x000000008a700000| Complete 
| 168|0x000000008a800000, 0x000000008a900000, 0x000000008a900000|100%| E|CS|TAMS 0x000000008a800000, 0x000000008a800000| Complete 
| 169|0x000000008a900000, 0x000000008aa00000, 0x000000008aa00000|100%| E|CS|TAMS 0x000000008a900000, 0x000000008a900000| Complete 
| 170|0x000000008aa00000, 0x000000008ab00000, 0x000000008ab00000|100%| E|CS|TAMS 0x000000008aa00000, 0x000000008aa00000| Complete 
| 171|0x000000008ab00000, 0x000000008ac00000, 0x000000008ac00000|100%| E|CS|TAMS 0x000000008ab00000, 0x000000008ab00000| Complete 
| 172|0x000000008ac00000, 0x000000008ad00000, 0x000000008ad00000|100%| E|CS|TAMS 0x000000008ac00000, 0x000000008ac00000| Complete 
| 173|0x000000008ad00000, 0x000000008ae00000, 0x000000008ae00000|100%| E|CS|TAMS 0x000000008ad00000, 0x000000008ad00000| Complete 
| 174|0x000000008ae00000, 0x000000008af00000, 0x000000008af00000|100%| E|CS|TAMS 0x000000008ae00000, 0x000000008ae00000| Complete 
| 175|0x000000008af00000, 0x000000008b000000, 0x000000008b000000|100%| E|CS|TAMS 0x000000008af00000, 0x000000008af00000| Complete 
| 176|0x000000008b000000, 0x000000008b100000, 0x000000008b100000|100%| E|CS|TAMS 0x000000008b000000, 0x000000008b000000| Complete 
| 177|0x000000008b100000, 0x000000008b200000, 0x000000008b200000|100%| E|CS|TAMS 0x000000008b100000, 0x000000008b100000| Complete 
| 178|0x000000008b200000, 0x000000008b300000, 0x000000008b300000|100%| E|CS|TAMS 0x000000008b200000, 0x000000008b200000| Complete 
| 179|0x000000008b300000, 0x000000008b400000, 0x000000008b400000|100%| E|CS|TAMS 0x000000008b300000, 0x000000008b300000| Complete 
| 180|0x000000008b400000, 0x000000008b500000, 0x000000008b500000|100%| E|CS|TAMS 0x000000008b400000, 0x000000008b400000| Complete 
| 181|0x000000008b500000, 0x000000008b600000, 0x000000008b600000|100%| E|CS|TAMS 0x000000008b500000, 0x000000008b500000| Complete 
| 182|0x000000008b600000, 0x000000008b700000, 0x000000008b700000|100%| E|CS|TAMS 0x000000008b600000, 0x000000008b600000| Complete 
| 183|0x000000008b700000, 0x000000008b800000, 0x000000008b800000|100%| E|CS|TAMS 0x000000008b700000, 0x000000008b700000| Complete 
| 184|0x000000008b800000, 0x000000008b900000, 0x000000008b900000|100%| E|CS|TAMS 0x000000008b800000, 0x000000008b800000| Complete 
| 185|0x000000008b900000, 0x000000008ba00000, 0x000000008ba00000|100%| E|CS|TAMS 0x000000008b900000, 0x000000008b900000| Complete 
| 186|0x000000008ba00000, 0x000000008bb00000, 0x000000008bb00000|100%| E|CS|TAMS 0x000000008ba00000, 0x000000008ba00000| Complete 
| 187|0x000000008bb00000, 0x000000008bc00000, 0x000000008bc00000|100%| E|CS|TAMS 0x000000008bb00000, 0x000000008bb00000| Complete 
| 188|0x000000008bc00000, 0x000000008bd00000, 0x000000008bd00000|100%| E|CS|TAMS 0x000000008bc00000, 0x000000008bc00000| Complete 
| 189|0x000000008bd00000, 0x000000008be00000, 0x000000008be00000|100%| E|CS|TAMS 0x000000008bd00000, 0x000000008bd00000| Complete 
| 190|0x000000008be00000, 0x000000008bf00000, 0x000000008bf00000|100%| E|CS|TAMS 0x000000008be00000, 0x000000008be00000| Complete 
| 191|0x000000008bf00000, 0x000000008c000000, 0x000000008c000000|100%| E|CS|TAMS 0x000000008bf00000, 0x000000008bf00000| Complete 
| 192|0x000000008c000000, 0x000000008c100000, 0x000000008c100000|100%| E|CS|TAMS 0x000000008c000000, 0x000000008c000000| Complete 
| 193|0x000000008c100000, 0x000000008c200000, 0x000000008c200000|100%| E|CS|TAMS 0x000000008c100000, 0x000000008c100000| Complete 
| 194|0x000000008c200000, 0x000000008c300000, 0x000000008c300000|100%| E|CS|TAMS 0x000000008c200000, 0x000000008c200000| Complete 
| 195|0x000000008c300000, 0x000000008c400000, 0x000000008c400000|100%| E|CS|TAMS 0x000000008c300000, 0x000000008c300000| Complete 
| 196|0x000000008c400000, 0x000000008c500000, 0x000000008c500000|100%| E|CS|TAMS 0x000000008c400000, 0x000000008c400000| Complete 
| 197|0x000000008c500000, 0x000000008c600000, 0x000000008c600000|100%| E|CS|TAMS 0x000000008c500000, 0x000000008c500000| Complete 
| 198|0x000000008c600000, 0x000000008c700000, 0x000000008c700000|100%| E|CS|TAMS 0x000000008c600000, 0x000000008c600000| Complete 
| 199|0x000000008c700000, 0x000000008c800000, 0x000000008c800000|100%| E|CS|TAMS 0x000000008c700000, 0x000000008c700000| Complete 
| 200|0x000000008c800000, 0x000000008c900000, 0x000000008c900000|100%| E|CS|TAMS 0x000000008c800000, 0x000000008c800000| Complete 
| 201|0x000000008c900000, 0x000000008ca00000, 0x000000008ca00000|100%| E|CS|TAMS 0x000000008c900000, 0x000000008c900000| Complete 
| 202|0x000000008ca00000, 0x000000008cb00000, 0x000000008cb00000|100%| E|CS|TAMS 0x000000008ca00000, 0x000000008ca00000| Complete 
| 203|0x000000008cb00000, 0x000000008cc00000, 0x000000008cc00000|100%| E|CS|TAMS 0x000000008cb00000, 0x000000008cb00000| Complete 
| 204|0x000000008cc00000, 0x000000008cd00000, 0x000000008cd00000|100%| E|CS|TAMS 0x000000008cc00000, 0x000000008cc00000| Complete 
| 205|0x000000008cd00000, 0x000000008ce00000, 0x000000008ce00000|100%| E|CS|TAMS 0x000000008cd00000, 0x000000008cd00000| Complete 
| 206|0x000000008ce00000, 0x000000008cf00000, 0x000000008cf00000|100%| E|CS|TAMS 0x000000008ce00000, 0x000000008ce00000| Complete 
| 207|0x000000008cf00000, 0x000000008d000000, 0x000000008d000000|100%| E|CS|TAMS 0x000000008cf00000, 0x000000008cf00000| Complete 
| 208|0x000000008d000000, 0x000000008d100000, 0x000000008d100000|100%| E|CS|TAMS 0x000000008d000000, 0x000000008d000000| Complete 
| 209|0x000000008d100000, 0x000000008d200000, 0x000000008d200000|100%| E|CS|TAMS 0x000000008d100000, 0x000000008d100000| Complete 
| 210|0x000000008d200000, 0x000000008d300000, 0x000000008d300000|100%| E|CS|TAMS 0x000000008d200000, 0x000000008d200000| Complete 
| 211|0x000000008d300000, 0x000000008d400000, 0x000000008d400000|100%| E|CS|TAMS 0x000000008d300000, 0x000000008d300000| Complete 
| 212|0x000000008d400000, 0x000000008d500000, 0x000000008d500000|100%| E|CS|TAMS 0x000000008d400000, 0x000000008d400000| Complete 
| 213|0x000000008d500000, 0x000000008d600000, 0x000000008d600000|100%| E|CS|TAMS 0x000000008d500000, 0x000000008d500000| Complete 
| 214|0x000000008d600000, 0x000000008d700000, 0x000000008d700000|100%| E|CS|TAMS 0x000000008d600000, 0x000000008d600000| Complete 
| 215|0x000000008d700000, 0x000000008d800000, 0x000000008d800000|100%| E|CS|TAMS 0x000000008d700000, 0x000000008d700000| Complete 
| 216|0x000000008d800000, 0x000000008d900000, 0x000000008d900000|100%| E|CS|TAMS 0x000000008d800000, 0x000000008d800000| Complete 
| 217|0x000000008d900000, 0x000000008da00000, 0x000000008da00000|100%| E|CS|TAMS 0x000000008d900000, 0x000000008d900000| Complete 
| 218|0x000000008da00000, 0x000000008db00000, 0x000000008db00000|100%| E|  |TAMS 0x000000008da00000, 0x000000008da00000| Complete 
| 219|0x000000008db00000, 0x000000008dc00000, 0x000000008dc00000|100%| E|CS|TAMS 0x000000008db00000, 0x000000008db00000| Complete 
| 220|0x000000008dc00000, 0x000000008dd00000, 0x000000008dd00000|100%| E|CS|TAMS 0x000000008dc00000, 0x000000008dc00000| Complete 
| 221|0x000000008dd00000, 0x000000008de00000, 0x000000008de00000|100%| E|CS|TAMS 0x000000008dd00000, 0x000000008dd00000| Complete 
| 222|0x000000008de00000, 0x000000008df00000, 0x000000008df00000|100%| E|CS|TAMS 0x000000008de00000, 0x000000008de00000| Complete 
| 223|0x000000008df00000, 0x000000008e000000, 0x000000008e000000|100%| E|CS|TAMS 0x000000008df00000, 0x000000008df00000| Complete 
| 224|0x000000008e000000, 0x000000008e100000, 0x000000008e100000|100%| E|CS|TAMS 0x000000008e000000, 0x000000008e000000| Complete 
| 225|0x000000008e100000, 0x000000008e200000, 0x000000008e200000|100%| E|CS|TAMS 0x000000008e100000, 0x000000008e100000| Complete 
| 226|0x000000008e200000, 0x000000008e300000, 0x000000008e300000|100%| E|CS|TAMS 0x000000008e200000, 0x000000008e200000| Complete 
| 227|0x000000008e300000, 0x000000008e400000, 0x000000008e400000|100%| E|CS|TAMS 0x000000008e300000, 0x000000008e300000| Complete 
| 228|0x000000008e400000, 0x000000008e500000, 0x000000008e500000|100%| E|CS|TAMS 0x000000008e400000, 0x000000008e400000| Complete 
| 229|0x000000008e500000, 0x000000008e600000, 0x000000008e600000|100%| E|CS|TAMS 0x000000008e500000, 0x000000008e500000| Complete 
| 230|0x000000008e600000, 0x000000008e700000, 0x000000008e700000|100%| E|CS|TAMS 0x000000008e600000, 0x000000008e600000| Complete 
| 231|0x000000008e700000, 0x000000008e800000, 0x000000008e800000|100%| E|CS|TAMS 0x000000008e700000, 0x000000008e700000| Complete 
| 232|0x000000008e800000, 0x000000008e900000, 0x000000008e900000|100%| E|CS|TAMS 0x000000008e800000, 0x000000008e800000| Complete 
| 233|0x000000008e900000, 0x000000008ea00000, 0x000000008ea00000|100%| E|CS|TAMS 0x000000008e900000, 0x000000008e900000| Complete 
| 234|0x000000008ea00000, 0x000000008eb00000, 0x000000008eb00000|100%| E|CS|TAMS 0x000000008ea00000, 0x000000008ea00000| Complete 
| 235|0x000000008eb00000, 0x000000008ec00000, 0x000000008ec00000|100%| E|CS|TAMS 0x000000008eb00000, 0x000000008eb00000| Complete 
| 236|0x000000008ec00000, 0x000000008ed00000, 0x000000008ed00000|100%| E|CS|TAMS 0x000000008ec00000, 0x000000008ec00000| Complete 
| 237|0x000000008ed00000, 0x000000008ee00000, 0x000000008ee00000|100%| E|CS|TAMS 0x000000008ed00000, 0x000000008ed00000| Complete 
| 238|0x000000008ee00000, 0x000000008ef00000, 0x000000008ef00000|100%| E|CS|TAMS 0x000000008ee00000, 0x000000008ee00000| Complete 
| 239|0x000000008ef00000, 0x000000008f000000, 0x000000008f000000|100%| E|CS|TAMS 0x000000008ef00000, 0x000000008ef00000| Complete 
| 240|0x000000008f000000, 0x000000008f100000, 0x000000008f100000|100%| E|CS|TAMS 0x000000008f000000, 0x000000008f000000| Complete 
| 241|0x000000008f100000, 0x000000008f200000, 0x000000008f200000|100%| E|CS|TAMS 0x000000008f100000, 0x000000008f100000| Complete 
| 242|0x000000008f200000, 0x000000008f300000, 0x000000008f300000|100%| E|CS|TAMS 0x000000008f200000, 0x000000008f200000| Complete 
| 243|0x000000008f300000, 0x000000008f400000, 0x000000008f400000|100%| E|CS|TAMS 0x000000008f300000, 0x000000008f300000| Complete 
| 244|0x000000008f400000, 0x000000008f500000, 0x000000008f500000|100%| E|CS|TAMS 0x000000008f400000, 0x000000008f400000| Complete 
| 245|0x000000008f500000, 0x000000008f600000, 0x000000008f600000|100%| E|CS|TAMS 0x000000008f500000, 0x000000008f500000| Complete 
| 246|0x000000008f600000, 0x000000008f700000, 0x000000008f700000|100%| E|CS|TAMS 0x000000008f600000, 0x000000008f600000| Complete 
| 247|0x000000008f700000, 0x000000008f800000, 0x000000008f800000|100%| E|CS|TAMS 0x000000008f700000, 0x000000008f700000| Complete 
| 248|0x000000008f800000, 0x000000008f900000, 0x000000008f900000|100%| E|CS|TAMS 0x000000008f800000, 0x000000008f800000| Complete 
| 249|0x000000008f900000, 0x000000008fa00000, 0x000000008fa00000|100%| E|CS|TAMS 0x000000008f900000, 0x000000008f900000| Complete 

Card table byte_map: [0x000002ad78de0000,0x000002ad791e0000] _byte_map_base: 0x000002ad789e0000

Marking Bits (Prev, Next): (CMBitMap*) 0x000002ad65be1428, (CMBitMap*) 0x000002ad65be1460
 Prev Bits: [0x000002ad795e0000, 0x000002ad7b5e0000)
 Next Bits: [0x000002ad7b5e0000, 0x000002ad7d5e0000)

Polling page: 0x000002ad63920000

Metaspace:

Usage:
  Non-class:     44.49 MB capacity,    43.72 MB ( 98%) used,   672.74 KB (  1%) free+waste,   113.56 KB ( <1%) overhead. 
      Class:      6.87 MB capacity,     6.37 MB ( 93%) used,   457.87 KB (  7%) free+waste,    54.63 KB ( <1%) overhead. 
       Both:     51.36 MB capacity,    50.09 MB ( 98%) used,     1.10 MB (  2%) free+waste,   168.19 KB ( <1%) overhead. 

Virtual space:
  Non-class space:       46.00 MB reserved,      44.50 MB ( 97%) committed 
      Class space:        1.00 GB reserved,       6.88 MB ( <1%) committed 
             Both:        1.04 GB reserved,      51.38 MB (  5%) committed 

Chunk freelists:
   Non-Class:  11.00 KB
       Class:  3.00 KB
        Both:  14.00 KB

MaxMetaspaceSize: 17179869184.00 GB
CompressedClassSpaceSize: 1.00 GB

CodeHeap 'non-profiled nmethods': size=120000Kb used=2789Kb max_used=2789Kb free=117210Kb
 bounds [0x000002ad71170000, 0x000002ad71430000, 0x000002ad786a0000]
CodeHeap 'profiled nmethods': size=120000Kb used=9942Kb max_used=9942Kb free=110057Kb
 bounds [0x000002ad69c40000, 0x000002ad6a600000, 0x000002ad71170000]
CodeHeap 'non-nmethods': size=5760Kb used=2212Kb max_used=2256Kb free=3547Kb
 bounds [0x000002ad696a0000, 0x000002ad69910000, 0x000002ad69c40000]
 total_blobs=5577 nmethods=4796 adapters=692
 compilation: enabled
              stopped_count=0, restarted_count=0
 full_count=0

Compilation events (20 events):
Event: 5.048 Thread 0x000002ad03ce1800 nmethod 4593 0x000002ad7141f710 code [0x000002ad7141f8e0, 0x000002ad7141fe78]
Event: 5.048 Thread 0x000002ad03ce1800 4729       4       org.objectweb.asm.ByteVector::putUTF8 (144 bytes)
Event: 5.050 Thread 0x000002ad00ad9000 4731   !   3       org.gradle.internal.instantiation.generator.DependencyInjectingInstantiator::doCreate (64 bytes)
Event: 5.051 Thread 0x000002ad00ad9000 nmethod 4731 0x000002ad6a5be710 code [0x000002ad6a5be940, 0x000002ad6a5beee8]
Event: 5.051 Thread 0x000002ad00ad9000 4732       3       org.gradle.internal.instantiation.generator.DependencyInjectingInstantiator::convertParameters (126 bytes)
Event: 5.052 Thread 0x000002ad00ad9000 nmethod 4732 0x000002ad6a5bf310 code [0x000002ad6a5bf6e0, 0x000002ad6a5c1138]
Event: 5.053 Thread 0x000002ad00ad9000 4733       3       org.gradle.internal.instantiation.generator.AbstractClassGenerator$GeneratedClassImpl$GeneratedConstructorImpl::newInstance (15 bytes)
Event: 5.053 Thread 0x000002ad00ad9000 nmethod 4733 0x000002ad6a5c1a90 code [0x000002ad6a5c1c60, 0x000002ad6a5c1de8]
Event: 5.053 Thread 0x000002ad00ad9000 4734       1       java.lang.invoke.DirectMethodHandle$Special::isInvokeSpecial (2 bytes)
Event: 5.053 Thread 0x000002ad00ad9000 nmethod 4734 0x000002ad71420310 code [0x000002ad714204c0, 0x000002ad71420578]
Event: 5.053 Thread 0x000002ad00ad9000 4735       3       java.lang.reflect.AccessibleObject::logIfExportedForIllegalAccess (54 bytes)
Event: 5.054 Thread 0x000002ad00ad9000 nmethod 4735 0x000002ad6a5c1f10 code [0x000002ad6a5c2140, 0x000002ad6a5c2948]
Event: 5.055 Thread 0x000002ad00ad9000 4736       3       sun.reflect.generics.scope.AbstractScope::lookup (66 bytes)
Event: 5.055 Thread 0x000002ad00ad9000 nmethod 4736 0x000002ad6a5c2c90 code [0x000002ad6a5c2ec0, 0x000002ad6a5c3668]
Event: 5.058 Thread 0x000002ad03ce1800 nmethod 4729 0x000002ad71420610 code [0x000002ad714207e0, 0x000002ad71421098]
Event: 5.058 Thread 0x000002ad03ce1800 4730       4       org.objectweb.asm.MethodWriter::visitCode (1 bytes)
Event: 5.058 Thread 0x000002ad03ce1800 nmethod 4730 0x000002ad71421490 code [0x000002ad71421620, 0x000002ad71421678]
Event: 5.058 Thread 0x000002ad00ad9000 4737   !   3       java.lang.invoke.CallSite::makeSite (91 bytes)
Event: 5.059 Thread 0x000002ad00ad9000 nmethod 4737 0x000002ad6a5c3910 code [0x000002ad6a5c3c60, 0x000002ad6a5c4e98]
Event: 5.059 Thread 0x000002ad00ad9000 4738   !   3       java.lang.invoke.BootstrapMethodInvoker::invoke (688 bytes)

GC Heap History (10 events):
Event: 0.531 GC heap before
{Heap before GC invocations=0 (full 0):
 garbage-first heap   total 256000K, used 29696K [0x0000000080000000, 0x0000000100000000)
  region size 1024K, 24 young (24576K), 0 survivors (0K)
 Metaspace       used 10657K, capacity 10876K, committed 11008K, reserved 1058816K
  class space    used 1128K, capacity 1200K, committed 1280K, reserved 1048576K
}
Event: 0.534 GC heap after
{Heap after GC invocations=1 (full 0):
 garbage-first heap   total 256000K, used 9058K [0x0000000080000000, 0x0000000100000000)
  region size 1024K, 3 young (3072K), 3 survivors (3072K)
 Metaspace       used 10657K, capacity 10876K, committed 11008K, reserved 1058816K
  class space    used 1128K, capacity 1200K, committed 1280K, reserved 1048576K
}
Event: 2.355 GC heap before
{Heap before GC invocations=1 (full 0):
 garbage-first heap   total 256000K, used 94050K [0x0000000080000000, 0x0000000100000000)
  region size 1024K, 88 young (90112K), 3 survivors (3072K)
 Metaspace       used 20655K, capacity 21148K, committed 21248K, reserved 1067008K
  class space    used 2524K, capacity 2719K, committed 2816K, reserved 1048576K
}
Event: 2.364 GC heap after
{Heap after GC invocations=2 (full 0):
 garbage-first heap   total 256000K, used 16210K [0x0000000080000000, 0x0000000100000000)
  region size 1024K, 10 young (10240K), 10 survivors (10240K)
 Metaspace       used 20655K, capacity 21148K, committed 21248K, reserved 1067008K
  class space    used 2524K, capacity 2719K, committed 2816K, reserved 1048576K
}
Event: 2.884 GC heap before
{Heap before GC invocations=3 (full 0):
 garbage-first heap   total 256000K, used 79698K [0x0000000080000000, 0x0000000100000000)
  region size 1024K, 67 young (68608K), 10 survivors (10240K)
 Metaspace       used 26941K, capacity 27706K, committed 27904K, reserved 1073152K
  class space    used 3531K, capacity 3814K, committed 3840K, reserved 1048576K
}
Event: 2.890 GC heap after
{Heap after GC invocations=4 (full 0):
 garbage-first heap   total 256000K, used 24755K [0x0000000080000000, 0x0000000100000000)
  region size 1024K, 4 young (4096K), 4 survivors (4096K)
 Metaspace       used 26941K, capacity 27706K, committed 27904K, reserved 1073152K
  class space    used 3531K, capacity 3814K, committed 3840K, reserved 1048576K
}
Event: 3.407 GC heap before
{Heap before GC invocations=4 (full 0):
 garbage-first heap   total 256000K, used 68787K [0x0000000080000000, 0x0000000100000000)
  region size 1024K, 48 young (49152K), 4 survivors (4096K)
 Metaspace       used 35033K, capacity 35788K, committed 35840K, reserved 1081344K
  class space    used 4552K, capacity 4848K, committed 4864K, reserved 1048576K
}
Event: 3.412 GC heap after
{Heap after GC invocations=5 (full 0):
 garbage-first heap   total 256000K, used 27271K [0x0000000080000000, 0x0000000100000000)
  region size 1024K, 6 young (6144K), 6 survivors (6144K)
 Metaspace       used 35033K, capacity 35788K, committed 35840K, reserved 1081344K
  class space    used 4552K, capacity 4848K, committed 4864K, reserved 1048576K
}
Event: 4.347 GC heap before
{Heap before GC invocations=6 (full 0):
 garbage-first heap   total 256000K, used 131719K [0x0000000080000000, 0x0000000100000000)
  region size 1024K, 105 young (107520K), 6 survivors (6144K)
 Metaspace       used 43956K, capacity 45046K, committed 45312K, reserved 1089536K
  class space    used 5646K, capacity 6061K, committed 6144K, reserved 1048576K
}
Event: 4.354 GC heap after
{Heap after GC invocations=7 (full 0):
 garbage-first heap   total 256000K, used 32508K [0x0000000080000000, 0x0000000100000000)
  region size 1024K, 12 young (12288K), 12 survivors (12288K)
 Metaspace       used 43956K, capacity 45046K, committed 45312K, reserved 1089536K
  class space    used 5646K, capacity 6061K, committed 6144K, reserved 1048576K
}

Deoptimization events (20 events):
Event: 4.911 Thread 0x000002ad02dae000 DEOPT PACKING pc=0x000002ad6a511be2 sp=0x000000dbd17f2ea0
Event: 4.911 Thread 0x000002ad02dae000 DEOPT UNPACKING pc=0x000002ad696c6dde sp=0x000000dbd17f2330 mode 0
Event: 5.000 Thread 0x000002ad02dae000 DEOPT PACKING pc=0x000002ad69ec0f17 sp=0x000000dbd17f6bc0
Event: 5.000 Thread 0x000002ad02dae000 DEOPT UNPACKING pc=0x000002ad696c6dde sp=0x000000dbd17f6148 mode 0
Event: 5.003 Thread 0x000002ad02dae000 DEOPT PACKING pc=0x000002ad69ec0f17 sp=0x000000dbd17f6da0
Event: 5.003 Thread 0x000002ad02dae000 DEOPT UNPACKING pc=0x000002ad696c6dde sp=0x000000dbd17f6328 mode 0
Event: 5.005 Thread 0x000002ad02dae000 DEOPT PACKING pc=0x000002ad69ec0f17 sp=0x000000dbd17f6bb0
Event: 5.005 Thread 0x000002ad02dae000 DEOPT UNPACKING pc=0x000002ad696c6dde sp=0x000000dbd17f6138 mode 0
Event: 5.007 Thread 0x000002ad02dae000 DEOPT PACKING pc=0x000002ad69ec0f17 sp=0x000000dbd17f6bb0
Event: 5.007 Thread 0x000002ad02dae000 DEOPT UNPACKING pc=0x000002ad696c6dde sp=0x000000dbd17f6138 mode 0
Event: 5.009 Thread 0x000002ad02dae000 DEOPT PACKING pc=0x000002ad69ec0f17 sp=0x000000dbd17f6da0
Event: 5.009 Thread 0x000002ad02dae000 DEOPT UNPACKING pc=0x000002ad696c6dde sp=0x000000dbd17f6328 mode 0
Event: 5.010 Thread 0x000002ad02dae000 DEOPT PACKING pc=0x000002ad69ec0f17 sp=0x000000dbd17f6bc0
Event: 5.010 Thread 0x000002ad02dae000 DEOPT UNPACKING pc=0x000002ad696c6dde sp=0x000000dbd17f6148 mode 0
Event: 5.012 Thread 0x000002ad02dae000 DEOPT PACKING pc=0x000002ad69ec0f17 sp=0x000000dbd17f6bc0
Event: 5.012 Thread 0x000002ad02dae000 DEOPT UNPACKING pc=0x000002ad696c6dde sp=0x000000dbd17f6148 mode 0
Event: 5.013 Thread 0x000002ad02dae000 DEOPT PACKING pc=0x000002ad69ec0f17 sp=0x000000dbd17f6bc0
Event: 5.013 Thread 0x000002ad02dae000 DEOPT UNPACKING pc=0x000002ad696c6dde sp=0x000000dbd17f6148 mode 0
Event: 5.014 Thread 0x000002ad02dae000 DEOPT PACKING pc=0x000002ad69ec0f17 sp=0x000000dbd17f6bc0
Event: 5.014 Thread 0x000002ad02dae000 DEOPT UNPACKING pc=0x000002ad696c6dde sp=0x000000dbd17f6148 mode 0

Classes redefined (0 events):
No events

Internal exceptions (20 events):
Event: 4.632 Thread 0x000002ad02dae000 Exception <a 'java/lang/ClassNotFoundException'{0x000000008cf96ab0}: org/gradle/api/internal/ConventionTaskBeanInfo> (0x000000008cf96ab0) thrown at [./src/hotspot/share/classfile/systemDictionary.cpp, line 231]
Event: 4.633 Thread 0x000002ad02dae000 Exception <a 'java/lang/ClassNotFoundException'{0x000000008cfb9250}: org/gradle/api/DefaultTaskBeanInfo> (0x000000008cfb9250) thrown at [./src/hotspot/share/classfile/systemDictionary.cpp, line 231]
Event: 4.633 Thread 0x000002ad02dae000 Exception <a 'java/lang/ClassNotFoundException'{0x000000008cfdef80}: org/gradle/api/internal/AbstractTaskBeanInfo> (0x000000008cfdef80) thrown at [./src/hotspot/share/classfile/systemDictionary.cpp, line 231]
Event: 4.633 Thread 0x000002ad02dae000 Exception <a 'java/lang/ClassNotFoundException'{0x000000008ce04dc0}: org/gradle/api/internal/AbstractTaskCustomizer> (0x000000008ce04dc0) thrown at [./src/hotspot/share/classfile/systemDictionary.cpp, line 231]
Event: 4.635 Thread 0x000002ad02dae000 Exception <a 'java/lang/ClassNotFoundException'{0x000000008ce69b68}: org/gradle/api/DefaultTaskCustomizer> (0x000000008ce69b68) thrown at [./src/hotspot/share/classfile/systemDictionary.cpp, line 231]
Event: 4.637 Thread 0x000002ad02dae000 Exception <a 'java/lang/ClassNotFoundException'{0x000000008cee3e70}: org/gradle/api/internal/ConventionTaskCustomizer> (0x000000008cee3e70) thrown at [./src/hotspot/share/classfile/systemDictionary.cpp, line 231]
Event: 4.638 Thread 0x000002ad02dae000 Exception <a 'java/lang/ClassNotFoundException'{0x000000008cd15a80}: org/gradle/api/tasks/DeleteCustomizer> (0x000000008cd15a80) thrown at [./src/hotspot/share/classfile/systemDictionary.cpp, line 231]
Event: 4.639 Thread 0x000002ad02dae000 Exception <a 'java/lang/ClassNotFoundException'{0x000000008cd4dae0}: org/gradle/api/tasks/Delete_DecoratedCustomizer> (0x000000008cd4dae0) thrown at [./src/hotspot/share/classfile/systemDictionary.cpp, line 231]
Event: 4.662 Thread 0x000002ad02dae000 Exception <a 'java/lang/ClassNotFoundException'{0x000000008ccb3490}: build_4jqnwcbybvutk2q673h4lyyquBeanInfo> (0x000000008ccb3490) thrown at [./src/hotspot/share/classfile/systemDictionary.cpp, line 231]
Event: 4.662 Thread 0x000002ad02dae000 Exception <a 'java/lang/ClassNotFoundException'{0x000000008ccbc298}: build_4jqnwcbybvutk2q673h4lyyquCustomizer> (0x000000008ccbc298) thrown at [./src/hotspot/share/classfile/systemDictionary.cpp, line 231]
Event: 4.666 Thread 0x000002ad02dae000 Exception <a 'java/lang/ClassNotFoundException'{0x000000008cb2b6b8}: org/gradle/plugin/use/internal/PluginRequestCollector$PluginDependenciesSpecImplBeanInfo> (0x000000008cb2b6b8) thrown at [./src/hotspot/share/classfile/systemDictionary.cpp, line 231]
Event: 4.667 Thread 0x000002ad02dae000 Exception <a 'java/lang/ClassNotFoundException'{0x000000008cb51428}: org/gradle/plugin/use/internal/PluginRequestCollector$PluginDependenciesSpecImplCustomizer> (0x000000008cb51428) thrown at [./src/hotspot/share/classfile/systemDictionary.cpp, line 231]
Event: 4.670 Thread 0x000002ad02dae000 Exception <a 'java/lang/NoSuchMethodError'{0x000000008cbc3030}: 'void java.lang.invoke.DirectMethodHandle$Holder.invokeInterface(java.lang.Object, java.lang.Object)'> (0x000000008cbc3030) thrown at [./src/hotspot/share/interpreter/linkResolver.cpp, line 773]
Event: 4.682 Thread 0x000002ad02dae000 Exception <a 'java/lang/ClassNotFoundException'{0x000000008c981040}: org/gradle/api/internal/plugins/DefaultObjectConfigurationActionBeanInfo> (0x000000008c981040) thrown at [./src/hotspot/share/classfile/systemDictionary.cpp, line 231]
Event: 4.683 Thread 0x000002ad02dae000 Exception <a 'java/lang/ClassNotFoundException'{0x000000008c9ace60}: org/gradle/api/internal/plugins/DefaultObjectConfigurationActionCustomizer> (0x000000008c9ace60) thrown at [./src/hotspot/share/classfile/systemDictionary.cpp, line 231]
Event: 4.756 Thread 0x000002ad02dae000 Exception <a 'java/lang/NoSuchMethodError'{0x000000008c0762b0}: 'java.lang.Object java.lang.invoke.DirectMethodHandle$Holder.invokeStatic(java.lang.Object, java.lang.Object, java.lang.Object, java.lang.Object, int)'> (0x000000008c0762b0) thrown at [./src/hotspot/share/interpreter/linkResolver.cpp, line 773]
Event: 4.756 Thread 0x000002ad02dae000 Exception <a 'java/lang/NoSuchMethodError'{0x000000008c07aca8}: 'java.lang.Object java.lang.invoke.DirectMethodHandle$Holder.invokeSpecial(java.lang.Object, java.lang.Object, java.lang.Object, java.lang.Object, java.lang.Object, int)'> (0x000000008c07aca8) thrown at [./src/hotspot/share/interpreter/linkResolver.cpp, line 773]
Event: 4.756 Thread 0x000002ad02dae000 Exception <a 'java/lang/NoSuchMethodError'{0x000000008c07f2e8}: 'java.lang.Object java.lang.invoke.Invokers$Holder.linkToTargetMethod(java.lang.Object, java.lang.Object, java.lang.Object, int, java.lang.Object)'> (0x000000008c07f2e8) thrown at [./src/hotspot/share/interpreter/linkResolver.cpp, line 773]
Event: 4.904 Thread 0x000002ad02dae000 Exception <a 'java/lang/NoSuchMethodError'{0x000000008b115358}: 'java.lang.Object java.lang.invoke.DirectMethodHandle$Holder.invokeSpecial(java.lang.Object, java.lang.Object, int, int, java.lang.Object, java.lang.Object, java.lang.Object)'> (0x000000008b115358) thrown at [./src/hotspot/share/interpreter/linkResolver.cpp, line 773]
Event: 4.904 Thread 0x000002ad02dae000 Exception <a 'java/lang/NoSuchMethodError'{0x000000008b1198d8}: 'java.lang.Object java.lang.invoke.DelegatingMethodHandle$Holder.reinvoke_L(java.lang.Object, int, int, java.lang.Object, java.lang.Object, java.lang.Object)'> (0x000000008b1198d8) thrown at [./src/hotspot/share/interpreter/linkResolver.cpp, line 773]

Events (20 events):
Event: 5.057 loading class org/gradle/internal/reflect/annotations/impl/DefaultTypeAnnotationMetadataStore
Event: 5.057 loading class org/gradle/internal/reflect/annotations/impl/DefaultTypeAnnotationMetadataStore done
Event: 5.058 loading class java/util/stream/MatchOps$MatchKind
Event: 5.058 loading class java/util/stream/MatchOps$MatchKind done
Event: 5.058 loading class java/util/stream/MatchOps
Event: 5.059 loading class java/util/stream/MatchOps done
Event: 5.059 loading class java/util/stream/MatchOps$MatchOp
Event: 5.059 loading class java/util/stream/MatchOps$MatchOp done
Event: 5.059 loading class java/util/stream/MatchOps$BooleanTerminalSink
Event: 5.059 loading class java/util/stream/MatchOps$BooleanTerminalSink done
Event: 5.059 loading class java/util/stream/MatchOps$1MatchSink
Event: 5.059 loading class java/util/stream/MatchOps$1MatchSink done
Event: 5.059 loading class org/gradle/internal/reflect/annotations/TypeAnnotationMetadata
Event: 5.059 loading class org/gradle/internal/reflect/annotations/TypeAnnotationMetadata done
Event: 5.059 loading class org/gradle/internal/reflect/TypeValidationContext
Event: 5.059 loading class org/gradle/internal/reflect/TypeValidationContext done
Event: 5.059 loading class org/gradle/internal/reflect/annotations/impl/DefaultTypeAnnotationMetadataStore
Event: 5.059 loading class org/gradle/internal/reflect/annotations/impl/DefaultTypeAnnotationMetadataStore done
Event: 5.059 loading class org/gradle/internal/reflect/annotations/impl/DefaultTypeAnnotationMetadataStore$TypeAnnotationMetadataVisitor
Event: 5.059 loading class org/gradle/internal/reflect/annotations/impl/DefaultTypeAnnotationMetadataStore$TypeAnnotationMetadataVisitor done


Dynamic libraries:
0x00007ff74d3b0000 - 0x00007ff74d3ba000 	C:\Program Files\Android\Android Studio\jre\bin\java.exe
0x00007ffef6790000 - 0x00007ffef6985000 	C:\WINDOWS\SYSTEM32\ntdll.dll
0x00007ffef5da0000 - 0x00007ffef5e5d000 	C:\WINDOWS\System32\KERNEL32.dll
0x00007ffef3b30000 - 0x00007ffef3c4f000 	C:\WINDOWS\system32\hmpalert.dll
0x00007ffef4370000 - 0x00007ffef463d000 	C:\WINDOWS\System32\KERNELBASE.dll
0x00007ffef4640000 - 0x00007ffef4740000 	C:\WINDOWS\System32\ucrtbase.dll
0x00007ffee4a70000 - 0x00007ffee4a89000 	C:\Program Files\Android\Android Studio\jre\bin\jli.dll
0x00007ffed4060000 - 0x00007ffed4077000 	C:\Program Files\Android\Android Studio\jre\bin\VCRUNTIME140.dll
0x00007ffef5b60000 - 0x00007ffef5d00000 	C:\WINDOWS\System32\USER32.dll
0x00007ffef3ea0000 - 0x00007ffef3ec2000 	C:\WINDOWS\System32\win32u.dll
0x00007ffef53e0000 - 0x00007ffef540a000 	C:\WINDOWS\System32\GDI32.dll
0x00007ffef3f80000 - 0x00007ffef408b000 	C:\WINDOWS\System32\gdi32full.dll
0x00007ffef42d0000 - 0x00007ffef436d000 	C:\WINDOWS\System32\msvcp_win.dll
0x00007ffec59a0000 - 0x00007ffec5c3a000 	C:\WINDOWS\WinSxS\amd64_microsoft.windows.common-controls_6595b64144ccf1df_6.0.19041.1110_none_60b5254171f9507e\COMCTL32.dll
0x00007ffef5340000 - 0x00007ffef53de000 	C:\WINDOWS\System32\msvcrt.dll
0x00007ffef5310000 - 0x00007ffef5340000 	C:\WINDOWS\System32\IMM32.DLL
0x00007ffebf920000 - 0x00007ffebf9bd000 	C:\Program Files\Android\Android Studio\jre\bin\msvcp140.dll
0x00007ffea58f0000 - 0x00007ffea63c5000 	C:\Program Files\Android\Android Studio\jre\bin\server\jvm.dll
0x00007ffef4a50000 - 0x00007ffef4afe000 	C:\WINDOWS\System32\ADVAPI32.dll
0x00007ffef5d00000 - 0x00007ffef5d9c000 	C:\WINDOWS\System32\sechost.dll
0x00007ffef4c80000 - 0x00007ffef4da5000 	C:\WINDOWS\System32\RPCRT4.dll
0x00007ffef5e60000 - 0x00007ffef5e68000 	C:\WINDOWS\System32\PSAPI.DLL
0x00007ffecbd40000 - 0x00007ffecbd49000 	C:\WINDOWS\SYSTEM32\WSOCK32.dll
0x00007ffef6430000 - 0x00007ffef649b000 	C:\WINDOWS\System32\WS2_32.dll
0x00007ffef1140000 - 0x00007ffef1167000 	C:\WINDOWS\SYSTEM32\WINMM.dll
0x00007ffeeeb00000 - 0x00007ffeeeb0a000 	C:\WINDOWS\SYSTEM32\VERSION.dll
0x00007ffef2610000 - 0x00007ffef2622000 	C:\WINDOWS\SYSTEM32\kernel.appcore.dll
0x00007ffeec3c0000 - 0x00007ffeec3d1000 	C:\Program Files\Android\Android Studio\jre\bin\verify.dll
0x00007ffef2320000 - 0x00007ffef2504000 	C:\WINDOWS\SYSTEM32\DBGHELP.DLL
0x00007ffef1110000 - 0x00007ffef113c000 	C:\WINDOWS\SYSTEM32\dbgcore.DLL
0x00007ffef4090000 - 0x00007ffef4112000 	C:\WINDOWS\System32\bcryptPrimitives.dll
0x00007ffed9570000 - 0x00007ffed9599000 	C:\Program Files\Android\Android Studio\jre\bin\java.dll
0x00007ffee19e0000 - 0x00007ffee19eb000 	C:\Program Files\Android\Android Studio\jre\bin\jimage.dll
0x00007ffed5850000 - 0x00007ffed5868000 	C:\Program Files\Android\Android Studio\jre\bin\zip.dll
0x00007ffef5410000 - 0x00007ffef5b54000 	C:\WINDOWS\System32\SHELL32.dll
0x00007ffef1b80000 - 0x00007ffef2314000 	C:\WINDOWS\SYSTEM32\windows.storage.dll
0x00007ffef5e70000 - 0x00007ffef61c4000 	C:\WINDOWS\System32\combase.dll
0x00007ffef37e0000 - 0x00007ffef380c000 	C:\WINDOWS\SYSTEM32\Wldp.dll
0x00007ffef64a0000 - 0x00007ffef654d000 	C:\WINDOWS\System32\SHCORE.dll
0x00007ffef5230000 - 0x00007ffef5285000 	C:\WINDOWS\System32\shlwapi.dll
0x00007ffef3de0000 - 0x00007ffef3dff000 	C:\WINDOWS\SYSTEM32\profapi.dll
0x00007ffed57f0000 - 0x00007ffed580a000 	C:\Program Files\Android\Android Studio\jre\bin\net.dll
0x00007ffef0d00000 - 0x00007ffef0e0a000 	C:\WINDOWS\SYSTEM32\WINHTTP.dll
0x00007ffef3540000 - 0x00007ffef35aa000 	C:\WINDOWS\system32\mswsock.dll
0x00007ffed3fd0000 - 0x00007ffed3fe4000 	C:\Program Files\Android\Android Studio\jre\bin\nio.dll
0x00007ffed57c0000 - 0x00007ffed57e7000 	C:\Users\justine\.gradle\native\fdc75f09e3144964f2cf3f50f0aa648679c211496f362492102eb8c894070792\windows-amd64\native-platform.dll
0x00007ffed36d0000 - 0x00007ffed3866000 	C:\Users\justine\.gradle\native\12488b8bf47d2d4c9fbf2f6322a914ad602e24e48041cd04a747c6da556b65c4\windows-amd64\native-platform-file-events.dll
0x00007ffeef5a0000 - 0x00007ffeef5aa000 	C:\Program Files\Android\Android Studio\jre\bin\management.dll
0x00007ffeef590000 - 0x00007ffeef59d000 	C:\Program Files\Android\Android Studio\jre\bin\management_ext.dll
0x00007ffef3730000 - 0x00007ffef3748000 	C:\WINDOWS\SYSTEM32\CRYPTSP.dll
0x00007ffef2e50000 - 0x00007ffef2e84000 	C:\WINDOWS\system32\rsaenh.dll
0x00007ffef4740000 - 0x00007ffef4767000 	C:\WINDOWS\System32\bcrypt.dll
0x00007ffef3da0000 - 0x00007ffef3dce000 	C:\WINDOWS\SYSTEM32\USERENV.dll
0x00007ffef3750000 - 0x00007ffef375c000 	C:\WINDOWS\SYSTEM32\CRYPTBASE.dll
0x00007ffef31e0000 - 0x00007ffef321b000 	C:\WINDOWS\SYSTEM32\IPHLPAPI.DLL
0x00007ffef6740000 - 0x00007ffef6748000 	C:\WINDOWS\System32\NSI.dll
0x00007ffeee6c0000 - 0x00007ffeee6d7000 	C:\WINDOWS\SYSTEM32\dhcpcsvc6.DLL
0x00007ffeee2f0000 - 0x00007ffeee30d000 	C:\WINDOWS\SYSTEM32\dhcpcsvc.DLL
0x00007ffef3230000 - 0x00007ffef32fb000 	C:\WINDOWS\SYSTEM32\DNSAPI.dll
0x00007ffeeebc0000 - 0x00007ffeeebcb000 	C:\WINDOWS\SYSTEM32\WINNSI.DLL

dbghelp: loaded successfully - version: 4.0.5 - missing functions: none
symbol engine: initialized successfully - sym options: 0x614 - pdb path: .;C:\Program Files\Android\Android Studio\jre\bin;C:\WINDOWS\SYSTEM32;C:\WINDOWS\WinSxS\amd64_microsoft.windows.common-controls_6595b64144ccf1df_6.0.19041.1110_none_60b5254171f9507e;C:\Program Files\Android\Android Studio\jre\bin\server;C:\Users\justine\.gradle\native\fdc75f09e3144964f2cf3f50f0aa648679c211496f362492102eb8c894070792\windows-amd64;C:\Users\justine\.gradle\native\12488b8bf47d2d4c9fbf2f6322a914ad602e24e48041cd04a747c6da556b65c4\windows-amd64

VM Arguments:
jvm_args: --add-opens=java.base/java.util=ALL-UNNAMED --add-opens=java.base/java.lang=ALL-UNNAMED --add-opens=java.base/java.lang.invoke=ALL-UNNAMED --add-opens=java.prefs/java.util.prefs=ALL-UNNAMED -Xmx2048m -Dfile.encoding=UTF-8 -Duser.country=PH -Duser.language=en -Duser.variant 
java_command: org.gradle.launcher.daemon.bootstrap.GradleDaemon 6.7.1
java_class_path (initial): C:\Users\justine\.gradle\wrapper\dists\gradle-6.7.1-bin\bwlcbys1h7rz3272sye1xwiv6\gradle-6.7.1\lib\gradle-launcher-6.7.1.jar
Launcher Type: SUN_STANDARD

[Global flags]
     intx CICompilerCount                          = 4                                         {product} {ergonomic}
     uint ConcGCThreads                            = 2                                         {product} {ergonomic}
     uint G1ConcRefinementThreads                  = 8                                         {product} {ergonomic}
   size_t G1HeapRegionSize                         = 1048576                                   {product} {ergonomic}
    uintx GCDrainStackTargetSize                   = 64                                        {product} {ergonomic}
   size_t InitialHeapSize                          = 262144000                                 {product} {ergonomic}
   size_t MarkStackSize                            = 4194304                                   {product} {ergonomic}
   size_t MaxHeapSize                              = 2147483648                                {product} {command line}
   size_t MaxNewSize                               = 1287651328                                {product} {ergonomic}
   size_t MinHeapDeltaBytes                        = 1048576                                   {product} {ergonomic}
    uintx NonNMethodCodeHeapSize                   = 5836300                                {pd product} {ergonomic}
    uintx NonProfiledCodeHeapSize                  = 122910970                              {pd product} {ergonomic}
    uintx ProfiledCodeHeapSize                     = 122910970                              {pd product} {ergonomic}
    uintx ReservedCodeCacheSize                    = 251658240                              {pd product} {ergonomic}
     bool SegmentedCodeCache                       = true                                      {product} {ergonomic}
     bool UseCompressedClassPointers               = true                                 {lp64_product} {ergonomic}
     bool UseCompressedOops                        = true                                 {lp64_product} {ergonomic}
     bool UseG1GC                                  = true                                      {product} {ergonomic}
     bool UseLargePagesIndividualAllocation        = false                                  {pd product} {ergonomic}

Logging:
Log output configuration:
 #0: stdout all=warning uptime,level,tags
 #1: stderr all=off uptime,level,tags

Environment Variables:
PATH=C:\Program Files\Microsoft MPI\Bin\;C:\Program Files\Common Files\Oracle\Java\javapath;C:\WINDOWS\system32;C:\WINDOWS;C:\WINDOWS\System32\Wbem;C:\WINDOWS\System32\WindowsPowerShell\v1.0\;C:\WINDOWS\System32\OpenSSH\;C:\Program Files\Java\jdk-16\bin;C:\Program Files\Microsoft SQL Server\Client SDK\ODBC\170\Tools\Binn\;C:\Program Files (x86)\Microsoft SQL Server\150\Tools\Binn\;C:\Program Files\Microsoft SQL Server\150\Tools\Binn\;C:\Program Files\Microsoft SQL Server\150\DTS\Binn\;C:\Program Files (x86)\Microsoft SQL Server\150\DTS\Binn\;C:\Program Files\Git\cmd;C:\Users\justine\AppData\Local\Microsoft\WindowsApps;;C:\Program Files\JetBrains\IntelliJ IDEA Community Edition 2021.2.1\bin;;C:\Program Files (x86)\Sophos\Sophos SSL VPN Client\bin
USERNAME=justine
OS=Windows_NT
PROCESSOR_IDENTIFIER=Intel64 Family 6 Model 142 Stepping 12, GenuineIntel



---------------  S Y S T E M  ---------------

OS: Windows 10 , 64 bit Build 19041 (10.0.19041.1706)
OS uptime: 0 days 0:57 hours

CPU:total 8 (initial active 8) (4 cores per cpu, 2 threads per core) family 6 model 142 stepping 12 microcode 0xea, cmov, cx8, fxsr, mmx, sse, sse2, sse3, ssse3, sse4.1, sse4.2, popcnt, avx, avx2, aes, clmul, erms, 3dnowpref, lzcnt, ht, tsc, tscinvbit, bmi1, bmi2, adx, fma

Memory: 4k page, system-wide physical 15977M (2962M free)
TotalPageFile size 20977M (AvailPageFile size 5M)
current process WorkingSet (physical memory assigned to process): 329M, peak: 329M
current process commit charge ("private bytes"): 482M, peak: 482M

vm_info: OpenJDK 64-Bit Server VM (11.0.11+9-b60-7590822) for windows-amd64 JRE (11.0.11+9-b60-7590822), built on Jul 29 2021 21:43:44 by "builder" with MS VC++ 14.0 (VS2015)

END.
